warning: no such sysroot directory: '/Applications/Xcode.app/Contents/Developer/Platforms/MacOSX.platform/Developer/SDKs/MacOSX10.14.sdk'
BEGIN-STAMP
Info in <TCanvas::Print>: png file ../../HTML/MadAnalysis5job_0/selection_0.png has been created
Info in <TCanvas::Print>: png file ../../PDF/MadAnalysis5job_0/selection_0.png has been created
Info in <TCanvas::Print>: eps file ../../DVI/MadAnalysis5job_0/selection_0.eps has been created
Info in <TCanvas::Print>: png file ../../HTML/MadAnalysis5job_0/selection_1.png has been created
Info in <TCanvas::Print>: png file ../../PDF/MadAnalysis5job_0/selection_1.png has been created
Info in <TCanvas::Print>: eps file ../../DVI/MadAnalysis5job_0/selection_1.eps has been created
Info in <TCanvas::Print>: png file ../../HTML/MadAnalysis5job_0/selection_2.png has been created
Info in <TCanvas::Print>: png file ../../PDF/MadAnalysis5job_0/selection_2.png has been created
Info in <TCanvas::Print>: eps file ../../DVI/MadAnalysis5job_0/selection_2.eps has been created
Info in <TCanvas::Print>: png file ../../HTML/MadAnalysis5job_0/selection_3.png has been created
Info in <TCanvas::Print>: png file ../../PDF/MadAnalysis5job_0/selection_3.png has been created
Info in <TCanvas::Print>: eps file ../../DVI/MadAnalysis5job_0/selection_3.eps has been created
Info in <TCanvas::Print>: png file ../../HTML/MadAnalysis5job_0/selection_4.png has been created
Info in <TCanvas::Print>: png file ../../PDF/MadAnalysis5job_0/selection_4.png has been created
Info in <TCanvas::Print>: eps file ../../DVI/MadAnalysis5job_0/selection_4.eps has been created
Info in <TCanvas::Print>: png file ../../HTML/MadAnalysis5job_0/selection_5.png has been created
Info in <TCanvas::Print>: png file ../../PDF/MadAnalysis5job_0/selection_5.png has been created
Info in <TCanvas::Print>: eps file ../../DVI/MadAnalysis5job_0/selection_5.eps has been created
Info in <TCanvas::Print>: png file ../../HTML/MadAnalysis5job_0/selection_6.png has been created
Info in <TCanvas::Print>: png file ../../PDF/MadAnalysis5job_0/selection_6.png has been created
Info in <TCanvas::Print>: eps file ../../DVI/MadAnalysis5job_0/selection_6.eps has been created
Info in <TCanvas::Print>: png file ../../HTML/MadAnalysis5job_0/selection_7.png has been created
Info in <TCanvas::Print>: png file ../../PDF/MadAnalysis5job_0/selection_7.png has been created
Info in <TCanvas::Print>: eps file ../../DVI/MadAnalysis5job_0/selection_7.eps has been created
Info in <TCanvas::Print>: png file ../../HTML/MadAnalysis5job_0/selection_8.png has been created
Info in <TCanvas::Print>: png file ../../PDF/MadAnalysis5job_0/selection_8.png has been created
Info in <TCanvas::Print>: eps file ../../DVI/MadAnalysis5job_0/selection_8.eps has been created
Info in <TCanvas::Print>: png file ../../HTML/MadAnalysis5job_0/selection_9.png has been created
Info in <TCanvas::Print>: png file ../../PDF/MadAnalysis5job_0/selection_9.png has been created
Info in <TCanvas::Print>: eps file ../../DVI/MadAnalysis5job_0/selection_9.eps has been created
Info in <TCanvas::Print>: png file ../../HTML/MadAnalysis5job_0/selection_10.png has been created
Info in <TCanvas::Print>: png file ../../PDF/MadAnalysis5job_0/selection_10.png has been created
Info in <TCanvas::Print>: eps file ../../DVI/MadAnalysis5job_0/selection_10.eps has been created
Info in <TCanvas::Print>: png file ../../HTML/MadAnalysis5job_0/selection_11.png has been created
Info in <TCanvas::Print>: png file ../../PDF/MadAnalysis5job_0/selection_11.png has been created
Info in <TCanvas::Print>: eps file ../../DVI/MadAnalysis5job_0/selection_11.eps has been created
END-STAMP
