\BOOKMARK [1][-]{section.1}{ Setup}{}% 1
\BOOKMARK [2][-]{subsection.1.1}{ Command history}{section.1}% 2
\BOOKMARK [2][-]{subsection.1.2}{ Configuration}{section.1}% 3
\BOOKMARK [1][-]{section.2}{ Datasets}{}% 4
\BOOKMARK [2][-]{subsection.2.1}{ signal1tev}{section.2}% 5
\BOOKMARK [2][-]{subsection.2.2}{ signal4tev}{section.2}% 6
\BOOKMARK [1][-]{section.3}{ Histos and cuts}{}% 7
\BOOKMARK [2][-]{subsection.3.1}{ Histogram 1}{section.3}% 8
\BOOKMARK [2][-]{subsection.3.2}{ Histogram 2}{section.3}% 9
\BOOKMARK [2][-]{subsection.3.3}{ Histogram 3}{section.3}% 10
\BOOKMARK [2][-]{subsection.3.4}{ Histogram 4}{section.3}% 11
\BOOKMARK [2][-]{subsection.3.5}{ Histogram 5}{section.3}% 12
\BOOKMARK [2][-]{subsection.3.6}{ Histogram 6}{section.3}% 13
\BOOKMARK [2][-]{subsection.3.7}{ Histogram 7}{section.3}% 14
\BOOKMARK [2][-]{subsection.3.8}{ Histogram 8}{section.3}% 15
\BOOKMARK [2][-]{subsection.3.9}{ Histogram 9}{section.3}% 16
\BOOKMARK [2][-]{subsection.3.10}{ Histogram 10}{section.3}% 17
\BOOKMARK [2][-]{subsection.3.11}{ Histogram 11}{section.3}% 18
\BOOKMARK [2][-]{subsection.3.12}{ Histogram 12}{section.3}% 19
\BOOKMARK [2][-]{subsection.3.13}{ Histogram 13}{section.3}% 20
\BOOKMARK [2][-]{subsection.3.14}{ Histogram 14}{section.3}% 21
\BOOKMARK [2][-]{subsection.3.15}{ Histogram 15}{section.3}% 22
