This is pdfTeX, Version 3.14159265-2.6-1.40.20 (TeX Live 2019) (preloaded format=latex)
 restricted \write18 enabled.
entering extended mode
(./main.tex
LaTeX2e <2018-12-01>
(/usr/local/texlive/2019/texmf-dist/tex/latex/base/article.cls
Document Class: article 2018/09/03 v1.4i Standard LaTeX document class
(/usr/local/texlive/2019/texmf-dist/tex/latex/base/size10.clo)) (./jheppub.sty
(/usr/local/texlive/2019/texmf-dist/tex/latex/amsmath/amsmath.sty
For additional information on amsmath, use the `?' option.
(/usr/local/texlive/2019/texmf-dist/tex/latex/amsmath/amstext.sty
(/usr/local/texlive/2019/texmf-dist/tex/latex/amsmath/amsgen.sty))
(/usr/local/texlive/2019/texmf-dist/tex/latex/amsmath/amsbsy.sty)
(/usr/local/texlive/2019/texmf-dist/tex/latex/amsmath/amsopn.sty))
(/usr/local/texlive/2019/texmf-dist/tex/latex/amsfonts/amssymb.sty
(/usr/local/texlive/2019/texmf-dist/tex/latex/amsfonts/amsfonts.sty))
(/usr/local/texlive/2019/texmf-dist/tex/latex/graphics/epsfig.sty
(/usr/local/texlive/2019/texmf-dist/tex/latex/graphics/graphicx.sty
(/usr/local/texlive/2019/texmf-dist/tex/latex/graphics/keyval.sty)
(/usr/local/texlive/2019/texmf-dist/tex/latex/graphics/graphics.sty
(/usr/local/texlive/2019/texmf-dist/tex/latex/graphics/trig.sty)
(/usr/local/texlive/2019/texmf-dist/tex/latex/graphics-cfg/graphics.cfg)
(/usr/local/texlive/2019/texmf-dist/tex/latex/graphics-def/dvips.def))))
(/usr/local/texlive/2019/texmf-dist/tex/latex/natbib/natbib.sty)
(/usr/local/texlive/2019/texmf-dist/tex/latex/graphics/color.sty
(/usr/local/texlive/2019/texmf-dist/tex/latex/graphics-cfg/color.cfg)
(/usr/local/texlive/2019/texmf-dist/tex/latex/graphics/dvipsnam.def))
(/usr/local/texlive/2019/texmf-dist/tex/latex/hyperref/hyperref.sty
(/usr/local/texlive/2019/texmf-dist/tex/generic/oberdiek/hobsub-hyperref.sty
(/usr/local/texlive/2019/texmf-dist/tex/generic/oberdiek/hobsub-generic.sty))
(/usr/local/texlive/2019/texmf-dist/tex/generic/ifxetex/ifxetex.sty)
(/usr/local/texlive/2019/texmf-dist/tex/latex/oberdiek/auxhook.sty)
(/usr/local/texlive/2019/texmf-dist/tex/latex/oberdiek/kvoptions.sty)
(/usr/local/texlive/2019/texmf-dist/tex/latex/hyperref/pd1enc.def)
(/usr/local/texlive/2019/texmf-dist/tex/latex/latexconfig/hyperref.cfg)

Package hyperref Warning: Option `pagecolor' is not available anymore.

(/usr/local/texlive/2019/texmf-dist/tex/latex/url/url.sty))
(/usr/local/texlive/2019/texmf-dist/tex/latex/hyperref/hdvips.def
(/usr/local/texlive/2019/texmf-dist/tex/latex/hyperref/pdfmark.def
(/usr/local/texlive/2019/texmf-dist/tex/latex/oberdiek/rerunfilecheck.sty)))
(/usr/local/texlive/2019/texmf-dist/tex/latex/psnfss/ot1phv.fd))
(/usr/local/texlive/2019/texmf-dist/tex/latex/base/fontenc.sty
(/usr/local/texlive/2019/texmf-dist/tex/latex/base/t1enc.def))
(/usr/local/texlive/2019/texmf-dist/tex/latex/colortbl/colortbl.sty
(/usr/local/texlive/2019/texmf-dist/tex/latex/tools/array.sty))
(/usr/local/texlive/2019/texmf-dist/tex/latex/xcolor/xcolor.sty
(/usr/local/texlive/2019/texmf-dist/tex/latex/graphics-cfg/color.cfg))
(/usr/local/texlive/2019/texmf-dist/tex/latex/float/float.sty)
No file main.aux.
(/usr/local/texlive/2019/texmf-dist/tex/latex/hyperref/nameref.sty
(/usr/local/texlive/2019/texmf-dist/tex/generic/oberdiek/gettitlestring.sty))

Package hyperref Warning: Rerun to get /PageLabels entry.

(/usr/local/texlive/2019/texmf-dist/tex/latex/base/t1cmss.fd) <logo.eps>

Package JHEP Warning: E-mails are missing.
(JHEP)                Plese use \emailAdd macro to provide e-mails..

(/usr/local/texlive/2019/texmf-dist/tex/latex/amsfonts/umsa.fd)
(/usr/local/texlive/2019/texmf-dist/tex/latex/amsfonts/umsb.fd)
Underfull \hbox (badness 10000) in paragraph at lines 38--38


Underfull \hbox (badness 10000) in paragraph at lines 38--38


Underfull \hbox (badness 10000) in paragraph at lines 38--38


Underfull \hbox (badness 10000) in paragraph at lines 38--38

[0] [1] (/usr/local/texlive/2019/texmf-dist/tex/latex/base/t1cmtt.fd)
Overfull \hbox (26.4321pt too wide) in paragraph at lines 50--227
\T1/cmtt/m/n/10 ma5># set directory where running "./-bin/-ma5"; set lumi; defi
ne the signal significance 

Overfull \hbox (31.68082pt too wide) in paragraph at lines 50--227
\T1/cmtt/m/n/10 ma5>set main.currentdir = /-Users/-elijahsheridan/-MG5_aMC_v2_6
_5/-axion_pheno/-madgraph_data

Overfull \hbox (89.41672pt too wide) in paragraph at lines 50--227
\T1/cmtt/m/n/10 ma5>import /-Users/-elijahsheridan/-MG5_aMC_v2_6_5/-axion_signa
l/-Events/-100GeV_gurrola_cuts_cross_sec/-

Underfull \hbox (badness 10000) in paragraph at lines 50--227

[2] (/usr/local/texlive/2019/texmf-dist/tex/latex/base/omscmr.fd) [3] [4]
Underfull \hbox (badness 10000) in paragraph at lines 256--256
[]|\T1/cmr/m/n/10 /-Users/-elijahsheridan/-

Underfull \hbox (badness 10000) in paragraph at lines 256--256
\T1/cmr/m/n/10 MG5_aMC_v2_6_5/-

Underfull \hbox (badness 10000) in paragraph at lines 256--256
\T1/cmr/m/n/10 axion_signal/-Events/-

Underfull \hbox (badness 10000) in paragraph at lines 256--256
\T1/cmr/m/n/10 100GeV_gurrola_cuts_cross_sec/-

Overfull \hbox (18.13213pt too wide) in paragraph at lines 252--259
 [] 
[5]
Overfull \hbox (55.33208pt too wide) in paragraph at lines 273--280
 [] 

Underfull \hbox (badness 10000) in paragraph at lines 270--281

<selection_0.eps> [6]
Overfull \hbox (55.33208pt too wide) in paragraph at lines 295--302
 [] 

Underfull \hbox (badness 10000) in paragraph at lines 292--303

<selection_1.eps> [7]
Overfull \hbox (55.33208pt too wide) in paragraph at lines 317--324
 [] 

Underfull \hbox (badness 10000) in paragraph at lines 314--325

<selection_2.eps> [8]
Overfull \hbox (55.33208pt too wide) in paragraph at lines 339--346
 [] 

Underfull \hbox (badness 10000) in paragraph at lines 336--347

<selection_3.eps> [9]
Overfull \hbox (55.33208pt too wide) in paragraph at lines 361--368
 [] 

Underfull \hbox (badness 10000) in paragraph at lines 358--369

<selection_4.eps> [10]
Overfull \hbox (55.33208pt too wide) in paragraph at lines 383--390
 [] 

Underfull \hbox (badness 10000) in paragraph at lines 380--391

<selection_5.eps> [11]
Overfull \hbox (55.33208pt too wide) in paragraph at lines 405--412
 [] 

Underfull \hbox (badness 10000) in paragraph at lines 402--413

<selection_6.eps> [12]
Overfull \hbox (55.33208pt too wide) in paragraph at lines 427--434
 [] 

Underfull \hbox (badness 10000) in paragraph at lines 424--435

<selection_7.eps> [13]
Overfull \hbox (55.33208pt too wide) in paragraph at lines 449--456
 [] 

Underfull \hbox (badness 10000) in paragraph at lines 446--457

<selection_8.eps> [14]
Overfull \hbox (55.33208pt too wide) in paragraph at lines 471--478
 [] 

Underfull \hbox (badness 10000) in paragraph at lines 468--479

<selection_9.eps> [15]
Overfull \hbox (55.33208pt too wide) in paragraph at lines 493--500
 [] 

Underfull \hbox (badness 10000) in paragraph at lines 490--501

<selection_10.eps> [16]
Overfull \hbox (55.33208pt too wide) in paragraph at lines 515--522
 [] 

Underfull \hbox (badness 10000) in paragraph at lines 512--523

<selection_11.eps> [17] (./main.aux)

Package rerunfilecheck Warning: File `main.out' has changed.
(rerunfilecheck)                Rerun to get outlines right
(rerunfilecheck)                or use package `bookmark'.

 )
(see the transcript file for additional information)
Output written on main.dvi (18 pages, 47644 bytes).
Transcript written on main.log.
This is pdfTeX, Version 3.14159265-2.6-1.40.20 (TeX Live 2019) (preloaded format=latex)
 restricted \write18 enabled.
entering extended mode
(./main.tex
LaTeX2e <2018-12-01>
(/usr/local/texlive/2019/texmf-dist/tex/latex/base/article.cls
Document Class: article 2018/09/03 v1.4i Standard LaTeX document class
(/usr/local/texlive/2019/texmf-dist/tex/latex/base/size10.clo)) (./jheppub.sty
(/usr/local/texlive/2019/texmf-dist/tex/latex/amsmath/amsmath.sty
For additional information on amsmath, use the `?' option.
(/usr/local/texlive/2019/texmf-dist/tex/latex/amsmath/amstext.sty
(/usr/local/texlive/2019/texmf-dist/tex/latex/amsmath/amsgen.sty))
(/usr/local/texlive/2019/texmf-dist/tex/latex/amsmath/amsbsy.sty)
(/usr/local/texlive/2019/texmf-dist/tex/latex/amsmath/amsopn.sty))
(/usr/local/texlive/2019/texmf-dist/tex/latex/amsfonts/amssymb.sty
(/usr/local/texlive/2019/texmf-dist/tex/latex/amsfonts/amsfonts.sty))
(/usr/local/texlive/2019/texmf-dist/tex/latex/graphics/epsfig.sty
(/usr/local/texlive/2019/texmf-dist/tex/latex/graphics/graphicx.sty
(/usr/local/texlive/2019/texmf-dist/tex/latex/graphics/keyval.sty)
(/usr/local/texlive/2019/texmf-dist/tex/latex/graphics/graphics.sty
(/usr/local/texlive/2019/texmf-dist/tex/latex/graphics/trig.sty)
(/usr/local/texlive/2019/texmf-dist/tex/latex/graphics-cfg/graphics.cfg)
(/usr/local/texlive/2019/texmf-dist/tex/latex/graphics-def/dvips.def))))
(/usr/local/texlive/2019/texmf-dist/tex/latex/natbib/natbib.sty)
(/usr/local/texlive/2019/texmf-dist/tex/latex/graphics/color.sty
(/usr/local/texlive/2019/texmf-dist/tex/latex/graphics-cfg/color.cfg)
(/usr/local/texlive/2019/texmf-dist/tex/latex/graphics/dvipsnam.def))
(/usr/local/texlive/2019/texmf-dist/tex/latex/hyperref/hyperref.sty
(/usr/local/texlive/2019/texmf-dist/tex/generic/oberdiek/hobsub-hyperref.sty
(/usr/local/texlive/2019/texmf-dist/tex/generic/oberdiek/hobsub-generic.sty))
(/usr/local/texlive/2019/texmf-dist/tex/generic/ifxetex/ifxetex.sty)
(/usr/local/texlive/2019/texmf-dist/tex/latex/oberdiek/auxhook.sty)
(/usr/local/texlive/2019/texmf-dist/tex/latex/oberdiek/kvoptions.sty)
(/usr/local/texlive/2019/texmf-dist/tex/latex/hyperref/pd1enc.def)
(/usr/local/texlive/2019/texmf-dist/tex/latex/latexconfig/hyperref.cfg)

Package hyperref Warning: Option `pagecolor' is not available anymore.

(/usr/local/texlive/2019/texmf-dist/tex/latex/url/url.sty))
(/usr/local/texlive/2019/texmf-dist/tex/latex/hyperref/hdvips.def
(/usr/local/texlive/2019/texmf-dist/tex/latex/hyperref/pdfmark.def
(/usr/local/texlive/2019/texmf-dist/tex/latex/oberdiek/rerunfilecheck.sty)))
(/usr/local/texlive/2019/texmf-dist/tex/latex/psnfss/ot1phv.fd))
(/usr/local/texlive/2019/texmf-dist/tex/latex/base/fontenc.sty
(/usr/local/texlive/2019/texmf-dist/tex/latex/base/t1enc.def))
(/usr/local/texlive/2019/texmf-dist/tex/latex/colortbl/colortbl.sty
(/usr/local/texlive/2019/texmf-dist/tex/latex/tools/array.sty))
(/usr/local/texlive/2019/texmf-dist/tex/latex/xcolor/xcolor.sty
(/usr/local/texlive/2019/texmf-dist/tex/latex/graphics-cfg/color.cfg))
(/usr/local/texlive/2019/texmf-dist/tex/latex/float/float.sty) (./main.aux)
(/usr/local/texlive/2019/texmf-dist/tex/latex/hyperref/nameref.sty
(/usr/local/texlive/2019/texmf-dist/tex/generic/oberdiek/gettitlestring.sty))
(./main.out) (./main.out)
(/usr/local/texlive/2019/texmf-dist/tex/latex/base/t1cmss.fd) <logo.eps>

Package JHEP Warning: E-mails are missing.
(JHEP)                Plese use \emailAdd macro to provide e-mails..

(/usr/local/texlive/2019/texmf-dist/tex/latex/amsfonts/umsa.fd)
(/usr/local/texlive/2019/texmf-dist/tex/latex/amsfonts/umsb.fd)
Underfull \hbox (badness 10000) in paragraph at lines 38--38


Underfull \hbox (badness 10000) in paragraph at lines 38--38


Underfull \hbox (badness 10000) in paragraph at lines 38--38


Underfull \hbox (badness 10000) in paragraph at lines 38--38

[0] (./main.toc) [1]
(/usr/local/texlive/2019/texmf-dist/tex/latex/base/t1cmtt.fd)
Overfull \hbox (26.4321pt too wide) in paragraph at lines 50--227
\T1/cmtt/m/n/10 ma5># set directory where running "./-bin/-ma5"; set lumi; defi
ne the signal significance 

Overfull \hbox (31.68082pt too wide) in paragraph at lines 50--227
\T1/cmtt/m/n/10 ma5>set main.currentdir = /-Users/-elijahsheridan/-MG5_aMC_v2_6
_5/-axion_pheno/-madgraph_data

Overfull \hbox (89.41672pt too wide) in paragraph at lines 50--227
\T1/cmtt/m/n/10 ma5>import /-Users/-elijahsheridan/-MG5_aMC_v2_6_5/-axion_signa
l/-Events/-100GeV_gurrola_cuts_cross_sec/-

Underfull \hbox (badness 10000) in paragraph at lines 50--227

[2] (/usr/local/texlive/2019/texmf-dist/tex/latex/base/omscmr.fd) [3] [4]
Underfull \hbox (badness 10000) in paragraph at lines 256--256
[]|\T1/cmr/m/n/10 /-Users/-elijahsheridan/-

Underfull \hbox (badness 10000) in paragraph at lines 256--256
\T1/cmr/m/n/10 MG5_aMC_v2_6_5/-

Underfull \hbox (badness 10000) in paragraph at lines 256--256
\T1/cmr/m/n/10 axion_signal/-Events/-

Underfull \hbox (badness 10000) in paragraph at lines 256--256
\T1/cmr/m/n/10 100GeV_gurrola_cuts_cross_sec/-

Overfull \hbox (18.13213pt too wide) in paragraph at lines 252--259
 [] 
[5]
Overfull \hbox (55.33208pt too wide) in paragraph at lines 273--280
 [] 

Underfull \hbox (badness 10000) in paragraph at lines 270--281

<selection_0.eps> [6]
Overfull \hbox (55.33208pt too wide) in paragraph at lines 295--302
 [] 

Underfull \hbox (badness 10000) in paragraph at lines 292--303

<selection_1.eps> [7]
Overfull \hbox (55.33208pt too wide) in paragraph at lines 317--324
 [] 

Underfull \hbox (badness 10000) in paragraph at lines 314--325

<selection_2.eps> [8]
Overfull \hbox (55.33208pt too wide) in paragraph at lines 339--346
 [] 

Underfull \hbox (badness 10000) in paragraph at lines 336--347

<selection_3.eps> [9]
Overfull \hbox (55.33208pt too wide) in paragraph at lines 361--368
 [] 

Underfull \hbox (badness 10000) in paragraph at lines 358--369

<selection_4.eps> [10]
Overfull \hbox (55.33208pt too wide) in paragraph at lines 383--390
 [] 

Underfull \hbox (badness 10000) in paragraph at lines 380--391

<selection_5.eps> [11]
Overfull \hbox (55.33208pt too wide) in paragraph at lines 405--412
 [] 

Underfull \hbox (badness 10000) in paragraph at lines 402--413

<selection_6.eps> [12]
Overfull \hbox (55.33208pt too wide) in paragraph at lines 427--434
 [] 

Underfull \hbox (badness 10000) in paragraph at lines 424--435

<selection_7.eps> [13]
Overfull \hbox (55.33208pt too wide) in paragraph at lines 449--456
 [] 

Underfull \hbox (badness 10000) in paragraph at lines 446--457

<selection_8.eps> [14]
Overfull \hbox (55.33208pt too wide) in paragraph at lines 471--478
 [] 

Underfull \hbox (badness 10000) in paragraph at lines 468--479

<selection_9.eps> [15]
Overfull \hbox (55.33208pt too wide) in paragraph at lines 493--500
 [] 

Underfull \hbox (badness 10000) in paragraph at lines 490--501

<selection_10.eps> [16]
Overfull \hbox (55.33208pt too wide) in paragraph at lines 515--522
 [] 

Underfull \hbox (badness 10000) in paragraph at lines 512--523

<selection_11.eps> [17] (./main.aux) )
(see the transcript file for additional information)
Output written on main.dvi (18 pages, 54528 bytes).
Transcript written on main.log.
