This is pdfTeX, Version 3.14159265-2.6-1.40.20 (TeX Live 2019) (preloaded format=latex)
 restricted \write18 enabled.
entering extended mode
(./main.tex
LaTeX2e <2018-12-01>
(/usr/local/texlive/2019/texmf-dist/tex/latex/base/article.cls
Document Class: article 2018/09/03 v1.4i Standard LaTeX document class
(/usr/local/texlive/2019/texmf-dist/tex/latex/base/size10.clo)) (./jheppub.sty
(/usr/local/texlive/2019/texmf-dist/tex/latex/amsmath/amsmath.sty
For additional information on amsmath, use the `?' option.
(/usr/local/texlive/2019/texmf-dist/tex/latex/amsmath/amstext.sty
(/usr/local/texlive/2019/texmf-dist/tex/latex/amsmath/amsgen.sty))
(/usr/local/texlive/2019/texmf-dist/tex/latex/amsmath/amsbsy.sty)
(/usr/local/texlive/2019/texmf-dist/tex/latex/amsmath/amsopn.sty))
(/usr/local/texlive/2019/texmf-dist/tex/latex/amsfonts/amssymb.sty
(/usr/local/texlive/2019/texmf-dist/tex/latex/amsfonts/amsfonts.sty))
(/usr/local/texlive/2019/texmf-dist/tex/latex/graphics/epsfig.sty
(/usr/local/texlive/2019/texmf-dist/tex/latex/graphics/graphicx.sty
(/usr/local/texlive/2019/texmf-dist/tex/latex/graphics/keyval.sty)
(/usr/local/texlive/2019/texmf-dist/tex/latex/graphics/graphics.sty
(/usr/local/texlive/2019/texmf-dist/tex/latex/graphics/trig.sty)
(/usr/local/texlive/2019/texmf-dist/tex/latex/graphics-cfg/graphics.cfg)
(/usr/local/texlive/2019/texmf-dist/tex/latex/graphics-def/dvips.def))))
(/usr/local/texlive/2019/texmf-dist/tex/latex/natbib/natbib.sty)
(/usr/local/texlive/2019/texmf-dist/tex/latex/graphics/color.sty
(/usr/local/texlive/2019/texmf-dist/tex/latex/graphics-cfg/color.cfg)
(/usr/local/texlive/2019/texmf-dist/tex/latex/graphics/dvipsnam.def))
(/usr/local/texlive/2019/texmf-dist/tex/latex/hyperref/hyperref.sty
(/usr/local/texlive/2019/texmf-dist/tex/generic/oberdiek/hobsub-hyperref.sty
(/usr/local/texlive/2019/texmf-dist/tex/generic/oberdiek/hobsub-generic.sty))
(/usr/local/texlive/2019/texmf-dist/tex/generic/ifxetex/ifxetex.sty)
(/usr/local/texlive/2019/texmf-dist/tex/latex/oberdiek/auxhook.sty)
(/usr/local/texlive/2019/texmf-dist/tex/latex/oberdiek/kvoptions.sty)
(/usr/local/texlive/2019/texmf-dist/tex/latex/hyperref/pd1enc.def)
(/usr/local/texlive/2019/texmf-dist/tex/latex/latexconfig/hyperref.cfg)

Package hyperref Warning: Option `pagecolor' is not available anymore.

(/usr/local/texlive/2019/texmf-dist/tex/latex/url/url.sty))
(/usr/local/texlive/2019/texmf-dist/tex/latex/hyperref/hdvips.def
(/usr/local/texlive/2019/texmf-dist/tex/latex/hyperref/pdfmark.def
(/usr/local/texlive/2019/texmf-dist/tex/latex/oberdiek/rerunfilecheck.sty)))
(/usr/local/texlive/2019/texmf-dist/tex/latex/psnfss/ot1phv.fd))
(/usr/local/texlive/2019/texmf-dist/tex/latex/base/fontenc.sty
(/usr/local/texlive/2019/texmf-dist/tex/latex/base/t1enc.def))
(/usr/local/texlive/2019/texmf-dist/tex/latex/colortbl/colortbl.sty
(/usr/local/texlive/2019/texmf-dist/tex/latex/tools/array.sty))
(/usr/local/texlive/2019/texmf-dist/tex/latex/xcolor/xcolor.sty
(/usr/local/texlive/2019/texmf-dist/tex/latex/graphics-cfg/color.cfg))
(/usr/local/texlive/2019/texmf-dist/tex/latex/float/float.sty)
No file main.aux.
(/usr/local/texlive/2019/texmf-dist/tex/latex/hyperref/nameref.sty
(/usr/local/texlive/2019/texmf-dist/tex/generic/oberdiek/gettitlestring.sty))

Package hyperref Warning: Rerun to get /PageLabels entry.

(/usr/local/texlive/2019/texmf-dist/tex/latex/base/t1cmss.fd) <logo.eps>

Package JHEP Warning: E-mails are missing.
(JHEP)                Plese use \emailAdd macro to provide e-mails..

(/usr/local/texlive/2019/texmf-dist/tex/latex/amsfonts/umsa.fd)
(/usr/local/texlive/2019/texmf-dist/tex/latex/amsfonts/umsb.fd)
Underfull \hbox (badness 10000) in paragraph at lines 38--38


Underfull \hbox (badness 10000) in paragraph at lines 38--38


Underfull \hbox (badness 10000) in paragraph at lines 38--38


Underfull \hbox (badness 10000) in paragraph at lines 38--38

[0] [1] (/usr/local/texlive/2019/texmf-dist/tex/latex/base/t1cmtt.fd)
Overfull \hbox (26.4321pt too wide) in paragraph at lines 50--119
\T1/cmtt/m/n/10 ma5># set directory where running "./-bin/-ma5"; set lumi; defi
ne the signal significance 

Overfull \hbox (31.68082pt too wide) in paragraph at lines 50--119
\T1/cmtt/m/n/10 ma5>set main.currentdir = /-Users/-elijahsheridan/-MG5_aMC_v2_6
_5/-axion_pheno/-madgraph_data

Overfull \hbox (78.91928pt too wide) in paragraph at lines 50--119
\T1/cmtt/m/n/10 ma5>import /-Users/-elijahsheridan/-MG5_aMC_v2_6_5/-axion_signa
l/-Events/-1MeV_gurrola_cuts_cross_sec/-

Overfull \hbox (89.41672pt too wide) in paragraph at lines 50--119
\T1/cmtt/m/n/10 ma5>import /-Users/-elijahsheridan/-MG5_aMC_v2_6_5/-axion_signa
l/-Events/-100GeV_gurrola_cuts_cross_sec/-

Overfull \hbox (57.92441pt too wide) in paragraph at lines 50--119
\T1/cmtt/m/n/10 ma5>import /-Users/-elijahsheridan/-MG5_aMC_v2_6_5/-axion_signa
l/-Events/-mass100GeV_Lambda1p5TeV/-

Overfull \hbox (47.42697pt too wide) in paragraph at lines 50--119
\T1/cmtt/m/n/10 ma5>import /-Users/-elijahsheridan/-MG5_aMC_v2_6_5/-axion_signa
l/-Events/-mass100GeV_Lambda4TeV/-

Underfull \hbox (badness 10000) in paragraph at lines 50--119

(/usr/local/texlive/2019/texmf-dist/tex/latex/base/omscmr.fd) [2]
Underfull \hbox (badness 10000) in paragraph at lines 148--148
[]|\T1/cmr/m/n/10 /-Users/-elijahsheridan/-

Underfull \hbox (badness 10000) in paragraph at lines 148--148
\T1/cmr/m/n/10 MG5_aMC_v2_6_5/-

Underfull \hbox (badness 10000) in paragraph at lines 148--148
\T1/cmr/m/n/10 axion_signal/-Events/-

Underfull \hbox (badness 10000) in paragraph at lines 148--148
\T1/cmr/m/n/10 1MeV_gurrola_cuts_cross_sec/-

Overfull \hbox (18.13213pt too wide) in paragraph at lines 144--151
 [] 

Underfull \hbox (badness 10000) in paragraph at lines 170--170
[]|\T1/cmr/m/n/10 /-Users/-elijahsheridan/-

Underfull \hbox (badness 10000) in paragraph at lines 170--170
\T1/cmr/m/n/10 MG5_aMC_v2_6_5/-

Underfull \hbox (badness 10000) in paragraph at lines 170--170
\T1/cmr/m/n/10 axion_signal/-Events/-

Underfull \hbox (badness 10000) in paragraph at lines 170--170
\T1/cmr/m/n/10 100GeV_gurrola_cuts_cross_sec/-

Overfull \hbox (18.13213pt too wide) in paragraph at lines 166--173
 [] 

Underfull \hbox (badness 10000) in paragraph at lines 192--192
[]|\T1/cmr/m/n/10 /-Users/-elijahsheridan/-

Underfull \hbox (badness 10000) in paragraph at lines 192--192
\T1/cmr/m/n/10 MG5_aMC_v2_6_5/-

Underfull \hbox (badness 10000) in paragraph at lines 192--192
\T1/cmr/m/n/10 axion_signal/-Events/-

Underfull \hbox (badness 10000) in paragraph at lines 192--192
\T1/cmr/m/n/10 mass100GeV_Lambda1p5TeV/-

Overfull \hbox (18.13213pt too wide) in paragraph at lines 188--195
 [] 
[3]
Underfull \hbox (badness 10000) in paragraph at lines 214--214
[]|\T1/cmr/m/n/10 /-Users/-elijahsheridan/-

Underfull \hbox (badness 10000) in paragraph at lines 214--214
\T1/cmr/m/n/10 MG5_aMC_v2_6_5/-

Underfull \hbox (badness 10000) in paragraph at lines 214--214
\T1/cmr/m/n/10 axion_signal/-Events/-

Underfull \hbox (badness 10000) in paragraph at lines 214--214
\T1/cmr/m/n/10 mass100GeV_Lambda4TeV/-

Overfull \hbox (18.13213pt too wide) in paragraph at lines 210--217
 [] 
[4]
Overfull \hbox (7.92964pt too wide) in paragraph at lines 237--237
[]|\T1/cmr/m/n/10 signal100gev1tev| 

Overfull \hbox (18.48262pt too wide) in paragraph at lines 239--239
[]|\T1/cmr/m/n/10 signal100gev1p5tev| 

Overfull \hbox (7.92964pt too wide) in paragraph at lines 241--241
[]|\T1/cmr/m/n/10 signal100gev4tev| 

Overfull \hbox (55.33208pt too wide) in paragraph at lines 231--244
 [] 

Underfull \hbox (badness 10000) in paragraph at lines 228--245

<selection_0.eps> [5]
Overfull \hbox (7.92964pt too wide) in paragraph at lines 265--265
[]|\T1/cmr/m/n/10 signal100gev1tev| 

Overfull \hbox (18.48262pt too wide) in paragraph at lines 267--267
[]|\T1/cmr/m/n/10 signal100gev1p5tev| 

Overfull \hbox (7.92964pt too wide) in paragraph at lines 269--269
[]|\T1/cmr/m/n/10 signal100gev4tev| 

Overfull \hbox (55.33208pt too wide) in paragraph at lines 259--272
 [] 

Underfull \hbox (badness 10000) in paragraph at lines 256--273

<selection_1.eps> [6] (./main.aux)

Package rerunfilecheck Warning: File `main.out' has changed.
(rerunfilecheck)                Rerun to get outlines right
(rerunfilecheck)                or use package `bookmark'.

 )
(see the transcript file for additional information)
Output written on main.dvi (7 pages, 27636 bytes).
Transcript written on main.log.
This is pdfTeX, Version 3.14159265-2.6-1.40.20 (TeX Live 2019) (preloaded format=latex)
 restricted \write18 enabled.
entering extended mode
(./main.tex
LaTeX2e <2018-12-01>
(/usr/local/texlive/2019/texmf-dist/tex/latex/base/article.cls
Document Class: article 2018/09/03 v1.4i Standard LaTeX document class
(/usr/local/texlive/2019/texmf-dist/tex/latex/base/size10.clo)) (./jheppub.sty
(/usr/local/texlive/2019/texmf-dist/tex/latex/amsmath/amsmath.sty
For additional information on amsmath, use the `?' option.
(/usr/local/texlive/2019/texmf-dist/tex/latex/amsmath/amstext.sty
(/usr/local/texlive/2019/texmf-dist/tex/latex/amsmath/amsgen.sty))
(/usr/local/texlive/2019/texmf-dist/tex/latex/amsmath/amsbsy.sty)
(/usr/local/texlive/2019/texmf-dist/tex/latex/amsmath/amsopn.sty))
(/usr/local/texlive/2019/texmf-dist/tex/latex/amsfonts/amssymb.sty
(/usr/local/texlive/2019/texmf-dist/tex/latex/amsfonts/amsfonts.sty))
(/usr/local/texlive/2019/texmf-dist/tex/latex/graphics/epsfig.sty
(/usr/local/texlive/2019/texmf-dist/tex/latex/graphics/graphicx.sty
(/usr/local/texlive/2019/texmf-dist/tex/latex/graphics/keyval.sty)
(/usr/local/texlive/2019/texmf-dist/tex/latex/graphics/graphics.sty
(/usr/local/texlive/2019/texmf-dist/tex/latex/graphics/trig.sty)
(/usr/local/texlive/2019/texmf-dist/tex/latex/graphics-cfg/graphics.cfg)
(/usr/local/texlive/2019/texmf-dist/tex/latex/graphics-def/dvips.def))))
(/usr/local/texlive/2019/texmf-dist/tex/latex/natbib/natbib.sty)
(/usr/local/texlive/2019/texmf-dist/tex/latex/graphics/color.sty
(/usr/local/texlive/2019/texmf-dist/tex/latex/graphics-cfg/color.cfg)
(/usr/local/texlive/2019/texmf-dist/tex/latex/graphics/dvipsnam.def))
(/usr/local/texlive/2019/texmf-dist/tex/latex/hyperref/hyperref.sty
(/usr/local/texlive/2019/texmf-dist/tex/generic/oberdiek/hobsub-hyperref.sty
(/usr/local/texlive/2019/texmf-dist/tex/generic/oberdiek/hobsub-generic.sty))
(/usr/local/texlive/2019/texmf-dist/tex/generic/ifxetex/ifxetex.sty)
(/usr/local/texlive/2019/texmf-dist/tex/latex/oberdiek/auxhook.sty)
(/usr/local/texlive/2019/texmf-dist/tex/latex/oberdiek/kvoptions.sty)
(/usr/local/texlive/2019/texmf-dist/tex/latex/hyperref/pd1enc.def)
(/usr/local/texlive/2019/texmf-dist/tex/latex/latexconfig/hyperref.cfg)

Package hyperref Warning: Option `pagecolor' is not available anymore.

(/usr/local/texlive/2019/texmf-dist/tex/latex/url/url.sty))
(/usr/local/texlive/2019/texmf-dist/tex/latex/hyperref/hdvips.def
(/usr/local/texlive/2019/texmf-dist/tex/latex/hyperref/pdfmark.def
(/usr/local/texlive/2019/texmf-dist/tex/latex/oberdiek/rerunfilecheck.sty)))
(/usr/local/texlive/2019/texmf-dist/tex/latex/psnfss/ot1phv.fd))
(/usr/local/texlive/2019/texmf-dist/tex/latex/base/fontenc.sty
(/usr/local/texlive/2019/texmf-dist/tex/latex/base/t1enc.def))
(/usr/local/texlive/2019/texmf-dist/tex/latex/colortbl/colortbl.sty
(/usr/local/texlive/2019/texmf-dist/tex/latex/tools/array.sty))
(/usr/local/texlive/2019/texmf-dist/tex/latex/xcolor/xcolor.sty
(/usr/local/texlive/2019/texmf-dist/tex/latex/graphics-cfg/color.cfg))
(/usr/local/texlive/2019/texmf-dist/tex/latex/float/float.sty) (./main.aux)
(/usr/local/texlive/2019/texmf-dist/tex/latex/hyperref/nameref.sty
(/usr/local/texlive/2019/texmf-dist/tex/generic/oberdiek/gettitlestring.sty))
(./main.out) (./main.out)
(/usr/local/texlive/2019/texmf-dist/tex/latex/base/t1cmss.fd) <logo.eps>

Package JHEP Warning: E-mails are missing.
(JHEP)                Plese use \emailAdd macro to provide e-mails..

(/usr/local/texlive/2019/texmf-dist/tex/latex/amsfonts/umsa.fd)
(/usr/local/texlive/2019/texmf-dist/tex/latex/amsfonts/umsb.fd)
Underfull \hbox (badness 10000) in paragraph at lines 38--38


Underfull \hbox (badness 10000) in paragraph at lines 38--38


Underfull \hbox (badness 10000) in paragraph at lines 38--38


Underfull \hbox (badness 10000) in paragraph at lines 38--38

[0] (./main.toc) [1]
(/usr/local/texlive/2019/texmf-dist/tex/latex/base/t1cmtt.fd)
Overfull \hbox (26.4321pt too wide) in paragraph at lines 50--119
\T1/cmtt/m/n/10 ma5># set directory where running "./-bin/-ma5"; set lumi; defi
ne the signal significance 

Overfull \hbox (31.68082pt too wide) in paragraph at lines 50--119
\T1/cmtt/m/n/10 ma5>set main.currentdir = /-Users/-elijahsheridan/-MG5_aMC_v2_6
_5/-axion_pheno/-madgraph_data

Overfull \hbox (78.91928pt too wide) in paragraph at lines 50--119
\T1/cmtt/m/n/10 ma5>import /-Users/-elijahsheridan/-MG5_aMC_v2_6_5/-axion_signa
l/-Events/-1MeV_gurrola_cuts_cross_sec/-

Overfull \hbox (89.41672pt too wide) in paragraph at lines 50--119
\T1/cmtt/m/n/10 ma5>import /-Users/-elijahsheridan/-MG5_aMC_v2_6_5/-axion_signa
l/-Events/-100GeV_gurrola_cuts_cross_sec/-

Overfull \hbox (57.92441pt too wide) in paragraph at lines 50--119
\T1/cmtt/m/n/10 ma5>import /-Users/-elijahsheridan/-MG5_aMC_v2_6_5/-axion_signa
l/-Events/-mass100GeV_Lambda1p5TeV/-

Overfull \hbox (47.42697pt too wide) in paragraph at lines 50--119
\T1/cmtt/m/n/10 ma5>import /-Users/-elijahsheridan/-MG5_aMC_v2_6_5/-axion_signa
l/-Events/-mass100GeV_Lambda4TeV/-

Underfull \hbox (badness 10000) in paragraph at lines 50--119

(/usr/local/texlive/2019/texmf-dist/tex/latex/base/omscmr.fd) [2]
Underfull \hbox (badness 10000) in paragraph at lines 148--148
[]|\T1/cmr/m/n/10 /-Users/-elijahsheridan/-

Underfull \hbox (badness 10000) in paragraph at lines 148--148
\T1/cmr/m/n/10 MG5_aMC_v2_6_5/-

Underfull \hbox (badness 10000) in paragraph at lines 148--148
\T1/cmr/m/n/10 axion_signal/-Events/-

Underfull \hbox (badness 10000) in paragraph at lines 148--148
\T1/cmr/m/n/10 1MeV_gurrola_cuts_cross_sec/-

Overfull \hbox (18.13213pt too wide) in paragraph at lines 144--151
 [] 

Underfull \hbox (badness 10000) in paragraph at lines 170--170
[]|\T1/cmr/m/n/10 /-Users/-elijahsheridan/-

Underfull \hbox (badness 10000) in paragraph at lines 170--170
\T1/cmr/m/n/10 MG5_aMC_v2_6_5/-

Underfull \hbox (badness 10000) in paragraph at lines 170--170
\T1/cmr/m/n/10 axion_signal/-Events/-

Underfull \hbox (badness 10000) in paragraph at lines 170--170
\T1/cmr/m/n/10 100GeV_gurrola_cuts_cross_sec/-

Overfull \hbox (18.13213pt too wide) in paragraph at lines 166--173
 [] 

Underfull \hbox (badness 10000) in paragraph at lines 192--192
[]|\T1/cmr/m/n/10 /-Users/-elijahsheridan/-

Underfull \hbox (badness 10000) in paragraph at lines 192--192
\T1/cmr/m/n/10 MG5_aMC_v2_6_5/-

Underfull \hbox (badness 10000) in paragraph at lines 192--192
\T1/cmr/m/n/10 axion_signal/-Events/-

Underfull \hbox (badness 10000) in paragraph at lines 192--192
\T1/cmr/m/n/10 mass100GeV_Lambda1p5TeV/-

Overfull \hbox (18.13213pt too wide) in paragraph at lines 188--195
 [] 
[3]
Underfull \hbox (badness 10000) in paragraph at lines 214--214
[]|\T1/cmr/m/n/10 /-Users/-elijahsheridan/-

Underfull \hbox (badness 10000) in paragraph at lines 214--214
\T1/cmr/m/n/10 MG5_aMC_v2_6_5/-

Underfull \hbox (badness 10000) in paragraph at lines 214--214
\T1/cmr/m/n/10 axion_signal/-Events/-

Underfull \hbox (badness 10000) in paragraph at lines 214--214
\T1/cmr/m/n/10 mass100GeV_Lambda4TeV/-

Overfull \hbox (18.13213pt too wide) in paragraph at lines 210--217
 [] 
[4]
Overfull \hbox (7.92964pt too wide) in paragraph at lines 237--237
[]|\T1/cmr/m/n/10 signal100gev1tev| 

Overfull \hbox (18.48262pt too wide) in paragraph at lines 239--239
[]|\T1/cmr/m/n/10 signal100gev1p5tev| 

Overfull \hbox (7.92964pt too wide) in paragraph at lines 241--241
[]|\T1/cmr/m/n/10 signal100gev4tev| 

Overfull \hbox (55.33208pt too wide) in paragraph at lines 231--244
 [] 

Underfull \hbox (badness 10000) in paragraph at lines 228--245

<selection_0.eps> [5]
Overfull \hbox (7.92964pt too wide) in paragraph at lines 265--265
[]|\T1/cmr/m/n/10 signal100gev1tev| 

Overfull \hbox (18.48262pt too wide) in paragraph at lines 267--267
[]|\T1/cmr/m/n/10 signal100gev1p5tev| 

Overfull \hbox (7.92964pt too wide) in paragraph at lines 269--269
[]|\T1/cmr/m/n/10 signal100gev4tev| 

Overfull \hbox (55.33208pt too wide) in paragraph at lines 259--272
 [] 

Underfull \hbox (badness 10000) in paragraph at lines 256--273

<selection_1.eps> [6] (./main.aux) )
(see the transcript file for additional information)
Output written on main.dvi (7 pages, 31832 bytes).
Transcript written on main.log.
