This is pdfTeX, Version 3.14159265-2.6-1.40.20 (TeX Live 2019) (preloaded format=latex)
 restricted \write18 enabled.
entering extended mode
(./main.tex
LaTeX2e <2018-12-01>
(/usr/local/texlive/2019/texmf-dist/tex/latex/base/article.cls
Document Class: article 2018/09/03 v1.4i Standard LaTeX document class
(/usr/local/texlive/2019/texmf-dist/tex/latex/base/size10.clo)) (./jheppub.sty
(/usr/local/texlive/2019/texmf-dist/tex/latex/amsmath/amsmath.sty
For additional information on amsmath, use the `?' option.
(/usr/local/texlive/2019/texmf-dist/tex/latex/amsmath/amstext.sty
(/usr/local/texlive/2019/texmf-dist/tex/latex/amsmath/amsgen.sty))
(/usr/local/texlive/2019/texmf-dist/tex/latex/amsmath/amsbsy.sty)
(/usr/local/texlive/2019/texmf-dist/tex/latex/amsmath/amsopn.sty))
(/usr/local/texlive/2019/texmf-dist/tex/latex/amsfonts/amssymb.sty
(/usr/local/texlive/2019/texmf-dist/tex/latex/amsfonts/amsfonts.sty))
(/usr/local/texlive/2019/texmf-dist/tex/latex/graphics/epsfig.sty
(/usr/local/texlive/2019/texmf-dist/tex/latex/graphics/graphicx.sty
(/usr/local/texlive/2019/texmf-dist/tex/latex/graphics/keyval.sty)
(/usr/local/texlive/2019/texmf-dist/tex/latex/graphics/graphics.sty
(/usr/local/texlive/2019/texmf-dist/tex/latex/graphics/trig.sty)
(/usr/local/texlive/2019/texmf-dist/tex/latex/graphics-cfg/graphics.cfg)
(/usr/local/texlive/2019/texmf-dist/tex/latex/graphics-def/dvips.def))))
(/usr/local/texlive/2019/texmf-dist/tex/latex/natbib/natbib.sty)
(/usr/local/texlive/2019/texmf-dist/tex/latex/graphics/color.sty
(/usr/local/texlive/2019/texmf-dist/tex/latex/graphics-cfg/color.cfg)
(/usr/local/texlive/2019/texmf-dist/tex/latex/graphics/dvipsnam.def))
(/usr/local/texlive/2019/texmf-dist/tex/latex/hyperref/hyperref.sty
(/usr/local/texlive/2019/texmf-dist/tex/generic/oberdiek/hobsub-hyperref.sty
(/usr/local/texlive/2019/texmf-dist/tex/generic/oberdiek/hobsub-generic.sty))
(/usr/local/texlive/2019/texmf-dist/tex/generic/ifxetex/ifxetex.sty)
(/usr/local/texlive/2019/texmf-dist/tex/latex/oberdiek/auxhook.sty)
(/usr/local/texlive/2019/texmf-dist/tex/latex/oberdiek/kvoptions.sty)
(/usr/local/texlive/2019/texmf-dist/tex/latex/hyperref/pd1enc.def)
(/usr/local/texlive/2019/texmf-dist/tex/latex/latexconfig/hyperref.cfg)

Package hyperref Warning: Option `pagecolor' is not available anymore.

(/usr/local/texlive/2019/texmf-dist/tex/latex/url/url.sty))
(/usr/local/texlive/2019/texmf-dist/tex/latex/hyperref/hdvips.def
(/usr/local/texlive/2019/texmf-dist/tex/latex/hyperref/pdfmark.def
(/usr/local/texlive/2019/texmf-dist/tex/latex/oberdiek/rerunfilecheck.sty)))
(/usr/local/texlive/2019/texmf-dist/tex/latex/psnfss/ot1phv.fd))
(/usr/local/texlive/2019/texmf-dist/tex/latex/base/fontenc.sty
(/usr/local/texlive/2019/texmf-dist/tex/latex/base/t1enc.def))
(/usr/local/texlive/2019/texmf-dist/tex/latex/colortbl/colortbl.sty
(/usr/local/texlive/2019/texmf-dist/tex/latex/tools/array.sty))
(/usr/local/texlive/2019/texmf-dist/tex/latex/xcolor/xcolor.sty
(/usr/local/texlive/2019/texmf-dist/tex/latex/graphics-cfg/color.cfg))
(/usr/local/texlive/2019/texmf-dist/tex/latex/float/float.sty)
No file main.aux.
(/usr/local/texlive/2019/texmf-dist/tex/latex/hyperref/nameref.sty
(/usr/local/texlive/2019/texmf-dist/tex/generic/oberdiek/gettitlestring.sty))

Package hyperref Warning: Rerun to get /PageLabels entry.

(/usr/local/texlive/2019/texmf-dist/tex/latex/base/t1cmss.fd) <logo.eps>

Package JHEP Warning: E-mails are missing.
(JHEP)                Plese use \emailAdd macro to provide e-mails..

(/usr/local/texlive/2019/texmf-dist/tex/latex/amsfonts/umsa.fd)
(/usr/local/texlive/2019/texmf-dist/tex/latex/amsfonts/umsb.fd)
Underfull \hbox (badness 10000) in paragraph at lines 38--38


Underfull \hbox (badness 10000) in paragraph at lines 38--38


Underfull \hbox (badness 10000) in paragraph at lines 38--38


Underfull \hbox (badness 10000) in paragraph at lines 38--38

[0] [1] (/usr/local/texlive/2019/texmf-dist/tex/latex/base/t1cmtt.fd)
Overfull \hbox (26.4321pt too wide) in paragraph at lines 50--153
\T1/cmtt/m/n/10 ma5># set directory where running "./-bin/-ma5"; set lumi; defi
ne the signal significance 

Overfull \hbox (5.43723pt too wide) in paragraph at lines 50--153
\T1/cmtt/m/n/10 ma5>set main.currentdir = /-Users/-elijahsheridan/-MG5_aMC_v2_6
_5/-axion_data # need to

Overfull \hbox (141.9039pt too wide) in paragraph at lines 50--153
\T1/cmtt/m/n/10 ma5>import /-Users/-elijahsheridan/-MG5_aMC_v2_6_5/-axion_data/
-axion_signal/-axion_signal_gurrola_cuts_1MeV.lhe.gz

Overfull \hbox (36.92953pt too wide) in paragraph at lines 50--153
\T1/cmtt/m/n/10 ma5>import /-Users/-elijahsheridan/-MG5_aMC_v2_6_5/-axion_data/
-vbf_diphoton_background_data/-

Overfull \hbox (36.92953pt too wide) in paragraph at lines 50--153
\T1/cmtt/m/n/10 ma5>import /-Users/-elijahsheridan/-MG5_aMC_v2_6_5/-axion_data/
-vbf_diphoton_background_data/-

Overfull \hbox (36.92953pt too wide) in paragraph at lines 50--153
\T1/cmtt/m/n/10 ma5>import /-Users/-elijahsheridan/-MG5_aMC_v2_6_5/-axion_data/
-vbf_diphoton_background_data/-

Overfull \hbox (36.92953pt too wide) in paragraph at lines 50--153
\T1/cmtt/m/n/10 ma5>import /-Users/-elijahsheridan/-MG5_aMC_v2_6_5/-axion_data/
-vbf_diphoton_background_data/-

Overfull \hbox (36.92953pt too wide) in paragraph at lines 50--153
\T1/cmtt/m/n/10 ma5>import /-Users/-elijahsheridan/-MG5_aMC_v2_6_5/-axion_data/
-vbf_diphoton_background_data/-

Overfull \hbox (36.92953pt too wide) in paragraph at lines 50--153
\T1/cmtt/m/n/10 ma5>import /-Users/-elijahsheridan/-MG5_aMC_v2_6_5/-axion_data/
-vbf_diphoton_background_data/-

Overfull \hbox (36.92953pt too wide) in paragraph at lines 50--153
\T1/cmtt/m/n/10 ma5>import /-Users/-elijahsheridan/-MG5_aMC_v2_6_5/-axion_data/
-vbf_diphoton_background_data/-

Overfull \hbox (36.92953pt too wide) in paragraph at lines 50--153
\T1/cmtt/m/n/10 ma5>import /-Users/-elijahsheridan/-MG5_aMC_v2_6_5/-axion_data/
-vbf_diphoton_background_data/-

Overfull \hbox (73.67056pt too wide) in paragraph at lines 50--153
\T1/cmtt/m/n/10 ma5>import /-Users/-elijahsheridan/-MG5_aMC_v2_6_5/-axion_data/
-diphoton_double_isr_background_data/-

Overfull \hbox (73.67056pt too wide) in paragraph at lines 50--153
\T1/cmtt/m/n/10 ma5>import /-Users/-elijahsheridan/-MG5_aMC_v2_6_5/-axion_data/
-diphoton_double_isr_background_data/-

Overfull \hbox (10.68594pt too wide) in paragraph at lines 50--153
\T1/cmtt/m/n/10 merged_lhe/-diphoton_double_isr_background_ht_100_200_merged.lh
e.gz as bg_dip_100_200 

Overfull \hbox (73.67056pt too wide) in paragraph at lines 50--153
\T1/cmtt/m/n/10 ma5>import /-Users/-elijahsheridan/-MG5_aMC_v2_6_5/-axion_data/
-diphoton_double_isr_background_data/-

Overfull \hbox (10.68594pt too wide) in paragraph at lines 50--153
\T1/cmtt/m/n/10 merged_lhe/-diphoton_double_isr_background_ht_200_400_merged.lh
e.gz as bg_dip_200_400 

Overfull \hbox (73.67056pt too wide) in paragraph at lines 50--153
\T1/cmtt/m/n/10 ma5>import /-Users/-elijahsheridan/-MG5_aMC_v2_6_5/-axion_data/
-diphoton_double_isr_background_data/-

Overfull \hbox (10.68594pt too wide) in paragraph at lines 50--153
\T1/cmtt/m/n/10 merged_lhe/-diphoton_double_isr_background_ht_400_600_merged.lh
e.gz as bg_dip_400_600 

Overfull \hbox (73.67056pt too wide) in paragraph at lines 50--153
\T1/cmtt/m/n/10 ma5>import /-Users/-elijahsheridan/-MG5_aMC_v2_6_5/-axion_data/
-diphoton_double_isr_background_data/-

Overfull \hbox (10.68594pt too wide) in paragraph at lines 50--153
\T1/cmtt/m/n/10 merged_lhe/-diphoton_double_isr_background_ht_600_800_merged.lh
e.gz as bg_dip_600_800 

Overfull \hbox (73.67056pt too wide) in paragraph at lines 50--153
\T1/cmtt/m/n/10 ma5>import /-Users/-elijahsheridan/-MG5_aMC_v2_6_5/-axion_data/
-diphoton_double_isr_background_data/-

Overfull \hbox (21.18338pt too wide) in paragraph at lines 50--153
\T1/cmtt/m/n/10 merged_lhe/-diphoton_double_isr_background_ht_800_1200_merged.l
he.gz as bg_dip_800_1200 

Overfull \hbox (73.67056pt too wide) in paragraph at lines 50--153
\T1/cmtt/m/n/10 ma5>import /-Users/-elijahsheridan/-MG5_aMC_v2_6_5/-axion_data/
-diphoton_double_isr_background_data/-

Overfull \hbox (31.68082pt too wide) in paragraph at lines 50--153
\T1/cmtt/m/n/10 merged_lhe/-diphoton_double_isr_background_ht_1200_1600_merged.
lhe.gz as bg_dip_1200_1600 

Overfull \hbox (73.67056pt too wide) in paragraph at lines 50--153
\T1/cmtt/m/n/10 ma5>import /-Users/-elijahsheridan/-MG5_aMC_v2_6_5/-axion_data/
-diphoton_double_isr_background_data/-

Overfull \hbox (21.18338pt too wide) in paragraph at lines 50--153
\T1/cmtt/m/n/10 merged_lhe/-diphoton_double_isr_background_ht_1600_inf_merged.l
he.gz as bg_dip_1600_inf 

Underfull \hbox (badness 10000) in paragraph at lines 50--153

[2] (/usr/local/texlive/2019/texmf-dist/tex/latex/base/omscmr.fd) [3]
Underfull \hbox (badness 10000) in paragraph at lines 182--182
[]|\T1/cmr/m/n/10 /-Users/-elijahsheridan/-

Underfull \hbox (badness 10000) in paragraph at lines 182--182
\T1/cmr/m/n/10 MG5_aMC_v2_6_5/-

Underfull \hbox (badness 10000) in paragraph at lines 182--182
\T1/cmr/m/n/10 axion_data/-axion_signal/-

Overfull \hbox (25.2988pt too wide) in paragraph at lines 182--182
\T1/cmr/m/n/10 axion_signal_gurrola_cuts_1MeV.lhe.gz| 

Overfull \hbox (18.13213pt too wide) in paragraph at lines 178--185
 [] 

Underfull \hbox (badness 10000) in paragraph at lines 204--204
[]|\T1/cmr/m/n/10 /-Users/-elijahsheridan/-

Underfull \hbox (badness 10000) in paragraph at lines 204--204
\T1/cmr/m/n/10 MG5_aMC_v2_6_5/-

Underfull \hbox (badness 10000) in paragraph at lines 204--204
\T1/cmr/m/n/10 axion_data/-

Underfull \hbox (badness 10000) in paragraph at lines 204--204
\T1/cmr/m/n/10 vbf_diphoton_background_data/-

Underfull \hbox (badness 10000) in paragraph at lines 204--204
\T1/cmr/m/n/10 merged_lhe/-

Overfull \hbox (82.11826pt too wide) in paragraph at lines 204--204
\T1/cmr/m/n/10 vbf_diphoton_background_ht_0_100_merged.lhe.gz| 

Overfull \hbox (18.13213pt too wide) in paragraph at lines 200--207
 [] 

Underfull \hbox (badness 10000) in paragraph at lines 226--226
[]|\T1/cmr/m/n/10 /-Users/-elijahsheridan/-

Underfull \hbox (badness 10000) in paragraph at lines 226--226
\T1/cmr/m/n/10 MG5_aMC_v2_6_5/-

Underfull \hbox (badness 10000) in paragraph at lines 226--226
\T1/cmr/m/n/10 axion_data/-

Underfull \hbox (badness 10000) in paragraph at lines 226--226
\T1/cmr/m/n/10 vbf_diphoton_background_data/-

Underfull \hbox (badness 10000) in paragraph at lines 226--226
\T1/cmr/m/n/10 merged_lhe/-

Overfull \hbox (92.11581pt too wide) in paragraph at lines 226--226
\T1/cmr/m/n/10 vbf_diphoton_background_ht_100_200_merged.lhe.gz| 

Overfull \hbox (18.13213pt too wide) in paragraph at lines 222--229
 [] 
[4]
Underfull \hbox (badness 10000) in paragraph at lines 248--248
[]|\T1/cmr/m/n/10 /-Users/-elijahsheridan/-

Underfull \hbox (badness 10000) in paragraph at lines 248--248
\T1/cmr/m/n/10 MG5_aMC_v2_6_5/-

Underfull \hbox (badness 10000) in paragraph at lines 248--248
\T1/cmr/m/n/10 axion_data/-

Underfull \hbox (badness 10000) in paragraph at lines 248--248
\T1/cmr/m/n/10 vbf_diphoton_background_data/-

Underfull \hbox (badness 10000) in paragraph at lines 248--248
\T1/cmr/m/n/10 merged_lhe/-

Overfull \hbox (92.11581pt too wide) in paragraph at lines 248--248
\T1/cmr/m/n/10 vbf_diphoton_background_ht_200_400_merged.lhe.gz| 

Overfull \hbox (18.13213pt too wide) in paragraph at lines 244--251
 [] 

Underfull \hbox (badness 10000) in paragraph at lines 270--270
[]|\T1/cmr/m/n/10 /-Users/-elijahsheridan/-

Underfull \hbox (badness 10000) in paragraph at lines 270--270
\T1/cmr/m/n/10 MG5_aMC_v2_6_5/-

Underfull \hbox (badness 10000) in paragraph at lines 270--270
\T1/cmr/m/n/10 axion_data/-

Underfull \hbox (badness 10000) in paragraph at lines 270--270
\T1/cmr/m/n/10 vbf_diphoton_background_data/-

Underfull \hbox (badness 10000) in paragraph at lines 270--270
\T1/cmr/m/n/10 merged_lhe/-

Overfull \hbox (92.11581pt too wide) in paragraph at lines 270--270
\T1/cmr/m/n/10 vbf_diphoton_background_ht_400_600_merged.lhe.gz| 

Overfull \hbox (18.13213pt too wide) in paragraph at lines 266--273
 [] 
[5]
Underfull \hbox (badness 10000) in paragraph at lines 292--292
[]|\T1/cmr/m/n/10 /-Users/-elijahsheridan/-

Underfull \hbox (badness 10000) in paragraph at lines 292--292
\T1/cmr/m/n/10 MG5_aMC_v2_6_5/-

Underfull \hbox (badness 10000) in paragraph at lines 292--292
\T1/cmr/m/n/10 axion_data/-

Underfull \hbox (badness 10000) in paragraph at lines 292--292
\T1/cmr/m/n/10 vbf_diphoton_background_data/-

Underfull \hbox (badness 10000) in paragraph at lines 292--292
\T1/cmr/m/n/10 merged_lhe/-

Overfull \hbox (92.11581pt too wide) in paragraph at lines 292--292
\T1/cmr/m/n/10 vbf_diphoton_background_ht_600_800_merged.lhe.gz| 

Overfull \hbox (18.13213pt too wide) in paragraph at lines 288--295
 [] 

Underfull \hbox (badness 10000) in paragraph at lines 314--314
[]|\T1/cmr/m/n/10 /-Users/-elijahsheridan/-

Underfull \hbox (badness 10000) in paragraph at lines 314--314
\T1/cmr/m/n/10 MG5_aMC_v2_6_5/-

Underfull \hbox (badness 10000) in paragraph at lines 314--314
\T1/cmr/m/n/10 axion_data/-

Underfull \hbox (badness 10000) in paragraph at lines 314--314
\T1/cmr/m/n/10 vbf_diphoton_background_data/-

Underfull \hbox (badness 10000) in paragraph at lines 314--314
\T1/cmr/m/n/10 merged_lhe/-

Overfull \hbox (97.1146pt too wide) in paragraph at lines 314--314
\T1/cmr/m/n/10 vbf_diphoton_background_ht_800_1200_merged.lhe.gz| 

Overfull \hbox (18.13213pt too wide) in paragraph at lines 310--317
 [] 

Underfull \hbox (badness 10000) in paragraph at lines 336--336
[]|\T1/cmr/m/n/10 /-Users/-elijahsheridan/-

Underfull \hbox (badness 10000) in paragraph at lines 336--336
\T1/cmr/m/n/10 MG5_aMC_v2_6_5/-

Underfull \hbox (badness 10000) in paragraph at lines 336--336
\T1/cmr/m/n/10 axion_data/-

Underfull \hbox (badness 10000) in paragraph at lines 336--336
\T1/cmr/m/n/10 vbf_diphoton_background_data/-

Underfull \hbox (badness 10000) in paragraph at lines 336--336
\T1/cmr/m/n/10 merged_lhe/-

Overfull \hbox (102.11337pt too wide) in paragraph at lines 336--336
\T1/cmr/m/n/10 vbf_diphoton_background_ht_1200_1600_merged.lhe.gz| 

Overfull \hbox (18.13213pt too wide) in paragraph at lines 332--339
 [] 
[6]
Underfull \hbox (badness 10000) in paragraph at lines 358--358
[]|\T1/cmr/m/n/10 /-Users/-elijahsheridan/-

Underfull \hbox (badness 10000) in paragraph at lines 358--358
\T1/cmr/m/n/10 MG5_aMC_v2_6_5/-

Underfull \hbox (badness 10000) in paragraph at lines 358--358
\T1/cmr/m/n/10 axion_data/-

Underfull \hbox (badness 10000) in paragraph at lines 358--358
\T1/cmr/m/n/10 vbf_diphoton_background_data/-

Underfull \hbox (badness 10000) in paragraph at lines 358--358
\T1/cmr/m/n/10 merged_lhe/-

Overfull \hbox (93.50436pt too wide) in paragraph at lines 358--358
\T1/cmr/m/n/10 vbf_diphoton_background_ht_1600_inf_merged.lhe.gz| 

Overfull \hbox (18.13213pt too wide) in paragraph at lines 354--361
 [] 

Underfull \hbox (badness 10000) in paragraph at lines 380--380
[]|\T1/cmr/m/n/10 /-Users/-elijahsheridan/-

Underfull \hbox (badness 10000) in paragraph at lines 380--380
\T1/cmr/m/n/10 MG5_aMC_v2_6_5/-

Underfull \hbox (badness 10000) in paragraph at lines 380--380
\T1/cmr/m/n/10 axion_data/-

Overfull \hbox (31.35287pt too wide) in paragraph at lines 380--380
\T1/cmr/m/n/10 diphoton_double_isr_background_data/-

Underfull \hbox (badness 10000) in paragraph at lines 380--380
\T1/cmr/m/n/10 merged_lhe/-

Overfull \hbox (115.52676pt too wide) in paragraph at lines 380--380
\T1/cmr/m/n/10 diphoton_double_isr_background_ht_0_100_merged.lhe.gz| 

Overfull \hbox (18.13213pt too wide) in paragraph at lines 376--383
 [] 
[7]
Underfull \hbox (badness 10000) in paragraph at lines 402--402
[]|\T1/cmr/m/n/10 /-Users/-elijahsheridan/-

Underfull \hbox (badness 10000) in paragraph at lines 402--402
\T1/cmr/m/n/10 MG5_aMC_v2_6_5/-

Underfull \hbox (badness 10000) in paragraph at lines 402--402
\T1/cmr/m/n/10 axion_data/-

Overfull \hbox (31.35287pt too wide) in paragraph at lines 402--402
\T1/cmr/m/n/10 diphoton_double_isr_background_data/-

Underfull \hbox (badness 10000) in paragraph at lines 402--402
\T1/cmr/m/n/10 merged_lhe/-

Overfull \hbox (125.52432pt too wide) in paragraph at lines 402--402
\T1/cmr/m/n/10 diphoton_double_isr_background_ht_100_200_merged.lhe.gz| 

Overfull \hbox (18.13213pt too wide) in paragraph at lines 398--405
 [] 

Underfull \hbox (badness 10000) in paragraph at lines 424--424
[]|\T1/cmr/m/n/10 /-Users/-elijahsheridan/-

Underfull \hbox (badness 10000) in paragraph at lines 424--424
\T1/cmr/m/n/10 MG5_aMC_v2_6_5/-

Underfull \hbox (badness 10000) in paragraph at lines 424--424
\T1/cmr/m/n/10 axion_data/-

Overfull \hbox (31.35287pt too wide) in paragraph at lines 424--424
\T1/cmr/m/n/10 diphoton_double_isr_background_data/-

Underfull \hbox (badness 10000) in paragraph at lines 424--424
\T1/cmr/m/n/10 merged_lhe/-

Overfull \hbox (125.52432pt too wide) in paragraph at lines 424--424
\T1/cmr/m/n/10 diphoton_double_isr_background_ht_200_400_merged.lhe.gz| 

Overfull \hbox (18.13213pt too wide) in paragraph at lines 420--427
 [] 

Underfull \hbox (badness 10000) in paragraph at lines 446--446
[]|\T1/cmr/m/n/10 /-Users/-elijahsheridan/-

Underfull \hbox (badness 10000) in paragraph at lines 446--446
\T1/cmr/m/n/10 MG5_aMC_v2_6_5/-

Underfull \hbox (badness 10000) in paragraph at lines 446--446
\T1/cmr/m/n/10 axion_data/-

Overfull \hbox (31.35287pt too wide) in paragraph at lines 446--446
\T1/cmr/m/n/10 diphoton_double_isr_background_data/-

Underfull \hbox (badness 10000) in paragraph at lines 446--446
\T1/cmr/m/n/10 merged_lhe/-

Overfull \hbox (125.52432pt too wide) in paragraph at lines 446--446
\T1/cmr/m/n/10 diphoton_double_isr_background_ht_400_600_merged.lhe.gz| 

Overfull \hbox (18.13213pt too wide) in paragraph at lines 442--449
 [] 
[8]
Underfull \hbox (badness 10000) in paragraph at lines 468--468
[]|\T1/cmr/m/n/10 /-Users/-elijahsheridan/-

Underfull \hbox (badness 10000) in paragraph at lines 468--468
\T1/cmr/m/n/10 MG5_aMC_v2_6_5/-

Underfull \hbox (badness 10000) in paragraph at lines 468--468
\T1/cmr/m/n/10 axion_data/-

Overfull \hbox (31.35287pt too wide) in paragraph at lines 468--468
\T1/cmr/m/n/10 diphoton_double_isr_background_data/-

Underfull \hbox (badness 10000) in paragraph at lines 468--468
\T1/cmr/m/n/10 merged_lhe/-

Overfull \hbox (125.52432pt too wide) in paragraph at lines 468--468
\T1/cmr/m/n/10 diphoton_double_isr_background_ht_600_800_merged.lhe.gz| 

Overfull \hbox (18.13213pt too wide) in paragraph at lines 464--471
 [] 

Underfull \hbox (badness 10000) in paragraph at lines 490--490
[]|\T1/cmr/m/n/10 /-Users/-elijahsheridan/-

Underfull \hbox (badness 10000) in paragraph at lines 490--490
\T1/cmr/m/n/10 MG5_aMC_v2_6_5/-

Underfull \hbox (badness 10000) in paragraph at lines 490--490
\T1/cmr/m/n/10 axion_data/-

Overfull \hbox (31.35287pt too wide) in paragraph at lines 490--490
\T1/cmr/m/n/10 diphoton_double_isr_background_data/-

Underfull \hbox (badness 10000) in paragraph at lines 490--490
\T1/cmr/m/n/10 merged_lhe/-

Overfull \hbox (130.5231pt too wide) in paragraph at lines 490--490
\T1/cmr/m/n/10 diphoton_double_isr_background_ht_800_1200_merged.lhe.gz| 

Overfull \hbox (18.13213pt too wide) in paragraph at lines 486--493
 [] 
[9]
Underfull \hbox (badness 10000) in paragraph at lines 512--512
[]|\T1/cmr/m/n/10 /-Users/-elijahsheridan/-

Underfull \hbox (badness 10000) in paragraph at lines 512--512
\T1/cmr/m/n/10 MG5_aMC_v2_6_5/-

Underfull \hbox (badness 10000) in paragraph at lines 512--512
\T1/cmr/m/n/10 axion_data/-

Overfull \hbox (31.35287pt too wide) in paragraph at lines 512--512
\T1/cmr/m/n/10 diphoton_double_isr_background_data/-

Underfull \hbox (badness 10000) in paragraph at lines 512--512
\T1/cmr/m/n/10 merged_lhe/-

Overfull \hbox (135.52188pt too wide) in paragraph at lines 512--512
\T1/cmr/m/n/10 diphoton_double_isr_background_ht_1200_1600_merged.lhe.gz| 

Overfull \hbox (18.13213pt too wide) in paragraph at lines 508--515
 [] 

Underfull \hbox (badness 10000) in paragraph at lines 534--534
[]|\T1/cmr/m/n/10 /-Users/-elijahsheridan/-

Underfull \hbox (badness 10000) in paragraph at lines 534--534
\T1/cmr/m/n/10 MG5_aMC_v2_6_5/-

Underfull \hbox (badness 10000) in paragraph at lines 534--534
\T1/cmr/m/n/10 axion_data/-

Overfull \hbox (31.35287pt too wide) in paragraph at lines 534--534
\T1/cmr/m/n/10 diphoton_double_isr_background_data/-

Underfull \hbox (badness 10000) in paragraph at lines 534--534
\T1/cmr/m/n/10 merged_lhe/-

Overfull \hbox (126.91287pt too wide) in paragraph at lines 534--534
\T1/cmr/m/n/10 diphoton_double_isr_background_ht_1600_inf_merged.lhe.gz| 

Overfull \hbox (18.13213pt too wide) in paragraph at lines 530--537
 [] 
[10]
Underfull \hbox (badness 4872) in paragraph at lines 554--555
[]|\T1/cmr/m/n/10 Rejected events:

Underfull \hbox (badness 10000) in paragraph at lines 559--559
[]|\T1/cmr/m/n/10 0.098991 +/--

Underfull \hbox (badness 10000) in paragraph at lines 559--560
[]|\T1/cmr/m/n/10 0.098991 +/--

Overfull \hbox (10.85573pt too wide) in paragraph at lines 561--561
[]|\T1/cmr/m/n/10 bg_vbf_0_100| 

Overfull \hbox (20.85329pt too wide) in paragraph at lines 563--563
[]|\T1/cmr/m/n/10 bg_vbf_100_200| 

Underfull \hbox (badness 10000) in paragraph at lines 563--563
[]|\T1/cmr/m/n/10 0.049282 +/--

Underfull \hbox (badness 10000) in paragraph at lines 563--564
[]|\T1/cmr/m/n/10 0.049282 +/--

Overfull \hbox (20.85329pt too wide) in paragraph at lines 565--565
[]|\T1/cmr/m/n/10 bg_vbf_200_400| 

Underfull \hbox (badness 10000) in paragraph at lines 565--565
[]|\T1/cmr/m/n/10 0.105979 +/--

Underfull \hbox (badness 10000) in paragraph at lines 565--566
[]|\T1/cmr/m/n/10 0.105979 +/--

Overfull \hbox (20.85329pt too wide) in paragraph at lines 567--567
[]|\T1/cmr/m/n/10 bg_vbf_400_600| 

Overfull \hbox (20.85329pt too wide) in paragraph at lines 569--569
[]|\T1/cmr/m/n/10 bg_vbf_600_800| 

Overfull \hbox (25.85207pt too wide) in paragraph at lines 571--571
[]|\T1/cmr/m/n/10 bg_vbf_800_1200| 

Overfull \hbox (30.85085pt too wide) in paragraph at lines 573--573
[]|\T1/cmr/m/n/10 bg_vbf_1200_1600| 

Overfull \hbox (22.24184pt too wide) in paragraph at lines 575--575
[]|\T1/cmr/m/n/10 bg_vbf_1600_inf| 

Overfull \hbox (10.85573pt too wide) in paragraph at lines 577--577
[]|\T1/cmr/m/n/10 bg_dip_0_100| 

Underfull \hbox (badness 10000) in paragraph at lines 577--577
[]|\T1/cmr/m/n/10 203304744 +/--

Overfull \hbox (20.85329pt too wide) in paragraph at lines 579--579
[]|\T1/cmr/m/n/10 bg_dip_100_200| 

Underfull \hbox (badness 10000) in paragraph at lines 579--579
[]|\T1/cmr/m/n/10 82115005 +/--

Overfull \hbox (20.85329pt too wide) in paragraph at lines 581--581
[]|\T1/cmr/m/n/10 bg_dip_200_400| 

Underfull \hbox (badness 10000) in paragraph at lines 581--581
[]|\T1/cmr/m/n/10 17905097 +/--

Overfull \hbox (20.85329pt too wide) in paragraph at lines 583--583
[]|\T1/cmr/m/n/10 bg_dip_400_600| 

Overfull \hbox (20.85329pt too wide) in paragraph at lines 585--585
[]|\T1/cmr/m/n/10 bg_dip_600_800| 

Underfull \hbox (badness 10000) in paragraph at lines 585--585
[]|\T1/cmr/m/n/10 0.006677 +/--

Underfull \hbox (badness 10000) in paragraph at lines 585--586
[]|\T1/cmr/m/n/10 0.006677 +/--

Overfull \hbox (25.85207pt too wide) in paragraph at lines 587--587
[]|\T1/cmr/m/n/10 bg_dip_800_1200| 

Underfull \hbox (badness 10000) in paragraph at lines 587--587
[]|\T1/cmr/m/n/10 0.003701 +/--

Underfull \hbox (badness 10000) in paragraph at lines 587--588
[]|\T1/cmr/m/n/10 0.003701 +/--

Overfull \hbox (30.85085pt too wide) in paragraph at lines 589--589
[]|\T1/cmr/m/n/10 bg_dip_1200_1600| 

Underfull \hbox (badness 10000) in paragraph at lines 589--589
[]|\T1/cmr/m/n/10 0.001314 +/--

Underfull \hbox (badness 10000) in paragraph at lines 589--590
[]|\T1/cmr/m/n/10 0.001314 +/--

Overfull \hbox (22.24184pt too wide) in paragraph at lines 591--591
[]|\T1/cmr/m/n/10 bg_dip_1600_inf| 

Underfull \hbox (badness 10000) in paragraph at lines 591--591
[]|\T1/cmr/m/n/10 0.000233 +/--

Underfull \hbox (badness 10000) in paragraph at lines 591--592
[]|\T1/cmr/m/n/10 0.000233 +/--

Overfull \hbox (27.68684pt too wide) in paragraph at lines 551--594
 [] 

Underfull \hbox (badness 10000) in paragraph at lines 548--595

[11]
Underfull \hbox (badness 1092) in paragraph at lines 617--617
[]|\T1/cmr/m/n/10 SEL: sdETA ( jets[1]

Overfull \hbox (20.97742pt too wide) in paragraph at lines 611--620
 [] 
[12] (./main.aux)

Package rerunfilecheck Warning: File `main.out' has changed.
(rerunfilecheck)                Rerun to get outlines right
(rerunfilecheck)                or use package `bookmark'.

 )
(see the transcript file for additional information)
Output written on main.dvi (13 pages, 66472 bytes).
Transcript written on main.log.
This is pdfTeX, Version 3.14159265-2.6-1.40.20 (TeX Live 2019) (preloaded format=latex)
 restricted \write18 enabled.
entering extended mode
(./main.tex
LaTeX2e <2018-12-01>
(/usr/local/texlive/2019/texmf-dist/tex/latex/base/article.cls
Document Class: article 2018/09/03 v1.4i Standard LaTeX document class
(/usr/local/texlive/2019/texmf-dist/tex/latex/base/size10.clo)) (./jheppub.sty
(/usr/local/texlive/2019/texmf-dist/tex/latex/amsmath/amsmath.sty
For additional information on amsmath, use the `?' option.
(/usr/local/texlive/2019/texmf-dist/tex/latex/amsmath/amstext.sty
(/usr/local/texlive/2019/texmf-dist/tex/latex/amsmath/amsgen.sty))
(/usr/local/texlive/2019/texmf-dist/tex/latex/amsmath/amsbsy.sty)
(/usr/local/texlive/2019/texmf-dist/tex/latex/amsmath/amsopn.sty))
(/usr/local/texlive/2019/texmf-dist/tex/latex/amsfonts/amssymb.sty
(/usr/local/texlive/2019/texmf-dist/tex/latex/amsfonts/amsfonts.sty))
(/usr/local/texlive/2019/texmf-dist/tex/latex/graphics/epsfig.sty
(/usr/local/texlive/2019/texmf-dist/tex/latex/graphics/graphicx.sty
(/usr/local/texlive/2019/texmf-dist/tex/latex/graphics/keyval.sty)
(/usr/local/texlive/2019/texmf-dist/tex/latex/graphics/graphics.sty
(/usr/local/texlive/2019/texmf-dist/tex/latex/graphics/trig.sty)
(/usr/local/texlive/2019/texmf-dist/tex/latex/graphics-cfg/graphics.cfg)
(/usr/local/texlive/2019/texmf-dist/tex/latex/graphics-def/dvips.def))))
(/usr/local/texlive/2019/texmf-dist/tex/latex/natbib/natbib.sty)
(/usr/local/texlive/2019/texmf-dist/tex/latex/graphics/color.sty
(/usr/local/texlive/2019/texmf-dist/tex/latex/graphics-cfg/color.cfg)
(/usr/local/texlive/2019/texmf-dist/tex/latex/graphics/dvipsnam.def))
(/usr/local/texlive/2019/texmf-dist/tex/latex/hyperref/hyperref.sty
(/usr/local/texlive/2019/texmf-dist/tex/generic/oberdiek/hobsub-hyperref.sty
(/usr/local/texlive/2019/texmf-dist/tex/generic/oberdiek/hobsub-generic.sty))
(/usr/local/texlive/2019/texmf-dist/tex/generic/ifxetex/ifxetex.sty)
(/usr/local/texlive/2019/texmf-dist/tex/latex/oberdiek/auxhook.sty)
(/usr/local/texlive/2019/texmf-dist/tex/latex/oberdiek/kvoptions.sty)
(/usr/local/texlive/2019/texmf-dist/tex/latex/hyperref/pd1enc.def)
(/usr/local/texlive/2019/texmf-dist/tex/latex/latexconfig/hyperref.cfg)

Package hyperref Warning: Option `pagecolor' is not available anymore.

(/usr/local/texlive/2019/texmf-dist/tex/latex/url/url.sty))
(/usr/local/texlive/2019/texmf-dist/tex/latex/hyperref/hdvips.def
(/usr/local/texlive/2019/texmf-dist/tex/latex/hyperref/pdfmark.def
(/usr/local/texlive/2019/texmf-dist/tex/latex/oberdiek/rerunfilecheck.sty)))
(/usr/local/texlive/2019/texmf-dist/tex/latex/psnfss/ot1phv.fd))
(/usr/local/texlive/2019/texmf-dist/tex/latex/base/fontenc.sty
(/usr/local/texlive/2019/texmf-dist/tex/latex/base/t1enc.def))
(/usr/local/texlive/2019/texmf-dist/tex/latex/colortbl/colortbl.sty
(/usr/local/texlive/2019/texmf-dist/tex/latex/tools/array.sty))
(/usr/local/texlive/2019/texmf-dist/tex/latex/xcolor/xcolor.sty
(/usr/local/texlive/2019/texmf-dist/tex/latex/graphics-cfg/color.cfg))
(/usr/local/texlive/2019/texmf-dist/tex/latex/float/float.sty) (./main.aux)
(/usr/local/texlive/2019/texmf-dist/tex/latex/hyperref/nameref.sty
(/usr/local/texlive/2019/texmf-dist/tex/generic/oberdiek/gettitlestring.sty))
(./main.out) (./main.out)
(/usr/local/texlive/2019/texmf-dist/tex/latex/base/t1cmss.fd) <logo.eps>

Package JHEP Warning: E-mails are missing.
(JHEP)                Plese use \emailAdd macro to provide e-mails..

(/usr/local/texlive/2019/texmf-dist/tex/latex/amsfonts/umsa.fd)
(/usr/local/texlive/2019/texmf-dist/tex/latex/amsfonts/umsb.fd)
Underfull \hbox (badness 10000) in paragraph at lines 38--38


Underfull \hbox (badness 10000) in paragraph at lines 38--38


Underfull \hbox (badness 10000) in paragraph at lines 38--38


Underfull \hbox (badness 10000) in paragraph at lines 38--38

[0] (./main.toc) [1]
(/usr/local/texlive/2019/texmf-dist/tex/latex/base/t1cmtt.fd)
Overfull \hbox (26.4321pt too wide) in paragraph at lines 50--153
\T1/cmtt/m/n/10 ma5># set directory where running "./-bin/-ma5"; set lumi; defi
ne the signal significance 

Overfull \hbox (5.43723pt too wide) in paragraph at lines 50--153
\T1/cmtt/m/n/10 ma5>set main.currentdir = /-Users/-elijahsheridan/-MG5_aMC_v2_6
_5/-axion_data # need to

Overfull \hbox (141.9039pt too wide) in paragraph at lines 50--153
\T1/cmtt/m/n/10 ma5>import /-Users/-elijahsheridan/-MG5_aMC_v2_6_5/-axion_data/
-axion_signal/-axion_signal_gurrola_cuts_1MeV.lhe.gz

Overfull \hbox (36.92953pt too wide) in paragraph at lines 50--153
\T1/cmtt/m/n/10 ma5>import /-Users/-elijahsheridan/-MG5_aMC_v2_6_5/-axion_data/
-vbf_diphoton_background_data/-

Overfull \hbox (36.92953pt too wide) in paragraph at lines 50--153
\T1/cmtt/m/n/10 ma5>import /-Users/-elijahsheridan/-MG5_aMC_v2_6_5/-axion_data/
-vbf_diphoton_background_data/-

Overfull \hbox (36.92953pt too wide) in paragraph at lines 50--153
\T1/cmtt/m/n/10 ma5>import /-Users/-elijahsheridan/-MG5_aMC_v2_6_5/-axion_data/
-vbf_diphoton_background_data/-

Overfull \hbox (36.92953pt too wide) in paragraph at lines 50--153
\T1/cmtt/m/n/10 ma5>import /-Users/-elijahsheridan/-MG5_aMC_v2_6_5/-axion_data/
-vbf_diphoton_background_data/-

Overfull \hbox (36.92953pt too wide) in paragraph at lines 50--153
\T1/cmtt/m/n/10 ma5>import /-Users/-elijahsheridan/-MG5_aMC_v2_6_5/-axion_data/
-vbf_diphoton_background_data/-

Overfull \hbox (36.92953pt too wide) in paragraph at lines 50--153
\T1/cmtt/m/n/10 ma5>import /-Users/-elijahsheridan/-MG5_aMC_v2_6_5/-axion_data/
-vbf_diphoton_background_data/-

Overfull \hbox (36.92953pt too wide) in paragraph at lines 50--153
\T1/cmtt/m/n/10 ma5>import /-Users/-elijahsheridan/-MG5_aMC_v2_6_5/-axion_data/
-vbf_diphoton_background_data/-

Overfull \hbox (36.92953pt too wide) in paragraph at lines 50--153
\T1/cmtt/m/n/10 ma5>import /-Users/-elijahsheridan/-MG5_aMC_v2_6_5/-axion_data/
-vbf_diphoton_background_data/-

Overfull \hbox (73.67056pt too wide) in paragraph at lines 50--153
\T1/cmtt/m/n/10 ma5>import /-Users/-elijahsheridan/-MG5_aMC_v2_6_5/-axion_data/
-diphoton_double_isr_background_data/-

Overfull \hbox (73.67056pt too wide) in paragraph at lines 50--153
\T1/cmtt/m/n/10 ma5>import /-Users/-elijahsheridan/-MG5_aMC_v2_6_5/-axion_data/
-diphoton_double_isr_background_data/-

Overfull \hbox (10.68594pt too wide) in paragraph at lines 50--153
\T1/cmtt/m/n/10 merged_lhe/-diphoton_double_isr_background_ht_100_200_merged.lh
e.gz as bg_dip_100_200 

Overfull \hbox (73.67056pt too wide) in paragraph at lines 50--153
\T1/cmtt/m/n/10 ma5>import /-Users/-elijahsheridan/-MG5_aMC_v2_6_5/-axion_data/
-diphoton_double_isr_background_data/-

Overfull \hbox (10.68594pt too wide) in paragraph at lines 50--153
\T1/cmtt/m/n/10 merged_lhe/-diphoton_double_isr_background_ht_200_400_merged.lh
e.gz as bg_dip_200_400 

Overfull \hbox (73.67056pt too wide) in paragraph at lines 50--153
\T1/cmtt/m/n/10 ma5>import /-Users/-elijahsheridan/-MG5_aMC_v2_6_5/-axion_data/
-diphoton_double_isr_background_data/-

Overfull \hbox (10.68594pt too wide) in paragraph at lines 50--153
\T1/cmtt/m/n/10 merged_lhe/-diphoton_double_isr_background_ht_400_600_merged.lh
e.gz as bg_dip_400_600 

Overfull \hbox (73.67056pt too wide) in paragraph at lines 50--153
\T1/cmtt/m/n/10 ma5>import /-Users/-elijahsheridan/-MG5_aMC_v2_6_5/-axion_data/
-diphoton_double_isr_background_data/-

Overfull \hbox (10.68594pt too wide) in paragraph at lines 50--153
\T1/cmtt/m/n/10 merged_lhe/-diphoton_double_isr_background_ht_600_800_merged.lh
e.gz as bg_dip_600_800 

Overfull \hbox (73.67056pt too wide) in paragraph at lines 50--153
\T1/cmtt/m/n/10 ma5>import /-Users/-elijahsheridan/-MG5_aMC_v2_6_5/-axion_data/
-diphoton_double_isr_background_data/-

Overfull \hbox (21.18338pt too wide) in paragraph at lines 50--153
\T1/cmtt/m/n/10 merged_lhe/-diphoton_double_isr_background_ht_800_1200_merged.l
he.gz as bg_dip_800_1200 

Overfull \hbox (73.67056pt too wide) in paragraph at lines 50--153
\T1/cmtt/m/n/10 ma5>import /-Users/-elijahsheridan/-MG5_aMC_v2_6_5/-axion_data/
-diphoton_double_isr_background_data/-

Overfull \hbox (31.68082pt too wide) in paragraph at lines 50--153
\T1/cmtt/m/n/10 merged_lhe/-diphoton_double_isr_background_ht_1200_1600_merged.
lhe.gz as bg_dip_1200_1600 

Overfull \hbox (73.67056pt too wide) in paragraph at lines 50--153
\T1/cmtt/m/n/10 ma5>import /-Users/-elijahsheridan/-MG5_aMC_v2_6_5/-axion_data/
-diphoton_double_isr_background_data/-

Overfull \hbox (21.18338pt too wide) in paragraph at lines 50--153
\T1/cmtt/m/n/10 merged_lhe/-diphoton_double_isr_background_ht_1600_inf_merged.l
he.gz as bg_dip_1600_inf 

Underfull \hbox (badness 10000) in paragraph at lines 50--153

[2] (/usr/local/texlive/2019/texmf-dist/tex/latex/base/omscmr.fd) [3]
Underfull \hbox (badness 10000) in paragraph at lines 182--182
[]|\T1/cmr/m/n/10 /-Users/-elijahsheridan/-

Underfull \hbox (badness 10000) in paragraph at lines 182--182
\T1/cmr/m/n/10 MG5_aMC_v2_6_5/-

Underfull \hbox (badness 10000) in paragraph at lines 182--182
\T1/cmr/m/n/10 axion_data/-axion_signal/-

Overfull \hbox (25.2988pt too wide) in paragraph at lines 182--182
\T1/cmr/m/n/10 axion_signal_gurrola_cuts_1MeV.lhe.gz| 

Overfull \hbox (18.13213pt too wide) in paragraph at lines 178--185
 [] 

Underfull \hbox (badness 10000) in paragraph at lines 204--204
[]|\T1/cmr/m/n/10 /-Users/-elijahsheridan/-

Underfull \hbox (badness 10000) in paragraph at lines 204--204
\T1/cmr/m/n/10 MG5_aMC_v2_6_5/-

Underfull \hbox (badness 10000) in paragraph at lines 204--204
\T1/cmr/m/n/10 axion_data/-

Underfull \hbox (badness 10000) in paragraph at lines 204--204
\T1/cmr/m/n/10 vbf_diphoton_background_data/-

Underfull \hbox (badness 10000) in paragraph at lines 204--204
\T1/cmr/m/n/10 merged_lhe/-

Overfull \hbox (82.11826pt too wide) in paragraph at lines 204--204
\T1/cmr/m/n/10 vbf_diphoton_background_ht_0_100_merged.lhe.gz| 

Overfull \hbox (18.13213pt too wide) in paragraph at lines 200--207
 [] 

Underfull \hbox (badness 10000) in paragraph at lines 226--226
[]|\T1/cmr/m/n/10 /-Users/-elijahsheridan/-

Underfull \hbox (badness 10000) in paragraph at lines 226--226
\T1/cmr/m/n/10 MG5_aMC_v2_6_5/-

Underfull \hbox (badness 10000) in paragraph at lines 226--226
\T1/cmr/m/n/10 axion_data/-

Underfull \hbox (badness 10000) in paragraph at lines 226--226
\T1/cmr/m/n/10 vbf_diphoton_background_data/-

Underfull \hbox (badness 10000) in paragraph at lines 226--226
\T1/cmr/m/n/10 merged_lhe/-

Overfull \hbox (92.11581pt too wide) in paragraph at lines 226--226
\T1/cmr/m/n/10 vbf_diphoton_background_ht_100_200_merged.lhe.gz| 

Overfull \hbox (18.13213pt too wide) in paragraph at lines 222--229
 [] 
[4]
Underfull \hbox (badness 10000) in paragraph at lines 248--248
[]|\T1/cmr/m/n/10 /-Users/-elijahsheridan/-

Underfull \hbox (badness 10000) in paragraph at lines 248--248
\T1/cmr/m/n/10 MG5_aMC_v2_6_5/-

Underfull \hbox (badness 10000) in paragraph at lines 248--248
\T1/cmr/m/n/10 axion_data/-

Underfull \hbox (badness 10000) in paragraph at lines 248--248
\T1/cmr/m/n/10 vbf_diphoton_background_data/-

Underfull \hbox (badness 10000) in paragraph at lines 248--248
\T1/cmr/m/n/10 merged_lhe/-

Overfull \hbox (92.11581pt too wide) in paragraph at lines 248--248
\T1/cmr/m/n/10 vbf_diphoton_background_ht_200_400_merged.lhe.gz| 

Overfull \hbox (18.13213pt too wide) in paragraph at lines 244--251
 [] 

Underfull \hbox (badness 10000) in paragraph at lines 270--270
[]|\T1/cmr/m/n/10 /-Users/-elijahsheridan/-

Underfull \hbox (badness 10000) in paragraph at lines 270--270
\T1/cmr/m/n/10 MG5_aMC_v2_6_5/-

Underfull \hbox (badness 10000) in paragraph at lines 270--270
\T1/cmr/m/n/10 axion_data/-

Underfull \hbox (badness 10000) in paragraph at lines 270--270
\T1/cmr/m/n/10 vbf_diphoton_background_data/-

Underfull \hbox (badness 10000) in paragraph at lines 270--270
\T1/cmr/m/n/10 merged_lhe/-

Overfull \hbox (92.11581pt too wide) in paragraph at lines 270--270
\T1/cmr/m/n/10 vbf_diphoton_background_ht_400_600_merged.lhe.gz| 

Overfull \hbox (18.13213pt too wide) in paragraph at lines 266--273
 [] 
[5]
Underfull \hbox (badness 10000) in paragraph at lines 292--292
[]|\T1/cmr/m/n/10 /-Users/-elijahsheridan/-

Underfull \hbox (badness 10000) in paragraph at lines 292--292
\T1/cmr/m/n/10 MG5_aMC_v2_6_5/-

Underfull \hbox (badness 10000) in paragraph at lines 292--292
\T1/cmr/m/n/10 axion_data/-

Underfull \hbox (badness 10000) in paragraph at lines 292--292
\T1/cmr/m/n/10 vbf_diphoton_background_data/-

Underfull \hbox (badness 10000) in paragraph at lines 292--292
\T1/cmr/m/n/10 merged_lhe/-

Overfull \hbox (92.11581pt too wide) in paragraph at lines 292--292
\T1/cmr/m/n/10 vbf_diphoton_background_ht_600_800_merged.lhe.gz| 

Overfull \hbox (18.13213pt too wide) in paragraph at lines 288--295
 [] 

Underfull \hbox (badness 10000) in paragraph at lines 314--314
[]|\T1/cmr/m/n/10 /-Users/-elijahsheridan/-

Underfull \hbox (badness 10000) in paragraph at lines 314--314
\T1/cmr/m/n/10 MG5_aMC_v2_6_5/-

Underfull \hbox (badness 10000) in paragraph at lines 314--314
\T1/cmr/m/n/10 axion_data/-

Underfull \hbox (badness 10000) in paragraph at lines 314--314
\T1/cmr/m/n/10 vbf_diphoton_background_data/-

Underfull \hbox (badness 10000) in paragraph at lines 314--314
\T1/cmr/m/n/10 merged_lhe/-

Overfull \hbox (97.1146pt too wide) in paragraph at lines 314--314
\T1/cmr/m/n/10 vbf_diphoton_background_ht_800_1200_merged.lhe.gz| 

Overfull \hbox (18.13213pt too wide) in paragraph at lines 310--317
 [] 

Underfull \hbox (badness 10000) in paragraph at lines 336--336
[]|\T1/cmr/m/n/10 /-Users/-elijahsheridan/-

Underfull \hbox (badness 10000) in paragraph at lines 336--336
\T1/cmr/m/n/10 MG5_aMC_v2_6_5/-

Underfull \hbox (badness 10000) in paragraph at lines 336--336
\T1/cmr/m/n/10 axion_data/-

Underfull \hbox (badness 10000) in paragraph at lines 336--336
\T1/cmr/m/n/10 vbf_diphoton_background_data/-

Underfull \hbox (badness 10000) in paragraph at lines 336--336
\T1/cmr/m/n/10 merged_lhe/-

Overfull \hbox (102.11337pt too wide) in paragraph at lines 336--336
\T1/cmr/m/n/10 vbf_diphoton_background_ht_1200_1600_merged.lhe.gz| 

Overfull \hbox (18.13213pt too wide) in paragraph at lines 332--339
 [] 
[6]
Underfull \hbox (badness 10000) in paragraph at lines 358--358
[]|\T1/cmr/m/n/10 /-Users/-elijahsheridan/-

Underfull \hbox (badness 10000) in paragraph at lines 358--358
\T1/cmr/m/n/10 MG5_aMC_v2_6_5/-

Underfull \hbox (badness 10000) in paragraph at lines 358--358
\T1/cmr/m/n/10 axion_data/-

Underfull \hbox (badness 10000) in paragraph at lines 358--358
\T1/cmr/m/n/10 vbf_diphoton_background_data/-

Underfull \hbox (badness 10000) in paragraph at lines 358--358
\T1/cmr/m/n/10 merged_lhe/-

Overfull \hbox (93.50436pt too wide) in paragraph at lines 358--358
\T1/cmr/m/n/10 vbf_diphoton_background_ht_1600_inf_merged.lhe.gz| 

Overfull \hbox (18.13213pt too wide) in paragraph at lines 354--361
 [] 

Underfull \hbox (badness 10000) in paragraph at lines 380--380
[]|\T1/cmr/m/n/10 /-Users/-elijahsheridan/-

Underfull \hbox (badness 10000) in paragraph at lines 380--380
\T1/cmr/m/n/10 MG5_aMC_v2_6_5/-

Underfull \hbox (badness 10000) in paragraph at lines 380--380
\T1/cmr/m/n/10 axion_data/-

Overfull \hbox (31.35287pt too wide) in paragraph at lines 380--380
\T1/cmr/m/n/10 diphoton_double_isr_background_data/-

Underfull \hbox (badness 10000) in paragraph at lines 380--380
\T1/cmr/m/n/10 merged_lhe/-

Overfull \hbox (115.52676pt too wide) in paragraph at lines 380--380
\T1/cmr/m/n/10 diphoton_double_isr_background_ht_0_100_merged.lhe.gz| 

Overfull \hbox (18.13213pt too wide) in paragraph at lines 376--383
 [] 
[7]
Underfull \hbox (badness 10000) in paragraph at lines 402--402
[]|\T1/cmr/m/n/10 /-Users/-elijahsheridan/-

Underfull \hbox (badness 10000) in paragraph at lines 402--402
\T1/cmr/m/n/10 MG5_aMC_v2_6_5/-

Underfull \hbox (badness 10000) in paragraph at lines 402--402
\T1/cmr/m/n/10 axion_data/-

Overfull \hbox (31.35287pt too wide) in paragraph at lines 402--402
\T1/cmr/m/n/10 diphoton_double_isr_background_data/-

Underfull \hbox (badness 10000) in paragraph at lines 402--402
\T1/cmr/m/n/10 merged_lhe/-

Overfull \hbox (125.52432pt too wide) in paragraph at lines 402--402
\T1/cmr/m/n/10 diphoton_double_isr_background_ht_100_200_merged.lhe.gz| 

Overfull \hbox (18.13213pt too wide) in paragraph at lines 398--405
 [] 

Underfull \hbox (badness 10000) in paragraph at lines 424--424
[]|\T1/cmr/m/n/10 /-Users/-elijahsheridan/-

Underfull \hbox (badness 10000) in paragraph at lines 424--424
\T1/cmr/m/n/10 MG5_aMC_v2_6_5/-

Underfull \hbox (badness 10000) in paragraph at lines 424--424
\T1/cmr/m/n/10 axion_data/-

Overfull \hbox (31.35287pt too wide) in paragraph at lines 424--424
\T1/cmr/m/n/10 diphoton_double_isr_background_data/-

Underfull \hbox (badness 10000) in paragraph at lines 424--424
\T1/cmr/m/n/10 merged_lhe/-

Overfull \hbox (125.52432pt too wide) in paragraph at lines 424--424
\T1/cmr/m/n/10 diphoton_double_isr_background_ht_200_400_merged.lhe.gz| 

Overfull \hbox (18.13213pt too wide) in paragraph at lines 420--427
 [] 

Underfull \hbox (badness 10000) in paragraph at lines 446--446
[]|\T1/cmr/m/n/10 /-Users/-elijahsheridan/-

Underfull \hbox (badness 10000) in paragraph at lines 446--446
\T1/cmr/m/n/10 MG5_aMC_v2_6_5/-

Underfull \hbox (badness 10000) in paragraph at lines 446--446
\T1/cmr/m/n/10 axion_data/-

Overfull \hbox (31.35287pt too wide) in paragraph at lines 446--446
\T1/cmr/m/n/10 diphoton_double_isr_background_data/-

Underfull \hbox (badness 10000) in paragraph at lines 446--446
\T1/cmr/m/n/10 merged_lhe/-

Overfull \hbox (125.52432pt too wide) in paragraph at lines 446--446
\T1/cmr/m/n/10 diphoton_double_isr_background_ht_400_600_merged.lhe.gz| 

Overfull \hbox (18.13213pt too wide) in paragraph at lines 442--449
 [] 
[8]
Underfull \hbox (badness 10000) in paragraph at lines 468--468
[]|\T1/cmr/m/n/10 /-Users/-elijahsheridan/-

Underfull \hbox (badness 10000) in paragraph at lines 468--468
\T1/cmr/m/n/10 MG5_aMC_v2_6_5/-

Underfull \hbox (badness 10000) in paragraph at lines 468--468
\T1/cmr/m/n/10 axion_data/-

Overfull \hbox (31.35287pt too wide) in paragraph at lines 468--468
\T1/cmr/m/n/10 diphoton_double_isr_background_data/-

Underfull \hbox (badness 10000) in paragraph at lines 468--468
\T1/cmr/m/n/10 merged_lhe/-

Overfull \hbox (125.52432pt too wide) in paragraph at lines 468--468
\T1/cmr/m/n/10 diphoton_double_isr_background_ht_600_800_merged.lhe.gz| 

Overfull \hbox (18.13213pt too wide) in paragraph at lines 464--471
 [] 

Underfull \hbox (badness 10000) in paragraph at lines 490--490
[]|\T1/cmr/m/n/10 /-Users/-elijahsheridan/-

Underfull \hbox (badness 10000) in paragraph at lines 490--490
\T1/cmr/m/n/10 MG5_aMC_v2_6_5/-

Underfull \hbox (badness 10000) in paragraph at lines 490--490
\T1/cmr/m/n/10 axion_data/-

Overfull \hbox (31.35287pt too wide) in paragraph at lines 490--490
\T1/cmr/m/n/10 diphoton_double_isr_background_data/-

Underfull \hbox (badness 10000) in paragraph at lines 490--490
\T1/cmr/m/n/10 merged_lhe/-

Overfull \hbox (130.5231pt too wide) in paragraph at lines 490--490
\T1/cmr/m/n/10 diphoton_double_isr_background_ht_800_1200_merged.lhe.gz| 

Overfull \hbox (18.13213pt too wide) in paragraph at lines 486--493
 [] 
[9]
Underfull \hbox (badness 10000) in paragraph at lines 512--512
[]|\T1/cmr/m/n/10 /-Users/-elijahsheridan/-

Underfull \hbox (badness 10000) in paragraph at lines 512--512
\T1/cmr/m/n/10 MG5_aMC_v2_6_5/-

Underfull \hbox (badness 10000) in paragraph at lines 512--512
\T1/cmr/m/n/10 axion_data/-

Overfull \hbox (31.35287pt too wide) in paragraph at lines 512--512
\T1/cmr/m/n/10 diphoton_double_isr_background_data/-

Underfull \hbox (badness 10000) in paragraph at lines 512--512
\T1/cmr/m/n/10 merged_lhe/-

Overfull \hbox (135.52188pt too wide) in paragraph at lines 512--512
\T1/cmr/m/n/10 diphoton_double_isr_background_ht_1200_1600_merged.lhe.gz| 

Overfull \hbox (18.13213pt too wide) in paragraph at lines 508--515
 [] 

Underfull \hbox (badness 10000) in paragraph at lines 534--534
[]|\T1/cmr/m/n/10 /-Users/-elijahsheridan/-

Underfull \hbox (badness 10000) in paragraph at lines 534--534
\T1/cmr/m/n/10 MG5_aMC_v2_6_5/-

Underfull \hbox (badness 10000) in paragraph at lines 534--534
\T1/cmr/m/n/10 axion_data/-

Overfull \hbox (31.35287pt too wide) in paragraph at lines 534--534
\T1/cmr/m/n/10 diphoton_double_isr_background_data/-

Underfull \hbox (badness 10000) in paragraph at lines 534--534
\T1/cmr/m/n/10 merged_lhe/-

Overfull \hbox (126.91287pt too wide) in paragraph at lines 534--534
\T1/cmr/m/n/10 diphoton_double_isr_background_ht_1600_inf_merged.lhe.gz| 

Overfull \hbox (18.13213pt too wide) in paragraph at lines 530--537
 [] 
[10]
Underfull \hbox (badness 4872) in paragraph at lines 554--555
[]|\T1/cmr/m/n/10 Rejected events:

Underfull \hbox (badness 10000) in paragraph at lines 559--559
[]|\T1/cmr/m/n/10 0.098991 +/--

Underfull \hbox (badness 10000) in paragraph at lines 559--560
[]|\T1/cmr/m/n/10 0.098991 +/--

Overfull \hbox (10.85573pt too wide) in paragraph at lines 561--561
[]|\T1/cmr/m/n/10 bg_vbf_0_100| 

Overfull \hbox (20.85329pt too wide) in paragraph at lines 563--563
[]|\T1/cmr/m/n/10 bg_vbf_100_200| 

Underfull \hbox (badness 10000) in paragraph at lines 563--563
[]|\T1/cmr/m/n/10 0.049282 +/--

Underfull \hbox (badness 10000) in paragraph at lines 563--564
[]|\T1/cmr/m/n/10 0.049282 +/--

Overfull \hbox (20.85329pt too wide) in paragraph at lines 565--565
[]|\T1/cmr/m/n/10 bg_vbf_200_400| 

Underfull \hbox (badness 10000) in paragraph at lines 565--565
[]|\T1/cmr/m/n/10 0.105979 +/--

Underfull \hbox (badness 10000) in paragraph at lines 565--566
[]|\T1/cmr/m/n/10 0.105979 +/--

Overfull \hbox (20.85329pt too wide) in paragraph at lines 567--567
[]|\T1/cmr/m/n/10 bg_vbf_400_600| 

Overfull \hbox (20.85329pt too wide) in paragraph at lines 569--569
[]|\T1/cmr/m/n/10 bg_vbf_600_800| 

Overfull \hbox (25.85207pt too wide) in paragraph at lines 571--571
[]|\T1/cmr/m/n/10 bg_vbf_800_1200| 

Overfull \hbox (30.85085pt too wide) in paragraph at lines 573--573
[]|\T1/cmr/m/n/10 bg_vbf_1200_1600| 

Overfull \hbox (22.24184pt too wide) in paragraph at lines 575--575
[]|\T1/cmr/m/n/10 bg_vbf_1600_inf| 

Overfull \hbox (10.85573pt too wide) in paragraph at lines 577--577
[]|\T1/cmr/m/n/10 bg_dip_0_100| 

Underfull \hbox (badness 10000) in paragraph at lines 577--577
[]|\T1/cmr/m/n/10 203304744 +/--

Overfull \hbox (20.85329pt too wide) in paragraph at lines 579--579
[]|\T1/cmr/m/n/10 bg_dip_100_200| 

Underfull \hbox (badness 10000) in paragraph at lines 579--579
[]|\T1/cmr/m/n/10 82115005 +/--

Overfull \hbox (20.85329pt too wide) in paragraph at lines 581--581
[]|\T1/cmr/m/n/10 bg_dip_200_400| 

Underfull \hbox (badness 10000) in paragraph at lines 581--581
[]|\T1/cmr/m/n/10 17905097 +/--

Overfull \hbox (20.85329pt too wide) in paragraph at lines 583--583
[]|\T1/cmr/m/n/10 bg_dip_400_600| 

Overfull \hbox (20.85329pt too wide) in paragraph at lines 585--585
[]|\T1/cmr/m/n/10 bg_dip_600_800| 

Underfull \hbox (badness 10000) in paragraph at lines 585--585
[]|\T1/cmr/m/n/10 0.006677 +/--

Underfull \hbox (badness 10000) in paragraph at lines 585--586
[]|\T1/cmr/m/n/10 0.006677 +/--

Overfull \hbox (25.85207pt too wide) in paragraph at lines 587--587
[]|\T1/cmr/m/n/10 bg_dip_800_1200| 

Underfull \hbox (badness 10000) in paragraph at lines 587--587
[]|\T1/cmr/m/n/10 0.003701 +/--

Underfull \hbox (badness 10000) in paragraph at lines 587--588
[]|\T1/cmr/m/n/10 0.003701 +/--

Overfull \hbox (30.85085pt too wide) in paragraph at lines 589--589
[]|\T1/cmr/m/n/10 bg_dip_1200_1600| 

Underfull \hbox (badness 10000) in paragraph at lines 589--589
[]|\T1/cmr/m/n/10 0.001314 +/--

Underfull \hbox (badness 10000) in paragraph at lines 589--590
[]|\T1/cmr/m/n/10 0.001314 +/--

Overfull \hbox (22.24184pt too wide) in paragraph at lines 591--591
[]|\T1/cmr/m/n/10 bg_dip_1600_inf| 

Underfull \hbox (badness 10000) in paragraph at lines 591--591
[]|\T1/cmr/m/n/10 0.000233 +/--

Underfull \hbox (badness 10000) in paragraph at lines 591--592
[]|\T1/cmr/m/n/10 0.000233 +/--

Overfull \hbox (27.68684pt too wide) in paragraph at lines 551--594
 [] 

Underfull \hbox (badness 10000) in paragraph at lines 548--595

[11]
Underfull \hbox (badness 1092) in paragraph at lines 617--617
[]|\T1/cmr/m/n/10 SEL: sdETA ( jets[1]

Overfull \hbox (20.97742pt too wide) in paragraph at lines 611--620
 [] 
[12] (./main.aux) )
(see the transcript file for additional information)
Output written on main.dvi (13 pages, 76192 bytes).
Transcript written on main.log.
