This is pdfTeX, Version 3.14159265-2.6-1.40.20 (TeX Live 2019) (preloaded format=pdflatex)
 restricted \write18 enabled.
entering extended mode
(./main.tex
LaTeX2e <2018-12-01>
(/usr/local/texlive/2019/texmf-dist/tex/latex/base/article.cls
Document Class: article 2018/09/03 v1.4i Standard LaTeX document class
(/usr/local/texlive/2019/texmf-dist/tex/latex/base/size10.clo)) (./jheppub.sty
(/usr/local/texlive/2019/texmf-dist/tex/latex/amsmath/amsmath.sty
For additional information on amsmath, use the `?' option.
(/usr/local/texlive/2019/texmf-dist/tex/latex/amsmath/amstext.sty
(/usr/local/texlive/2019/texmf-dist/tex/latex/amsmath/amsgen.sty))
(/usr/local/texlive/2019/texmf-dist/tex/latex/amsmath/amsbsy.sty)
(/usr/local/texlive/2019/texmf-dist/tex/latex/amsmath/amsopn.sty))
(/usr/local/texlive/2019/texmf-dist/tex/latex/amsfonts/amssymb.sty
(/usr/local/texlive/2019/texmf-dist/tex/latex/amsfonts/amsfonts.sty))
(/usr/local/texlive/2019/texmf-dist/tex/latex/graphics/epsfig.sty
(/usr/local/texlive/2019/texmf-dist/tex/latex/graphics/graphicx.sty
(/usr/local/texlive/2019/texmf-dist/tex/latex/graphics/keyval.sty)
(/usr/local/texlive/2019/texmf-dist/tex/latex/graphics/graphics.sty
(/usr/local/texlive/2019/texmf-dist/tex/latex/graphics/trig.sty)
(/usr/local/texlive/2019/texmf-dist/tex/latex/graphics-cfg/graphics.cfg)
(/usr/local/texlive/2019/texmf-dist/tex/latex/graphics-def/pdftex.def))))
(/usr/local/texlive/2019/texmf-dist/tex/latex/natbib/natbib.sty)
(/usr/local/texlive/2019/texmf-dist/tex/latex/graphics/color.sty
(/usr/local/texlive/2019/texmf-dist/tex/latex/graphics-cfg/color.cfg))
(/usr/local/texlive/2019/texmf-dist/tex/latex/hyperref/hyperref.sty
(/usr/local/texlive/2019/texmf-dist/tex/generic/oberdiek/hobsub-hyperref.sty
(/usr/local/texlive/2019/texmf-dist/tex/generic/oberdiek/hobsub-generic.sty))
(/usr/local/texlive/2019/texmf-dist/tex/generic/ifxetex/ifxetex.sty)
(/usr/local/texlive/2019/texmf-dist/tex/latex/oberdiek/auxhook.sty)
(/usr/local/texlive/2019/texmf-dist/tex/latex/oberdiek/kvoptions.sty)
(/usr/local/texlive/2019/texmf-dist/tex/latex/hyperref/pd1enc.def)
(/usr/local/texlive/2019/texmf-dist/tex/latex/latexconfig/hyperref.cfg)

Package hyperref Warning: Option `pagecolor' is not available anymore.

(/usr/local/texlive/2019/texmf-dist/tex/latex/url/url.sty))
(/usr/local/texlive/2019/texmf-dist/tex/latex/hyperref/hpdftex.def
(/usr/local/texlive/2019/texmf-dist/tex/latex/oberdiek/rerunfilecheck.sty))
(/usr/local/texlive/2019/texmf-dist/tex/latex/psnfss/ot1phv.fd))
(/usr/local/texlive/2019/texmf-dist/tex/latex/base/fontenc.sty
(/usr/local/texlive/2019/texmf-dist/tex/latex/base/t1enc.def))
(/usr/local/texlive/2019/texmf-dist/tex/latex/colortbl/colortbl.sty
(/usr/local/texlive/2019/texmf-dist/tex/latex/tools/array.sty))
(/usr/local/texlive/2019/texmf-dist/tex/latex/xcolor/xcolor.sty
(/usr/local/texlive/2019/texmf-dist/tex/latex/graphics-cfg/color.cfg))
(/usr/local/texlive/2019/texmf-dist/tex/latex/float/float.sty)
No file main.aux.
(/usr/local/texlive/2019/texmf-dist/tex/context/base/mkii/supp-pdf.mkii
[Loading MPS to PDF converter (version 2006.09.02).]
) (/usr/local/texlive/2019/texmf-dist/tex/latex/oberdiek/epstopdf-base.sty
(/usr/local/texlive/2019/texmf-dist/tex/latex/oberdiek/grfext.sty)
(/usr/local/texlive/2019/texmf-dist/tex/latex/latexconfig/epstopdf-sys.cfg))
(/usr/local/texlive/2019/texmf-dist/tex/latex/hyperref/nameref.sty
(/usr/local/texlive/2019/texmf-dist/tex/generic/oberdiek/gettitlestring.sty))
(/usr/local/texlive/2019/texmf-dist/tex/latex/base/t1cmss.fd)

Package JHEP Warning: E-mails are missing.
(JHEP)                Plese use \emailAdd macro to provide e-mails..

(/usr/local/texlive/2019/texmf-dist/tex/latex/amsfonts/umsa.fd)
(/usr/local/texlive/2019/texmf-dist/tex/latex/amsfonts/umsb.fd)
Underfull \hbox (badness 10000) in paragraph at lines 38--38


Underfull \hbox (badness 10000) in paragraph at lines 38--38


Underfull \hbox (badness 10000) in paragraph at lines 38--38


Underfull \hbox (badness 10000) in paragraph at lines 38--38

[0{/usr/local/texlive/2019/texmf-var/fonts/map/pdftex/updmap/pdftex.map} <./log
o.png>] [1] (/usr/local/texlive/2019/texmf-dist/tex/latex/base/t1cmtt.fd)
Overfull \hbox (26.4321pt too wide) in paragraph at lines 50--155
\T1/cmtt/m/n/10 ma5># set directory where running "./-bin/-ma5"; set lumi; defi
ne the signal significance 

Overfull \hbox (10.68594pt too wide) in paragraph at lines 50--155
\T1/cmtt/m/n/10 ma5>set main.currentdir = /-Users/-elijahsheridan/-MG5_aMC_v2_6
_5/-axion_pheno # need to

Overfull \hbox (31.68082pt too wide) in paragraph at lines 50--155
\T1/cmtt/m/n/10 ma5>import /-Users/-elijahsheridan/-MG5_aMC_v2_6_5/-axion_pheno
/-madgraph_data/-axion_signal/-

Overfull \hbox (115.66031pt too wide) in paragraph at lines 50--155
\T1/cmtt/m/n/10 ma5>import /-Users/-elijahsheridan/-MG5_aMC_v2_6_5/-axion_pheno
/-madgraph_data/-vbf_diphoton_background_data/-

Overfull \hbox (115.66031pt too wide) in paragraph at lines 50--155
\T1/cmtt/m/n/10 ma5>import /-Users/-elijahsheridan/-MG5_aMC_v2_6_5/-axion_pheno
/-madgraph_data/-vbf_diphoton_background_data/-

Overfull \hbox (115.66031pt too wide) in paragraph at lines 50--155
\T1/cmtt/m/n/10 ma5>import /-Users/-elijahsheridan/-MG5_aMC_v2_6_5/-axion_pheno
/-madgraph_data/-vbf_diphoton_background_data/-

Overfull \hbox (115.66031pt too wide) in paragraph at lines 50--155
\T1/cmtt/m/n/10 ma5>import /-Users/-elijahsheridan/-MG5_aMC_v2_6_5/-axion_pheno
/-madgraph_data/-vbf_diphoton_background_data/-

Overfull \hbox (115.66031pt too wide) in paragraph at lines 50--155
\T1/cmtt/m/n/10 ma5>import /-Users/-elijahsheridan/-MG5_aMC_v2_6_5/-axion_pheno
/-madgraph_data/-vbf_diphoton_background_data/-

Overfull \hbox (115.66031pt too wide) in paragraph at lines 50--155
\T1/cmtt/m/n/10 ma5>import /-Users/-elijahsheridan/-MG5_aMC_v2_6_5/-axion_pheno
/-madgraph_data/-vbf_diphoton_background_data/-

Overfull \hbox (115.66031pt too wide) in paragraph at lines 50--155
\T1/cmtt/m/n/10 ma5>import /-Users/-elijahsheridan/-MG5_aMC_v2_6_5/-axion_pheno
/-madgraph_data/-vbf_diphoton_background_data/-

Overfull \hbox (115.66031pt too wide) in paragraph at lines 50--155
\T1/cmtt/m/n/10 ma5>import /-Users/-elijahsheridan/-MG5_aMC_v2_6_5/-axion_pheno
/-madgraph_data/-vbf_diphoton_background_data/-

Overfull \hbox (152.40134pt too wide) in paragraph at lines 50--155
\T1/cmtt/m/n/10 ma5>import /-Users/-elijahsheridan/-MG5_aMC_v2_6_5/-axion_pheno
/-madgraph_data/-diphoton_double_isr_background_data/-

Overfull \hbox (152.40134pt too wide) in paragraph at lines 50--155
\T1/cmtt/m/n/10 ma5>import /-Users/-elijahsheridan/-MG5_aMC_v2_6_5/-axion_pheno
/-madgraph_data/-diphoton_double_isr_background_data/-

Overfull \hbox (10.68594pt too wide) in paragraph at lines 50--155
\T1/cmtt/m/n/10 merged_lhe/-diphoton_double_isr_background_ht_100_200_merged.lh
e.gz as bg_dip_100_200 

Overfull \hbox (152.40134pt too wide) in paragraph at lines 50--155
\T1/cmtt/m/n/10 ma5>import /-Users/-elijahsheridan/-MG5_aMC_v2_6_5/-axion_pheno
/-madgraph_data/-diphoton_double_isr_background_data/-

Overfull \hbox (10.68594pt too wide) in paragraph at lines 50--155
\T1/cmtt/m/n/10 merged_lhe/-diphoton_double_isr_background_ht_200_400_merged.lh
e.gz as bg_dip_200_400 

Overfull \hbox (152.40134pt too wide) in paragraph at lines 50--155
\T1/cmtt/m/n/10 ma5>import /-Users/-elijahsheridan/-MG5_aMC_v2_6_5/-axion_pheno
/-madgraph_data/-diphoton_double_isr_background_data/-

Overfull \hbox (10.68594pt too wide) in paragraph at lines 50--155
\T1/cmtt/m/n/10 merged_lhe/-diphoton_double_isr_background_ht_400_600_merged.lh
e.gz as bg_dip_400_600 

Overfull \hbox (152.40134pt too wide) in paragraph at lines 50--155
\T1/cmtt/m/n/10 ma5>import /-Users/-elijahsheridan/-MG5_aMC_v2_6_5/-axion_pheno
/-madgraph_data/-diphoton_double_isr_background_data/-

Overfull \hbox (10.68594pt too wide) in paragraph at lines 50--155
\T1/cmtt/m/n/10 merged_lhe/-diphoton_double_isr_background_ht_600_800_merged.lh
e.gz as bg_dip_600_800 

Overfull \hbox (152.40134pt too wide) in paragraph at lines 50--155
\T1/cmtt/m/n/10 ma5>import /-Users/-elijahsheridan/-MG5_aMC_v2_6_5/-axion_pheno
/-madgraph_data/-diphoton_double_isr_background_data/-

Overfull \hbox (21.18338pt too wide) in paragraph at lines 50--155
\T1/cmtt/m/n/10 merged_lhe/-diphoton_double_isr_background_ht_800_1200_merged.l
he.gz as bg_dip_800_1200 

Overfull \hbox (152.40134pt too wide) in paragraph at lines 50--155
\T1/cmtt/m/n/10 ma5>import /-Users/-elijahsheridan/-MG5_aMC_v2_6_5/-axion_pheno
/-madgraph_data/-diphoton_double_isr_background_data/-

Overfull \hbox (31.68082pt too wide) in paragraph at lines 50--155
\T1/cmtt/m/n/10 merged_lhe/-diphoton_double_isr_background_ht_1200_1600_merged.
lhe.gz as bg_dip_1200_1600 

Overfull \hbox (152.40134pt too wide) in paragraph at lines 50--155
\T1/cmtt/m/n/10 ma5>import /-Users/-elijahsheridan/-MG5_aMC_v2_6_5/-axion_pheno
/-madgraph_data/-diphoton_double_isr_background_data/-

Overfull \hbox (21.18338pt too wide) in paragraph at lines 50--155
\T1/cmtt/m/n/10 merged_lhe/-diphoton_double_isr_background_ht_1600_inf_merged.l
he.gz as bg_dip_1600_inf 

Overfull \hbox (31.68082pt too wide) in paragraph at lines 50--155
\T1/cmtt/m/n/10 ma5>select (sdETA(jets[1] jets[2]) > 2.6 or sdETA(jets[1] jets[
2]) < -2.6) and M(jets[1]

Underfull \hbox (badness 10000) in paragraph at lines 50--155

[2] (/usr/local/texlive/2019/texmf-dist/tex/latex/base/omscmr.fd) [3]
Underfull \hbox (badness 10000) in paragraph at lines 184--184
[]|\T1/cmr/m/n/10 /-Users/-elijahsheridan/-

Underfull \hbox (badness 10000) in paragraph at lines 184--184
\T1/cmr/m/n/10 MG5_aMC_v2_6_5/-

Underfull \hbox (badness 10000) in paragraph at lines 184--184
\T1/cmr/m/n/10 axion_pheno/-

Underfull \hbox (badness 10000) in paragraph at lines 184--184
\T1/cmr/m/n/10 madgraph_data/-axion_signal/-

Overfull \hbox (25.2988pt too wide) in paragraph at lines 184--184
\T1/cmr/m/n/10 axion_signal_gurrola_cuts_1MeV.lhe.gz| 

Overfull \hbox (18.13213pt too wide) in paragraph at lines 180--187
 [] 

Underfull \hbox (badness 10000) in paragraph at lines 206--206
[]|\T1/cmr/m/n/10 /-Users/-elijahsheridan/-

Underfull \hbox (badness 10000) in paragraph at lines 206--206
\T1/cmr/m/n/10 MG5_aMC_v2_6_5/-

Underfull \hbox (badness 10000) in paragraph at lines 206--206
\T1/cmr/m/n/10 axion_pheno/-madgraph_data/-

Underfull \hbox (badness 10000) in paragraph at lines 206--206
\T1/cmr/m/n/10 vbf_diphoton_background_data/-

Underfull \hbox (badness 10000) in paragraph at lines 206--206
\T1/cmr/m/n/10 merged_lhe/-

Overfull \hbox (82.11826pt too wide) in paragraph at lines 206--206
\T1/cmr/m/n/10 vbf_diphoton_background_ht_0_100_merged.lhe.gz| 

Overfull \hbox (18.13213pt too wide) in paragraph at lines 202--209
 [] 

Underfull \hbox (badness 10000) in paragraph at lines 228--228
[]|\T1/cmr/m/n/10 /-Users/-elijahsheridan/-

Underfull \hbox (badness 10000) in paragraph at lines 228--228
\T1/cmr/m/n/10 MG5_aMC_v2_6_5/-

Underfull \hbox (badness 10000) in paragraph at lines 228--228
\T1/cmr/m/n/10 axion_pheno/-madgraph_data/-

Underfull \hbox (badness 10000) in paragraph at lines 228--228
\T1/cmr/m/n/10 vbf_diphoton_background_data/-

Underfull \hbox (badness 10000) in paragraph at lines 228--228
\T1/cmr/m/n/10 merged_lhe/-

Overfull \hbox (92.11581pt too wide) in paragraph at lines 228--228
\T1/cmr/m/n/10 vbf_diphoton_background_ht_100_200_merged.lhe.gz| 

Overfull \hbox (18.13213pt too wide) in paragraph at lines 224--231
 [] 
[4]
Underfull \hbox (badness 10000) in paragraph at lines 250--250
[]|\T1/cmr/m/n/10 /-Users/-elijahsheridan/-

Underfull \hbox (badness 10000) in paragraph at lines 250--250
\T1/cmr/m/n/10 MG5_aMC_v2_6_5/-

Underfull \hbox (badness 10000) in paragraph at lines 250--250
\T1/cmr/m/n/10 axion_pheno/-madgraph_data/-

Underfull \hbox (badness 10000) in paragraph at lines 250--250
\T1/cmr/m/n/10 vbf_diphoton_background_data/-

Underfull \hbox (badness 10000) in paragraph at lines 250--250
\T1/cmr/m/n/10 merged_lhe/-

Overfull \hbox (92.11581pt too wide) in paragraph at lines 250--250
\T1/cmr/m/n/10 vbf_diphoton_background_ht_200_400_merged.lhe.gz| 

Overfull \hbox (18.13213pt too wide) in paragraph at lines 246--253
 [] 

Underfull \hbox (badness 10000) in paragraph at lines 272--272
[]|\T1/cmr/m/n/10 /-Users/-elijahsheridan/-

Underfull \hbox (badness 10000) in paragraph at lines 272--272
\T1/cmr/m/n/10 MG5_aMC_v2_6_5/-

Underfull \hbox (badness 10000) in paragraph at lines 272--272
\T1/cmr/m/n/10 axion_pheno/-madgraph_data/-

Underfull \hbox (badness 10000) in paragraph at lines 272--272
\T1/cmr/m/n/10 vbf_diphoton_background_data/-

Underfull \hbox (badness 10000) in paragraph at lines 272--272
\T1/cmr/m/n/10 merged_lhe/-

Overfull \hbox (92.11581pt too wide) in paragraph at lines 272--272
\T1/cmr/m/n/10 vbf_diphoton_background_ht_400_600_merged.lhe.gz| 

Overfull \hbox (18.13213pt too wide) in paragraph at lines 268--275
 [] 
[5]
Underfull \hbox (badness 10000) in paragraph at lines 294--294
[]|\T1/cmr/m/n/10 /-Users/-elijahsheridan/-

Underfull \hbox (badness 10000) in paragraph at lines 294--294
\T1/cmr/m/n/10 MG5_aMC_v2_6_5/-

Underfull \hbox (badness 10000) in paragraph at lines 294--294
\T1/cmr/m/n/10 axion_pheno/-madgraph_data/-

Underfull \hbox (badness 10000) in paragraph at lines 294--294
\T1/cmr/m/n/10 vbf_diphoton_background_data/-

Underfull \hbox (badness 10000) in paragraph at lines 294--294
\T1/cmr/m/n/10 merged_lhe/-

Overfull \hbox (92.11581pt too wide) in paragraph at lines 294--294
\T1/cmr/m/n/10 vbf_diphoton_background_ht_600_800_merged.lhe.gz| 

Overfull \hbox (18.13213pt too wide) in paragraph at lines 290--297
 [] 

Underfull \hbox (badness 10000) in paragraph at lines 316--316
[]|\T1/cmr/m/n/10 /-Users/-elijahsheridan/-

Underfull \hbox (badness 10000) in paragraph at lines 316--316
\T1/cmr/m/n/10 MG5_aMC_v2_6_5/-

Underfull \hbox (badness 10000) in paragraph at lines 316--316
\T1/cmr/m/n/10 axion_pheno/-madgraph_data/-

Underfull \hbox (badness 10000) in paragraph at lines 316--316
\T1/cmr/m/n/10 vbf_diphoton_background_data/-

Underfull \hbox (badness 10000) in paragraph at lines 316--316
\T1/cmr/m/n/10 merged_lhe/-

Overfull \hbox (97.1146pt too wide) in paragraph at lines 316--316
\T1/cmr/m/n/10 vbf_diphoton_background_ht_800_1200_merged.lhe.gz| 

Overfull \hbox (18.13213pt too wide) in paragraph at lines 312--319
 [] 
[6]
Underfull \hbox (badness 10000) in paragraph at lines 338--338
[]|\T1/cmr/m/n/10 /-Users/-elijahsheridan/-

Underfull \hbox (badness 10000) in paragraph at lines 338--338
\T1/cmr/m/n/10 MG5_aMC_v2_6_5/-

Underfull \hbox (badness 10000) in paragraph at lines 338--338
\T1/cmr/m/n/10 axion_pheno/-madgraph_data/-

Underfull \hbox (badness 10000) in paragraph at lines 338--338
\T1/cmr/m/n/10 vbf_diphoton_background_data/-

Underfull \hbox (badness 10000) in paragraph at lines 338--338
\T1/cmr/m/n/10 merged_lhe/-

Overfull \hbox (102.11337pt too wide) in paragraph at lines 338--338
\T1/cmr/m/n/10 vbf_diphoton_background_ht_1200_1600_merged.lhe.gz| 

Overfull \hbox (18.13213pt too wide) in paragraph at lines 334--341
 [] 

Underfull \hbox (badness 10000) in paragraph at lines 360--360
[]|\T1/cmr/m/n/10 /-Users/-elijahsheridan/-

Underfull \hbox (badness 10000) in paragraph at lines 360--360
\T1/cmr/m/n/10 MG5_aMC_v2_6_5/-

Underfull \hbox (badness 10000) in paragraph at lines 360--360
\T1/cmr/m/n/10 axion_pheno/-madgraph_data/-

Underfull \hbox (badness 10000) in paragraph at lines 360--360
\T1/cmr/m/n/10 vbf_diphoton_background_data/-

Underfull \hbox (badness 10000) in paragraph at lines 360--360
\T1/cmr/m/n/10 merged_lhe/-

Overfull \hbox (93.50436pt too wide) in paragraph at lines 360--360
\T1/cmr/m/n/10 vbf_diphoton_background_ht_1600_inf_merged.lhe.gz| 

Overfull \hbox (18.13213pt too wide) in paragraph at lines 356--363
 [] 

Underfull \hbox (badness 10000) in paragraph at lines 382--382
[]|\T1/cmr/m/n/10 /-Users/-elijahsheridan/-

Underfull \hbox (badness 10000) in paragraph at lines 382--382
\T1/cmr/m/n/10 MG5_aMC_v2_6_5/-

Underfull \hbox (badness 10000) in paragraph at lines 382--382
\T1/cmr/m/n/10 axion_pheno/-madgraph_data/-

Overfull \hbox (31.35287pt too wide) in paragraph at lines 382--382
\T1/cmr/m/n/10 diphoton_double_isr_background_data/-

Underfull \hbox (badness 10000) in paragraph at lines 382--382
\T1/cmr/m/n/10 merged_lhe/-

Overfull \hbox (115.52676pt too wide) in paragraph at lines 382--382
\T1/cmr/m/n/10 diphoton_double_isr_background_ht_0_100_merged.lhe.gz| 

Overfull \hbox (18.13213pt too wide) in paragraph at lines 378--385
 [] 
[7]
Underfull \hbox (badness 10000) in paragraph at lines 404--404
[]|\T1/cmr/m/n/10 /-Users/-elijahsheridan/-

Underfull \hbox (badness 10000) in paragraph at lines 404--404
\T1/cmr/m/n/10 MG5_aMC_v2_6_5/-

Underfull \hbox (badness 10000) in paragraph at lines 404--404
\T1/cmr/m/n/10 axion_pheno/-madgraph_data/-

Overfull \hbox (31.35287pt too wide) in paragraph at lines 404--404
\T1/cmr/m/n/10 diphoton_double_isr_background_data/-

Underfull \hbox (badness 10000) in paragraph at lines 404--404
\T1/cmr/m/n/10 merged_lhe/-

Overfull \hbox (125.52432pt too wide) in paragraph at lines 404--404
\T1/cmr/m/n/10 diphoton_double_isr_background_ht_100_200_merged.lhe.gz| 

Overfull \hbox (18.13213pt too wide) in paragraph at lines 400--407
 [] 

Underfull \hbox (badness 10000) in paragraph at lines 426--426
[]|\T1/cmr/m/n/10 /-Users/-elijahsheridan/-

Underfull \hbox (badness 10000) in paragraph at lines 426--426
\T1/cmr/m/n/10 MG5_aMC_v2_6_5/-

Underfull \hbox (badness 10000) in paragraph at lines 426--426
\T1/cmr/m/n/10 axion_pheno/-madgraph_data/-

Overfull \hbox (31.35287pt too wide) in paragraph at lines 426--426
\T1/cmr/m/n/10 diphoton_double_isr_background_data/-

Underfull \hbox (badness 10000) in paragraph at lines 426--426
\T1/cmr/m/n/10 merged_lhe/-

Overfull \hbox (125.52432pt too wide) in paragraph at lines 426--426
\T1/cmr/m/n/10 diphoton_double_isr_background_ht_200_400_merged.lhe.gz| 

Overfull \hbox (18.13213pt too wide) in paragraph at lines 422--429
 [] 
[8]
Underfull \hbox (badness 10000) in paragraph at lines 448--448
[]|\T1/cmr/m/n/10 /-Users/-elijahsheridan/-

Underfull \hbox (badness 10000) in paragraph at lines 448--448
\T1/cmr/m/n/10 MG5_aMC_v2_6_5/-

Underfull \hbox (badness 10000) in paragraph at lines 448--448
\T1/cmr/m/n/10 axion_pheno/-madgraph_data/-

Overfull \hbox (31.35287pt too wide) in paragraph at lines 448--448
\T1/cmr/m/n/10 diphoton_double_isr_background_data/-

Underfull \hbox (badness 10000) in paragraph at lines 448--448
\T1/cmr/m/n/10 merged_lhe/-

Overfull \hbox (125.52432pt too wide) in paragraph at lines 448--448
\T1/cmr/m/n/10 diphoton_double_isr_background_ht_400_600_merged.lhe.gz| 

Overfull \hbox (18.13213pt too wide) in paragraph at lines 444--451
 [] 

Underfull \hbox (badness 10000) in paragraph at lines 470--470
[]|\T1/cmr/m/n/10 /-Users/-elijahsheridan/-

Underfull \hbox (badness 10000) in paragraph at lines 470--470
\T1/cmr/m/n/10 MG5_aMC_v2_6_5/-

Underfull \hbox (badness 10000) in paragraph at lines 470--470
\T1/cmr/m/n/10 axion_pheno/-madgraph_data/-

Overfull \hbox (31.35287pt too wide) in paragraph at lines 470--470
\T1/cmr/m/n/10 diphoton_double_isr_background_data/-

Underfull \hbox (badness 10000) in paragraph at lines 470--470
\T1/cmr/m/n/10 merged_lhe/-

Overfull \hbox (125.52432pt too wide) in paragraph at lines 470--470
\T1/cmr/m/n/10 diphoton_double_isr_background_ht_600_800_merged.lhe.gz| 

Overfull \hbox (18.13213pt too wide) in paragraph at lines 466--473
 [] 

Underfull \hbox (badness 10000) in paragraph at lines 492--492
[]|\T1/cmr/m/n/10 /-Users/-elijahsheridan/-

Underfull \hbox (badness 10000) in paragraph at lines 492--492
\T1/cmr/m/n/10 MG5_aMC_v2_6_5/-

Underfull \hbox (badness 10000) in paragraph at lines 492--492
\T1/cmr/m/n/10 axion_pheno/-madgraph_data/-

Overfull \hbox (31.35287pt too wide) in paragraph at lines 492--492
\T1/cmr/m/n/10 diphoton_double_isr_background_data/-

Underfull \hbox (badness 10000) in paragraph at lines 492--492
\T1/cmr/m/n/10 merged_lhe/-

Overfull \hbox (130.5231pt too wide) in paragraph at lines 492--492
\T1/cmr/m/n/10 diphoton_double_isr_background_ht_800_1200_merged.lhe.gz| 

Overfull \hbox (18.13213pt too wide) in paragraph at lines 488--495
 [] 
[9]
Underfull \hbox (badness 10000) in paragraph at lines 514--514
[]|\T1/cmr/m/n/10 /-Users/-elijahsheridan/-

Underfull \hbox (badness 10000) in paragraph at lines 514--514
\T1/cmr/m/n/10 MG5_aMC_v2_6_5/-

Underfull \hbox (badness 10000) in paragraph at lines 514--514
\T1/cmr/m/n/10 axion_pheno/-madgraph_data/-

Overfull \hbox (31.35287pt too wide) in paragraph at lines 514--514
\T1/cmr/m/n/10 diphoton_double_isr_background_data/-

Underfull \hbox (badness 10000) in paragraph at lines 514--514
\T1/cmr/m/n/10 merged_lhe/-

Overfull \hbox (135.52188pt too wide) in paragraph at lines 514--514
\T1/cmr/m/n/10 diphoton_double_isr_background_ht_1200_1600_merged.lhe.gz| 

Overfull \hbox (18.13213pt too wide) in paragraph at lines 510--517
 [] 

Underfull \hbox (badness 10000) in paragraph at lines 536--536
[]|\T1/cmr/m/n/10 /-Users/-elijahsheridan/-

Underfull \hbox (badness 10000) in paragraph at lines 536--536
\T1/cmr/m/n/10 MG5_aMC_v2_6_5/-

Underfull \hbox (badness 10000) in paragraph at lines 536--536
\T1/cmr/m/n/10 axion_pheno/-madgraph_data/-

Overfull \hbox (31.35287pt too wide) in paragraph at lines 536--536
\T1/cmr/m/n/10 diphoton_double_isr_background_data/-

Underfull \hbox (badness 10000) in paragraph at lines 536--536
\T1/cmr/m/n/10 merged_lhe/-

Overfull \hbox (126.91287pt too wide) in paragraph at lines 536--536
\T1/cmr/m/n/10 diphoton_double_isr_background_ht_1600_inf_merged.lhe.gz| 

Overfull \hbox (18.13213pt too wide) in paragraph at lines 532--539
 [] 
[10]
Underfull \hbox (badness 4872) in paragraph at lines 556--557
[]|\T1/cmr/m/n/10 Rejected events:

Overfull \hbox (10.85573pt too wide) in paragraph at lines 563--563
[]|\T1/cmr/m/n/10 bg_vbf_0_100| 

Overfull \hbox (20.85329pt too wide) in paragraph at lines 565--565
[]|\T1/cmr/m/n/10 bg_vbf_100_200| 

Overfull \hbox (20.85329pt too wide) in paragraph at lines 567--567
[]|\T1/cmr/m/n/10 bg_vbf_200_400| 

Overfull \hbox (20.85329pt too wide) in paragraph at lines 569--569
[]|\T1/cmr/m/n/10 bg_vbf_400_600| 

Overfull \hbox (20.85329pt too wide) in paragraph at lines 571--571
[]|\T1/cmr/m/n/10 bg_vbf_600_800| 

Overfull \hbox (25.85207pt too wide) in paragraph at lines 573--573
[]|\T1/cmr/m/n/10 bg_vbf_800_1200| 

Overfull \hbox (30.85085pt too wide) in paragraph at lines 575--575
[]|\T1/cmr/m/n/10 bg_vbf_1200_1600| 

Overfull \hbox (22.24184pt too wide) in paragraph at lines 577--577
[]|\T1/cmr/m/n/10 bg_vbf_1600_inf| 

Overfull \hbox (10.85573pt too wide) in paragraph at lines 579--579
[]|\T1/cmr/m/n/10 bg_dip_0_100| 

Overfull \hbox (20.85329pt too wide) in paragraph at lines 581--581
[]|\T1/cmr/m/n/10 bg_dip_100_200| 

Overfull \hbox (20.85329pt too wide) in paragraph at lines 583--583
[]|\T1/cmr/m/n/10 bg_dip_200_400| 

Underfull \hbox (badness 10000) in paragraph at lines 583--583
[]|\T1/cmr/m/n/10 0.006854 +/--

Underfull \hbox (badness 10000) in paragraph at lines 583--584
[]|\T1/cmr/m/n/10 0.006854 +/--

Overfull \hbox (20.85329pt too wide) in paragraph at lines 585--585
[]|\T1/cmr/m/n/10 bg_dip_400_600| 

Overfull \hbox (20.85329pt too wide) in paragraph at lines 587--587
[]|\T1/cmr/m/n/10 bg_dip_600_800| 

Overfull \hbox (25.85207pt too wide) in paragraph at lines 589--589
[]|\T1/cmr/m/n/10 bg_dip_800_1200| 

Overfull \hbox (30.85085pt too wide) in paragraph at lines 591--591
[]|\T1/cmr/m/n/10 bg_dip_1200_1600| 

Overfull \hbox (22.24184pt too wide) in paragraph at lines 593--593
[]|\T1/cmr/m/n/10 bg_dip_1600_inf| 

Overfull \hbox (27.68684pt too wide) in paragraph at lines 553--596
 [] 

Underfull \hbox (badness 10000) in paragraph at lines 550--597

[11]
Underfull \hbox (badness 4872) in paragraph at lines 608--609
[]|\T1/cmr/m/n/10 Rejected events:

Overfull \hbox (10.85573pt too wide) in paragraph at lines 615--615
[]|\T1/cmr/m/n/10 bg_vbf_0_100| 

Underfull \hbox (badness 10000) in paragraph at lines 615--616
[]|\T1/cmr/m/n/10 0.000144 +/--

Overfull \hbox (20.85329pt too wide) in paragraph at lines 617--617
[]|\T1/cmr/m/n/10 bg_vbf_100_200| 

Underfull \hbox (badness 10000) in paragraph at lines 617--618
[]|\T1/cmr/m/n/10 0.003116 +/--

Overfull \hbox (20.85329pt too wide) in paragraph at lines 619--619
[]|\T1/cmr/m/n/10 bg_vbf_200_400| 

Overfull \hbox (20.85329pt too wide) in paragraph at lines 621--621
[]|\T1/cmr/m/n/10 bg_vbf_400_600| 

Overfull \hbox (20.85329pt too wide) in paragraph at lines 623--623
[]|\T1/cmr/m/n/10 bg_vbf_600_800| 

Overfull \hbox (25.85207pt too wide) in paragraph at lines 625--625
[]|\T1/cmr/m/n/10 bg_vbf_800_1200| 

Overfull \hbox (30.85085pt too wide) in paragraph at lines 627--627
[]|\T1/cmr/m/n/10 bg_vbf_1200_1600| 

Overfull \hbox (22.24184pt too wide) in paragraph at lines 629--629
[]|\T1/cmr/m/n/10 bg_vbf_1600_inf| 

Overfull \hbox (10.85573pt too wide) in paragraph at lines 631--631
[]|\T1/cmr/m/n/10 bg_dip_0_100| 

Overfull \hbox (20.85329pt too wide) in paragraph at lines 633--633
[]|\T1/cmr/m/n/10 bg_dip_100_200| 

Overfull \hbox (20.85329pt too wide) in paragraph at lines 635--635
[]|\T1/cmr/m/n/10 bg_dip_200_400| 

Overfull \hbox (20.85329pt too wide) in paragraph at lines 637--637
[]|\T1/cmr/m/n/10 bg_dip_400_600| 

Underfull \hbox (badness 10000) in paragraph at lines 637--638
[]|\T1/cmr/m/n/10 0.003872 +/--

Overfull \hbox (20.85329pt too wide) in paragraph at lines 639--639
[]|\T1/cmr/m/n/10 bg_dip_600_800| 

Overfull \hbox (25.85207pt too wide) in paragraph at lines 641--641
[]|\T1/cmr/m/n/10 bg_dip_800_1200| 

Overfull \hbox (30.85085pt too wide) in paragraph at lines 643--643
[]|\T1/cmr/m/n/10 bg_dip_1200_1600| 

Overfull \hbox (22.24184pt too wide) in paragraph at lines 645--645
[]|\T1/cmr/m/n/10 bg_dip_1600_inf| 

Overfull \hbox (27.68684pt too wide) in paragraph at lines 605--648
 [] 

Underfull \hbox (badness 10000) in paragraph at lines 602--649

[12]
Underfull \hbox (badness 1231) in paragraph at lines 673--673
[]|\T1/cmr/m/n/10 SEL: PT ( a[1] ) >

Overfull \hbox (20.97742pt too wide) in paragraph at lines 665--676
 [] 
[13] (./main.aux)

Package rerunfilecheck Warning: File `main.out' has changed.
(rerunfilecheck)                Rerun to get outlines right
(rerunfilecheck)                or use package `bookmark'.

 )
(see the transcript file for additional information){/usr/local/texlive/2019/te
xmf-dist/fonts/enc/dvips/cm-super/cm-super-t1.enc}</usr/local/texlive/2019/texm
f-dist/fonts/type1/public/amsfonts/cm/cmr7.pfb></usr/local/texlive/2019/texmf-d
ist/fonts/type1/public/amsfonts/cm/cmsy10.pfb></usr/local/texlive/2019/texmf-di
st/fonts/type1/public/amsfonts/cm/cmsy7.pfb></usr/local/texlive/2019/texmf-dist
/fonts/type1/public/cm-super/sfbx1000.pfb></usr/local/texlive/2019/texmf-dist/f
onts/type1/public/cm-super/sfbx1200.pfb></usr/local/texlive/2019/texmf-dist/fon
ts/type1/public/cm-super/sfcc1000.pfb></usr/local/texlive/2019/texmf-dist/fonts
/type1/public/cm-super/sfrm1000.pfb></usr/local/texlive/2019/texmf-dist/fonts/t
ype1/public/cm-super/sfsx1000.pfb></usr/local/texlive/2019/texmf-dist/fonts/typ
e1/public/cm-super/sfsx1728.pfb></usr/local/texlive/2019/texmf-dist/fonts/type1
/public/cm-super/sfti1000.pfb></usr/local/texlive/2019/texmf-dist/fonts/type1/p
ublic/cm-super/sftt1000.pfb>
Output written on main.pdf (14 pages, 234470 bytes).
Transcript written on main.log.
This is pdfTeX, Version 3.14159265-2.6-1.40.20 (TeX Live 2019) (preloaded format=pdflatex)
 restricted \write18 enabled.
entering extended mode
(./main.tex
LaTeX2e <2018-12-01>
(/usr/local/texlive/2019/texmf-dist/tex/latex/base/article.cls
Document Class: article 2018/09/03 v1.4i Standard LaTeX document class
(/usr/local/texlive/2019/texmf-dist/tex/latex/base/size10.clo)) (./jheppub.sty
(/usr/local/texlive/2019/texmf-dist/tex/latex/amsmath/amsmath.sty
For additional information on amsmath, use the `?' option.
(/usr/local/texlive/2019/texmf-dist/tex/latex/amsmath/amstext.sty
(/usr/local/texlive/2019/texmf-dist/tex/latex/amsmath/amsgen.sty))
(/usr/local/texlive/2019/texmf-dist/tex/latex/amsmath/amsbsy.sty)
(/usr/local/texlive/2019/texmf-dist/tex/latex/amsmath/amsopn.sty))
(/usr/local/texlive/2019/texmf-dist/tex/latex/amsfonts/amssymb.sty
(/usr/local/texlive/2019/texmf-dist/tex/latex/amsfonts/amsfonts.sty))
(/usr/local/texlive/2019/texmf-dist/tex/latex/graphics/epsfig.sty
(/usr/local/texlive/2019/texmf-dist/tex/latex/graphics/graphicx.sty
(/usr/local/texlive/2019/texmf-dist/tex/latex/graphics/keyval.sty)
(/usr/local/texlive/2019/texmf-dist/tex/latex/graphics/graphics.sty
(/usr/local/texlive/2019/texmf-dist/tex/latex/graphics/trig.sty)
(/usr/local/texlive/2019/texmf-dist/tex/latex/graphics-cfg/graphics.cfg)
(/usr/local/texlive/2019/texmf-dist/tex/latex/graphics-def/pdftex.def))))
(/usr/local/texlive/2019/texmf-dist/tex/latex/natbib/natbib.sty)
(/usr/local/texlive/2019/texmf-dist/tex/latex/graphics/color.sty
(/usr/local/texlive/2019/texmf-dist/tex/latex/graphics-cfg/color.cfg))
(/usr/local/texlive/2019/texmf-dist/tex/latex/hyperref/hyperref.sty
(/usr/local/texlive/2019/texmf-dist/tex/generic/oberdiek/hobsub-hyperref.sty
(/usr/local/texlive/2019/texmf-dist/tex/generic/oberdiek/hobsub-generic.sty))
(/usr/local/texlive/2019/texmf-dist/tex/generic/ifxetex/ifxetex.sty)
(/usr/local/texlive/2019/texmf-dist/tex/latex/oberdiek/auxhook.sty)
(/usr/local/texlive/2019/texmf-dist/tex/latex/oberdiek/kvoptions.sty)
(/usr/local/texlive/2019/texmf-dist/tex/latex/hyperref/pd1enc.def)
(/usr/local/texlive/2019/texmf-dist/tex/latex/latexconfig/hyperref.cfg)

Package hyperref Warning: Option `pagecolor' is not available anymore.

(/usr/local/texlive/2019/texmf-dist/tex/latex/url/url.sty))
(/usr/local/texlive/2019/texmf-dist/tex/latex/hyperref/hpdftex.def
(/usr/local/texlive/2019/texmf-dist/tex/latex/oberdiek/rerunfilecheck.sty))
(/usr/local/texlive/2019/texmf-dist/tex/latex/psnfss/ot1phv.fd))
(/usr/local/texlive/2019/texmf-dist/tex/latex/base/fontenc.sty
(/usr/local/texlive/2019/texmf-dist/tex/latex/base/t1enc.def))
(/usr/local/texlive/2019/texmf-dist/tex/latex/colortbl/colortbl.sty
(/usr/local/texlive/2019/texmf-dist/tex/latex/tools/array.sty))
(/usr/local/texlive/2019/texmf-dist/tex/latex/xcolor/xcolor.sty
(/usr/local/texlive/2019/texmf-dist/tex/latex/graphics-cfg/color.cfg))
(/usr/local/texlive/2019/texmf-dist/tex/latex/float/float.sty) (./main.aux)
(/usr/local/texlive/2019/texmf-dist/tex/context/base/mkii/supp-pdf.mkii
[Loading MPS to PDF converter (version 2006.09.02).]
) (/usr/local/texlive/2019/texmf-dist/tex/latex/oberdiek/epstopdf-base.sty
(/usr/local/texlive/2019/texmf-dist/tex/latex/oberdiek/grfext.sty)
(/usr/local/texlive/2019/texmf-dist/tex/latex/latexconfig/epstopdf-sys.cfg))
(/usr/local/texlive/2019/texmf-dist/tex/latex/hyperref/nameref.sty
(/usr/local/texlive/2019/texmf-dist/tex/generic/oberdiek/gettitlestring.sty))
(./main.out) (./main.out)
(/usr/local/texlive/2019/texmf-dist/tex/latex/base/t1cmss.fd)

Package JHEP Warning: E-mails are missing.
(JHEP)                Plese use \emailAdd macro to provide e-mails..

(/usr/local/texlive/2019/texmf-dist/tex/latex/amsfonts/umsa.fd)
(/usr/local/texlive/2019/texmf-dist/tex/latex/amsfonts/umsb.fd)
Underfull \hbox (badness 10000) in paragraph at lines 38--38


Underfull \hbox (badness 10000) in paragraph at lines 38--38


Underfull \hbox (badness 10000) in paragraph at lines 38--38


Underfull \hbox (badness 10000) in paragraph at lines 38--38

[0{/usr/local/texlive/2019/texmf-var/fonts/map/pdftex/updmap/pdftex.map} <./log
o.png>] (./main.toc) [1]
(/usr/local/texlive/2019/texmf-dist/tex/latex/base/t1cmtt.fd)
Overfull \hbox (26.4321pt too wide) in paragraph at lines 50--155
\T1/cmtt/m/n/10 ma5># set directory where running "./-bin/-ma5"; set lumi; defi
ne the signal significance 

Overfull \hbox (10.68594pt too wide) in paragraph at lines 50--155
\T1/cmtt/m/n/10 ma5>set main.currentdir = /-Users/-elijahsheridan/-MG5_aMC_v2_6
_5/-axion_pheno # need to

Overfull \hbox (31.68082pt too wide) in paragraph at lines 50--155
\T1/cmtt/m/n/10 ma5>import /-Users/-elijahsheridan/-MG5_aMC_v2_6_5/-axion_pheno
/-madgraph_data/-axion_signal/-

Overfull \hbox (115.66031pt too wide) in paragraph at lines 50--155
\T1/cmtt/m/n/10 ma5>import /-Users/-elijahsheridan/-MG5_aMC_v2_6_5/-axion_pheno
/-madgraph_data/-vbf_diphoton_background_data/-

Overfull \hbox (115.66031pt too wide) in paragraph at lines 50--155
\T1/cmtt/m/n/10 ma5>import /-Users/-elijahsheridan/-MG5_aMC_v2_6_5/-axion_pheno
/-madgraph_data/-vbf_diphoton_background_data/-

Overfull \hbox (115.66031pt too wide) in paragraph at lines 50--155
\T1/cmtt/m/n/10 ma5>import /-Users/-elijahsheridan/-MG5_aMC_v2_6_5/-axion_pheno
/-madgraph_data/-vbf_diphoton_background_data/-

Overfull \hbox (115.66031pt too wide) in paragraph at lines 50--155
\T1/cmtt/m/n/10 ma5>import /-Users/-elijahsheridan/-MG5_aMC_v2_6_5/-axion_pheno
/-madgraph_data/-vbf_diphoton_background_data/-

Overfull \hbox (115.66031pt too wide) in paragraph at lines 50--155
\T1/cmtt/m/n/10 ma5>import /-Users/-elijahsheridan/-MG5_aMC_v2_6_5/-axion_pheno
/-madgraph_data/-vbf_diphoton_background_data/-

Overfull \hbox (115.66031pt too wide) in paragraph at lines 50--155
\T1/cmtt/m/n/10 ma5>import /-Users/-elijahsheridan/-MG5_aMC_v2_6_5/-axion_pheno
/-madgraph_data/-vbf_diphoton_background_data/-

Overfull \hbox (115.66031pt too wide) in paragraph at lines 50--155
\T1/cmtt/m/n/10 ma5>import /-Users/-elijahsheridan/-MG5_aMC_v2_6_5/-axion_pheno
/-madgraph_data/-vbf_diphoton_background_data/-

Overfull \hbox (115.66031pt too wide) in paragraph at lines 50--155
\T1/cmtt/m/n/10 ma5>import /-Users/-elijahsheridan/-MG5_aMC_v2_6_5/-axion_pheno
/-madgraph_data/-vbf_diphoton_background_data/-

Overfull \hbox (152.40134pt too wide) in paragraph at lines 50--155
\T1/cmtt/m/n/10 ma5>import /-Users/-elijahsheridan/-MG5_aMC_v2_6_5/-axion_pheno
/-madgraph_data/-diphoton_double_isr_background_data/-

Overfull \hbox (152.40134pt too wide) in paragraph at lines 50--155
\T1/cmtt/m/n/10 ma5>import /-Users/-elijahsheridan/-MG5_aMC_v2_6_5/-axion_pheno
/-madgraph_data/-diphoton_double_isr_background_data/-

Overfull \hbox (10.68594pt too wide) in paragraph at lines 50--155
\T1/cmtt/m/n/10 merged_lhe/-diphoton_double_isr_background_ht_100_200_merged.lh
e.gz as bg_dip_100_200 

Overfull \hbox (152.40134pt too wide) in paragraph at lines 50--155
\T1/cmtt/m/n/10 ma5>import /-Users/-elijahsheridan/-MG5_aMC_v2_6_5/-axion_pheno
/-madgraph_data/-diphoton_double_isr_background_data/-

Overfull \hbox (10.68594pt too wide) in paragraph at lines 50--155
\T1/cmtt/m/n/10 merged_lhe/-diphoton_double_isr_background_ht_200_400_merged.lh
e.gz as bg_dip_200_400 

Overfull \hbox (152.40134pt too wide) in paragraph at lines 50--155
\T1/cmtt/m/n/10 ma5>import /-Users/-elijahsheridan/-MG5_aMC_v2_6_5/-axion_pheno
/-madgraph_data/-diphoton_double_isr_background_data/-

Overfull \hbox (10.68594pt too wide) in paragraph at lines 50--155
\T1/cmtt/m/n/10 merged_lhe/-diphoton_double_isr_background_ht_400_600_merged.lh
e.gz as bg_dip_400_600 

Overfull \hbox (152.40134pt too wide) in paragraph at lines 50--155
\T1/cmtt/m/n/10 ma5>import /-Users/-elijahsheridan/-MG5_aMC_v2_6_5/-axion_pheno
/-madgraph_data/-diphoton_double_isr_background_data/-

Overfull \hbox (10.68594pt too wide) in paragraph at lines 50--155
\T1/cmtt/m/n/10 merged_lhe/-diphoton_double_isr_background_ht_600_800_merged.lh
e.gz as bg_dip_600_800 

Overfull \hbox (152.40134pt too wide) in paragraph at lines 50--155
\T1/cmtt/m/n/10 ma5>import /-Users/-elijahsheridan/-MG5_aMC_v2_6_5/-axion_pheno
/-madgraph_data/-diphoton_double_isr_background_data/-

Overfull \hbox (21.18338pt too wide) in paragraph at lines 50--155
\T1/cmtt/m/n/10 merged_lhe/-diphoton_double_isr_background_ht_800_1200_merged.l
he.gz as bg_dip_800_1200 

Overfull \hbox (152.40134pt too wide) in paragraph at lines 50--155
\T1/cmtt/m/n/10 ma5>import /-Users/-elijahsheridan/-MG5_aMC_v2_6_5/-axion_pheno
/-madgraph_data/-diphoton_double_isr_background_data/-

Overfull \hbox (31.68082pt too wide) in paragraph at lines 50--155
\T1/cmtt/m/n/10 merged_lhe/-diphoton_double_isr_background_ht_1200_1600_merged.
lhe.gz as bg_dip_1200_1600 

Overfull \hbox (152.40134pt too wide) in paragraph at lines 50--155
\T1/cmtt/m/n/10 ma5>import /-Users/-elijahsheridan/-MG5_aMC_v2_6_5/-axion_pheno
/-madgraph_data/-diphoton_double_isr_background_data/-

Overfull \hbox (21.18338pt too wide) in paragraph at lines 50--155
\T1/cmtt/m/n/10 merged_lhe/-diphoton_double_isr_background_ht_1600_inf_merged.l
he.gz as bg_dip_1600_inf 

Overfull \hbox (31.68082pt too wide) in paragraph at lines 50--155
\T1/cmtt/m/n/10 ma5>select (sdETA(jets[1] jets[2]) > 2.6 or sdETA(jets[1] jets[
2]) < -2.6) and M(jets[1]

Underfull \hbox (badness 10000) in paragraph at lines 50--155

[2] (/usr/local/texlive/2019/texmf-dist/tex/latex/base/omscmr.fd) [3]
Underfull \hbox (badness 10000) in paragraph at lines 184--184
[]|\T1/cmr/m/n/10 /-Users/-elijahsheridan/-

Underfull \hbox (badness 10000) in paragraph at lines 184--184
\T1/cmr/m/n/10 MG5_aMC_v2_6_5/-

Underfull \hbox (badness 10000) in paragraph at lines 184--184
\T1/cmr/m/n/10 axion_pheno/-

Underfull \hbox (badness 10000) in paragraph at lines 184--184
\T1/cmr/m/n/10 madgraph_data/-axion_signal/-

Overfull \hbox (25.2988pt too wide) in paragraph at lines 184--184
\T1/cmr/m/n/10 axion_signal_gurrola_cuts_1MeV.lhe.gz| 

Overfull \hbox (18.13213pt too wide) in paragraph at lines 180--187
 [] 

Underfull \hbox (badness 10000) in paragraph at lines 206--206
[]|\T1/cmr/m/n/10 /-Users/-elijahsheridan/-

Underfull \hbox (badness 10000) in paragraph at lines 206--206
\T1/cmr/m/n/10 MG5_aMC_v2_6_5/-

Underfull \hbox (badness 10000) in paragraph at lines 206--206
\T1/cmr/m/n/10 axion_pheno/-madgraph_data/-

Underfull \hbox (badness 10000) in paragraph at lines 206--206
\T1/cmr/m/n/10 vbf_diphoton_background_data/-

Underfull \hbox (badness 10000) in paragraph at lines 206--206
\T1/cmr/m/n/10 merged_lhe/-

Overfull \hbox (82.11826pt too wide) in paragraph at lines 206--206
\T1/cmr/m/n/10 vbf_diphoton_background_ht_0_100_merged.lhe.gz| 

Overfull \hbox (18.13213pt too wide) in paragraph at lines 202--209
 [] 

Underfull \hbox (badness 10000) in paragraph at lines 228--228
[]|\T1/cmr/m/n/10 /-Users/-elijahsheridan/-

Underfull \hbox (badness 10000) in paragraph at lines 228--228
\T1/cmr/m/n/10 MG5_aMC_v2_6_5/-

Underfull \hbox (badness 10000) in paragraph at lines 228--228
\T1/cmr/m/n/10 axion_pheno/-madgraph_data/-

Underfull \hbox (badness 10000) in paragraph at lines 228--228
\T1/cmr/m/n/10 vbf_diphoton_background_data/-

Underfull \hbox (badness 10000) in paragraph at lines 228--228
\T1/cmr/m/n/10 merged_lhe/-

Overfull \hbox (92.11581pt too wide) in paragraph at lines 228--228
\T1/cmr/m/n/10 vbf_diphoton_background_ht_100_200_merged.lhe.gz| 

Overfull \hbox (18.13213pt too wide) in paragraph at lines 224--231
 [] 
[4]
Underfull \hbox (badness 10000) in paragraph at lines 250--250
[]|\T1/cmr/m/n/10 /-Users/-elijahsheridan/-

Underfull \hbox (badness 10000) in paragraph at lines 250--250
\T1/cmr/m/n/10 MG5_aMC_v2_6_5/-

Underfull \hbox (badness 10000) in paragraph at lines 250--250
\T1/cmr/m/n/10 axion_pheno/-madgraph_data/-

Underfull \hbox (badness 10000) in paragraph at lines 250--250
\T1/cmr/m/n/10 vbf_diphoton_background_data/-

Underfull \hbox (badness 10000) in paragraph at lines 250--250
\T1/cmr/m/n/10 merged_lhe/-

Overfull \hbox (92.11581pt too wide) in paragraph at lines 250--250
\T1/cmr/m/n/10 vbf_diphoton_background_ht_200_400_merged.lhe.gz| 

Overfull \hbox (18.13213pt too wide) in paragraph at lines 246--253
 [] 

Underfull \hbox (badness 10000) in paragraph at lines 272--272
[]|\T1/cmr/m/n/10 /-Users/-elijahsheridan/-

Underfull \hbox (badness 10000) in paragraph at lines 272--272
\T1/cmr/m/n/10 MG5_aMC_v2_6_5/-

Underfull \hbox (badness 10000) in paragraph at lines 272--272
\T1/cmr/m/n/10 axion_pheno/-madgraph_data/-

Underfull \hbox (badness 10000) in paragraph at lines 272--272
\T1/cmr/m/n/10 vbf_diphoton_background_data/-

Underfull \hbox (badness 10000) in paragraph at lines 272--272
\T1/cmr/m/n/10 merged_lhe/-

Overfull \hbox (92.11581pt too wide) in paragraph at lines 272--272
\T1/cmr/m/n/10 vbf_diphoton_background_ht_400_600_merged.lhe.gz| 

Overfull \hbox (18.13213pt too wide) in paragraph at lines 268--275
 [] 
[5]
Underfull \hbox (badness 10000) in paragraph at lines 294--294
[]|\T1/cmr/m/n/10 /-Users/-elijahsheridan/-

Underfull \hbox (badness 10000) in paragraph at lines 294--294
\T1/cmr/m/n/10 MG5_aMC_v2_6_5/-

Underfull \hbox (badness 10000) in paragraph at lines 294--294
\T1/cmr/m/n/10 axion_pheno/-madgraph_data/-

Underfull \hbox (badness 10000) in paragraph at lines 294--294
\T1/cmr/m/n/10 vbf_diphoton_background_data/-

Underfull \hbox (badness 10000) in paragraph at lines 294--294
\T1/cmr/m/n/10 merged_lhe/-

Overfull \hbox (92.11581pt too wide) in paragraph at lines 294--294
\T1/cmr/m/n/10 vbf_diphoton_background_ht_600_800_merged.lhe.gz| 

Overfull \hbox (18.13213pt too wide) in paragraph at lines 290--297
 [] 

Underfull \hbox (badness 10000) in paragraph at lines 316--316
[]|\T1/cmr/m/n/10 /-Users/-elijahsheridan/-

Underfull \hbox (badness 10000) in paragraph at lines 316--316
\T1/cmr/m/n/10 MG5_aMC_v2_6_5/-

Underfull \hbox (badness 10000) in paragraph at lines 316--316
\T1/cmr/m/n/10 axion_pheno/-madgraph_data/-

Underfull \hbox (badness 10000) in paragraph at lines 316--316
\T1/cmr/m/n/10 vbf_diphoton_background_data/-

Underfull \hbox (badness 10000) in paragraph at lines 316--316
\T1/cmr/m/n/10 merged_lhe/-

Overfull \hbox (97.1146pt too wide) in paragraph at lines 316--316
\T1/cmr/m/n/10 vbf_diphoton_background_ht_800_1200_merged.lhe.gz| 

Overfull \hbox (18.13213pt too wide) in paragraph at lines 312--319
 [] 
[6]
Underfull \hbox (badness 10000) in paragraph at lines 338--338
[]|\T1/cmr/m/n/10 /-Users/-elijahsheridan/-

Underfull \hbox (badness 10000) in paragraph at lines 338--338
\T1/cmr/m/n/10 MG5_aMC_v2_6_5/-

Underfull \hbox (badness 10000) in paragraph at lines 338--338
\T1/cmr/m/n/10 axion_pheno/-madgraph_data/-

Underfull \hbox (badness 10000) in paragraph at lines 338--338
\T1/cmr/m/n/10 vbf_diphoton_background_data/-

Underfull \hbox (badness 10000) in paragraph at lines 338--338
\T1/cmr/m/n/10 merged_lhe/-

Overfull \hbox (102.11337pt too wide) in paragraph at lines 338--338
\T1/cmr/m/n/10 vbf_diphoton_background_ht_1200_1600_merged.lhe.gz| 

Overfull \hbox (18.13213pt too wide) in paragraph at lines 334--341
 [] 

Underfull \hbox (badness 10000) in paragraph at lines 360--360
[]|\T1/cmr/m/n/10 /-Users/-elijahsheridan/-

Underfull \hbox (badness 10000) in paragraph at lines 360--360
\T1/cmr/m/n/10 MG5_aMC_v2_6_5/-

Underfull \hbox (badness 10000) in paragraph at lines 360--360
\T1/cmr/m/n/10 axion_pheno/-madgraph_data/-

Underfull \hbox (badness 10000) in paragraph at lines 360--360
\T1/cmr/m/n/10 vbf_diphoton_background_data/-

Underfull \hbox (badness 10000) in paragraph at lines 360--360
\T1/cmr/m/n/10 merged_lhe/-

Overfull \hbox (93.50436pt too wide) in paragraph at lines 360--360
\T1/cmr/m/n/10 vbf_diphoton_background_ht_1600_inf_merged.lhe.gz| 

Overfull \hbox (18.13213pt too wide) in paragraph at lines 356--363
 [] 

Underfull \hbox (badness 10000) in paragraph at lines 382--382
[]|\T1/cmr/m/n/10 /-Users/-elijahsheridan/-

Underfull \hbox (badness 10000) in paragraph at lines 382--382
\T1/cmr/m/n/10 MG5_aMC_v2_6_5/-

Underfull \hbox (badness 10000) in paragraph at lines 382--382
\T1/cmr/m/n/10 axion_pheno/-madgraph_data/-

Overfull \hbox (31.35287pt too wide) in paragraph at lines 382--382
\T1/cmr/m/n/10 diphoton_double_isr_background_data/-

Underfull \hbox (badness 10000) in paragraph at lines 382--382
\T1/cmr/m/n/10 merged_lhe/-

Overfull \hbox (115.52676pt too wide) in paragraph at lines 382--382
\T1/cmr/m/n/10 diphoton_double_isr_background_ht_0_100_merged.lhe.gz| 

Overfull \hbox (18.13213pt too wide) in paragraph at lines 378--385
 [] 
[7]
Underfull \hbox (badness 10000) in paragraph at lines 404--404
[]|\T1/cmr/m/n/10 /-Users/-elijahsheridan/-

Underfull \hbox (badness 10000) in paragraph at lines 404--404
\T1/cmr/m/n/10 MG5_aMC_v2_6_5/-

Underfull \hbox (badness 10000) in paragraph at lines 404--404
\T1/cmr/m/n/10 axion_pheno/-madgraph_data/-

Overfull \hbox (31.35287pt too wide) in paragraph at lines 404--404
\T1/cmr/m/n/10 diphoton_double_isr_background_data/-

Underfull \hbox (badness 10000) in paragraph at lines 404--404
\T1/cmr/m/n/10 merged_lhe/-

Overfull \hbox (125.52432pt too wide) in paragraph at lines 404--404
\T1/cmr/m/n/10 diphoton_double_isr_background_ht_100_200_merged.lhe.gz| 

Overfull \hbox (18.13213pt too wide) in paragraph at lines 400--407
 [] 

Underfull \hbox (badness 10000) in paragraph at lines 426--426
[]|\T1/cmr/m/n/10 /-Users/-elijahsheridan/-

Underfull \hbox (badness 10000) in paragraph at lines 426--426
\T1/cmr/m/n/10 MG5_aMC_v2_6_5/-

Underfull \hbox (badness 10000) in paragraph at lines 426--426
\T1/cmr/m/n/10 axion_pheno/-madgraph_data/-

Overfull \hbox (31.35287pt too wide) in paragraph at lines 426--426
\T1/cmr/m/n/10 diphoton_double_isr_background_data/-

Underfull \hbox (badness 10000) in paragraph at lines 426--426
\T1/cmr/m/n/10 merged_lhe/-

Overfull \hbox (125.52432pt too wide) in paragraph at lines 426--426
\T1/cmr/m/n/10 diphoton_double_isr_background_ht_200_400_merged.lhe.gz| 

Overfull \hbox (18.13213pt too wide) in paragraph at lines 422--429
 [] 
[8]
Underfull \hbox (badness 10000) in paragraph at lines 448--448
[]|\T1/cmr/m/n/10 /-Users/-elijahsheridan/-

Underfull \hbox (badness 10000) in paragraph at lines 448--448
\T1/cmr/m/n/10 MG5_aMC_v2_6_5/-

Underfull \hbox (badness 10000) in paragraph at lines 448--448
\T1/cmr/m/n/10 axion_pheno/-madgraph_data/-

Overfull \hbox (31.35287pt too wide) in paragraph at lines 448--448
\T1/cmr/m/n/10 diphoton_double_isr_background_data/-

Underfull \hbox (badness 10000) in paragraph at lines 448--448
\T1/cmr/m/n/10 merged_lhe/-

Overfull \hbox (125.52432pt too wide) in paragraph at lines 448--448
\T1/cmr/m/n/10 diphoton_double_isr_background_ht_400_600_merged.lhe.gz| 

Overfull \hbox (18.13213pt too wide) in paragraph at lines 444--451
 [] 

Underfull \hbox (badness 10000) in paragraph at lines 470--470
[]|\T1/cmr/m/n/10 /-Users/-elijahsheridan/-

Underfull \hbox (badness 10000) in paragraph at lines 470--470
\T1/cmr/m/n/10 MG5_aMC_v2_6_5/-

Underfull \hbox (badness 10000) in paragraph at lines 470--470
\T1/cmr/m/n/10 axion_pheno/-madgraph_data/-

Overfull \hbox (31.35287pt too wide) in paragraph at lines 470--470
\T1/cmr/m/n/10 diphoton_double_isr_background_data/-

Underfull \hbox (badness 10000) in paragraph at lines 470--470
\T1/cmr/m/n/10 merged_lhe/-

Overfull \hbox (125.52432pt too wide) in paragraph at lines 470--470
\T1/cmr/m/n/10 diphoton_double_isr_background_ht_600_800_merged.lhe.gz| 

Overfull \hbox (18.13213pt too wide) in paragraph at lines 466--473
 [] 

Underfull \hbox (badness 10000) in paragraph at lines 492--492
[]|\T1/cmr/m/n/10 /-Users/-elijahsheridan/-

Underfull \hbox (badness 10000) in paragraph at lines 492--492
\T1/cmr/m/n/10 MG5_aMC_v2_6_5/-

Underfull \hbox (badness 10000) in paragraph at lines 492--492
\T1/cmr/m/n/10 axion_pheno/-madgraph_data/-

Overfull \hbox (31.35287pt too wide) in paragraph at lines 492--492
\T1/cmr/m/n/10 diphoton_double_isr_background_data/-

Underfull \hbox (badness 10000) in paragraph at lines 492--492
\T1/cmr/m/n/10 merged_lhe/-

Overfull \hbox (130.5231pt too wide) in paragraph at lines 492--492
\T1/cmr/m/n/10 diphoton_double_isr_background_ht_800_1200_merged.lhe.gz| 

Overfull \hbox (18.13213pt too wide) in paragraph at lines 488--495
 [] 
[9]
Underfull \hbox (badness 10000) in paragraph at lines 514--514
[]|\T1/cmr/m/n/10 /-Users/-elijahsheridan/-

Underfull \hbox (badness 10000) in paragraph at lines 514--514
\T1/cmr/m/n/10 MG5_aMC_v2_6_5/-

Underfull \hbox (badness 10000) in paragraph at lines 514--514
\T1/cmr/m/n/10 axion_pheno/-madgraph_data/-

Overfull \hbox (31.35287pt too wide) in paragraph at lines 514--514
\T1/cmr/m/n/10 diphoton_double_isr_background_data/-

Underfull \hbox (badness 10000) in paragraph at lines 514--514
\T1/cmr/m/n/10 merged_lhe/-

Overfull \hbox (135.52188pt too wide) in paragraph at lines 514--514
\T1/cmr/m/n/10 diphoton_double_isr_background_ht_1200_1600_merged.lhe.gz| 

Overfull \hbox (18.13213pt too wide) in paragraph at lines 510--517
 [] 

Underfull \hbox (badness 10000) in paragraph at lines 536--536
[]|\T1/cmr/m/n/10 /-Users/-elijahsheridan/-

Underfull \hbox (badness 10000) in paragraph at lines 536--536
\T1/cmr/m/n/10 MG5_aMC_v2_6_5/-

Underfull \hbox (badness 10000) in paragraph at lines 536--536
\T1/cmr/m/n/10 axion_pheno/-madgraph_data/-

Overfull \hbox (31.35287pt too wide) in paragraph at lines 536--536
\T1/cmr/m/n/10 diphoton_double_isr_background_data/-

Underfull \hbox (badness 10000) in paragraph at lines 536--536
\T1/cmr/m/n/10 merged_lhe/-

Overfull \hbox (126.91287pt too wide) in paragraph at lines 536--536
\T1/cmr/m/n/10 diphoton_double_isr_background_ht_1600_inf_merged.lhe.gz| 

Overfull \hbox (18.13213pt too wide) in paragraph at lines 532--539
 [] 
[10]
Underfull \hbox (badness 4872) in paragraph at lines 556--557
[]|\T1/cmr/m/n/10 Rejected events:

Overfull \hbox (10.85573pt too wide) in paragraph at lines 563--563
[]|\T1/cmr/m/n/10 bg_vbf_0_100| 

Overfull \hbox (20.85329pt too wide) in paragraph at lines 565--565
[]|\T1/cmr/m/n/10 bg_vbf_100_200| 

Overfull \hbox (20.85329pt too wide) in paragraph at lines 567--567
[]|\T1/cmr/m/n/10 bg_vbf_200_400| 

Overfull \hbox (20.85329pt too wide) in paragraph at lines 569--569
[]|\T1/cmr/m/n/10 bg_vbf_400_600| 

Overfull \hbox (20.85329pt too wide) in paragraph at lines 571--571
[]|\T1/cmr/m/n/10 bg_vbf_600_800| 

Overfull \hbox (25.85207pt too wide) in paragraph at lines 573--573
[]|\T1/cmr/m/n/10 bg_vbf_800_1200| 

Overfull \hbox (30.85085pt too wide) in paragraph at lines 575--575
[]|\T1/cmr/m/n/10 bg_vbf_1200_1600| 

Overfull \hbox (22.24184pt too wide) in paragraph at lines 577--577
[]|\T1/cmr/m/n/10 bg_vbf_1600_inf| 

Overfull \hbox (10.85573pt too wide) in paragraph at lines 579--579
[]|\T1/cmr/m/n/10 bg_dip_0_100| 

Overfull \hbox (20.85329pt too wide) in paragraph at lines 581--581
[]|\T1/cmr/m/n/10 bg_dip_100_200| 

Overfull \hbox (20.85329pt too wide) in paragraph at lines 583--583
[]|\T1/cmr/m/n/10 bg_dip_200_400| 

Underfull \hbox (badness 10000) in paragraph at lines 583--583
[]|\T1/cmr/m/n/10 0.006854 +/--

Underfull \hbox (badness 10000) in paragraph at lines 583--584
[]|\T1/cmr/m/n/10 0.006854 +/--

Overfull \hbox (20.85329pt too wide) in paragraph at lines 585--585
[]|\T1/cmr/m/n/10 bg_dip_400_600| 

Overfull \hbox (20.85329pt too wide) in paragraph at lines 587--587
[]|\T1/cmr/m/n/10 bg_dip_600_800| 

Overfull \hbox (25.85207pt too wide) in paragraph at lines 589--589
[]|\T1/cmr/m/n/10 bg_dip_800_1200| 

Overfull \hbox (30.85085pt too wide) in paragraph at lines 591--591
[]|\T1/cmr/m/n/10 bg_dip_1200_1600| 

Overfull \hbox (22.24184pt too wide) in paragraph at lines 593--593
[]|\T1/cmr/m/n/10 bg_dip_1600_inf| 

Overfull \hbox (27.68684pt too wide) in paragraph at lines 553--596
 [] 

Underfull \hbox (badness 10000) in paragraph at lines 550--597

[11]
Underfull \hbox (badness 4872) in paragraph at lines 608--609
[]|\T1/cmr/m/n/10 Rejected events:

Overfull \hbox (10.85573pt too wide) in paragraph at lines 615--615
[]|\T1/cmr/m/n/10 bg_vbf_0_100| 

Underfull \hbox (badness 10000) in paragraph at lines 615--616
[]|\T1/cmr/m/n/10 0.000144 +/--

Overfull \hbox (20.85329pt too wide) in paragraph at lines 617--617
[]|\T1/cmr/m/n/10 bg_vbf_100_200| 

Underfull \hbox (badness 10000) in paragraph at lines 617--618
[]|\T1/cmr/m/n/10 0.003116 +/--

Overfull \hbox (20.85329pt too wide) in paragraph at lines 619--619
[]|\T1/cmr/m/n/10 bg_vbf_200_400| 

Overfull \hbox (20.85329pt too wide) in paragraph at lines 621--621
[]|\T1/cmr/m/n/10 bg_vbf_400_600| 

Overfull \hbox (20.85329pt too wide) in paragraph at lines 623--623
[]|\T1/cmr/m/n/10 bg_vbf_600_800| 

Overfull \hbox (25.85207pt too wide) in paragraph at lines 625--625
[]|\T1/cmr/m/n/10 bg_vbf_800_1200| 

Overfull \hbox (30.85085pt too wide) in paragraph at lines 627--627
[]|\T1/cmr/m/n/10 bg_vbf_1200_1600| 

Overfull \hbox (22.24184pt too wide) in paragraph at lines 629--629
[]|\T1/cmr/m/n/10 bg_vbf_1600_inf| 

Overfull \hbox (10.85573pt too wide) in paragraph at lines 631--631
[]|\T1/cmr/m/n/10 bg_dip_0_100| 

Overfull \hbox (20.85329pt too wide) in paragraph at lines 633--633
[]|\T1/cmr/m/n/10 bg_dip_100_200| 

Overfull \hbox (20.85329pt too wide) in paragraph at lines 635--635
[]|\T1/cmr/m/n/10 bg_dip_200_400| 

Overfull \hbox (20.85329pt too wide) in paragraph at lines 637--637
[]|\T1/cmr/m/n/10 bg_dip_400_600| 

Underfull \hbox (badness 10000) in paragraph at lines 637--638
[]|\T1/cmr/m/n/10 0.003872 +/--

Overfull \hbox (20.85329pt too wide) in paragraph at lines 639--639
[]|\T1/cmr/m/n/10 bg_dip_600_800| 

Overfull \hbox (25.85207pt too wide) in paragraph at lines 641--641
[]|\T1/cmr/m/n/10 bg_dip_800_1200| 

Overfull \hbox (30.85085pt too wide) in paragraph at lines 643--643
[]|\T1/cmr/m/n/10 bg_dip_1200_1600| 

Overfull \hbox (22.24184pt too wide) in paragraph at lines 645--645
[]|\T1/cmr/m/n/10 bg_dip_1600_inf| 

Overfull \hbox (27.68684pt too wide) in paragraph at lines 605--648
 [] 

Underfull \hbox (badness 10000) in paragraph at lines 602--649

[12]
Underfull \hbox (badness 1231) in paragraph at lines 673--673
[]|\T1/cmr/m/n/10 SEL: PT ( a[1] ) >

Overfull \hbox (20.97742pt too wide) in paragraph at lines 665--676
 [] 
[13] (./main.aux) )
(see the transcript file for additional information){/usr/local/texlive/2019/te
xmf-dist/fonts/enc/dvips/cm-super/cm-super-t1.enc}</usr/local/texlive/2019/texm
f-dist/fonts/type1/public/amsfonts/cm/cmr7.pfb></usr/local/texlive/2019/texmf-d
ist/fonts/type1/public/amsfonts/cm/cmsy10.pfb></usr/local/texlive/2019/texmf-di
st/fonts/type1/public/amsfonts/cm/cmsy7.pfb></usr/local/texlive/2019/texmf-dist
/fonts/type1/public/cm-super/sfbx1000.pfb></usr/local/texlive/2019/texmf-dist/f
onts/type1/public/cm-super/sfbx1200.pfb></usr/local/texlive/2019/texmf-dist/fon
ts/type1/public/cm-super/sfcc1000.pfb></usr/local/texlive/2019/texmf-dist/fonts
/type1/public/cm-super/sfrm1000.pfb></usr/local/texlive/2019/texmf-dist/fonts/t
ype1/public/cm-super/sfsx1000.pfb></usr/local/texlive/2019/texmf-dist/fonts/typ
e1/public/cm-super/sfsx1728.pfb></usr/local/texlive/2019/texmf-dist/fonts/type1
/public/cm-super/sfti1000.pfb></usr/local/texlive/2019/texmf-dist/fonts/type1/p
ublic/cm-super/sftt1000.pfb>
Output written on main.pdf (14 pages, 237681 bytes).
Transcript written on main.log.
