\BOOKMARK [1][-]{section.1}{ Setup}{}% 1
\BOOKMARK [2][-]{subsection.1.1}{ Command history}{section.1}% 2
\BOOKMARK [2][-]{subsection.1.2}{ Configuration}{section.1}% 3
\BOOKMARK [1][-]{section.2}{ Datasets}{}% 4
\BOOKMARK [2][-]{subsection.2.1}{ signal}{section.2}% 5
\BOOKMARK [2][-]{subsection.2.2}{ bg\137dip\1370\137100}{section.2}% 6
\BOOKMARK [2][-]{subsection.2.3}{ bg\137dip\137100\137200}{section.2}% 7
\BOOKMARK [2][-]{subsection.2.4}{ bg\137dip\137200\137400}{section.2}% 8
\BOOKMARK [2][-]{subsection.2.5}{ bg\137dip\137400\137600}{section.2}% 9
\BOOKMARK [2][-]{subsection.2.6}{ bg\137dip\137600\137800}{section.2}% 10
\BOOKMARK [2][-]{subsection.2.7}{ bg\137dip\137800\1371200}{section.2}% 11
\BOOKMARK [2][-]{subsection.2.8}{ bg\137dip\1371200\1371600}{section.2}% 12
\BOOKMARK [2][-]{subsection.2.9}{ bg\137dip\1371600\137inf}{section.2}% 13
\BOOKMARK [2][-]{subsection.2.10}{ bg\137vbf\1370\137100}{section.2}% 14
\BOOKMARK [2][-]{subsection.2.11}{ bg\137vbf\137100\137200}{section.2}% 15
\BOOKMARK [2][-]{subsection.2.12}{ bg\137vbf\137200\137400}{section.2}% 16
\BOOKMARK [2][-]{subsection.2.13}{ bg\137vbf\137400\137600}{section.2}% 17
\BOOKMARK [2][-]{subsection.2.14}{ bg\137vbf\137600\137800}{section.2}% 18
\BOOKMARK [2][-]{subsection.2.15}{ bg\137vbf\137800\1371200}{section.2}% 19
\BOOKMARK [2][-]{subsection.2.16}{ bg\137vbf\1371200\1371600}{section.2}% 20
\BOOKMARK [2][-]{subsection.2.17}{ bg\137vbf\1371600\137inf}{section.2}% 21
\BOOKMARK [1][-]{section.3}{ Histos and cuts}{}% 22
\BOOKMARK [2][-]{subsection.3.1}{Cut 1}{section.3}% 23
\BOOKMARK [2][-]{subsection.3.2}{ Histogram 1}{section.3}% 24
\BOOKMARK [2][-]{subsection.3.3}{ Histogram 2}{section.3}% 25
\BOOKMARK [2][-]{subsection.3.4}{ Histogram 3}{section.3}% 26
\BOOKMARK [2][-]{subsection.3.5}{ Histogram 4}{section.3}% 27
\BOOKMARK [2][-]{subsection.3.6}{ Histogram 5}{section.3}% 28
\BOOKMARK [2][-]{subsection.3.7}{ Histogram 6}{section.3}% 29
\BOOKMARK [2][-]{subsection.3.8}{ Histogram 7}{section.3}% 30
\BOOKMARK [2][-]{subsection.3.9}{ Histogram 8}{section.3}% 31
\BOOKMARK [2][-]{subsection.3.10}{ Histogram 9}{section.3}% 32
\BOOKMARK [2][-]{subsection.3.11}{ Histogram 10}{section.3}% 33
\BOOKMARK [2][-]{subsection.3.12}{ Histogram 11}{section.3}% 34
\BOOKMARK [2][-]{subsection.3.13}{ Histogram 12}{section.3}% 35
\BOOKMARK [2][-]{subsection.3.14}{ Histogram 13}{section.3}% 36
\BOOKMARK [2][-]{subsection.3.15}{ Histogram 14}{section.3}% 37
\BOOKMARK [2][-]{subsection.3.16}{ Histogram 15}{section.3}% 38
\BOOKMARK [1][-]{section.4}{ Summary}{}% 39
\BOOKMARK [2][-]{subsection.4.1}{Cut-flow charts}{section.4}% 40
