This is pdfTeX, Version 3.14159265-2.6-1.40.20 (TeX Live 2019) (preloaded format=latex)
 restricted \write18 enabled.
entering extended mode
(./main.tex
LaTeX2e <2018-12-01>
(/usr/local/texlive/2019/texmf-dist/tex/latex/base/article.cls
Document Class: article 2018/09/03 v1.4i Standard LaTeX document class
(/usr/local/texlive/2019/texmf-dist/tex/latex/base/size10.clo)) (./jheppub.sty
(/usr/local/texlive/2019/texmf-dist/tex/latex/amsmath/amsmath.sty
For additional information on amsmath, use the `?' option.
(/usr/local/texlive/2019/texmf-dist/tex/latex/amsmath/amstext.sty
(/usr/local/texlive/2019/texmf-dist/tex/latex/amsmath/amsgen.sty))
(/usr/local/texlive/2019/texmf-dist/tex/latex/amsmath/amsbsy.sty)
(/usr/local/texlive/2019/texmf-dist/tex/latex/amsmath/amsopn.sty))
(/usr/local/texlive/2019/texmf-dist/tex/latex/amsfonts/amssymb.sty
(/usr/local/texlive/2019/texmf-dist/tex/latex/amsfonts/amsfonts.sty))
(/usr/local/texlive/2019/texmf-dist/tex/latex/graphics/epsfig.sty
(/usr/local/texlive/2019/texmf-dist/tex/latex/graphics/graphicx.sty
(/usr/local/texlive/2019/texmf-dist/tex/latex/graphics/keyval.sty)
(/usr/local/texlive/2019/texmf-dist/tex/latex/graphics/graphics.sty
(/usr/local/texlive/2019/texmf-dist/tex/latex/graphics/trig.sty)
(/usr/local/texlive/2019/texmf-dist/tex/latex/graphics-cfg/graphics.cfg)
(/usr/local/texlive/2019/texmf-dist/tex/latex/graphics-def/dvips.def))))
(/usr/local/texlive/2019/texmf-dist/tex/latex/natbib/natbib.sty)
(/usr/local/texlive/2019/texmf-dist/tex/latex/graphics/color.sty
(/usr/local/texlive/2019/texmf-dist/tex/latex/graphics-cfg/color.cfg)
(/usr/local/texlive/2019/texmf-dist/tex/latex/graphics/dvipsnam.def))
(/usr/local/texlive/2019/texmf-dist/tex/latex/hyperref/hyperref.sty
(/usr/local/texlive/2019/texmf-dist/tex/generic/oberdiek/hobsub-hyperref.sty
(/usr/local/texlive/2019/texmf-dist/tex/generic/oberdiek/hobsub-generic.sty))
(/usr/local/texlive/2019/texmf-dist/tex/generic/ifxetex/ifxetex.sty)
(/usr/local/texlive/2019/texmf-dist/tex/latex/oberdiek/auxhook.sty)
(/usr/local/texlive/2019/texmf-dist/tex/latex/oberdiek/kvoptions.sty)
(/usr/local/texlive/2019/texmf-dist/tex/latex/hyperref/pd1enc.def)
(/usr/local/texlive/2019/texmf-dist/tex/latex/latexconfig/hyperref.cfg)

Package hyperref Warning: Option `pagecolor' is not available anymore.

(/usr/local/texlive/2019/texmf-dist/tex/latex/url/url.sty))
(/usr/local/texlive/2019/texmf-dist/tex/latex/hyperref/hdvips.def
(/usr/local/texlive/2019/texmf-dist/tex/latex/hyperref/pdfmark.def
(/usr/local/texlive/2019/texmf-dist/tex/latex/oberdiek/rerunfilecheck.sty)))
(/usr/local/texlive/2019/texmf-dist/tex/latex/psnfss/ot1phv.fd))
(/usr/local/texlive/2019/texmf-dist/tex/latex/base/fontenc.sty
(/usr/local/texlive/2019/texmf-dist/tex/latex/base/t1enc.def))
(/usr/local/texlive/2019/texmf-dist/tex/latex/colortbl/colortbl.sty
(/usr/local/texlive/2019/texmf-dist/tex/latex/tools/array.sty))
(/usr/local/texlive/2019/texmf-dist/tex/latex/xcolor/xcolor.sty
(/usr/local/texlive/2019/texmf-dist/tex/latex/graphics-cfg/color.cfg))
(/usr/local/texlive/2019/texmf-dist/tex/latex/float/float.sty)
No file main.aux.
(/usr/local/texlive/2019/texmf-dist/tex/latex/hyperref/nameref.sty
(/usr/local/texlive/2019/texmf-dist/tex/generic/oberdiek/gettitlestring.sty))

Package hyperref Warning: Rerun to get /PageLabels entry.

(/usr/local/texlive/2019/texmf-dist/tex/latex/base/t1cmss.fd) <logo.eps>

Package JHEP Warning: E-mails are missing.
(JHEP)                Plese use \emailAdd macro to provide e-mails..

(/usr/local/texlive/2019/texmf-dist/tex/latex/amsfonts/umsa.fd)
(/usr/local/texlive/2019/texmf-dist/tex/latex/amsfonts/umsb.fd)
Underfull \hbox (badness 10000) in paragraph at lines 38--38


Underfull \hbox (badness 10000) in paragraph at lines 38--38


Underfull \hbox (badness 10000) in paragraph at lines 38--38


Underfull \hbox (badness 10000) in paragraph at lines 38--38

[0] [1] (/usr/local/texlive/2019/texmf-dist/tex/latex/base/t1cmtt.fd)
Overfull \hbox (36.92953pt too wide) in paragraph at lines 50--165
\T1/cmtt/m/n/10 ma5>set main.currentdir = /-Users/-elijahsheridan/-MG5_aMC_v2_6
_5/-axion_pheno/-optimization/-

Overfull \hbox (31.68082pt too wide) in paragraph at lines 50--165
\T1/cmtt/m/n/10 ma5>set main.currentdir = /-Users/-elijahsheridan/-MG5_aMC_v2_6
_5/-axion_pheno/-madgraph_data

Overfull \hbox (31.68082pt too wide) in paragraph at lines 50--165
\T1/cmtt/m/n/10 ma5>import /-Users/-elijahsheridan/-MG5_aMC_v2_6_5/-axion_pheno
/-madgraph_data/-axion_signal/-

Overfull \hbox (31.68082pt too wide) in paragraph at lines 50--165
\T1/cmtt/m/n/10 ma5>import /-Users/-elijahsheridan/-MG5_aMC_v2_6_5/-axion_pheno
/-madgraph_data/-axion_signal/-

Overfull \hbox (115.66031pt too wide) in paragraph at lines 50--165
\T1/cmtt/m/n/10 ma5>import /-Users/-elijahsheridan/-MG5_aMC_v2_6_5/-axion_pheno
/-madgraph_data/-vbf_diphoton_background_data/-

Overfull \hbox (115.66031pt too wide) in paragraph at lines 50--165
\T1/cmtt/m/n/10 ma5>import /-Users/-elijahsheridan/-MG5_aMC_v2_6_5/-axion_pheno
/-madgraph_data/-vbf_diphoton_background_data/-

Overfull \hbox (115.66031pt too wide) in paragraph at lines 50--165
\T1/cmtt/m/n/10 ma5>import /-Users/-elijahsheridan/-MG5_aMC_v2_6_5/-axion_pheno
/-madgraph_data/-vbf_diphoton_background_data/-

Overfull \hbox (115.66031pt too wide) in paragraph at lines 50--165
\T1/cmtt/m/n/10 ma5>import /-Users/-elijahsheridan/-MG5_aMC_v2_6_5/-axion_pheno
/-madgraph_data/-vbf_diphoton_background_data/-

Overfull \hbox (115.66031pt too wide) in paragraph at lines 50--165
\T1/cmtt/m/n/10 ma5>import /-Users/-elijahsheridan/-MG5_aMC_v2_6_5/-axion_pheno
/-madgraph_data/-vbf_diphoton_background_data/-

Overfull \hbox (115.66031pt too wide) in paragraph at lines 50--165
\T1/cmtt/m/n/10 ma5>import /-Users/-elijahsheridan/-MG5_aMC_v2_6_5/-axion_pheno
/-madgraph_data/-vbf_diphoton_background_data/-

Overfull \hbox (115.66031pt too wide) in paragraph at lines 50--165
\T1/cmtt/m/n/10 ma5>import /-Users/-elijahsheridan/-MG5_aMC_v2_6_5/-axion_pheno
/-madgraph_data/-vbf_diphoton_background_data/-

Overfull \hbox (115.66031pt too wide) in paragraph at lines 50--165
\T1/cmtt/m/n/10 ma5>import /-Users/-elijahsheridan/-MG5_aMC_v2_6_5/-axion_pheno
/-madgraph_data/-vbf_diphoton_background_data/-

Overfull \hbox (152.40134pt too wide) in paragraph at lines 50--165
\T1/cmtt/m/n/10 ma5>import /-Users/-elijahsheridan/-MG5_aMC_v2_6_5/-axion_pheno
/-madgraph_data/-diphoton_double_isr_background_data/-

Overfull \hbox (152.40134pt too wide) in paragraph at lines 50--165
\T1/cmtt/m/n/10 ma5>import /-Users/-elijahsheridan/-MG5_aMC_v2_6_5/-axion_pheno
/-madgraph_data/-diphoton_double_isr_background_data/-

Overfull \hbox (10.68594pt too wide) in paragraph at lines 50--165
\T1/cmtt/m/n/10 merged_lhe/-diphoton_double_isr_background_ht_100_200_merged.lh
e.gz as bg_dip_100_200 

Overfull \hbox (152.40134pt too wide) in paragraph at lines 50--165
\T1/cmtt/m/n/10 ma5>import /-Users/-elijahsheridan/-MG5_aMC_v2_6_5/-axion_pheno
/-madgraph_data/-diphoton_double_isr_background_data/-

Overfull \hbox (10.68594pt too wide) in paragraph at lines 50--165
\T1/cmtt/m/n/10 merged_lhe/-diphoton_double_isr_background_ht_200_400_merged.lh
e.gz as bg_dip_200_400 

Overfull \hbox (152.40134pt too wide) in paragraph at lines 50--165
\T1/cmtt/m/n/10 ma5>import /-Users/-elijahsheridan/-MG5_aMC_v2_6_5/-axion_pheno
/-madgraph_data/-diphoton_double_isr_background_data/-

Overfull \hbox (10.68594pt too wide) in paragraph at lines 50--165
\T1/cmtt/m/n/10 merged_lhe/-diphoton_double_isr_background_ht_400_600_merged.lh
e.gz as bg_dip_400_600 

Overfull \hbox (152.40134pt too wide) in paragraph at lines 50--165
\T1/cmtt/m/n/10 ma5>import /-Users/-elijahsheridan/-MG5_aMC_v2_6_5/-axion_pheno
/-madgraph_data/-diphoton_double_isr_background_data/-

Overfull \hbox (10.68594pt too wide) in paragraph at lines 50--165
\T1/cmtt/m/n/10 merged_lhe/-diphoton_double_isr_background_ht_600_800_merged.lh
e.gz as bg_dip_600_800 

Overfull \hbox (152.40134pt too wide) in paragraph at lines 50--165
\T1/cmtt/m/n/10 ma5>import /-Users/-elijahsheridan/-MG5_aMC_v2_6_5/-axion_pheno
/-madgraph_data/-diphoton_double_isr_background_data/-

Overfull \hbox (21.18338pt too wide) in paragraph at lines 50--165
\T1/cmtt/m/n/10 merged_lhe/-diphoton_double_isr_background_ht_800_1200_merged.l
he.gz as bg_dip_800_1200 

Overfull \hbox (152.40134pt too wide) in paragraph at lines 50--165
\T1/cmtt/m/n/10 ma5>import /-Users/-elijahsheridan/-MG5_aMC_v2_6_5/-axion_pheno
/-madgraph_data/-diphoton_double_isr_background_data/-

Overfull \hbox (31.68082pt too wide) in paragraph at lines 50--165
\T1/cmtt/m/n/10 merged_lhe/-diphoton_double_isr_background_ht_1200_1600_merged.
lhe.gz as bg_dip_1200_1600 

Overfull \hbox (152.40134pt too wide) in paragraph at lines 50--165
\T1/cmtt/m/n/10 ma5>import /-Users/-elijahsheridan/-MG5_aMC_v2_6_5/-axion_pheno
/-madgraph_data/-diphoton_double_isr_background_data/-

Overfull \hbox (21.18338pt too wide) in paragraph at lines 50--165
\T1/cmtt/m/n/10 merged_lhe/-diphoton_double_isr_background_ht_1600_inf_merged.l
he.gz as bg_dip_1600_inf 

Underfull \hbox (badness 10000) in paragraph at lines 50--165

[2] (/usr/local/texlive/2019/texmf-dist/tex/latex/base/omscmr.fd) [3]
Underfull \hbox (badness 10000) in paragraph at lines 194--194
[]|\T1/cmr/m/n/10 /-Users/-elijahsheridan/-

Underfull \hbox (badness 10000) in paragraph at lines 194--194
\T1/cmr/m/n/10 MG5_aMC_v2_6_5/-

Underfull \hbox (badness 10000) in paragraph at lines 194--194
\T1/cmr/m/n/10 axion_pheno/-

Underfull \hbox (badness 10000) in paragraph at lines 194--194
\T1/cmr/m/n/10 madgraph_data/-axion_signal/-

Overfull \hbox (28.57578pt too wide) in paragraph at lines 194--194
\T1/cmr/m/n/10 axion_signal_no_cuts_1MeV_no_gg.lhe| 

Overfull \hbox (18.13213pt too wide) in paragraph at lines 190--197
 [] 

Underfull \hbox (badness 10000) in paragraph at lines 216--216
[]|\T1/cmr/m/n/10 /-Users/-elijahsheridan/-

Underfull \hbox (badness 10000) in paragraph at lines 216--216
\T1/cmr/m/n/10 MG5_aMC_v2_6_5/-

Underfull \hbox (badness 10000) in paragraph at lines 216--216
\T1/cmr/m/n/10 axion_pheno/-

Underfull \hbox (badness 10000) in paragraph at lines 216--216
\T1/cmr/m/n/10 madgraph_data/-axion_signal/-

Overfull \hbox (114.2493pt too wide) in paragraph at lines 216--216
\T1/cmr/m/n/10 axion_signal_no_cuts_100MeVma_2pt2TeVL_no_gg.lhe.gz| 

Overfull \hbox (18.13213pt too wide) in paragraph at lines 212--219
 [] 

Underfull \hbox (badness 10000) in paragraph at lines 238--238
[]|\T1/cmr/m/n/10 /-Users/-elijahsheridan/-

Underfull \hbox (badness 10000) in paragraph at lines 238--238
\T1/cmr/m/n/10 MG5_aMC_v2_6_5/-

Underfull \hbox (badness 10000) in paragraph at lines 238--238
\T1/cmr/m/n/10 axion_pheno/-madgraph_data/-

Underfull \hbox (badness 10000) in paragraph at lines 238--238
\T1/cmr/m/n/10 vbf_diphoton_background_data/-

Underfull \hbox (badness 10000) in paragraph at lines 238--238
\T1/cmr/m/n/10 merged_lhe/-

Overfull \hbox (82.11826pt too wide) in paragraph at lines 238--238
\T1/cmr/m/n/10 vbf_diphoton_background_ht_0_100_merged.lhe.gz| 

Overfull \hbox (18.13213pt too wide) in paragraph at lines 234--241
 [] 
[4]
Underfull \hbox (badness 10000) in paragraph at lines 260--260
[]|\T1/cmr/m/n/10 /-Users/-elijahsheridan/-

Underfull \hbox (badness 10000) in paragraph at lines 260--260
\T1/cmr/m/n/10 MG5_aMC_v2_6_5/-

Underfull \hbox (badness 10000) in paragraph at lines 260--260
\T1/cmr/m/n/10 axion_pheno/-madgraph_data/-

Underfull \hbox (badness 10000) in paragraph at lines 260--260
\T1/cmr/m/n/10 vbf_diphoton_background_data/-

Underfull \hbox (badness 10000) in paragraph at lines 260--260
\T1/cmr/m/n/10 merged_lhe/-

Overfull \hbox (92.11581pt too wide) in paragraph at lines 260--260
\T1/cmr/m/n/10 vbf_diphoton_background_ht_100_200_merged.lhe.gz| 

Overfull \hbox (18.13213pt too wide) in paragraph at lines 256--263
 [] 

Underfull \hbox (badness 10000) in paragraph at lines 282--282
[]|\T1/cmr/m/n/10 /-Users/-elijahsheridan/-

Underfull \hbox (badness 10000) in paragraph at lines 282--282
\T1/cmr/m/n/10 MG5_aMC_v2_6_5/-

Underfull \hbox (badness 10000) in paragraph at lines 282--282
\T1/cmr/m/n/10 axion_pheno/-madgraph_data/-

Underfull \hbox (badness 10000) in paragraph at lines 282--282
\T1/cmr/m/n/10 vbf_diphoton_background_data/-

Underfull \hbox (badness 10000) in paragraph at lines 282--282
\T1/cmr/m/n/10 merged_lhe/-

Overfull \hbox (92.11581pt too wide) in paragraph at lines 282--282
\T1/cmr/m/n/10 vbf_diphoton_background_ht_200_400_merged.lhe.gz| 

Overfull \hbox (18.13213pt too wide) in paragraph at lines 278--285
 [] 
[5]
Underfull \hbox (badness 10000) in paragraph at lines 304--304
[]|\T1/cmr/m/n/10 /-Users/-elijahsheridan/-

Underfull \hbox (badness 10000) in paragraph at lines 304--304
\T1/cmr/m/n/10 MG5_aMC_v2_6_5/-

Underfull \hbox (badness 10000) in paragraph at lines 304--304
\T1/cmr/m/n/10 axion_pheno/-madgraph_data/-

Underfull \hbox (badness 10000) in paragraph at lines 304--304
\T1/cmr/m/n/10 vbf_diphoton_background_data/-

Underfull \hbox (badness 10000) in paragraph at lines 304--304
\T1/cmr/m/n/10 merged_lhe/-

Overfull \hbox (92.11581pt too wide) in paragraph at lines 304--304
\T1/cmr/m/n/10 vbf_diphoton_background_ht_400_600_merged.lhe.gz| 

Overfull \hbox (18.13213pt too wide) in paragraph at lines 300--307
 [] 

Underfull \hbox (badness 10000) in paragraph at lines 326--326
[]|\T1/cmr/m/n/10 /-Users/-elijahsheridan/-

Underfull \hbox (badness 10000) in paragraph at lines 326--326
\T1/cmr/m/n/10 MG5_aMC_v2_6_5/-

Underfull \hbox (badness 10000) in paragraph at lines 326--326
\T1/cmr/m/n/10 axion_pheno/-madgraph_data/-

Underfull \hbox (badness 10000) in paragraph at lines 326--326
\T1/cmr/m/n/10 vbf_diphoton_background_data/-

Underfull \hbox (badness 10000) in paragraph at lines 326--326
\T1/cmr/m/n/10 merged_lhe/-

Overfull \hbox (92.11581pt too wide) in paragraph at lines 326--326
\T1/cmr/m/n/10 vbf_diphoton_background_ht_600_800_merged.lhe.gz| 

Overfull \hbox (18.13213pt too wide) in paragraph at lines 322--329
 [] 

Underfull \hbox (badness 10000) in paragraph at lines 348--348
[]|\T1/cmr/m/n/10 /-Users/-elijahsheridan/-

Underfull \hbox (badness 10000) in paragraph at lines 348--348
\T1/cmr/m/n/10 MG5_aMC_v2_6_5/-

Underfull \hbox (badness 10000) in paragraph at lines 348--348
\T1/cmr/m/n/10 axion_pheno/-madgraph_data/-

Underfull \hbox (badness 10000) in paragraph at lines 348--348
\T1/cmr/m/n/10 vbf_diphoton_background_data/-

Underfull \hbox (badness 10000) in paragraph at lines 348--348
\T1/cmr/m/n/10 merged_lhe/-

Overfull \hbox (97.1146pt too wide) in paragraph at lines 348--348
\T1/cmr/m/n/10 vbf_diphoton_background_ht_800_1200_merged.lhe.gz| 

Overfull \hbox (18.13213pt too wide) in paragraph at lines 344--351
 [] 
[6]
Underfull \hbox (badness 10000) in paragraph at lines 370--370
[]|\T1/cmr/m/n/10 /-Users/-elijahsheridan/-

Underfull \hbox (badness 10000) in paragraph at lines 370--370
\T1/cmr/m/n/10 MG5_aMC_v2_6_5/-

Underfull \hbox (badness 10000) in paragraph at lines 370--370
\T1/cmr/m/n/10 axion_pheno/-madgraph_data/-

Underfull \hbox (badness 10000) in paragraph at lines 370--370
\T1/cmr/m/n/10 vbf_diphoton_background_data/-

Underfull \hbox (badness 10000) in paragraph at lines 370--370
\T1/cmr/m/n/10 merged_lhe/-

Overfull \hbox (102.11337pt too wide) in paragraph at lines 370--370
\T1/cmr/m/n/10 vbf_diphoton_background_ht_1200_1600_merged.lhe.gz| 

Overfull \hbox (18.13213pt too wide) in paragraph at lines 366--373
 [] 

Underfull \hbox (badness 10000) in paragraph at lines 392--392
[]|\T1/cmr/m/n/10 /-Users/-elijahsheridan/-

Underfull \hbox (badness 10000) in paragraph at lines 392--392
\T1/cmr/m/n/10 MG5_aMC_v2_6_5/-

Underfull \hbox (badness 10000) in paragraph at lines 392--392
\T1/cmr/m/n/10 axion_pheno/-madgraph_data/-

Underfull \hbox (badness 10000) in paragraph at lines 392--392
\T1/cmr/m/n/10 vbf_diphoton_background_data/-

Underfull \hbox (badness 10000) in paragraph at lines 392--392
\T1/cmr/m/n/10 merged_lhe/-

Overfull \hbox (93.50436pt too wide) in paragraph at lines 392--392
\T1/cmr/m/n/10 vbf_diphoton_background_ht_1600_inf_merged.lhe.gz| 

Overfull \hbox (18.13213pt too wide) in paragraph at lines 388--395
 [] 
[7]
Underfull \hbox (badness 10000) in paragraph at lines 414--414
[]|\T1/cmr/m/n/10 /-Users/-elijahsheridan/-

Underfull \hbox (badness 10000) in paragraph at lines 414--414
\T1/cmr/m/n/10 MG5_aMC_v2_6_5/-

Underfull \hbox (badness 10000) in paragraph at lines 414--414
\T1/cmr/m/n/10 axion_pheno/-madgraph_data/-

Overfull \hbox (31.35287pt too wide) in paragraph at lines 414--414
\T1/cmr/m/n/10 diphoton_double_isr_background_data/-

Underfull \hbox (badness 10000) in paragraph at lines 414--414
\T1/cmr/m/n/10 merged_lhe/-

Overfull \hbox (115.52676pt too wide) in paragraph at lines 414--414
\T1/cmr/m/n/10 diphoton_double_isr_background_ht_0_100_merged.lhe.gz| 

Overfull \hbox (18.13213pt too wide) in paragraph at lines 410--417
 [] 

Underfull \hbox (badness 10000) in paragraph at lines 436--436
[]|\T1/cmr/m/n/10 /-Users/-elijahsheridan/-

Underfull \hbox (badness 10000) in paragraph at lines 436--436
\T1/cmr/m/n/10 MG5_aMC_v2_6_5/-

Underfull \hbox (badness 10000) in paragraph at lines 436--436
\T1/cmr/m/n/10 axion_pheno/-madgraph_data/-

Overfull \hbox (31.35287pt too wide) in paragraph at lines 436--436
\T1/cmr/m/n/10 diphoton_double_isr_background_data/-

Underfull \hbox (badness 10000) in paragraph at lines 436--436
\T1/cmr/m/n/10 merged_lhe/-

Overfull \hbox (125.52432pt too wide) in paragraph at lines 436--436
\T1/cmr/m/n/10 diphoton_double_isr_background_ht_100_200_merged.lhe.gz| 

Overfull \hbox (18.13213pt too wide) in paragraph at lines 432--439
 [] 

Underfull \hbox (badness 10000) in paragraph at lines 458--458
[]|\T1/cmr/m/n/10 /-Users/-elijahsheridan/-

Underfull \hbox (badness 10000) in paragraph at lines 458--458
\T1/cmr/m/n/10 MG5_aMC_v2_6_5/-

Underfull \hbox (badness 10000) in paragraph at lines 458--458
\T1/cmr/m/n/10 axion_pheno/-madgraph_data/-

Overfull \hbox (31.35287pt too wide) in paragraph at lines 458--458
\T1/cmr/m/n/10 diphoton_double_isr_background_data/-

Underfull \hbox (badness 10000) in paragraph at lines 458--458
\T1/cmr/m/n/10 merged_lhe/-

Overfull \hbox (125.52432pt too wide) in paragraph at lines 458--458
\T1/cmr/m/n/10 diphoton_double_isr_background_ht_200_400_merged.lhe.gz| 

Overfull \hbox (18.13213pt too wide) in paragraph at lines 454--461
 [] 
[8]
Underfull \hbox (badness 10000) in paragraph at lines 480--480
[]|\T1/cmr/m/n/10 /-Users/-elijahsheridan/-

Underfull \hbox (badness 10000) in paragraph at lines 480--480
\T1/cmr/m/n/10 MG5_aMC_v2_6_5/-

Underfull \hbox (badness 10000) in paragraph at lines 480--480
\T1/cmr/m/n/10 axion_pheno/-madgraph_data/-

Overfull \hbox (31.35287pt too wide) in paragraph at lines 480--480
\T1/cmr/m/n/10 diphoton_double_isr_background_data/-

Underfull \hbox (badness 10000) in paragraph at lines 480--480
\T1/cmr/m/n/10 merged_lhe/-

Overfull \hbox (125.52432pt too wide) in paragraph at lines 480--480
\T1/cmr/m/n/10 diphoton_double_isr_background_ht_400_600_merged.lhe.gz| 

Overfull \hbox (18.13213pt too wide) in paragraph at lines 476--483
 [] 

Underfull \hbox (badness 10000) in paragraph at lines 502--502
[]|\T1/cmr/m/n/10 /-Users/-elijahsheridan/-

Underfull \hbox (badness 10000) in paragraph at lines 502--502
\T1/cmr/m/n/10 MG5_aMC_v2_6_5/-

Underfull \hbox (badness 10000) in paragraph at lines 502--502
\T1/cmr/m/n/10 axion_pheno/-madgraph_data/-

Overfull \hbox (31.35287pt too wide) in paragraph at lines 502--502
\T1/cmr/m/n/10 diphoton_double_isr_background_data/-

Underfull \hbox (badness 10000) in paragraph at lines 502--502
\T1/cmr/m/n/10 merged_lhe/-

Overfull \hbox (125.52432pt too wide) in paragraph at lines 502--502
\T1/cmr/m/n/10 diphoton_double_isr_background_ht_600_800_merged.lhe.gz| 

Overfull \hbox (18.13213pt too wide) in paragraph at lines 498--505
 [] 
[9]
Underfull \hbox (badness 10000) in paragraph at lines 524--524
[]|\T1/cmr/m/n/10 /-Users/-elijahsheridan/-

Underfull \hbox (badness 10000) in paragraph at lines 524--524
\T1/cmr/m/n/10 MG5_aMC_v2_6_5/-

Underfull \hbox (badness 10000) in paragraph at lines 524--524
\T1/cmr/m/n/10 axion_pheno/-madgraph_data/-

Overfull \hbox (31.35287pt too wide) in paragraph at lines 524--524
\T1/cmr/m/n/10 diphoton_double_isr_background_data/-

Underfull \hbox (badness 10000) in paragraph at lines 524--524
\T1/cmr/m/n/10 merged_lhe/-

Overfull \hbox (130.5231pt too wide) in paragraph at lines 524--524
\T1/cmr/m/n/10 diphoton_double_isr_background_ht_800_1200_merged.lhe.gz| 

Overfull \hbox (18.13213pt too wide) in paragraph at lines 520--527
 [] 

Underfull \hbox (badness 10000) in paragraph at lines 546--546
[]|\T1/cmr/m/n/10 /-Users/-elijahsheridan/-

Underfull \hbox (badness 10000) in paragraph at lines 546--546
\T1/cmr/m/n/10 MG5_aMC_v2_6_5/-

Underfull \hbox (badness 10000) in paragraph at lines 546--546
\T1/cmr/m/n/10 axion_pheno/-madgraph_data/-

Overfull \hbox (31.35287pt too wide) in paragraph at lines 546--546
\T1/cmr/m/n/10 diphoton_double_isr_background_data/-

Underfull \hbox (badness 10000) in paragraph at lines 546--546
\T1/cmr/m/n/10 merged_lhe/-

Overfull \hbox (135.52188pt too wide) in paragraph at lines 546--546
\T1/cmr/m/n/10 diphoton_double_isr_background_ht_1200_1600_merged.lhe.gz| 

Overfull \hbox (18.13213pt too wide) in paragraph at lines 542--549
 [] 

Underfull \hbox (badness 10000) in paragraph at lines 568--568
[]|\T1/cmr/m/n/10 /-Users/-elijahsheridan/-

Underfull \hbox (badness 10000) in paragraph at lines 568--568
\T1/cmr/m/n/10 MG5_aMC_v2_6_5/-

Underfull \hbox (badness 10000) in paragraph at lines 568--568
\T1/cmr/m/n/10 axion_pheno/-madgraph_data/-

Overfull \hbox (31.35287pt too wide) in paragraph at lines 568--568
\T1/cmr/m/n/10 diphoton_double_isr_background_data/-

Underfull \hbox (badness 10000) in paragraph at lines 568--568
\T1/cmr/m/n/10 merged_lhe/-

Overfull \hbox (126.91287pt too wide) in paragraph at lines 568--568
\T1/cmr/m/n/10 diphoton_double_isr_background_ht_1600_inf_merged.lhe.gz| 

Overfull \hbox (18.13213pt too wide) in paragraph at lines 564--571
 [] 
[10] [11]
Overfull \hbox (2.3199pt too wide) in paragraph at lines 593--593
[]|\T1/cmr/m/n/10 bg_vbf_0_100| 

Overfull \hbox (12.31746pt too wide) in paragraph at lines 595--595
[]|\T1/cmr/m/n/10 bg_vbf_100_200| 

Overfull \hbox (12.31746pt too wide) in paragraph at lines 597--597
[]|\T1/cmr/m/n/10 bg_vbf_200_400| 

Overfull \hbox (12.31746pt too wide) in paragraph at lines 599--599
[]|\T1/cmr/m/n/10 bg_vbf_400_600| 

Underfull \hbox (badness 10000) in paragraph at lines 599--599
[]|\T1/cmr/m/n/10 -

Overfull \hbox (12.31746pt too wide) in paragraph at lines 601--601
[]|\T1/cmr/m/n/10 bg_vbf_600_800| 

Overfull \hbox (17.31624pt too wide) in paragraph at lines 603--603
[]|\T1/cmr/m/n/10 bg_vbf_800_1200| 

Overfull \hbox (22.31502pt too wide) in paragraph at lines 605--605
[]|\T1/cmr/m/n/10 bg_vbf_1200_1600| 

Underfull \hbox (badness 10000) in paragraph at lines 605--605
[]|\T1/cmr/m/n/10 -

Overfull \hbox (13.70601pt too wide) in paragraph at lines 607--607
[]|\T1/cmr/m/n/10 bg_vbf_1600_inf| 

Overfull \hbox (2.3199pt too wide) in paragraph at lines 609--609
[]|\T1/cmr/m/n/10 bg_dip_0_100| 

Underfull \hbox (badness 10000) in paragraph at lines 609--609
[]|\T1/cmr/m/n/10 -

Overfull \hbox (12.31746pt too wide) in paragraph at lines 611--611
[]|\T1/cmr/m/n/10 bg_dip_100_200| 

Overfull \hbox (12.31746pt too wide) in paragraph at lines 613--613
[]|\T1/cmr/m/n/10 bg_dip_200_400| 

Overfull \hbox (12.31746pt too wide) in paragraph at lines 615--615
[]|\T1/cmr/m/n/10 bg_dip_400_600| 

Overfull \hbox (12.31746pt too wide) in paragraph at lines 617--617
[]|\T1/cmr/m/n/10 bg_dip_600_800| 

Overfull \hbox (17.31624pt too wide) in paragraph at lines 619--619
[]|\T1/cmr/m/n/10 bg_dip_800_1200| 

Overfull \hbox (22.31502pt too wide) in paragraph at lines 621--621
[]|\T1/cmr/m/n/10 bg_dip_1200_1600| 

Overfull \hbox (13.70601pt too wide) in paragraph at lines 623--623
[]|\T1/cmr/m/n/10 bg_dip_1600_inf| 

Overfull \hbox (55.33208pt too wide) in paragraph at lines 585--626
 [] 

Underfull \hbox (badness 10000) in paragraph at lines 582--627

<selection_0.eps> [12] (./main.aux)

Package rerunfilecheck Warning: File `main.out' has changed.
(rerunfilecheck)                Rerun to get outlines right
(rerunfilecheck)                or use package `bookmark'.

 )
(see the transcript file for additional information)
Output written on main.dvi (13 pages, 70212 bytes).
Transcript written on main.log.
This is pdfTeX, Version 3.14159265-2.6-1.40.20 (TeX Live 2019) (preloaded format=latex)
 restricted \write18 enabled.
entering extended mode
(./main.tex
LaTeX2e <2018-12-01>
(/usr/local/texlive/2019/texmf-dist/tex/latex/base/article.cls
Document Class: article 2018/09/03 v1.4i Standard LaTeX document class
(/usr/local/texlive/2019/texmf-dist/tex/latex/base/size10.clo)) (./jheppub.sty
(/usr/local/texlive/2019/texmf-dist/tex/latex/amsmath/amsmath.sty
For additional information on amsmath, use the `?' option.
(/usr/local/texlive/2019/texmf-dist/tex/latex/amsmath/amstext.sty
(/usr/local/texlive/2019/texmf-dist/tex/latex/amsmath/amsgen.sty))
(/usr/local/texlive/2019/texmf-dist/tex/latex/amsmath/amsbsy.sty)
(/usr/local/texlive/2019/texmf-dist/tex/latex/amsmath/amsopn.sty))
(/usr/local/texlive/2019/texmf-dist/tex/latex/amsfonts/amssymb.sty
(/usr/local/texlive/2019/texmf-dist/tex/latex/amsfonts/amsfonts.sty))
(/usr/local/texlive/2019/texmf-dist/tex/latex/graphics/epsfig.sty
(/usr/local/texlive/2019/texmf-dist/tex/latex/graphics/graphicx.sty
(/usr/local/texlive/2019/texmf-dist/tex/latex/graphics/keyval.sty)
(/usr/local/texlive/2019/texmf-dist/tex/latex/graphics/graphics.sty
(/usr/local/texlive/2019/texmf-dist/tex/latex/graphics/trig.sty)
(/usr/local/texlive/2019/texmf-dist/tex/latex/graphics-cfg/graphics.cfg)
(/usr/local/texlive/2019/texmf-dist/tex/latex/graphics-def/dvips.def))))
(/usr/local/texlive/2019/texmf-dist/tex/latex/natbib/natbib.sty)
(/usr/local/texlive/2019/texmf-dist/tex/latex/graphics/color.sty
(/usr/local/texlive/2019/texmf-dist/tex/latex/graphics-cfg/color.cfg)
(/usr/local/texlive/2019/texmf-dist/tex/latex/graphics/dvipsnam.def))
(/usr/local/texlive/2019/texmf-dist/tex/latex/hyperref/hyperref.sty
(/usr/local/texlive/2019/texmf-dist/tex/generic/oberdiek/hobsub-hyperref.sty
(/usr/local/texlive/2019/texmf-dist/tex/generic/oberdiek/hobsub-generic.sty))
(/usr/local/texlive/2019/texmf-dist/tex/generic/ifxetex/ifxetex.sty)
(/usr/local/texlive/2019/texmf-dist/tex/latex/oberdiek/auxhook.sty)
(/usr/local/texlive/2019/texmf-dist/tex/latex/oberdiek/kvoptions.sty)
(/usr/local/texlive/2019/texmf-dist/tex/latex/hyperref/pd1enc.def)
(/usr/local/texlive/2019/texmf-dist/tex/latex/latexconfig/hyperref.cfg)

Package hyperref Warning: Option `pagecolor' is not available anymore.

(/usr/local/texlive/2019/texmf-dist/tex/latex/url/url.sty))
(/usr/local/texlive/2019/texmf-dist/tex/latex/hyperref/hdvips.def
(/usr/local/texlive/2019/texmf-dist/tex/latex/hyperref/pdfmark.def
(/usr/local/texlive/2019/texmf-dist/tex/latex/oberdiek/rerunfilecheck.sty)))
(/usr/local/texlive/2019/texmf-dist/tex/latex/psnfss/ot1phv.fd))
(/usr/local/texlive/2019/texmf-dist/tex/latex/base/fontenc.sty
(/usr/local/texlive/2019/texmf-dist/tex/latex/base/t1enc.def))
(/usr/local/texlive/2019/texmf-dist/tex/latex/colortbl/colortbl.sty
(/usr/local/texlive/2019/texmf-dist/tex/latex/tools/array.sty))
(/usr/local/texlive/2019/texmf-dist/tex/latex/xcolor/xcolor.sty
(/usr/local/texlive/2019/texmf-dist/tex/latex/graphics-cfg/color.cfg))
(/usr/local/texlive/2019/texmf-dist/tex/latex/float/float.sty) (./main.aux)
(/usr/local/texlive/2019/texmf-dist/tex/latex/hyperref/nameref.sty
(/usr/local/texlive/2019/texmf-dist/tex/generic/oberdiek/gettitlestring.sty))
(./main.out) (./main.out)
(/usr/local/texlive/2019/texmf-dist/tex/latex/base/t1cmss.fd) <logo.eps>

Package JHEP Warning: E-mails are missing.
(JHEP)                Plese use \emailAdd macro to provide e-mails..

(/usr/local/texlive/2019/texmf-dist/tex/latex/amsfonts/umsa.fd)
(/usr/local/texlive/2019/texmf-dist/tex/latex/amsfonts/umsb.fd)
Underfull \hbox (badness 10000) in paragraph at lines 38--38


Underfull \hbox (badness 10000) in paragraph at lines 38--38


Underfull \hbox (badness 10000) in paragraph at lines 38--38


Underfull \hbox (badness 10000) in paragraph at lines 38--38

[0] (./main.toc) [1]
(/usr/local/texlive/2019/texmf-dist/tex/latex/base/t1cmtt.fd)
Overfull \hbox (36.92953pt too wide) in paragraph at lines 50--165
\T1/cmtt/m/n/10 ma5>set main.currentdir = /-Users/-elijahsheridan/-MG5_aMC_v2_6
_5/-axion_pheno/-optimization/-

Overfull \hbox (31.68082pt too wide) in paragraph at lines 50--165
\T1/cmtt/m/n/10 ma5>set main.currentdir = /-Users/-elijahsheridan/-MG5_aMC_v2_6
_5/-axion_pheno/-madgraph_data

Overfull \hbox (31.68082pt too wide) in paragraph at lines 50--165
\T1/cmtt/m/n/10 ma5>import /-Users/-elijahsheridan/-MG5_aMC_v2_6_5/-axion_pheno
/-madgraph_data/-axion_signal/-

Overfull \hbox (31.68082pt too wide) in paragraph at lines 50--165
\T1/cmtt/m/n/10 ma5>import /-Users/-elijahsheridan/-MG5_aMC_v2_6_5/-axion_pheno
/-madgraph_data/-axion_signal/-

Overfull \hbox (115.66031pt too wide) in paragraph at lines 50--165
\T1/cmtt/m/n/10 ma5>import /-Users/-elijahsheridan/-MG5_aMC_v2_6_5/-axion_pheno
/-madgraph_data/-vbf_diphoton_background_data/-

Overfull \hbox (115.66031pt too wide) in paragraph at lines 50--165
\T1/cmtt/m/n/10 ma5>import /-Users/-elijahsheridan/-MG5_aMC_v2_6_5/-axion_pheno
/-madgraph_data/-vbf_diphoton_background_data/-

Overfull \hbox (115.66031pt too wide) in paragraph at lines 50--165
\T1/cmtt/m/n/10 ma5>import /-Users/-elijahsheridan/-MG5_aMC_v2_6_5/-axion_pheno
/-madgraph_data/-vbf_diphoton_background_data/-

Overfull \hbox (115.66031pt too wide) in paragraph at lines 50--165
\T1/cmtt/m/n/10 ma5>import /-Users/-elijahsheridan/-MG5_aMC_v2_6_5/-axion_pheno
/-madgraph_data/-vbf_diphoton_background_data/-

Overfull \hbox (115.66031pt too wide) in paragraph at lines 50--165
\T1/cmtt/m/n/10 ma5>import /-Users/-elijahsheridan/-MG5_aMC_v2_6_5/-axion_pheno
/-madgraph_data/-vbf_diphoton_background_data/-

Overfull \hbox (115.66031pt too wide) in paragraph at lines 50--165
\T1/cmtt/m/n/10 ma5>import /-Users/-elijahsheridan/-MG5_aMC_v2_6_5/-axion_pheno
/-madgraph_data/-vbf_diphoton_background_data/-

Overfull \hbox (115.66031pt too wide) in paragraph at lines 50--165
\T1/cmtt/m/n/10 ma5>import /-Users/-elijahsheridan/-MG5_aMC_v2_6_5/-axion_pheno
/-madgraph_data/-vbf_diphoton_background_data/-

Overfull \hbox (115.66031pt too wide) in paragraph at lines 50--165
\T1/cmtt/m/n/10 ma5>import /-Users/-elijahsheridan/-MG5_aMC_v2_6_5/-axion_pheno
/-madgraph_data/-vbf_diphoton_background_data/-

Overfull \hbox (152.40134pt too wide) in paragraph at lines 50--165
\T1/cmtt/m/n/10 ma5>import /-Users/-elijahsheridan/-MG5_aMC_v2_6_5/-axion_pheno
/-madgraph_data/-diphoton_double_isr_background_data/-

Overfull \hbox (152.40134pt too wide) in paragraph at lines 50--165
\T1/cmtt/m/n/10 ma5>import /-Users/-elijahsheridan/-MG5_aMC_v2_6_5/-axion_pheno
/-madgraph_data/-diphoton_double_isr_background_data/-

Overfull \hbox (10.68594pt too wide) in paragraph at lines 50--165
\T1/cmtt/m/n/10 merged_lhe/-diphoton_double_isr_background_ht_100_200_merged.lh
e.gz as bg_dip_100_200 

Overfull \hbox (152.40134pt too wide) in paragraph at lines 50--165
\T1/cmtt/m/n/10 ma5>import /-Users/-elijahsheridan/-MG5_aMC_v2_6_5/-axion_pheno
/-madgraph_data/-diphoton_double_isr_background_data/-

Overfull \hbox (10.68594pt too wide) in paragraph at lines 50--165
\T1/cmtt/m/n/10 merged_lhe/-diphoton_double_isr_background_ht_200_400_merged.lh
e.gz as bg_dip_200_400 

Overfull \hbox (152.40134pt too wide) in paragraph at lines 50--165
\T1/cmtt/m/n/10 ma5>import /-Users/-elijahsheridan/-MG5_aMC_v2_6_5/-axion_pheno
/-madgraph_data/-diphoton_double_isr_background_data/-

Overfull \hbox (10.68594pt too wide) in paragraph at lines 50--165
\T1/cmtt/m/n/10 merged_lhe/-diphoton_double_isr_background_ht_400_600_merged.lh
e.gz as bg_dip_400_600 

Overfull \hbox (152.40134pt too wide) in paragraph at lines 50--165
\T1/cmtt/m/n/10 ma5>import /-Users/-elijahsheridan/-MG5_aMC_v2_6_5/-axion_pheno
/-madgraph_data/-diphoton_double_isr_background_data/-

Overfull \hbox (10.68594pt too wide) in paragraph at lines 50--165
\T1/cmtt/m/n/10 merged_lhe/-diphoton_double_isr_background_ht_600_800_merged.lh
e.gz as bg_dip_600_800 

Overfull \hbox (152.40134pt too wide) in paragraph at lines 50--165
\T1/cmtt/m/n/10 ma5>import /-Users/-elijahsheridan/-MG5_aMC_v2_6_5/-axion_pheno
/-madgraph_data/-diphoton_double_isr_background_data/-

Overfull \hbox (21.18338pt too wide) in paragraph at lines 50--165
\T1/cmtt/m/n/10 merged_lhe/-diphoton_double_isr_background_ht_800_1200_merged.l
he.gz as bg_dip_800_1200 

Overfull \hbox (152.40134pt too wide) in paragraph at lines 50--165
\T1/cmtt/m/n/10 ma5>import /-Users/-elijahsheridan/-MG5_aMC_v2_6_5/-axion_pheno
/-madgraph_data/-diphoton_double_isr_background_data/-

Overfull \hbox (31.68082pt too wide) in paragraph at lines 50--165
\T1/cmtt/m/n/10 merged_lhe/-diphoton_double_isr_background_ht_1200_1600_merged.
lhe.gz as bg_dip_1200_1600 

Overfull \hbox (152.40134pt too wide) in paragraph at lines 50--165
\T1/cmtt/m/n/10 ma5>import /-Users/-elijahsheridan/-MG5_aMC_v2_6_5/-axion_pheno
/-madgraph_data/-diphoton_double_isr_background_data/-

Overfull \hbox (21.18338pt too wide) in paragraph at lines 50--165
\T1/cmtt/m/n/10 merged_lhe/-diphoton_double_isr_background_ht_1600_inf_merged.l
he.gz as bg_dip_1600_inf 

Underfull \hbox (badness 10000) in paragraph at lines 50--165

[2] (/usr/local/texlive/2019/texmf-dist/tex/latex/base/omscmr.fd) [3]
Underfull \hbox (badness 10000) in paragraph at lines 194--194
[]|\T1/cmr/m/n/10 /-Users/-elijahsheridan/-

Underfull \hbox (badness 10000) in paragraph at lines 194--194
\T1/cmr/m/n/10 MG5_aMC_v2_6_5/-

Underfull \hbox (badness 10000) in paragraph at lines 194--194
\T1/cmr/m/n/10 axion_pheno/-

Underfull \hbox (badness 10000) in paragraph at lines 194--194
\T1/cmr/m/n/10 madgraph_data/-axion_signal/-

Overfull \hbox (28.57578pt too wide) in paragraph at lines 194--194
\T1/cmr/m/n/10 axion_signal_no_cuts_1MeV_no_gg.lhe| 

Overfull \hbox (18.13213pt too wide) in paragraph at lines 190--197
 [] 

Underfull \hbox (badness 10000) in paragraph at lines 216--216
[]|\T1/cmr/m/n/10 /-Users/-elijahsheridan/-

Underfull \hbox (badness 10000) in paragraph at lines 216--216
\T1/cmr/m/n/10 MG5_aMC_v2_6_5/-

Underfull \hbox (badness 10000) in paragraph at lines 216--216
\T1/cmr/m/n/10 axion_pheno/-

Underfull \hbox (badness 10000) in paragraph at lines 216--216
\T1/cmr/m/n/10 madgraph_data/-axion_signal/-

Overfull \hbox (114.2493pt too wide) in paragraph at lines 216--216
\T1/cmr/m/n/10 axion_signal_no_cuts_100MeVma_2pt2TeVL_no_gg.lhe.gz| 

Overfull \hbox (18.13213pt too wide) in paragraph at lines 212--219
 [] 

Underfull \hbox (badness 10000) in paragraph at lines 238--238
[]|\T1/cmr/m/n/10 /-Users/-elijahsheridan/-

Underfull \hbox (badness 10000) in paragraph at lines 238--238
\T1/cmr/m/n/10 MG5_aMC_v2_6_5/-

Underfull \hbox (badness 10000) in paragraph at lines 238--238
\T1/cmr/m/n/10 axion_pheno/-madgraph_data/-

Underfull \hbox (badness 10000) in paragraph at lines 238--238
\T1/cmr/m/n/10 vbf_diphoton_background_data/-

Underfull \hbox (badness 10000) in paragraph at lines 238--238
\T1/cmr/m/n/10 merged_lhe/-

Overfull \hbox (82.11826pt too wide) in paragraph at lines 238--238
\T1/cmr/m/n/10 vbf_diphoton_background_ht_0_100_merged.lhe.gz| 

Overfull \hbox (18.13213pt too wide) in paragraph at lines 234--241
 [] 
[4]
Underfull \hbox (badness 10000) in paragraph at lines 260--260
[]|\T1/cmr/m/n/10 /-Users/-elijahsheridan/-

Underfull \hbox (badness 10000) in paragraph at lines 260--260
\T1/cmr/m/n/10 MG5_aMC_v2_6_5/-

Underfull \hbox (badness 10000) in paragraph at lines 260--260
\T1/cmr/m/n/10 axion_pheno/-madgraph_data/-

Underfull \hbox (badness 10000) in paragraph at lines 260--260
\T1/cmr/m/n/10 vbf_diphoton_background_data/-

Underfull \hbox (badness 10000) in paragraph at lines 260--260
\T1/cmr/m/n/10 merged_lhe/-

Overfull \hbox (92.11581pt too wide) in paragraph at lines 260--260
\T1/cmr/m/n/10 vbf_diphoton_background_ht_100_200_merged.lhe.gz| 

Overfull \hbox (18.13213pt too wide) in paragraph at lines 256--263
 [] 

Underfull \hbox (badness 10000) in paragraph at lines 282--282
[]|\T1/cmr/m/n/10 /-Users/-elijahsheridan/-

Underfull \hbox (badness 10000) in paragraph at lines 282--282
\T1/cmr/m/n/10 MG5_aMC_v2_6_5/-

Underfull \hbox (badness 10000) in paragraph at lines 282--282
\T1/cmr/m/n/10 axion_pheno/-madgraph_data/-

Underfull \hbox (badness 10000) in paragraph at lines 282--282
\T1/cmr/m/n/10 vbf_diphoton_background_data/-

Underfull \hbox (badness 10000) in paragraph at lines 282--282
\T1/cmr/m/n/10 merged_lhe/-

Overfull \hbox (92.11581pt too wide) in paragraph at lines 282--282
\T1/cmr/m/n/10 vbf_diphoton_background_ht_200_400_merged.lhe.gz| 

Overfull \hbox (18.13213pt too wide) in paragraph at lines 278--285
 [] 
[5]
Underfull \hbox (badness 10000) in paragraph at lines 304--304
[]|\T1/cmr/m/n/10 /-Users/-elijahsheridan/-

Underfull \hbox (badness 10000) in paragraph at lines 304--304
\T1/cmr/m/n/10 MG5_aMC_v2_6_5/-

Underfull \hbox (badness 10000) in paragraph at lines 304--304
\T1/cmr/m/n/10 axion_pheno/-madgraph_data/-

Underfull \hbox (badness 10000) in paragraph at lines 304--304
\T1/cmr/m/n/10 vbf_diphoton_background_data/-

Underfull \hbox (badness 10000) in paragraph at lines 304--304
\T1/cmr/m/n/10 merged_lhe/-

Overfull \hbox (92.11581pt too wide) in paragraph at lines 304--304
\T1/cmr/m/n/10 vbf_diphoton_background_ht_400_600_merged.lhe.gz| 

Overfull \hbox (18.13213pt too wide) in paragraph at lines 300--307
 [] 

Underfull \hbox (badness 10000) in paragraph at lines 326--326
[]|\T1/cmr/m/n/10 /-Users/-elijahsheridan/-

Underfull \hbox (badness 10000) in paragraph at lines 326--326
\T1/cmr/m/n/10 MG5_aMC_v2_6_5/-

Underfull \hbox (badness 10000) in paragraph at lines 326--326
\T1/cmr/m/n/10 axion_pheno/-madgraph_data/-

Underfull \hbox (badness 10000) in paragraph at lines 326--326
\T1/cmr/m/n/10 vbf_diphoton_background_data/-

Underfull \hbox (badness 10000) in paragraph at lines 326--326
\T1/cmr/m/n/10 merged_lhe/-

Overfull \hbox (92.11581pt too wide) in paragraph at lines 326--326
\T1/cmr/m/n/10 vbf_diphoton_background_ht_600_800_merged.lhe.gz| 

Overfull \hbox (18.13213pt too wide) in paragraph at lines 322--329
 [] 

Underfull \hbox (badness 10000) in paragraph at lines 348--348
[]|\T1/cmr/m/n/10 /-Users/-elijahsheridan/-

Underfull \hbox (badness 10000) in paragraph at lines 348--348
\T1/cmr/m/n/10 MG5_aMC_v2_6_5/-

Underfull \hbox (badness 10000) in paragraph at lines 348--348
\T1/cmr/m/n/10 axion_pheno/-madgraph_data/-

Underfull \hbox (badness 10000) in paragraph at lines 348--348
\T1/cmr/m/n/10 vbf_diphoton_background_data/-

Underfull \hbox (badness 10000) in paragraph at lines 348--348
\T1/cmr/m/n/10 merged_lhe/-

Overfull \hbox (97.1146pt too wide) in paragraph at lines 348--348
\T1/cmr/m/n/10 vbf_diphoton_background_ht_800_1200_merged.lhe.gz| 

Overfull \hbox (18.13213pt too wide) in paragraph at lines 344--351
 [] 
[6]
Underfull \hbox (badness 10000) in paragraph at lines 370--370
[]|\T1/cmr/m/n/10 /-Users/-elijahsheridan/-

Underfull \hbox (badness 10000) in paragraph at lines 370--370
\T1/cmr/m/n/10 MG5_aMC_v2_6_5/-

Underfull \hbox (badness 10000) in paragraph at lines 370--370
\T1/cmr/m/n/10 axion_pheno/-madgraph_data/-

Underfull \hbox (badness 10000) in paragraph at lines 370--370
\T1/cmr/m/n/10 vbf_diphoton_background_data/-

Underfull \hbox (badness 10000) in paragraph at lines 370--370
\T1/cmr/m/n/10 merged_lhe/-

Overfull \hbox (102.11337pt too wide) in paragraph at lines 370--370
\T1/cmr/m/n/10 vbf_diphoton_background_ht_1200_1600_merged.lhe.gz| 

Overfull \hbox (18.13213pt too wide) in paragraph at lines 366--373
 [] 

Underfull \hbox (badness 10000) in paragraph at lines 392--392
[]|\T1/cmr/m/n/10 /-Users/-elijahsheridan/-

Underfull \hbox (badness 10000) in paragraph at lines 392--392
\T1/cmr/m/n/10 MG5_aMC_v2_6_5/-

Underfull \hbox (badness 10000) in paragraph at lines 392--392
\T1/cmr/m/n/10 axion_pheno/-madgraph_data/-

Underfull \hbox (badness 10000) in paragraph at lines 392--392
\T1/cmr/m/n/10 vbf_diphoton_background_data/-

Underfull \hbox (badness 10000) in paragraph at lines 392--392
\T1/cmr/m/n/10 merged_lhe/-

Overfull \hbox (93.50436pt too wide) in paragraph at lines 392--392
\T1/cmr/m/n/10 vbf_diphoton_background_ht_1600_inf_merged.lhe.gz| 

Overfull \hbox (18.13213pt too wide) in paragraph at lines 388--395
 [] 
[7]
Underfull \hbox (badness 10000) in paragraph at lines 414--414
[]|\T1/cmr/m/n/10 /-Users/-elijahsheridan/-

Underfull \hbox (badness 10000) in paragraph at lines 414--414
\T1/cmr/m/n/10 MG5_aMC_v2_6_5/-

Underfull \hbox (badness 10000) in paragraph at lines 414--414
\T1/cmr/m/n/10 axion_pheno/-madgraph_data/-

Overfull \hbox (31.35287pt too wide) in paragraph at lines 414--414
\T1/cmr/m/n/10 diphoton_double_isr_background_data/-

Underfull \hbox (badness 10000) in paragraph at lines 414--414
\T1/cmr/m/n/10 merged_lhe/-

Overfull \hbox (115.52676pt too wide) in paragraph at lines 414--414
\T1/cmr/m/n/10 diphoton_double_isr_background_ht_0_100_merged.lhe.gz| 

Overfull \hbox (18.13213pt too wide) in paragraph at lines 410--417
 [] 

Underfull \hbox (badness 10000) in paragraph at lines 436--436
[]|\T1/cmr/m/n/10 /-Users/-elijahsheridan/-

Underfull \hbox (badness 10000) in paragraph at lines 436--436
\T1/cmr/m/n/10 MG5_aMC_v2_6_5/-

Underfull \hbox (badness 10000) in paragraph at lines 436--436
\T1/cmr/m/n/10 axion_pheno/-madgraph_data/-

Overfull \hbox (31.35287pt too wide) in paragraph at lines 436--436
\T1/cmr/m/n/10 diphoton_double_isr_background_data/-

Underfull \hbox (badness 10000) in paragraph at lines 436--436
\T1/cmr/m/n/10 merged_lhe/-

Overfull \hbox (125.52432pt too wide) in paragraph at lines 436--436
\T1/cmr/m/n/10 diphoton_double_isr_background_ht_100_200_merged.lhe.gz| 

Overfull \hbox (18.13213pt too wide) in paragraph at lines 432--439
 [] 

Underfull \hbox (badness 10000) in paragraph at lines 458--458
[]|\T1/cmr/m/n/10 /-Users/-elijahsheridan/-

Underfull \hbox (badness 10000) in paragraph at lines 458--458
\T1/cmr/m/n/10 MG5_aMC_v2_6_5/-

Underfull \hbox (badness 10000) in paragraph at lines 458--458
\T1/cmr/m/n/10 axion_pheno/-madgraph_data/-

Overfull \hbox (31.35287pt too wide) in paragraph at lines 458--458
\T1/cmr/m/n/10 diphoton_double_isr_background_data/-

Underfull \hbox (badness 10000) in paragraph at lines 458--458
\T1/cmr/m/n/10 merged_lhe/-

Overfull \hbox (125.52432pt too wide) in paragraph at lines 458--458
\T1/cmr/m/n/10 diphoton_double_isr_background_ht_200_400_merged.lhe.gz| 

Overfull \hbox (18.13213pt too wide) in paragraph at lines 454--461
 [] 
[8]
Underfull \hbox (badness 10000) in paragraph at lines 480--480
[]|\T1/cmr/m/n/10 /-Users/-elijahsheridan/-

Underfull \hbox (badness 10000) in paragraph at lines 480--480
\T1/cmr/m/n/10 MG5_aMC_v2_6_5/-

Underfull \hbox (badness 10000) in paragraph at lines 480--480
\T1/cmr/m/n/10 axion_pheno/-madgraph_data/-

Overfull \hbox (31.35287pt too wide) in paragraph at lines 480--480
\T1/cmr/m/n/10 diphoton_double_isr_background_data/-

Underfull \hbox (badness 10000) in paragraph at lines 480--480
\T1/cmr/m/n/10 merged_lhe/-

Overfull \hbox (125.52432pt too wide) in paragraph at lines 480--480
\T1/cmr/m/n/10 diphoton_double_isr_background_ht_400_600_merged.lhe.gz| 

Overfull \hbox (18.13213pt too wide) in paragraph at lines 476--483
 [] 

Underfull \hbox (badness 10000) in paragraph at lines 502--502
[]|\T1/cmr/m/n/10 /-Users/-elijahsheridan/-

Underfull \hbox (badness 10000) in paragraph at lines 502--502
\T1/cmr/m/n/10 MG5_aMC_v2_6_5/-

Underfull \hbox (badness 10000) in paragraph at lines 502--502
\T1/cmr/m/n/10 axion_pheno/-madgraph_data/-

Overfull \hbox (31.35287pt too wide) in paragraph at lines 502--502
\T1/cmr/m/n/10 diphoton_double_isr_background_data/-

Underfull \hbox (badness 10000) in paragraph at lines 502--502
\T1/cmr/m/n/10 merged_lhe/-

Overfull \hbox (125.52432pt too wide) in paragraph at lines 502--502
\T1/cmr/m/n/10 diphoton_double_isr_background_ht_600_800_merged.lhe.gz| 

Overfull \hbox (18.13213pt too wide) in paragraph at lines 498--505
 [] 
[9]
Underfull \hbox (badness 10000) in paragraph at lines 524--524
[]|\T1/cmr/m/n/10 /-Users/-elijahsheridan/-

Underfull \hbox (badness 10000) in paragraph at lines 524--524
\T1/cmr/m/n/10 MG5_aMC_v2_6_5/-

Underfull \hbox (badness 10000) in paragraph at lines 524--524
\T1/cmr/m/n/10 axion_pheno/-madgraph_data/-

Overfull \hbox (31.35287pt too wide) in paragraph at lines 524--524
\T1/cmr/m/n/10 diphoton_double_isr_background_data/-

Underfull \hbox (badness 10000) in paragraph at lines 524--524
\T1/cmr/m/n/10 merged_lhe/-

Overfull \hbox (130.5231pt too wide) in paragraph at lines 524--524
\T1/cmr/m/n/10 diphoton_double_isr_background_ht_800_1200_merged.lhe.gz| 

Overfull \hbox (18.13213pt too wide) in paragraph at lines 520--527
 [] 

Underfull \hbox (badness 10000) in paragraph at lines 546--546
[]|\T1/cmr/m/n/10 /-Users/-elijahsheridan/-

Underfull \hbox (badness 10000) in paragraph at lines 546--546
\T1/cmr/m/n/10 MG5_aMC_v2_6_5/-

Underfull \hbox (badness 10000) in paragraph at lines 546--546
\T1/cmr/m/n/10 axion_pheno/-madgraph_data/-

Overfull \hbox (31.35287pt too wide) in paragraph at lines 546--546
\T1/cmr/m/n/10 diphoton_double_isr_background_data/-

Underfull \hbox (badness 10000) in paragraph at lines 546--546
\T1/cmr/m/n/10 merged_lhe/-

Overfull \hbox (135.52188pt too wide) in paragraph at lines 546--546
\T1/cmr/m/n/10 diphoton_double_isr_background_ht_1200_1600_merged.lhe.gz| 

Overfull \hbox (18.13213pt too wide) in paragraph at lines 542--549
 [] 

Underfull \hbox (badness 10000) in paragraph at lines 568--568
[]|\T1/cmr/m/n/10 /-Users/-elijahsheridan/-

Underfull \hbox (badness 10000) in paragraph at lines 568--568
\T1/cmr/m/n/10 MG5_aMC_v2_6_5/-

Underfull \hbox (badness 10000) in paragraph at lines 568--568
\T1/cmr/m/n/10 axion_pheno/-madgraph_data/-

Overfull \hbox (31.35287pt too wide) in paragraph at lines 568--568
\T1/cmr/m/n/10 diphoton_double_isr_background_data/-

Underfull \hbox (badness 10000) in paragraph at lines 568--568
\T1/cmr/m/n/10 merged_lhe/-

Overfull \hbox (126.91287pt too wide) in paragraph at lines 568--568
\T1/cmr/m/n/10 diphoton_double_isr_background_ht_1600_inf_merged.lhe.gz| 

Overfull \hbox (18.13213pt too wide) in paragraph at lines 564--571
 [] 
[10] [11]
Overfull \hbox (2.3199pt too wide) in paragraph at lines 593--593
[]|\T1/cmr/m/n/10 bg_vbf_0_100| 

Overfull \hbox (12.31746pt too wide) in paragraph at lines 595--595
[]|\T1/cmr/m/n/10 bg_vbf_100_200| 

Overfull \hbox (12.31746pt too wide) in paragraph at lines 597--597
[]|\T1/cmr/m/n/10 bg_vbf_200_400| 

Overfull \hbox (12.31746pt too wide) in paragraph at lines 599--599
[]|\T1/cmr/m/n/10 bg_vbf_400_600| 

Underfull \hbox (badness 10000) in paragraph at lines 599--599
[]|\T1/cmr/m/n/10 -

Overfull \hbox (12.31746pt too wide) in paragraph at lines 601--601
[]|\T1/cmr/m/n/10 bg_vbf_600_800| 

Overfull \hbox (17.31624pt too wide) in paragraph at lines 603--603
[]|\T1/cmr/m/n/10 bg_vbf_800_1200| 

Overfull \hbox (22.31502pt too wide) in paragraph at lines 605--605
[]|\T1/cmr/m/n/10 bg_vbf_1200_1600| 

Underfull \hbox (badness 10000) in paragraph at lines 605--605
[]|\T1/cmr/m/n/10 -

Overfull \hbox (13.70601pt too wide) in paragraph at lines 607--607
[]|\T1/cmr/m/n/10 bg_vbf_1600_inf| 

Overfull \hbox (2.3199pt too wide) in paragraph at lines 609--609
[]|\T1/cmr/m/n/10 bg_dip_0_100| 

Underfull \hbox (badness 10000) in paragraph at lines 609--609
[]|\T1/cmr/m/n/10 -

Overfull \hbox (12.31746pt too wide) in paragraph at lines 611--611
[]|\T1/cmr/m/n/10 bg_dip_100_200| 

Overfull \hbox (12.31746pt too wide) in paragraph at lines 613--613
[]|\T1/cmr/m/n/10 bg_dip_200_400| 

Overfull \hbox (12.31746pt too wide) in paragraph at lines 615--615
[]|\T1/cmr/m/n/10 bg_dip_400_600| 

Overfull \hbox (12.31746pt too wide) in paragraph at lines 617--617
[]|\T1/cmr/m/n/10 bg_dip_600_800| 

Overfull \hbox (17.31624pt too wide) in paragraph at lines 619--619
[]|\T1/cmr/m/n/10 bg_dip_800_1200| 

Overfull \hbox (22.31502pt too wide) in paragraph at lines 621--621
[]|\T1/cmr/m/n/10 bg_dip_1200_1600| 

Overfull \hbox (13.70601pt too wide) in paragraph at lines 623--623
[]|\T1/cmr/m/n/10 bg_dip_1600_inf| 

Overfull \hbox (55.33208pt too wide) in paragraph at lines 585--626
 [] 

Underfull \hbox (badness 10000) in paragraph at lines 582--627

<selection_0.eps> [12] (./main.aux) )
(see the transcript file for additional information)
Output written on main.dvi (13 pages, 79604 bytes).
Transcript written on main.log.
