This is pdfTeX, Version 3.14159265-2.6-1.40.20 (TeX Live 2019) (preloaded format=pdflatex 2019.5.8)  12 SEP 2020 15:13
entering extended mode
 restricted \write18 enabled.
 %&-line parsing enabled.
**main.tex
(./main.tex
LaTeX2e <2018-12-01>
(/usr/local/texlive/2019/texmf-dist/tex/latex/base/article.cls
Document Class: article 2018/09/03 v1.4i Standard LaTeX document class
(/usr/local/texlive/2019/texmf-dist/tex/latex/base/size10.clo
File: size10.clo 2018/09/03 v1.4i Standard LaTeX file (size option)
)
\c@part=\count80
\c@section=\count81
\c@subsection=\count82
\c@subsubsection=\count83
\c@paragraph=\count84
\c@subparagraph=\count85
\c@figure=\count86
\c@table=\count87
\abovecaptionskip=\skip41
\belowcaptionskip=\skip42
\bibindent=\dimen102
) (./jheppub.sty
Package: jheppub 2012/06/08 r448

(/usr/local/texlive/2019/texmf-dist/tex/latex/amsmath/amsmath.sty
Package: amsmath 2018/12/01 v2.17b AMS math features
\@mathmargin=\skip43

For additional information on amsmath, use the `?' option.
(/usr/local/texlive/2019/texmf-dist/tex/latex/amsmath/amstext.sty
Package: amstext 2000/06/29 v2.01 AMS text

(/usr/local/texlive/2019/texmf-dist/tex/latex/amsmath/amsgen.sty
File: amsgen.sty 1999/11/30 v2.0 generic functions
\@emptytoks=\toks14
\ex@=\dimen103
))
(/usr/local/texlive/2019/texmf-dist/tex/latex/amsmath/amsbsy.sty
Package: amsbsy 1999/11/29 v1.2d Bold Symbols
\pmbraise@=\dimen104
)
(/usr/local/texlive/2019/texmf-dist/tex/latex/amsmath/amsopn.sty
Package: amsopn 2016/03/08 v2.02 operator names
)
\inf@bad=\count88
LaTeX Info: Redefining \frac on input line 223.
\uproot@=\count89
\leftroot@=\count90
LaTeX Info: Redefining \overline on input line 385.
\classnum@=\count91
\DOTSCASE@=\count92
LaTeX Info: Redefining \ldots on input line 482.
LaTeX Info: Redefining \dots on input line 485.
LaTeX Info: Redefining \cdots on input line 606.
\Mathstrutbox@=\box27
\strutbox@=\box28
\big@size=\dimen105
LaTeX Font Info:    Redeclaring font encoding OML on input line 729.
LaTeX Font Info:    Redeclaring font encoding OMS on input line 730.
\macc@depth=\count93
\c@MaxMatrixCols=\count94
\dotsspace@=\muskip10
\c@parentequation=\count95
\dspbrk@lvl=\count96
\tag@help=\toks15
\row@=\count97
\column@=\count98
\maxfields@=\count99
\andhelp@=\toks16
\eqnshift@=\dimen106
\alignsep@=\dimen107
\tagshift@=\dimen108
\tagwidth@=\dimen109
\totwidth@=\dimen110
\lineht@=\dimen111
\@envbody=\toks17
\multlinegap=\skip44
\multlinetaggap=\skip45
\mathdisplay@stack=\toks18
LaTeX Info: Redefining \[ on input line 2844.
LaTeX Info: Redefining \] on input line 2845.
)
(/usr/local/texlive/2019/texmf-dist/tex/latex/amsfonts/amssymb.sty
Package: amssymb 2013/01/14 v3.01 AMS font symbols

(/usr/local/texlive/2019/texmf-dist/tex/latex/amsfonts/amsfonts.sty
Package: amsfonts 2013/01/14 v3.01 Basic AMSFonts support
\symAMSa=\mathgroup4
\symAMSb=\mathgroup5
LaTeX Font Info:    Overwriting math alphabet `\mathfrak' in version `bold'
(Font)                  U/euf/m/n --> U/euf/b/n on input line 106.
))
(/usr/local/texlive/2019/texmf-dist/tex/latex/graphics/epsfig.sty
Package: epsfig 2017/06/25 v1.7b (e)psfig emulation (SPQR)

(/usr/local/texlive/2019/texmf-dist/tex/latex/graphics/graphicx.sty
Package: graphicx 2017/06/01 v1.1a Enhanced LaTeX Graphics (DPC,SPQR)

(/usr/local/texlive/2019/texmf-dist/tex/latex/graphics/keyval.sty
Package: keyval 2014/10/28 v1.15 key=value parser (DPC)
\KV@toks@=\toks19
)
(/usr/local/texlive/2019/texmf-dist/tex/latex/graphics/graphics.sty
Package: graphics 2017/06/25 v1.2c Standard LaTeX Graphics (DPC,SPQR)

(/usr/local/texlive/2019/texmf-dist/tex/latex/graphics/trig.sty
Package: trig 2016/01/03 v1.10 sin cos tan (DPC)
)
(/usr/local/texlive/2019/texmf-dist/tex/latex/graphics-cfg/graphics.cfg
File: graphics.cfg 2016/06/04 v1.11 sample graphics configuration
)
Package graphics Info: Driver file: pdftex.def on input line 99.

(/usr/local/texlive/2019/texmf-dist/tex/latex/graphics-def/pdftex.def
File: pdftex.def 2018/01/08 v1.0l Graphics/color driver for pdftex
))
\Gin@req@height=\dimen112
\Gin@req@width=\dimen113
)
\epsfxsize=\dimen114
\epsfysize=\dimen115
)
(/usr/local/texlive/2019/texmf-dist/tex/latex/natbib/natbib.sty
Package: natbib 2010/09/13 8.31b (PWD, AO)
\bibhang=\skip46
\bibsep=\skip47
LaTeX Info: Redefining \cite on input line 694.
\c@NAT@ctr=\count100
)
(/usr/local/texlive/2019/texmf-dist/tex/latex/graphics/color.sty
Package: color 2016/07/10 v1.1e Standard LaTeX Color (DPC)

(/usr/local/texlive/2019/texmf-dist/tex/latex/graphics-cfg/color.cfg
File: color.cfg 2016/01/02 v1.6 sample color configuration
)
Package color Info: Driver file: pdftex.def on input line 147.
)
(/usr/local/texlive/2019/texmf-dist/tex/latex/hyperref/hyperref.sty
Package: hyperref 2018/11/30 v6.88e Hypertext links for LaTeX

(/usr/local/texlive/2019/texmf-dist/tex/generic/oberdiek/hobsub-hyperref.sty
Package: hobsub-hyperref 2016/05/16 v1.14 Bundle oberdiek, subset hyperref (HO)


(/usr/local/texlive/2019/texmf-dist/tex/generic/oberdiek/hobsub-generic.sty
Package: hobsub-generic 2016/05/16 v1.14 Bundle oberdiek, subset generic (HO)
Package: hobsub 2016/05/16 v1.14 Construct package bundles (HO)
Package: infwarerr 2016/05/16 v1.4 Providing info/warning/error messages (HO)
Package: ltxcmds 2016/05/16 v1.23 LaTeX kernel commands for general use (HO)
Package: ifluatex 2016/05/16 v1.4 Provides the ifluatex switch (HO)
Package ifluatex Info: LuaTeX not detected.
Package: ifvtex 2016/05/16 v1.6 Detect VTeX and its facilities (HO)
Package ifvtex Info: VTeX not detected.
Package: intcalc 2016/05/16 v1.2 Expandable calculations with integers (HO)
Package: ifpdf 2018/09/07 v3.3 Provides the ifpdf switch
Package: etexcmds 2016/05/16 v1.6 Avoid name clashes with e-TeX commands (HO)
Package: kvsetkeys 2016/05/16 v1.17 Key value parser (HO)
Package: kvdefinekeys 2016/05/16 v1.4 Define keys (HO)
Package: pdftexcmds 2018/09/10 v0.29 Utility functions of pdfTeX for LuaTeX (HO
)
Package pdftexcmds Info: LuaTeX not detected.
Package pdftexcmds Info: \pdf@primitive is available.
Package pdftexcmds Info: \pdf@ifprimitive is available.
Package pdftexcmds Info: \pdfdraftmode found.
Package: pdfescape 2016/05/16 v1.14 Implements pdfTeX's escape features (HO)
Package: bigintcalc 2016/05/16 v1.4 Expandable calculations on big integers (HO
)
Package: bitset 2016/05/16 v1.2 Handle bit-vector datatype (HO)
Package: uniquecounter 2016/05/16 v1.3 Provide unlimited unique counter (HO)
)
Package hobsub Info: Skipping package `hobsub' (already loaded).
Package: letltxmacro 2016/05/16 v1.5 Let assignment for LaTeX macros (HO)
Package: hopatch 2016/05/16 v1.3 Wrapper for package hooks (HO)
Package: xcolor-patch 2016/05/16 xcolor patch
Package: atveryend 2016/05/16 v1.9 Hooks at the very end of document (HO)
Package atveryend Info: \enddocument detected (standard20110627).
Package: atbegshi 2016/06/09 v1.18 At begin shipout hook (HO)
Package: refcount 2016/05/16 v3.5 Data extraction from label references (HO)
Package: hycolor 2016/05/16 v1.8 Color options for hyperref/bookmark (HO)
)
(/usr/local/texlive/2019/texmf-dist/tex/generic/ifxetex/ifxetex.sty
Package: ifxetex 2010/09/12 v0.6 Provides ifxetex conditional
)
(/usr/local/texlive/2019/texmf-dist/tex/latex/oberdiek/auxhook.sty
Package: auxhook 2016/05/16 v1.4 Hooks for auxiliary files (HO)
)
(/usr/local/texlive/2019/texmf-dist/tex/latex/oberdiek/kvoptions.sty
Package: kvoptions 2016/05/16 v3.12 Key value format for package options (HO)
)
\@linkdim=\dimen116
\Hy@linkcounter=\count101
\Hy@pagecounter=\count102

(/usr/local/texlive/2019/texmf-dist/tex/latex/hyperref/pd1enc.def
File: pd1enc.def 2018/11/30 v6.88e Hyperref: PDFDocEncoding definition (HO)
Now handling font encoding PD1 ...
... no UTF-8 mapping file for font encoding PD1
)
\Hy@SavedSpaceFactor=\count103

(/usr/local/texlive/2019/texmf-dist/tex/latex/latexconfig/hyperref.cfg
File: hyperref.cfg 2002/06/06 v1.2 hyperref configuration of TeXLive
)
Package hyperref Info: Option `colorlinks' set `true' on input line 4393.


Package hyperref Warning: Option `pagecolor' is not available anymore.

Package hyperref Info: Option `linktocpage' set `true' on input line 4393.
Package hyperref Info: Hyper figures OFF on input line 4519.
Package hyperref Info: Link nesting OFF on input line 4524.
Package hyperref Info: Hyper index ON on input line 4527.
Package hyperref Info: Plain pages OFF on input line 4534.
Package hyperref Info: Backreferencing OFF on input line 4539.
Package hyperref Info: Implicit mode ON; LaTeX internals redefined.
Package hyperref Info: Bookmarks ON on input line 4772.
\c@Hy@tempcnt=\count104
(/usr/local/texlive/2019/texmf-dist/tex/latex/url/url.sty
\Urlmuskip=\muskip11
Package: url 2013/09/16  ver 3.4  Verb mode for urls, etc.
)
LaTeX Info: Redefining \url on input line 5125.
\XeTeXLinkMargin=\dimen117
\Fld@menulength=\count105
\Field@Width=\dimen118
\Fld@charsize=\dimen119
Package hyperref Info: Hyper figures OFF on input line 6380.
Package hyperref Info: Link nesting OFF on input line 6385.
Package hyperref Info: Hyper index ON on input line 6388.
Package hyperref Info: backreferencing OFF on input line 6395.
Package hyperref Info: Link coloring ON on input line 6398.
Package hyperref Info: Link coloring with OCG OFF on input line 6405.
Package hyperref Info: PDF/A mode OFF on input line 6410.
LaTeX Info: Redefining \ref on input line 6450.
LaTeX Info: Redefining \pageref on input line 6454.
\Hy@abspage=\count106
\c@Item=\count107
\c@Hfootnote=\count108
)
Package hyperref Info: Driver (autodetected): hpdftex.

(/usr/local/texlive/2019/texmf-dist/tex/latex/hyperref/hpdftex.def
File: hpdftex.def 2018/11/30 v6.88e Hyperref driver for pdfTeX
\Fld@listcount=\count109
\c@bookmark@seq@number=\count110

(/usr/local/texlive/2019/texmf-dist/tex/latex/oberdiek/rerunfilecheck.sty
Package: rerunfilecheck 2016/05/16 v1.8 Rerun checks for auxiliary files (HO)
Package uniquecounter Info: New unique counter `rerunfilecheck' on input line 2
82.
)
\Hy@SectionHShift=\skip48
)
\auth@toks=\toks20
\affil@toks=\toks21
\email@toks=\toks22
\c@email@counter=\count111
\affiliationsSep=\skip49
LaTeX Font Info:    Try loading font information for OT1+phv on input line 140.


(/usr/local/texlive/2019/texmf-dist/tex/latex/psnfss/ot1phv.fd
File: ot1phv.fd 2001/06/04 scalable font definitions for OT1/phv.
))
(/usr/local/texlive/2019/texmf-dist/tex/latex/base/fontenc.sty
Package: fontenc 2018/08/11 v2.0j Standard LaTeX package

(/usr/local/texlive/2019/texmf-dist/tex/latex/base/t1enc.def
File: t1enc.def 2018/08/11 v2.0j Standard LaTeX file
LaTeX Font Info:    Redeclaring font encoding T1 on input line 48.
))
(/usr/local/texlive/2019/texmf-dist/tex/latex/colortbl/colortbl.sty
Package: colortbl 2018/12/12 v1.0d Color table columns (DPC)

(/usr/local/texlive/2019/texmf-dist/tex/latex/tools/array.sty
Package: array 2018/12/30 v2.4k Tabular extension package (FMi)
\col@sep=\dimen120
\ar@mcellbox=\box29
\extrarowheight=\dimen121
\NC@list=\toks23
\extratabsurround=\skip50
\backup@length=\skip51
\ar@cellbox=\box30
)
\everycr=\toks24
\minrowclearance=\skip52
)
(/usr/local/texlive/2019/texmf-dist/tex/latex/xcolor/xcolor.sty
Package: xcolor 2016/05/11 v2.12 LaTeX color extensions (UK)

(/usr/local/texlive/2019/texmf-dist/tex/latex/graphics-cfg/color.cfg
File: color.cfg 2016/01/02 v1.6 sample color configuration
)
Package xcolor Info: Driver file: pdftex.def on input line 225.
LaTeX Info: Redefining \color on input line 709.
Package xcolor Info: Model `cmy' substituted by `cmy0' on input line 1348.
Package xcolor Info: Model `hsb' substituted by `rgb' on input line 1352.
Package xcolor Info: Model `RGB' extended on input line 1364.
Package xcolor Info: Model `HTML' substituted by `rgb' on input line 1366.
Package xcolor Info: Model `Hsb' substituted by `hsb' on input line 1367.
Package xcolor Info: Model `tHsb' substituted by `hsb' on input line 1368.
Package xcolor Info: Model `HSB' substituted by `hsb' on input line 1369.
Package xcolor Info: Model `Gray' substituted by `gray' on input line 1370.
Package xcolor Info: Model `wave' substituted by `hsb' on input line 1371.
)
(/usr/local/texlive/2019/texmf-dist/tex/latex/float/float.sty
Package: float 2001/11/08 v1.3d Float enhancements (AL)
\c@float@type=\count112
\float@exts=\toks25
\float@box=\box31
\@float@everytoks=\toks26
\@floatcapt=\box32
) (./main.aux)
\openout1 = `main.aux'.

LaTeX Font Info:    Checking defaults for OML/cmm/m/it on input line 37.
LaTeX Font Info:    ... okay on input line 37.
LaTeX Font Info:    Checking defaults for T1/cmr/m/n on input line 37.
LaTeX Font Info:    ... okay on input line 37.
LaTeX Font Info:    Checking defaults for OT1/cmr/m/n on input line 37.
LaTeX Font Info:    ... okay on input line 37.
LaTeX Font Info:    Checking defaults for OMS/cmsy/m/n on input line 37.
LaTeX Font Info:    ... okay on input line 37.
LaTeX Font Info:    Checking defaults for OMX/cmex/m/n on input line 37.
LaTeX Font Info:    ... okay on input line 37.
LaTeX Font Info:    Checking defaults for U/cmr/m/n on input line 37.
LaTeX Font Info:    ... okay on input line 37.
LaTeX Font Info:    Checking defaults for PD1/pdf/m/n on input line 37.
LaTeX Font Info:    ... okay on input line 37.

(/usr/local/texlive/2019/texmf-dist/tex/context/base/mkii/supp-pdf.mkii
[Loading MPS to PDF converter (version 2006.09.02).]
\scratchcounter=\count113
\scratchdimen=\dimen122
\scratchbox=\box33
\nofMPsegments=\count114
\nofMParguments=\count115
\everyMPshowfont=\toks27
\MPscratchCnt=\count116
\MPscratchDim=\dimen123
\MPnumerator=\count117
\makeMPintoPDFobject=\count118
\everyMPtoPDFconversion=\toks28
) (/usr/local/texlive/2019/texmf-dist/tex/latex/oberdiek/epstopdf-base.sty
Package: epstopdf-base 2016/05/15 v2.6 Base part for package epstopdf

(/usr/local/texlive/2019/texmf-dist/tex/latex/oberdiek/grfext.sty
Package: grfext 2016/05/16 v1.2 Manage graphics extensions (HO)
)
Package epstopdf-base Info: Redefining graphics rule for `.eps' on input line 4
38.
Package grfext Info: Graphics extension search list:
(grfext)             [.pdf,.png,.jpg,.mps,.jpeg,.jbig2,.jb2,.PDF,.PNG,.JPG,.JPE
G,.JBIG2,.JB2,.eps]
(grfext)             \AppendGraphicsExtensions on input line 456.

(/usr/local/texlive/2019/texmf-dist/tex/latex/latexconfig/epstopdf-sys.cfg
File: epstopdf-sys.cfg 2010/07/13 v1.3 Configuration of (r)epstopdf for TeX Liv
e
))
\AtBeginShipoutBox=\box34
Package hyperref Info: Link coloring ON on input line 37.

(/usr/local/texlive/2019/texmf-dist/tex/latex/hyperref/nameref.sty
Package: nameref 2016/05/21 v2.44 Cross-referencing by name of section

(/usr/local/texlive/2019/texmf-dist/tex/generic/oberdiek/gettitlestring.sty
Package: gettitlestring 2016/05/16 v1.5 Cleanup title references (HO)
)
\c@section@level=\count119
)
LaTeX Info: Redefining \ref on input line 37.
LaTeX Info: Redefining \pageref on input line 37.
LaTeX Info: Redefining \nameref on input line 37.

(./main.out) (./main.out)
\@outlinefile=\write3
\openout3 = `main.out'.

LaTeX Font Info:    Try loading font information for T1+cmss on input line 38.

(/usr/local/texlive/2019/texmf-dist/tex/latex/base/t1cmss.fd
File: t1cmss.fd 2014/09/29 v2.5h Standard LaTeX font definitions
)
<logo.png, id=176, 325.215pt x 92.59593pt>
File: logo.png Graphic file (type png)
<use logo.png>
Package pdftex.def Info: logo.png  used on input line 38.
(pdftex.def)             Requested size: 130.0837pt x 37.0377pt.


Package JHEP Warning: E-mails are missing.
(JHEP)                Plese use \emailAdd macro to provide e-mails..

LaTeX Font Info:    Try loading font information for U+msa on input line 38.
(/usr/local/texlive/2019/texmf-dist/tex/latex/amsfonts/umsa.fd
File: umsa.fd 2013/01/14 v3.01 AMS symbols A
)
LaTeX Font Info:    Try loading font information for U+msb on input line 38.

(/usr/local/texlive/2019/texmf-dist/tex/latex/amsfonts/umsb.fd
File: umsb.fd 2013/01/14 v3.01 AMS symbols B
)
Underfull \hbox (badness 10000) in paragraph at lines 38--38

 []


Underfull \hbox (badness 10000) in paragraph at lines 38--38

 []


Underfull \hbox (badness 10000) in paragraph at lines 38--38

 []


Underfull \hbox (badness 10000) in paragraph at lines 38--38

 []

[0

{/usr/local/texlive/2019/texmf-var/fonts/map/pdftex/updmap/pdftex.map} <./logo.
png>] (./main.toc)
\tf@toc=\write4
\openout4 = `main.toc'.

 [1] [2]
LaTeX Font Info:    Try loading font information for T1+cmtt on input line 50.

(/usr/local/texlive/2019/texmf-dist/tex/latex/base/t1cmtt.fd
File: t1cmtt.fd 2014/09/29 v2.5h Standard LaTeX font definitions
)
Overfull \hbox (26.4321pt too wide) in paragraph at lines 50--343
\T1/cmtt/m/n/10 ma5># set directory where running "./-bin/-ma5"; set lumi; defi
ne the signal significance 
 []


Overfull \hbox (31.68082pt too wide) in paragraph at lines 50--343
\T1/cmtt/m/n/10 ma5>set main.currentdir = /-Users/-elijahsheridan/-MG5_aMC_v2_6
_5/-axion_pheno/-madgraph_data
 []


Overfull \hbox (31.68082pt too wide) in paragraph at lines 50--343
\T1/cmtt/m/n/10 ma5>import /-Users/-elijahsheridan/-MG5_aMC_v2_6_5/-axion_pheno
/-madgraph_data/-axion_signal/-
 []


Overfull \hbox (31.68082pt too wide) in paragraph at lines 50--343
\T1/cmtt/m/n/10 ma5>import /-Users/-elijahsheridan/-MG5_aMC_v2_6_5/-axion_pheno
/-madgraph_data/-axion_signal/-
 []


Overfull \hbox (31.68082pt too wide) in paragraph at lines 50--343
\T1/cmtt/m/n/10 ma5>import /-Users/-elijahsheridan/-MG5_aMC_v2_6_5/-axion_pheno
/-madgraph_data/-axion_signal/-
 []


Overfull \hbox (31.68082pt too wide) in paragraph at lines 50--343
\T1/cmtt/m/n/10 ma5>import /-Users/-elijahsheridan/-MG5_aMC_v2_6_5/-axion_pheno
/-madgraph_data/-axion_signal/-
 []


Overfull \hbox (152.40134pt too wide) in paragraph at lines 50--343
\T1/cmtt/m/n/10 ma5>import /-Users/-elijahsheridan/-MG5_aMC_v2_6_5/-axion_pheno
/-madgraph_data/-diphoton_double_isr_background_data/-
 []


Overfull \hbox (152.40134pt too wide) in paragraph at lines 50--343
\T1/cmtt/m/n/10 ma5>import /-Users/-elijahsheridan/-MG5_aMC_v2_6_5/-axion_pheno
/-madgraph_data/-diphoton_double_isr_background_data/-
 []


Overfull \hbox (10.68594pt too wide) in paragraph at lines 50--343
\T1/cmtt/m/n/10 merged_lhe/-diphoton_double_isr_background_ht_100_200_merged.lh
e.gz as bg_dip_100_200 
 []


Overfull \hbox (152.40134pt too wide) in paragraph at lines 50--343
\T1/cmtt/m/n/10 ma5>import /-Users/-elijahsheridan/-MG5_aMC_v2_6_5/-axion_pheno
/-madgraph_data/-diphoton_double_isr_background_data/-
 []


Overfull \hbox (10.68594pt too wide) in paragraph at lines 50--343
\T1/cmtt/m/n/10 merged_lhe/-diphoton_double_isr_background_ht_200_400_merged.lh
e.gz as bg_dip_200_400 
 []


Overfull \hbox (152.40134pt too wide) in paragraph at lines 50--343
\T1/cmtt/m/n/10 ma5>import /-Users/-elijahsheridan/-MG5_aMC_v2_6_5/-axion_pheno
/-madgraph_data/-diphoton_double_isr_background_data/-
 []


Overfull \hbox (10.68594pt too wide) in paragraph at lines 50--343
\T1/cmtt/m/n/10 merged_lhe/-diphoton_double_isr_background_ht_400_600_merged.lh
e.gz as bg_dip_400_600 
 []


Overfull \hbox (152.40134pt too wide) in paragraph at lines 50--343
\T1/cmtt/m/n/10 ma5>import /-Users/-elijahsheridan/-MG5_aMC_v2_6_5/-axion_pheno
/-madgraph_data/-diphoton_double_isr_background_data/-
 []


Overfull \hbox (10.68594pt too wide) in paragraph at lines 50--343
\T1/cmtt/m/n/10 merged_lhe/-diphoton_double_isr_background_ht_600_800_merged.lh
e.gz as bg_dip_600_800 
 []


Overfull \hbox (152.40134pt too wide) in paragraph at lines 50--343
\T1/cmtt/m/n/10 ma5>import /-Users/-elijahsheridan/-MG5_aMC_v2_6_5/-axion_pheno
/-madgraph_data/-diphoton_double_isr_background_data/-
 []


Overfull \hbox (21.18338pt too wide) in paragraph at lines 50--343
\T1/cmtt/m/n/10 merged_lhe/-diphoton_double_isr_background_ht_800_1200_merged.l
he.gz as bg_dip_800_1200 
 []


Overfull \hbox (152.40134pt too wide) in paragraph at lines 50--343
\T1/cmtt/m/n/10 ma5>import /-Users/-elijahsheridan/-MG5_aMC_v2_6_5/-axion_pheno
/-madgraph_data/-diphoton_double_isr_background_data/-
 []


Overfull \hbox (31.68082pt too wide) in paragraph at lines 50--343
\T1/cmtt/m/n/10 merged_lhe/-diphoton_double_isr_background_ht_1200_1600_merged.
lhe.gz as bg_dip_1200_1600 
 []


Overfull \hbox (152.40134pt too wide) in paragraph at lines 50--343
\T1/cmtt/m/n/10 ma5>import /-Users/-elijahsheridan/-MG5_aMC_v2_6_5/-axion_pheno
/-madgraph_data/-diphoton_double_isr_background_data/-
 []


Overfull \hbox (21.18338pt too wide) in paragraph at lines 50--343
\T1/cmtt/m/n/10 merged_lhe/-diphoton_double_isr_background_ht_1600_inf_merged.l
he.gz as bg_dip_1600_inf 
 []


Overfull \hbox (115.66031pt too wide) in paragraph at lines 50--343
\T1/cmtt/m/n/10 ma5>import /-Users/-elijahsheridan/-MG5_aMC_v2_6_5/-axion_pheno
/-madgraph_data/-vbf_diphoton_background_data/-
 []


Overfull \hbox (115.66031pt too wide) in paragraph at lines 50--343
\T1/cmtt/m/n/10 ma5>import /-Users/-elijahsheridan/-MG5_aMC_v2_6_5/-axion_pheno
/-madgraph_data/-vbf_diphoton_background_data/-
 []


Overfull \hbox (115.66031pt too wide) in paragraph at lines 50--343
\T1/cmtt/m/n/10 ma5>import /-Users/-elijahsheridan/-MG5_aMC_v2_6_5/-axion_pheno
/-madgraph_data/-vbf_diphoton_background_data/-
 []


Overfull \hbox (115.66031pt too wide) in paragraph at lines 50--343
\T1/cmtt/m/n/10 ma5>import /-Users/-elijahsheridan/-MG5_aMC_v2_6_5/-axion_pheno
/-madgraph_data/-vbf_diphoton_background_data/-
 []


Overfull \hbox (115.66031pt too wide) in paragraph at lines 50--343
\T1/cmtt/m/n/10 ma5>import /-Users/-elijahsheridan/-MG5_aMC_v2_6_5/-axion_pheno
/-madgraph_data/-vbf_diphoton_background_data/-
 []


Overfull \hbox (115.66031pt too wide) in paragraph at lines 50--343
\T1/cmtt/m/n/10 ma5>import /-Users/-elijahsheridan/-MG5_aMC_v2_6_5/-axion_pheno
/-madgraph_data/-vbf_diphoton_background_data/-
 []


Overfull \hbox (115.66031pt too wide) in paragraph at lines 50--343
\T1/cmtt/m/n/10 ma5>import /-Users/-elijahsheridan/-MG5_aMC_v2_6_5/-axion_pheno
/-madgraph_data/-vbf_diphoton_background_data/-
 []


Overfull \hbox (115.66031pt too wide) in paragraph at lines 50--343
\T1/cmtt/m/n/10 ma5>import /-Users/-elijahsheridan/-MG5_aMC_v2_6_5/-axion_pheno
/-madgraph_data/-vbf_diphoton_background_data/-
 []


Overfull \hbox (36.92953pt too wide) in paragraph at lines 50--343
\T1/cmtt/m/n/10 ma5>select ((sdETA(jets[1] jets[2]) > 2.6 or sdETA(jets[1] jets
[2]) < -2.6) and M(jets[1]
 []


Underfull \hbox (badness 10000) in paragraph at lines 50--343

 []

[3] [4] [5]
LaTeX Font Info:    Try loading font information for OMS+cmr on input line 346.

 (/usr/local/texlive/2019/texmf-dist/tex/latex/base/omscmr.fd
File: omscmr.fd 2014/09/29 v2.5h Standard LaTeX font definitions
)
LaTeX Font Info:    Font shape `OMS/cmr/m/n' in size <10> not available
(Font)              Font shape `OMS/cmsy/m/n' tried instead on input line 346.

[6]
Underfull \hbox (badness 10000) in paragraph at lines 372--372
[]|\T1/cmr/m/n/10 /-Users/-elijahsheridan/-
 []


Underfull \hbox (badness 10000) in paragraph at lines 372--372
\T1/cmr/m/n/10 MG5_aMC_v2_6_5/-
 []


Underfull \hbox (badness 10000) in paragraph at lines 372--372
\T1/cmr/m/n/10 axion_pheno/-
 []


Underfull \hbox (badness 10000) in paragraph at lines 372--372
\T1/cmr/m/n/10 madgraph_data/-axion_signal/-
 []


Underfull \hbox (badness 10000) in paragraph at lines 372--372
\T1/cmr/m/n/10 on_discovery_contour/-
 []


Overfull \hbox (2.49881pt too wide) in paragraph at lines 372--372
\T1/cmr/m/n/10 ma100MeV_L1pt8TeV_deta2.lhe.gz| 
 []


Overfull \hbox (18.13213pt too wide) in paragraph at lines 368--375
 [] 
 []


Underfull \hbox (badness 10000) in paragraph at lines 394--394
[]|\T1/cmr/m/n/10 /-Users/-elijahsheridan/-
 []


Underfull \hbox (badness 10000) in paragraph at lines 394--394
\T1/cmr/m/n/10 MG5_aMC_v2_6_5/-
 []


Underfull \hbox (badness 10000) in paragraph at lines 394--394
\T1/cmr/m/n/10 axion_pheno/-
 []


Underfull \hbox (badness 10000) in paragraph at lines 394--394
\T1/cmr/m/n/10 madgraph_data/-axion_signal/-
 []


Underfull \hbox (badness 10000) in paragraph at lines 394--394
\T1/cmr/m/n/10 on_discovery_contour/-
 []


Overfull \hbox (18.13213pt too wide) in paragraph at lines 390--397
 [] 
 []

[7]
Underfull \hbox (badness 10000) in paragraph at lines 416--416
[]|\T1/cmr/m/n/10 /-Users/-elijahsheridan/-
 []


Underfull \hbox (badness 10000) in paragraph at lines 416--416
\T1/cmr/m/n/10 MG5_aMC_v2_6_5/-
 []


Underfull \hbox (badness 10000) in paragraph at lines 416--416
\T1/cmr/m/n/10 axion_pheno/-
 []


Underfull \hbox (badness 10000) in paragraph at lines 416--416
\T1/cmr/m/n/10 madgraph_data/-axion_signal/-
 []


Underfull \hbox (badness 10000) in paragraph at lines 416--416
\T1/cmr/m/n/10 on_discovery_contour/-
 []


Overfull \hbox (2.49881pt too wide) in paragraph at lines 416--416
\T1/cmr/m/n/10 ma100MeV_L2pt2TeV_deta2.lhe.gz| 
 []


Overfull \hbox (18.13213pt too wide) in paragraph at lines 412--419
 [] 
 []


Underfull \hbox (badness 10000) in paragraph at lines 438--438
[]|\T1/cmr/m/n/10 /-Users/-elijahsheridan/-
 []


Underfull \hbox (badness 10000) in paragraph at lines 438--438
\T1/cmr/m/n/10 MG5_aMC_v2_6_5/-
 []


Underfull \hbox (badness 10000) in paragraph at lines 438--438
\T1/cmr/m/n/10 axion_pheno/-
 []


Underfull \hbox (badness 10000) in paragraph at lines 438--438
\T1/cmr/m/n/10 madgraph_data/-axion_signal/-
 []


Underfull \hbox (badness 10000) in paragraph at lines 438--438
\T1/cmr/m/n/10 on_discovery_contour/-
 []


Overfull \hbox (2.49881pt too wide) in paragraph at lines 438--438
\T1/cmr/m/n/10 ma100MeV_L2pt4TeV_deta2.lhe.gz| 
 []


Overfull \hbox (18.13213pt too wide) in paragraph at lines 434--441
 [] 
 []


Underfull \hbox (badness 10000) in paragraph at lines 460--460
[]|\T1/cmr/m/n/10 /-Users/-elijahsheridan/-
 []


Underfull \hbox (badness 10000) in paragraph at lines 460--460
\T1/cmr/m/n/10 MG5_aMC_v2_6_5/-
 []


Underfull \hbox (badness 10000) in paragraph at lines 460--460
\T1/cmr/m/n/10 axion_pheno/-madgraph_data/-
 []


Overfull \hbox (31.35287pt too wide) in paragraph at lines 460--460
\T1/cmr/m/n/10 diphoton_double_isr_background_data/-
 []


Underfull \hbox (badness 10000) in paragraph at lines 460--460
\T1/cmr/m/n/10 merged_lhe/-
 []


Overfull \hbox (115.52676pt too wide) in paragraph at lines 460--460
\T1/cmr/m/n/10 diphoton_double_isr_background_ht_0_100_merged.lhe.gz| 
 []


Overfull \hbox (18.13213pt too wide) in paragraph at lines 456--463
 [] 
 []

[8]
Underfull \hbox (badness 10000) in paragraph at lines 482--482
[]|\T1/cmr/m/n/10 /-Users/-elijahsheridan/-
 []


Underfull \hbox (badness 10000) in paragraph at lines 482--482
\T1/cmr/m/n/10 MG5_aMC_v2_6_5/-
 []


Underfull \hbox (badness 10000) in paragraph at lines 482--482
\T1/cmr/m/n/10 axion_pheno/-madgraph_data/-
 []


Overfull \hbox (31.35287pt too wide) in paragraph at lines 482--482
\T1/cmr/m/n/10 diphoton_double_isr_background_data/-
 []


Underfull \hbox (badness 10000) in paragraph at lines 482--482
\T1/cmr/m/n/10 merged_lhe/-
 []


Overfull \hbox (125.52432pt too wide) in paragraph at lines 482--482
\T1/cmr/m/n/10 diphoton_double_isr_background_ht_100_200_merged.lhe.gz| 
 []


Overfull \hbox (18.13213pt too wide) in paragraph at lines 478--485
 [] 
 []


Underfull \hbox (badness 10000) in paragraph at lines 504--504
[]|\T1/cmr/m/n/10 /-Users/-elijahsheridan/-
 []


Underfull \hbox (badness 10000) in paragraph at lines 504--504
\T1/cmr/m/n/10 MG5_aMC_v2_6_5/-
 []


Underfull \hbox (badness 10000) in paragraph at lines 504--504
\T1/cmr/m/n/10 axion_pheno/-madgraph_data/-
 []


Overfull \hbox (31.35287pt too wide) in paragraph at lines 504--504
\T1/cmr/m/n/10 diphoton_double_isr_background_data/-
 []


Underfull \hbox (badness 10000) in paragraph at lines 504--504
\T1/cmr/m/n/10 merged_lhe/-
 []


Overfull \hbox (125.52432pt too wide) in paragraph at lines 504--504
\T1/cmr/m/n/10 diphoton_double_isr_background_ht_200_400_merged.lhe.gz| 
 []


Overfull \hbox (18.13213pt too wide) in paragraph at lines 500--507
 [] 
 []

[9]
Underfull \hbox (badness 10000) in paragraph at lines 526--526
[]|\T1/cmr/m/n/10 /-Users/-elijahsheridan/-
 []


Underfull \hbox (badness 10000) in paragraph at lines 526--526
\T1/cmr/m/n/10 MG5_aMC_v2_6_5/-
 []


Underfull \hbox (badness 10000) in paragraph at lines 526--526
\T1/cmr/m/n/10 axion_pheno/-madgraph_data/-
 []


Overfull \hbox (31.35287pt too wide) in paragraph at lines 526--526
\T1/cmr/m/n/10 diphoton_double_isr_background_data/-
 []


Underfull \hbox (badness 10000) in paragraph at lines 526--526
\T1/cmr/m/n/10 merged_lhe/-
 []


Overfull \hbox (125.52432pt too wide) in paragraph at lines 526--526
\T1/cmr/m/n/10 diphoton_double_isr_background_ht_400_600_merged.lhe.gz| 
 []


Overfull \hbox (18.13213pt too wide) in paragraph at lines 522--529
 [] 
 []


Underfull \hbox (badness 10000) in paragraph at lines 548--548
[]|\T1/cmr/m/n/10 /-Users/-elijahsheridan/-
 []


Underfull \hbox (badness 10000) in paragraph at lines 548--548
\T1/cmr/m/n/10 MG5_aMC_v2_6_5/-
 []


Underfull \hbox (badness 10000) in paragraph at lines 548--548
\T1/cmr/m/n/10 axion_pheno/-madgraph_data/-
 []


Overfull \hbox (31.35287pt too wide) in paragraph at lines 548--548
\T1/cmr/m/n/10 diphoton_double_isr_background_data/-
 []


Underfull \hbox (badness 10000) in paragraph at lines 548--548
\T1/cmr/m/n/10 merged_lhe/-
 []


Overfull \hbox (125.52432pt too wide) in paragraph at lines 548--548
\T1/cmr/m/n/10 diphoton_double_isr_background_ht_600_800_merged.lhe.gz| 
 []


Overfull \hbox (18.13213pt too wide) in paragraph at lines 544--551
 [] 
 []


Underfull \hbox (badness 10000) in paragraph at lines 570--570
[]|\T1/cmr/m/n/10 /-Users/-elijahsheridan/-
 []


Underfull \hbox (badness 10000) in paragraph at lines 570--570
\T1/cmr/m/n/10 MG5_aMC_v2_6_5/-
 []


Underfull \hbox (badness 10000) in paragraph at lines 570--570
\T1/cmr/m/n/10 axion_pheno/-madgraph_data/-
 []


Overfull \hbox (31.35287pt too wide) in paragraph at lines 570--570
\T1/cmr/m/n/10 diphoton_double_isr_background_data/-
 []


Underfull \hbox (badness 10000) in paragraph at lines 570--570
\T1/cmr/m/n/10 merged_lhe/-
 []


Overfull \hbox (130.5231pt too wide) in paragraph at lines 570--570
\T1/cmr/m/n/10 diphoton_double_isr_background_ht_800_1200_merged.lhe.gz| 
 []


Overfull \hbox (18.13213pt too wide) in paragraph at lines 566--573
 [] 
 []

[10]
Underfull \hbox (badness 10000) in paragraph at lines 592--592
[]|\T1/cmr/m/n/10 /-Users/-elijahsheridan/-
 []


Underfull \hbox (badness 10000) in paragraph at lines 592--592
\T1/cmr/m/n/10 MG5_aMC_v2_6_5/-
 []


Underfull \hbox (badness 10000) in paragraph at lines 592--592
\T1/cmr/m/n/10 axion_pheno/-madgraph_data/-
 []


Overfull \hbox (31.35287pt too wide) in paragraph at lines 592--592
\T1/cmr/m/n/10 diphoton_double_isr_background_data/-
 []


Underfull \hbox (badness 10000) in paragraph at lines 592--592
\T1/cmr/m/n/10 merged_lhe/-
 []


Overfull \hbox (135.52188pt too wide) in paragraph at lines 592--592
\T1/cmr/m/n/10 diphoton_double_isr_background_ht_1200_1600_merged.lhe.gz| 
 []


Overfull \hbox (18.13213pt too wide) in paragraph at lines 588--595
 [] 
 []


Underfull \hbox (badness 10000) in paragraph at lines 614--614
[]|\T1/cmr/m/n/10 /-Users/-elijahsheridan/-
 []


Underfull \hbox (badness 10000) in paragraph at lines 614--614
\T1/cmr/m/n/10 MG5_aMC_v2_6_5/-
 []


Underfull \hbox (badness 10000) in paragraph at lines 614--614
\T1/cmr/m/n/10 axion_pheno/-madgraph_data/-
 []


Overfull \hbox (31.35287pt too wide) in paragraph at lines 614--614
\T1/cmr/m/n/10 diphoton_double_isr_background_data/-
 []


Underfull \hbox (badness 10000) in paragraph at lines 614--614
\T1/cmr/m/n/10 merged_lhe/-
 []


Overfull \hbox (126.91287pt too wide) in paragraph at lines 614--614
\T1/cmr/m/n/10 diphoton_double_isr_background_ht_1600_inf_merged.lhe.gz| 
 []


Overfull \hbox (18.13213pt too wide) in paragraph at lines 610--617
 [] 
 []

[11]
Underfull \hbox (badness 10000) in paragraph at lines 636--636
[]|\T1/cmr/m/n/10 /-Users/-elijahsheridan/-
 []


Underfull \hbox (badness 10000) in paragraph at lines 636--636
\T1/cmr/m/n/10 MG5_aMC_v2_6_5/-
 []


Underfull \hbox (badness 10000) in paragraph at lines 636--636
\T1/cmr/m/n/10 axion_pheno/-madgraph_data/-
 []


Underfull \hbox (badness 10000) in paragraph at lines 636--636
\T1/cmr/m/n/10 vbf_diphoton_background_data/-
 []


Underfull \hbox (badness 10000) in paragraph at lines 636--636
\T1/cmr/m/n/10 merged_lhe/-
 []


Overfull \hbox (82.11826pt too wide) in paragraph at lines 636--636
\T1/cmr/m/n/10 vbf_diphoton_background_ht_0_100_merged.lhe.gz| 
 []


Overfull \hbox (18.13213pt too wide) in paragraph at lines 632--639
 [] 
 []


Underfull \hbox (badness 10000) in paragraph at lines 658--658
[]|\T1/cmr/m/n/10 /-Users/-elijahsheridan/-
 []


Underfull \hbox (badness 10000) in paragraph at lines 658--658
\T1/cmr/m/n/10 MG5_aMC_v2_6_5/-
 []


Underfull \hbox (badness 10000) in paragraph at lines 658--658
\T1/cmr/m/n/10 axion_pheno/-madgraph_data/-
 []


Underfull \hbox (badness 10000) in paragraph at lines 658--658
\T1/cmr/m/n/10 vbf_diphoton_background_data/-
 []


Underfull \hbox (badness 10000) in paragraph at lines 658--658
\T1/cmr/m/n/10 merged_lhe/-
 []


Overfull \hbox (92.11581pt too wide) in paragraph at lines 658--658
\T1/cmr/m/n/10 vbf_diphoton_background_ht_100_200_merged.lhe.gz| 
 []


Overfull \hbox (18.13213pt too wide) in paragraph at lines 654--661
 [] 
 []


Underfull \hbox (badness 10000) in paragraph at lines 680--680
[]|\T1/cmr/m/n/10 /-Users/-elijahsheridan/-
 []


Underfull \hbox (badness 10000) in paragraph at lines 680--680
\T1/cmr/m/n/10 MG5_aMC_v2_6_5/-
 []


Underfull \hbox (badness 10000) in paragraph at lines 680--680
\T1/cmr/m/n/10 axion_pheno/-madgraph_data/-
 []


Underfull \hbox (badness 10000) in paragraph at lines 680--680
\T1/cmr/m/n/10 vbf_diphoton_background_data/-
 []


Underfull \hbox (badness 10000) in paragraph at lines 680--680
\T1/cmr/m/n/10 merged_lhe/-
 []


Overfull \hbox (92.11581pt too wide) in paragraph at lines 680--680
\T1/cmr/m/n/10 vbf_diphoton_background_ht_200_400_merged.lhe.gz| 
 []


Overfull \hbox (18.13213pt too wide) in paragraph at lines 676--683
 [] 
 []

[12]
Underfull \hbox (badness 10000) in paragraph at lines 702--702
[]|\T1/cmr/m/n/10 /-Users/-elijahsheridan/-
 []


Underfull \hbox (badness 10000) in paragraph at lines 702--702
\T1/cmr/m/n/10 MG5_aMC_v2_6_5/-
 []


Underfull \hbox (badness 10000) in paragraph at lines 702--702
\T1/cmr/m/n/10 axion_pheno/-madgraph_data/-
 []


Underfull \hbox (badness 10000) in paragraph at lines 702--702
\T1/cmr/m/n/10 vbf_diphoton_background_data/-
 []


Underfull \hbox (badness 10000) in paragraph at lines 702--702
\T1/cmr/m/n/10 merged_lhe/-
 []


Overfull \hbox (92.11581pt too wide) in paragraph at lines 702--702
\T1/cmr/m/n/10 vbf_diphoton_background_ht_400_600_merged.lhe.gz| 
 []


Overfull \hbox (18.13213pt too wide) in paragraph at lines 698--705
 [] 
 []


Underfull \hbox (badness 10000) in paragraph at lines 724--724
[]|\T1/cmr/m/n/10 /-Users/-elijahsheridan/-
 []


Underfull \hbox (badness 10000) in paragraph at lines 724--724
\T1/cmr/m/n/10 MG5_aMC_v2_6_5/-
 []


Underfull \hbox (badness 10000) in paragraph at lines 724--724
\T1/cmr/m/n/10 axion_pheno/-madgraph_data/-
 []


Underfull \hbox (badness 10000) in paragraph at lines 724--724
\T1/cmr/m/n/10 vbf_diphoton_background_data/-
 []


Underfull \hbox (badness 10000) in paragraph at lines 724--724
\T1/cmr/m/n/10 merged_lhe/-
 []


Overfull \hbox (92.11581pt too wide) in paragraph at lines 724--724
\T1/cmr/m/n/10 vbf_diphoton_background_ht_600_800_merged.lhe.gz| 
 []


Overfull \hbox (18.13213pt too wide) in paragraph at lines 720--727
 [] 
 []

[13]
Underfull \hbox (badness 10000) in paragraph at lines 746--746
[]|\T1/cmr/m/n/10 /-Users/-elijahsheridan/-
 []


Underfull \hbox (badness 10000) in paragraph at lines 746--746
\T1/cmr/m/n/10 MG5_aMC_v2_6_5/-
 []


Underfull \hbox (badness 10000) in paragraph at lines 746--746
\T1/cmr/m/n/10 axion_pheno/-madgraph_data/-
 []


Underfull \hbox (badness 10000) in paragraph at lines 746--746
\T1/cmr/m/n/10 vbf_diphoton_background_data/-
 []


Underfull \hbox (badness 10000) in paragraph at lines 746--746
\T1/cmr/m/n/10 merged_lhe/-
 []


Overfull \hbox (97.1146pt too wide) in paragraph at lines 746--746
\T1/cmr/m/n/10 vbf_diphoton_background_ht_800_1200_merged.lhe.gz| 
 []


Overfull \hbox (18.13213pt too wide) in paragraph at lines 742--749
 [] 
 []


Underfull \hbox (badness 10000) in paragraph at lines 768--768
[]|\T1/cmr/m/n/10 /-Users/-elijahsheridan/-
 []


Underfull \hbox (badness 10000) in paragraph at lines 768--768
\T1/cmr/m/n/10 MG5_aMC_v2_6_5/-
 []


Underfull \hbox (badness 10000) in paragraph at lines 768--768
\T1/cmr/m/n/10 axion_pheno/-madgraph_data/-
 []


Underfull \hbox (badness 10000) in paragraph at lines 768--768
\T1/cmr/m/n/10 vbf_diphoton_background_data/-
 []


Underfull \hbox (badness 10000) in paragraph at lines 768--768
\T1/cmr/m/n/10 merged_lhe/-
 []


Overfull \hbox (102.11337pt too wide) in paragraph at lines 768--768
\T1/cmr/m/n/10 vbf_diphoton_background_ht_1200_1600_merged.lhe.gz| 
 []


Overfull \hbox (18.13213pt too wide) in paragraph at lines 764--771
 [] 
 []


Underfull \hbox (badness 10000) in paragraph at lines 790--790
[]|\T1/cmr/m/n/10 /-Users/-elijahsheridan/-
 []


Underfull \hbox (badness 10000) in paragraph at lines 790--790
\T1/cmr/m/n/10 MG5_aMC_v2_6_5/-
 []


Underfull \hbox (badness 10000) in paragraph at lines 790--790
\T1/cmr/m/n/10 axion_pheno/-madgraph_data/-
 []


Underfull \hbox (badness 10000) in paragraph at lines 790--790
\T1/cmr/m/n/10 vbf_diphoton_background_data/-
 []


Underfull \hbox (badness 10000) in paragraph at lines 790--790
\T1/cmr/m/n/10 merged_lhe/-
 []


Overfull \hbox (93.50436pt too wide) in paragraph at lines 790--790
\T1/cmr/m/n/10 vbf_diphoton_background_ht_1600_inf_merged.lhe.gz| 
 []


Overfull \hbox (18.13213pt too wide) in paragraph at lines 786--793
 [] 
 []

[14] [15]
Underfull \hbox (badness 4872) in paragraph at lines 810--811
[]|\T1/cmr/m/n/10 Rejected events:
 []


Overfull \hbox (11.7444pt too wide) in paragraph at lines 815--815
[]|\T1/cmr/m/n/10 signal_1pt8tevl| 
 []


Overfull \hbox (11.7444pt too wide) in paragraph at lines 819--819
[]|\T1/cmr/m/n/10 signal_2pt2tevl| 
 []


Overfull \hbox (11.7444pt too wide) in paragraph at lines 821--821
[]|\T1/cmr/m/n/10 signal_2pt4tevl| 
 []


Overfull \hbox (10.85573pt too wide) in paragraph at lines 823--823
[]|\T1/cmr/m/n/10 bg_dip_0_100| 
 []


Overfull \hbox (20.85329pt too wide) in paragraph at lines 825--825
[]|\T1/cmr/m/n/10 bg_dip_100_200| 
 []


Overfull \hbox (20.85329pt too wide) in paragraph at lines 827--827
[]|\T1/cmr/m/n/10 bg_dip_200_400| 
 []


Overfull \hbox (20.85329pt too wide) in paragraph at lines 829--829
[]|\T1/cmr/m/n/10 bg_dip_400_600| 
 []


Underfull \hbox (badness 10000) in paragraph at lines 829--829
[]|\T1/cmr/m/n/10 0.001021 +/--
 []


Underfull \hbox (badness 10000) in paragraph at lines 829--830
[]|\T1/cmr/m/n/10 0.001021 +/--
 []


Overfull \hbox (20.85329pt too wide) in paragraph at lines 831--831
[]|\T1/cmr/m/n/10 bg_dip_600_800| 
 []


Underfull \hbox (badness 10000) in paragraph at lines 831--831
[]|\T1/cmr/m/n/10 0.001778 +/--
 []


Underfull \hbox (badness 10000) in paragraph at lines 831--832
[]|\T1/cmr/m/n/10 0.001778 +/--
 []


Overfull \hbox (25.85207pt too wide) in paragraph at lines 833--833
[]|\T1/cmr/m/n/10 bg_dip_800_1200| 
 []


Underfull \hbox (badness 10000) in paragraph at lines 833--833
[]|\T1/cmr/m/n/10 0.002086 +/--
 []


Underfull \hbox (badness 10000) in paragraph at lines 833--834
[]|\T1/cmr/m/n/10 0.002086 +/--
 []


Overfull \hbox (30.85085pt too wide) in paragraph at lines 835--835
[]|\T1/cmr/m/n/10 bg_dip_1200_1600| 
 []


Overfull \hbox (22.24184pt too wide) in paragraph at lines 837--837
[]|\T1/cmr/m/n/10 bg_dip_1600_inf| 
 []


Underfull \hbox (badness 10000) in paragraph at lines 837--837
[]|\T1/cmr/m/n/10 0.000701 +/--
 []


Underfull \hbox (badness 10000) in paragraph at lines 837--838
[]|\T1/cmr/m/n/10 0.000701 +/--
 []


Overfull \hbox (10.85573pt too wide) in paragraph at lines 839--839
[]|\T1/cmr/m/n/10 bg_vbf_0_100| 
 []


Overfull \hbox (20.85329pt too wide) in paragraph at lines 841--841
[]|\T1/cmr/m/n/10 bg_vbf_100_200| 
 []


Underfull \hbox (badness 10000) in paragraph at lines 841--841
[]|\T1/cmr/m/n/10 0.000120 +/--
 []


Underfull \hbox (badness 10000) in paragraph at lines 841--842
[]|\T1/cmr/m/n/10 0.000120 +/--
 []


Overfull \hbox (20.85329pt too wide) in paragraph at lines 843--843
[]|\T1/cmr/m/n/10 bg_vbf_200_400| 
 []


Underfull \hbox (badness 10000) in paragraph at lines 843--843
[]|\T1/cmr/m/n/10 0.001235 +/--
 []


Underfull \hbox (badness 10000) in paragraph at lines 843--844
[]|\T1/cmr/m/n/10 0.001235 +/--
 []


Overfull \hbox (20.85329pt too wide) in paragraph at lines 845--845
[]|\T1/cmr/m/n/10 bg_vbf_400_600| 
 []


Overfull \hbox (20.85329pt too wide) in paragraph at lines 847--847
[]|\T1/cmr/m/n/10 bg_vbf_600_800| 
 []


Overfull \hbox (25.85207pt too wide) in paragraph at lines 849--849
[]|\T1/cmr/m/n/10 bg_vbf_800_1200| 
 []


Overfull \hbox (30.85085pt too wide) in paragraph at lines 851--851
[]|\T1/cmr/m/n/10 bg_vbf_1200_1600| 
 []


Overfull \hbox (22.24184pt too wide) in paragraph at lines 853--853
[]|\T1/cmr/m/n/10 bg_vbf_1600_inf| 
 []


Overfull \hbox (27.68684pt too wide) in paragraph at lines 807--856
 [] 
 []


Underfull \hbox (badness 10000) in paragraph at lines 804--857

 []

[16]
Overfull \hbox (3.20857pt too wide) in paragraph at lines 869--869
[]|\T1/cmr/m/n/10 signal_1pt8tevl| 
 []


Overfull \hbox (3.20857pt too wide) in paragraph at lines 873--873
[]|\T1/cmr/m/n/10 signal_2pt2tevl| 
 []


Overfull \hbox (3.20857pt too wide) in paragraph at lines 875--875
[]|\T1/cmr/m/n/10 signal_2pt4tevl| 
 []


Overfull \hbox (2.3199pt too wide) in paragraph at lines 877--877
[]|\T1/cmr/m/n/10 bg_dip_0_100| 
 []


Overfull \hbox (12.31746pt too wide) in paragraph at lines 879--879
[]|\T1/cmr/m/n/10 bg_dip_100_200| 
 []


Overfull \hbox (12.31746pt too wide) in paragraph at lines 881--881
[]|\T1/cmr/m/n/10 bg_dip_200_400| 
 []


Overfull \hbox (12.31746pt too wide) in paragraph at lines 883--883
[]|\T1/cmr/m/n/10 bg_dip_400_600| 
 []


Overfull \hbox (12.31746pt too wide) in paragraph at lines 885--885
[]|\T1/cmr/m/n/10 bg_dip_600_800| 
 []


Overfull \hbox (17.31624pt too wide) in paragraph at lines 887--887
[]|\T1/cmr/m/n/10 bg_dip_800_1200| 
 []


Overfull \hbox (22.31502pt too wide) in paragraph at lines 889--889
[]|\T1/cmr/m/n/10 bg_dip_1200_1600| 
 []


Overfull \hbox (13.70601pt too wide) in paragraph at lines 891--891
[]|\T1/cmr/m/n/10 bg_dip_1600_inf| 
 []


Overfull \hbox (2.3199pt too wide) in paragraph at lines 893--893
[]|\T1/cmr/m/n/10 bg_vbf_0_100| 
 []


Overfull \hbox (12.31746pt too wide) in paragraph at lines 895--895
[]|\T1/cmr/m/n/10 bg_vbf_100_200| 
 []


Overfull \hbox (12.31746pt too wide) in paragraph at lines 897--897
[]|\T1/cmr/m/n/10 bg_vbf_200_400| 
 []


Overfull \hbox (12.31746pt too wide) in paragraph at lines 899--899
[]|\T1/cmr/m/n/10 bg_vbf_400_600| 
 []


Overfull \hbox (12.31746pt too wide) in paragraph at lines 901--901
[]|\T1/cmr/m/n/10 bg_vbf_600_800| 
 []


Overfull \hbox (17.31624pt too wide) in paragraph at lines 903--903
[]|\T1/cmr/m/n/10 bg_vbf_800_1200| 
 []


Overfull \hbox (22.31502pt too wide) in paragraph at lines 905--905
[]|\T1/cmr/m/n/10 bg_vbf_1200_1600| 
 []


Overfull \hbox (13.70601pt too wide) in paragraph at lines 907--907
[]|\T1/cmr/m/n/10 bg_vbf_1600_inf| 
 []


Overfull \hbox (55.33208pt too wide) in paragraph at lines 865--910
 [] 
 []


Underfull \hbox (badness 10000) in paragraph at lines 862--911

 []

<selection_0.png, id=305, 999.735pt x 473.77pt>
File: selection_0.png Graphic file (type png)
<use selection_0.png>
Package pdftex.def Info: selection_0.png  used on input line 915.
(pdftex.def)             Requested size: 449.87659pt x 213.19452pt.

Overfull \hbox (19.6702pt too wide) in paragraph at lines 915--915
 [] 
 []

[17pdfTeX warning (ext4): destination with the same identifier (name{figure.1})
 has been already used, duplicate ignored

\AtBegShi@Output ...ipout \box \AtBeginShipoutBox 
                                                  \fi \fi 
l.919       \newpage
                     <./selection_0.png>]
Overfull \hbox (3.20857pt too wide) in paragraph at lines 929--929
[]|\T1/cmr/m/n/10 signal_1pt8tevl| 
 []


Overfull \hbox (3.20857pt too wide) in paragraph at lines 933--933
[]|\T1/cmr/m/n/10 signal_2pt2tevl| 
 []


Overfull \hbox (3.20857pt too wide) in paragraph at lines 935--935
[]|\T1/cmr/m/n/10 signal_2pt4tevl| 
 []


Overfull \hbox (2.3199pt too wide) in paragraph at lines 937--937
[]|\T1/cmr/m/n/10 bg_dip_0_100| 
 []


Overfull \hbox (12.31746pt too wide) in paragraph at lines 939--939
[]|\T1/cmr/m/n/10 bg_dip_100_200| 
 []


Overfull \hbox (12.31746pt too wide) in paragraph at lines 941--941
[]|\T1/cmr/m/n/10 bg_dip_200_400| 
 []


Overfull \hbox (12.31746pt too wide) in paragraph at lines 943--943
[]|\T1/cmr/m/n/10 bg_dip_400_600| 
 []


Overfull \hbox (12.31746pt too wide) in paragraph at lines 945--945
[]|\T1/cmr/m/n/10 bg_dip_600_800| 
 []


Overfull \hbox (17.31624pt too wide) in paragraph at lines 947--947
[]|\T1/cmr/m/n/10 bg_dip_800_1200| 
 []


Overfull \hbox (22.31502pt too wide) in paragraph at lines 949--949
[]|\T1/cmr/m/n/10 bg_dip_1200_1600| 
 []


Overfull \hbox (13.70601pt too wide) in paragraph at lines 951--951
[]|\T1/cmr/m/n/10 bg_dip_1600_inf| 
 []


Overfull \hbox (2.3199pt too wide) in paragraph at lines 953--953
[]|\T1/cmr/m/n/10 bg_vbf_0_100| 
 []


Overfull \hbox (12.31746pt too wide) in paragraph at lines 955--955
[]|\T1/cmr/m/n/10 bg_vbf_100_200| 
 []


Overfull \hbox (12.31746pt too wide) in paragraph at lines 957--957
[]|\T1/cmr/m/n/10 bg_vbf_200_400| 
 []


Overfull \hbox (12.31746pt too wide) in paragraph at lines 959--959
[]|\T1/cmr/m/n/10 bg_vbf_400_600| 
 []


Overfull \hbox (12.31746pt too wide) in paragraph at lines 961--961
[]|\T1/cmr/m/n/10 bg_vbf_600_800| 
 []


Underfull \hbox (badness 10000) in paragraph at lines 961--961
[]|\T1/cmr/m/n/10 -
 []


Overfull \hbox (17.31624pt too wide) in paragraph at lines 963--963
[]|\T1/cmr/m/n/10 bg_vbf_800_1200| 
 []


Overfull \hbox (22.31502pt too wide) in paragraph at lines 965--965
[]|\T1/cmr/m/n/10 bg_vbf_1200_1600| 
 []


Overfull \hbox (13.70601pt too wide) in paragraph at lines 967--967
[]|\T1/cmr/m/n/10 bg_vbf_1600_inf| 
 []


Overfull \hbox (55.33208pt too wide) in paragraph at lines 925--970
 [] 
 []


Underfull \hbox (badness 10000) in paragraph at lines 922--971

 []

<selection_1.png, id=313, 999.735pt x 473.77pt>
File: selection_1.png Graphic file (type png)
<use selection_1.png>
Package pdftex.def Info: selection_1.png  used on input line 975.
(pdftex.def)             Requested size: 449.87659pt x 213.19452pt.

Overfull \hbox (19.6702pt too wide) in paragraph at lines 975--975
 [] 
 []


Underfull \vbox (badness 10000) has occurred while \output is active []

 [18]
[19pdfTeX warning (ext4): destination with the same identifier (name{figure.2})
 has been already used, duplicate ignored

\AtBegShi@Output ...ipout \box \AtBeginShipoutBox 
                                                  \fi \fi 
l.979       \newpage
                     <./selection_1.png>]
Overfull \hbox (3.20857pt too wide) in paragraph at lines 989--989
[]|\T1/cmr/m/n/10 signal_1pt8tevl| 
 []


Underfull \hbox (badness 10000) in paragraph at lines 991--991
[]|\T1/cmr/m/n/10 -
 []


Overfull \hbox (3.20857pt too wide) in paragraph at lines 993--993
[]|\T1/cmr/m/n/10 signal_2pt2tevl| 
 []


Overfull \hbox (3.20857pt too wide) in paragraph at lines 995--995
[]|\T1/cmr/m/n/10 signal_2pt4tevl| 
 []


Overfull \hbox (2.3199pt too wide) in paragraph at lines 997--997
[]|\T1/cmr/m/n/10 bg_dip_0_100| 
 []


Overfull \hbox (12.31746pt too wide) in paragraph at lines 999--999
[]|\T1/cmr/m/n/10 bg_dip_100_200| 
 []


Overfull \hbox (12.31746pt too wide) in paragraph at lines 1001--1001
[]|\T1/cmr/m/n/10 bg_dip_200_400| 
 []


Overfull \hbox (12.31746pt too wide) in paragraph at lines 1003--1003
[]|\T1/cmr/m/n/10 bg_dip_400_600| 
 []


Overfull \hbox (12.31746pt too wide) in paragraph at lines 1005--1005
[]|\T1/cmr/m/n/10 bg_dip_600_800| 
 []


Overfull \hbox (17.31624pt too wide) in paragraph at lines 1007--1007
[]|\T1/cmr/m/n/10 bg_dip_800_1200| 
 []


Overfull \hbox (22.31502pt too wide) in paragraph at lines 1009--1009
[]|\T1/cmr/m/n/10 bg_dip_1200_1600| 
 []


Overfull \hbox (13.70601pt too wide) in paragraph at lines 1011--1011
[]|\T1/cmr/m/n/10 bg_dip_1600_inf| 
 []


Overfull \hbox (2.3199pt too wide) in paragraph at lines 1013--1013
[]|\T1/cmr/m/n/10 bg_vbf_0_100| 
 []


Overfull \hbox (12.31746pt too wide) in paragraph at lines 1015--1015
[]|\T1/cmr/m/n/10 bg_vbf_100_200| 
 []


Overfull \hbox (12.31746pt too wide) in paragraph at lines 1017--1017
[]|\T1/cmr/m/n/10 bg_vbf_200_400| 
 []


Overfull \hbox (12.31746pt too wide) in paragraph at lines 1019--1019
[]|\T1/cmr/m/n/10 bg_vbf_400_600| 
 []


Overfull \hbox (12.31746pt too wide) in paragraph at lines 1021--1021
[]|\T1/cmr/m/n/10 bg_vbf_600_800| 
 []


Overfull \hbox (17.31624pt too wide) in paragraph at lines 1023--1023
[]|\T1/cmr/m/n/10 bg_vbf_800_1200| 
 []


Overfull \hbox (22.31502pt too wide) in paragraph at lines 1025--1025
[]|\T1/cmr/m/n/10 bg_vbf_1200_1600| 
 []


Overfull \hbox (13.70601pt too wide) in paragraph at lines 1027--1027
[]|\T1/cmr/m/n/10 bg_vbf_1600_inf| 
 []


Overfull \hbox (55.33208pt too wide) in paragraph at lines 985--1030
 [] 
 []


Underfull \hbox (badness 10000) in paragraph at lines 982--1031

 []

<selection_2.png, id=324, 999.735pt x 473.77pt>
File: selection_2.png Graphic file (type png)
<use selection_2.png>
Package pdftex.def Info: selection_2.png  used on input line 1035.
(pdftex.def)             Requested size: 449.87659pt x 213.19452pt.

Overfull \hbox (19.6702pt too wide) in paragraph at lines 1035--1035
 [] 
 []


Underfull \vbox (badness 10000) has occurred while \output is active []

 [20]
[21pdfTeX warning (ext4): destination with the same identifier (name{figure.3})
 has been already used, duplicate ignored

\AtBegShi@Output ...ipout \box \AtBeginShipoutBox 
                                                  \fi \fi 
l.1039       \newpage
                      <./selection_2.png>]
Overfull \hbox (3.20857pt too wide) in paragraph at lines 1049--1049
[]|\T1/cmr/m/n/10 signal_1pt8tevl| 
 []


Overfull \hbox (3.20857pt too wide) in paragraph at lines 1053--1053
[]|\T1/cmr/m/n/10 signal_2pt2tevl| 
 []


Overfull \hbox (3.20857pt too wide) in paragraph at lines 1055--1055
[]|\T1/cmr/m/n/10 signal_2pt4tevl| 
 []


Overfull \hbox (2.3199pt too wide) in paragraph at lines 1057--1057
[]|\T1/cmr/m/n/10 bg_dip_0_100| 
 []


Overfull \hbox (12.31746pt too wide) in paragraph at lines 1059--1059
[]|\T1/cmr/m/n/10 bg_dip_100_200| 
 []


Overfull \hbox (12.31746pt too wide) in paragraph at lines 1061--1061
[]|\T1/cmr/m/n/10 bg_dip_200_400| 
 []


Overfull \hbox (12.31746pt too wide) in paragraph at lines 1063--1063
[]|\T1/cmr/m/n/10 bg_dip_400_600| 
 []


Overfull \hbox (12.31746pt too wide) in paragraph at lines 1065--1065
[]|\T1/cmr/m/n/10 bg_dip_600_800| 
 []


Overfull \hbox (17.31624pt too wide) in paragraph at lines 1067--1067
[]|\T1/cmr/m/n/10 bg_dip_800_1200| 
 []


Overfull \hbox (22.31502pt too wide) in paragraph at lines 1069--1069
[]|\T1/cmr/m/n/10 bg_dip_1200_1600| 
 []


Overfull \hbox (13.70601pt too wide) in paragraph at lines 1071--1071
[]|\T1/cmr/m/n/10 bg_dip_1600_inf| 
 []


Overfull \hbox (2.3199pt too wide) in paragraph at lines 1073--1073
[]|\T1/cmr/m/n/10 bg_vbf_0_100| 
 []


Overfull \hbox (12.31746pt too wide) in paragraph at lines 1075--1075
[]|\T1/cmr/m/n/10 bg_vbf_100_200| 
 []


Overfull \hbox (12.31746pt too wide) in paragraph at lines 1077--1077
[]|\T1/cmr/m/n/10 bg_vbf_200_400| 
 []


Overfull \hbox (12.31746pt too wide) in paragraph at lines 1079--1079
[]|\T1/cmr/m/n/10 bg_vbf_400_600| 
 []


Overfull \hbox (12.31746pt too wide) in paragraph at lines 1081--1081
[]|\T1/cmr/m/n/10 bg_vbf_600_800| 
 []


Overfull \hbox (17.31624pt too wide) in paragraph at lines 1083--1083
[]|\T1/cmr/m/n/10 bg_vbf_800_1200| 
 []


Overfull \hbox (22.31502pt too wide) in paragraph at lines 1085--1085
[]|\T1/cmr/m/n/10 bg_vbf_1200_1600| 
 []


Overfull \hbox (13.70601pt too wide) in paragraph at lines 1087--1087
[]|\T1/cmr/m/n/10 bg_vbf_1600_inf| 
 []


Overfull \hbox (55.33208pt too wide) in paragraph at lines 1045--1090
 [] 
 []


Underfull \hbox (badness 10000) in paragraph at lines 1042--1091

 []

<selection_3.png, id=334, 999.735pt x 473.77pt>
File: selection_3.png Graphic file (type png)
<use selection_3.png>
Package pdftex.def Info: selection_3.png  used on input line 1095.
(pdftex.def)             Requested size: 449.87659pt x 213.19452pt.

Overfull \hbox (19.6702pt too wide) in paragraph at lines 1095--1095
 [] 
 []

[22pdfTeX warning (ext4): destination with the same identifier (name{figure.4})
 has been already used, duplicate ignored

\AtBegShi@Output ...ipout \box \AtBeginShipoutBox 
                                                  \fi \fi 
l.1099       \newpage
                      <./selection_3.png>]
Overfull \hbox (3.20857pt too wide) in paragraph at lines 1109--1109
[]|\T1/cmr/m/n/10 signal_1pt8tevl| 
 []


Overfull \hbox (3.20857pt too wide) in paragraph at lines 1113--1113
[]|\T1/cmr/m/n/10 signal_2pt2tevl| 
 []


Overfull \hbox (3.20857pt too wide) in paragraph at lines 1115--1115
[]|\T1/cmr/m/n/10 signal_2pt4tevl| 
 []


Overfull \hbox (2.3199pt too wide) in paragraph at lines 1117--1117
[]|\T1/cmr/m/n/10 bg_dip_0_100| 
 []


Overfull \hbox (12.31746pt too wide) in paragraph at lines 1119--1119
[]|\T1/cmr/m/n/10 bg_dip_100_200| 
 []


Overfull \hbox (12.31746pt too wide) in paragraph at lines 1121--1121
[]|\T1/cmr/m/n/10 bg_dip_200_400| 
 []


Overfull \hbox (12.31746pt too wide) in paragraph at lines 1123--1123
[]|\T1/cmr/m/n/10 bg_dip_400_600| 
 []


Overfull \hbox (12.31746pt too wide) in paragraph at lines 1125--1125
[]|\T1/cmr/m/n/10 bg_dip_600_800| 
 []


Overfull \hbox (17.31624pt too wide) in paragraph at lines 1127--1127
[]|\T1/cmr/m/n/10 bg_dip_800_1200| 
 []


Overfull \hbox (22.31502pt too wide) in paragraph at lines 1129--1129
[]|\T1/cmr/m/n/10 bg_dip_1200_1600| 
 []


Overfull \hbox (13.70601pt too wide) in paragraph at lines 1131--1131
[]|\T1/cmr/m/n/10 bg_dip_1600_inf| 
 []


Overfull \hbox (2.3199pt too wide) in paragraph at lines 1133--1133
[]|\T1/cmr/m/n/10 bg_vbf_0_100| 
 []


Overfull \hbox (12.31746pt too wide) in paragraph at lines 1135--1135
[]|\T1/cmr/m/n/10 bg_vbf_100_200| 
 []


Overfull \hbox (12.31746pt too wide) in paragraph at lines 1137--1137
[]|\T1/cmr/m/n/10 bg_vbf_200_400| 
 []


Overfull \hbox (12.31746pt too wide) in paragraph at lines 1139--1139
[]|\T1/cmr/m/n/10 bg_vbf_400_600| 
 []


Overfull \hbox (12.31746pt too wide) in paragraph at lines 1141--1141
[]|\T1/cmr/m/n/10 bg_vbf_600_800| 
 []


Overfull \hbox (17.31624pt too wide) in paragraph at lines 1143--1143
[]|\T1/cmr/m/n/10 bg_vbf_800_1200| 
 []


Overfull \hbox (22.31502pt too wide) in paragraph at lines 1145--1145
[]|\T1/cmr/m/n/10 bg_vbf_1200_1600| 
 []


Overfull \hbox (13.70601pt too wide) in paragraph at lines 1147--1147
[]|\T1/cmr/m/n/10 bg_vbf_1600_inf| 
 []


Overfull \hbox (55.33208pt too wide) in paragraph at lines 1105--1150
 [] 
 []


Underfull \hbox (badness 10000) in paragraph at lines 1102--1151

 []

<selection_4.png, id=340, 999.735pt x 473.77pt>
File: selection_4.png Graphic file (type png)
<use selection_4.png>
Package pdftex.def Info: selection_4.png  used on input line 1155.
(pdftex.def)             Requested size: 449.87659pt x 213.19452pt.

Overfull \hbox (19.6702pt too wide) in paragraph at lines 1155--1155
 [] 
 []

[23pdfTeX warning (ext4): destination with the same identifier (name{figure.5})
 has been already used, duplicate ignored

\AtBegShi@Output ...ipout \box \AtBeginShipoutBox 
                                                  \fi \fi 
l.1159       \newpage
                      <./selection_4.png>]
Overfull \hbox (3.20857pt too wide) in paragraph at lines 1169--1169
[]|\T1/cmr/m/n/10 signal_1pt8tevl| 
 []


Overfull \hbox (3.20857pt too wide) in paragraph at lines 1173--1173
[]|\T1/cmr/m/n/10 signal_2pt2tevl| 
 []


Overfull \hbox (3.20857pt too wide) in paragraph at lines 1175--1175
[]|\T1/cmr/m/n/10 signal_2pt4tevl| 
 []


Overfull \hbox (2.3199pt too wide) in paragraph at lines 1177--1177
[]|\T1/cmr/m/n/10 bg_dip_0_100| 
 []


Overfull \hbox (12.31746pt too wide) in paragraph at lines 1179--1179
[]|\T1/cmr/m/n/10 bg_dip_100_200| 
 []


Overfull \hbox (12.31746pt too wide) in paragraph at lines 1181--1181
[]|\T1/cmr/m/n/10 bg_dip_200_400| 
 []


Overfull \hbox (12.31746pt too wide) in paragraph at lines 1183--1183
[]|\T1/cmr/m/n/10 bg_dip_400_600| 
 []


Overfull \hbox (12.31746pt too wide) in paragraph at lines 1185--1185
[]|\T1/cmr/m/n/10 bg_dip_600_800| 
 []


Overfull \hbox (17.31624pt too wide) in paragraph at lines 1187--1187
[]|\T1/cmr/m/n/10 bg_dip_800_1200| 
 []


Overfull \hbox (22.31502pt too wide) in paragraph at lines 1189--1189
[]|\T1/cmr/m/n/10 bg_dip_1200_1600| 
 []


Overfull \hbox (13.70601pt too wide) in paragraph at lines 1191--1191
[]|\T1/cmr/m/n/10 bg_dip_1600_inf| 
 []


Overfull \hbox (2.3199pt too wide) in paragraph at lines 1193--1193
[]|\T1/cmr/m/n/10 bg_vbf_0_100| 
 []


Overfull \hbox (12.31746pt too wide) in paragraph at lines 1195--1195
[]|\T1/cmr/m/n/10 bg_vbf_100_200| 
 []


Overfull \hbox (12.31746pt too wide) in paragraph at lines 1197--1197
[]|\T1/cmr/m/n/10 bg_vbf_200_400| 
 []


Overfull \hbox (12.31746pt too wide) in paragraph at lines 1199--1199
[]|\T1/cmr/m/n/10 bg_vbf_400_600| 
 []


Overfull \hbox (12.31746pt too wide) in paragraph at lines 1201--1201
[]|\T1/cmr/m/n/10 bg_vbf_600_800| 
 []


Overfull \hbox (17.31624pt too wide) in paragraph at lines 1203--1203
[]|\T1/cmr/m/n/10 bg_vbf_800_1200| 
 []


Overfull \hbox (22.31502pt too wide) in paragraph at lines 1205--1205
[]|\T1/cmr/m/n/10 bg_vbf_1200_1600| 
 []


Overfull \hbox (13.70601pt too wide) in paragraph at lines 1207--1207
[]|\T1/cmr/m/n/10 bg_vbf_1600_inf| 
 []


Overfull \hbox (55.33208pt too wide) in paragraph at lines 1165--1210
 [] 
 []


Underfull \hbox (badness 10000) in paragraph at lines 1162--1211

 []

<selection_5.png, id=346, 999.735pt x 473.77pt>
File: selection_5.png Graphic file (type png)
<use selection_5.png>
Package pdftex.def Info: selection_5.png  used on input line 1215.
(pdftex.def)             Requested size: 449.87659pt x 213.19452pt.

Overfull \hbox (19.6702pt too wide) in paragraph at lines 1215--1215
 [] 
 []

[24pdfTeX warning (ext4): destination with the same identifier (name{figure.6})
 has been already used, duplicate ignored

\AtBegShi@Output ...ipout \box \AtBeginShipoutBox 
                                                  \fi \fi 
l.1219       \newpage
                      <./selection_5.png>]
Overfull \hbox (3.20857pt too wide) in paragraph at lines 1229--1229
[]|\T1/cmr/m/n/10 signal_1pt8tevl| 
 []


Overfull \hbox (3.20857pt too wide) in paragraph at lines 1233--1233
[]|\T1/cmr/m/n/10 signal_2pt2tevl| 
 []


Overfull \hbox (3.20857pt too wide) in paragraph at lines 1235--1235
[]|\T1/cmr/m/n/10 signal_2pt4tevl| 
 []


Overfull \hbox (2.3199pt too wide) in paragraph at lines 1237--1237
[]|\T1/cmr/m/n/10 bg_dip_0_100| 
 []


Overfull \hbox (12.31746pt too wide) in paragraph at lines 1239--1239
[]|\T1/cmr/m/n/10 bg_dip_100_200| 
 []


Overfull \hbox (12.31746pt too wide) in paragraph at lines 1241--1241
[]|\T1/cmr/m/n/10 bg_dip_200_400| 
 []


Overfull \hbox (12.31746pt too wide) in paragraph at lines 1243--1243
[]|\T1/cmr/m/n/10 bg_dip_400_600| 
 []


Overfull \hbox (12.31746pt too wide) in paragraph at lines 1245--1245
[]|\T1/cmr/m/n/10 bg_dip_600_800| 
 []


Overfull \hbox (17.31624pt too wide) in paragraph at lines 1247--1247
[]|\T1/cmr/m/n/10 bg_dip_800_1200| 
 []


Overfull \hbox (22.31502pt too wide) in paragraph at lines 1249--1249
[]|\T1/cmr/m/n/10 bg_dip_1200_1600| 
 []


Overfull \hbox (13.70601pt too wide) in paragraph at lines 1251--1251
[]|\T1/cmr/m/n/10 bg_dip_1600_inf| 
 []


Overfull \hbox (2.3199pt too wide) in paragraph at lines 1253--1253
[]|\T1/cmr/m/n/10 bg_vbf_0_100| 
 []


Overfull \hbox (12.31746pt too wide) in paragraph at lines 1255--1255
[]|\T1/cmr/m/n/10 bg_vbf_100_200| 
 []


Overfull \hbox (12.31746pt too wide) in paragraph at lines 1257--1257
[]|\T1/cmr/m/n/10 bg_vbf_200_400| 
 []


Overfull \hbox (12.31746pt too wide) in paragraph at lines 1259--1259
[]|\T1/cmr/m/n/10 bg_vbf_400_600| 
 []


Overfull \hbox (12.31746pt too wide) in paragraph at lines 1261--1261
[]|\T1/cmr/m/n/10 bg_vbf_600_800| 
 []


Overfull \hbox (17.31624pt too wide) in paragraph at lines 1263--1263
[]|\T1/cmr/m/n/10 bg_vbf_800_1200| 
 []


Overfull \hbox (22.31502pt too wide) in paragraph at lines 1265--1265
[]|\T1/cmr/m/n/10 bg_vbf_1200_1600| 
 []


Overfull \hbox (13.70601pt too wide) in paragraph at lines 1267--1267
[]|\T1/cmr/m/n/10 bg_vbf_1600_inf| 
 []


Overfull \hbox (55.33208pt too wide) in paragraph at lines 1225--1270
 [] 
 []


Underfull \hbox (badness 10000) in paragraph at lines 1222--1271

 []

<selection_6.png, id=353, 999.735pt x 473.77pt>
File: selection_6.png Graphic file (type png)
<use selection_6.png>
Package pdftex.def Info: selection_6.png  used on input line 1275.
(pdftex.def)             Requested size: 449.87659pt x 213.19452pt.

Overfull \hbox (19.6702pt too wide) in paragraph at lines 1275--1275
 [] 
 []

[25pdfTeX warning (ext4): destination with the same identifier (name{figure.7})
 has been already used, duplicate ignored

\AtBegShi@Output ...ipout \box \AtBeginShipoutBox 
                                                  \fi \fi 
l.1279       \newpage
                      <./selection_6.png>]
Overfull \hbox (3.20857pt too wide) in paragraph at lines 1289--1289
[]|\T1/cmr/m/n/10 signal_1pt8tevl| 
 []


Overfull \hbox (3.20857pt too wide) in paragraph at lines 1293--1293
[]|\T1/cmr/m/n/10 signal_2pt2tevl| 
 []


Overfull \hbox (3.20857pt too wide) in paragraph at lines 1295--1295
[]|\T1/cmr/m/n/10 signal_2pt4tevl| 
 []


Overfull \hbox (2.3199pt too wide) in paragraph at lines 1297--1297
[]|\T1/cmr/m/n/10 bg_dip_0_100| 
 []


Overfull \hbox (12.31746pt too wide) in paragraph at lines 1299--1299
[]|\T1/cmr/m/n/10 bg_dip_100_200| 
 []


Overfull \hbox (12.31746pt too wide) in paragraph at lines 1301--1301
[]|\T1/cmr/m/n/10 bg_dip_200_400| 
 []


Overfull \hbox (12.31746pt too wide) in paragraph at lines 1303--1303
[]|\T1/cmr/m/n/10 bg_dip_400_600| 
 []


Overfull \hbox (12.31746pt too wide) in paragraph at lines 1305--1305
[]|\T1/cmr/m/n/10 bg_dip_600_800| 
 []


Overfull \hbox (17.31624pt too wide) in paragraph at lines 1307--1307
[]|\T1/cmr/m/n/10 bg_dip_800_1200| 
 []


Overfull \hbox (22.31502pt too wide) in paragraph at lines 1309--1309
[]|\T1/cmr/m/n/10 bg_dip_1200_1600| 
 []


Overfull \hbox (13.70601pt too wide) in paragraph at lines 1311--1311
[]|\T1/cmr/m/n/10 bg_dip_1600_inf| 
 []


Overfull \hbox (2.3199pt too wide) in paragraph at lines 1313--1313
[]|\T1/cmr/m/n/10 bg_vbf_0_100| 
 []


Overfull \hbox (12.31746pt too wide) in paragraph at lines 1315--1315
[]|\T1/cmr/m/n/10 bg_vbf_100_200| 
 []


Overfull \hbox (12.31746pt too wide) in paragraph at lines 1317--1317
[]|\T1/cmr/m/n/10 bg_vbf_200_400| 
 []


Overfull \hbox (12.31746pt too wide) in paragraph at lines 1319--1319
[]|\T1/cmr/m/n/10 bg_vbf_400_600| 
 []


Overfull \hbox (12.31746pt too wide) in paragraph at lines 1321--1321
[]|\T1/cmr/m/n/10 bg_vbf_600_800| 
 []


Overfull \hbox (17.31624pt too wide) in paragraph at lines 1323--1323
[]|\T1/cmr/m/n/10 bg_vbf_800_1200| 
 []


Overfull \hbox (22.31502pt too wide) in paragraph at lines 1325--1325
[]|\T1/cmr/m/n/10 bg_vbf_1200_1600| 
 []


Overfull \hbox (13.70601pt too wide) in paragraph at lines 1327--1327
[]|\T1/cmr/m/n/10 bg_vbf_1600_inf| 
 []


Overfull \hbox (55.33208pt too wide) in paragraph at lines 1285--1330
 [] 
 []


Underfull \hbox (badness 10000) in paragraph at lines 1282--1331

 []

<selection_7.png, id=359, 999.735pt x 473.77pt>
File: selection_7.png Graphic file (type png)
<use selection_7.png>
Package pdftex.def Info: selection_7.png  used on input line 1335.
(pdftex.def)             Requested size: 449.87659pt x 213.19452pt.

Overfull \hbox (19.6702pt too wide) in paragraph at lines 1335--1335
 [] 
 []

[26pdfTeX warning (ext4): destination with the same identifier (name{figure.8})
 has been already used, duplicate ignored

\AtBegShi@Output ...ipout \box \AtBeginShipoutBox 
                                                  \fi \fi 
l.1339       \newpage
                      <./selection_7.png>]
Overfull \hbox (3.20857pt too wide) in paragraph at lines 1349--1349
[]|\T1/cmr/m/n/10 signal_1pt8tevl| 
 []


Overfull \hbox (3.20857pt too wide) in paragraph at lines 1353--1353
[]|\T1/cmr/m/n/10 signal_2pt2tevl| 
 []


Overfull \hbox (3.20857pt too wide) in paragraph at lines 1355--1355
[]|\T1/cmr/m/n/10 signal_2pt4tevl| 
 []


Overfull \hbox (2.3199pt too wide) in paragraph at lines 1357--1357
[]|\T1/cmr/m/n/10 bg_dip_0_100| 
 []


Overfull \hbox (12.31746pt too wide) in paragraph at lines 1359--1359
[]|\T1/cmr/m/n/10 bg_dip_100_200| 
 []


Overfull \hbox (12.31746pt too wide) in paragraph at lines 1361--1361
[]|\T1/cmr/m/n/10 bg_dip_200_400| 
 []


Overfull \hbox (12.31746pt too wide) in paragraph at lines 1363--1363
[]|\T1/cmr/m/n/10 bg_dip_400_600| 
 []


Overfull \hbox (12.31746pt too wide) in paragraph at lines 1365--1365
[]|\T1/cmr/m/n/10 bg_dip_600_800| 
 []


Overfull \hbox (17.31624pt too wide) in paragraph at lines 1367--1367
[]|\T1/cmr/m/n/10 bg_dip_800_1200| 
 []


Overfull \hbox (22.31502pt too wide) in paragraph at lines 1369--1369
[]|\T1/cmr/m/n/10 bg_dip_1200_1600| 
 []


Overfull \hbox (13.70601pt too wide) in paragraph at lines 1371--1371
[]|\T1/cmr/m/n/10 bg_dip_1600_inf| 
 []


Overfull \hbox (2.3199pt too wide) in paragraph at lines 1373--1373
[]|\T1/cmr/m/n/10 bg_vbf_0_100| 
 []


Overfull \hbox (12.31746pt too wide) in paragraph at lines 1375--1375
[]|\T1/cmr/m/n/10 bg_vbf_100_200| 
 []


Overfull \hbox (12.31746pt too wide) in paragraph at lines 1377--1377
[]|\T1/cmr/m/n/10 bg_vbf_200_400| 
 []


Overfull \hbox (12.31746pt too wide) in paragraph at lines 1379--1379
[]|\T1/cmr/m/n/10 bg_vbf_400_600| 
 []


Overfull \hbox (12.31746pt too wide) in paragraph at lines 1381--1381
[]|\T1/cmr/m/n/10 bg_vbf_600_800| 
 []


Overfull \hbox (17.31624pt too wide) in paragraph at lines 1383--1383
[]|\T1/cmr/m/n/10 bg_vbf_800_1200| 
 []


Overfull \hbox (22.31502pt too wide) in paragraph at lines 1385--1385
[]|\T1/cmr/m/n/10 bg_vbf_1200_1600| 
 []


Overfull \hbox (13.70601pt too wide) in paragraph at lines 1387--1387
[]|\T1/cmr/m/n/10 bg_vbf_1600_inf| 
 []


Overfull \hbox (55.33208pt too wide) in paragraph at lines 1345--1390
 [] 
 []


Underfull \hbox (badness 10000) in paragraph at lines 1342--1391

 []

<selection_8.png, id=365, 999.735pt x 473.77pt>
File: selection_8.png Graphic file (type png)
<use selection_8.png>
Package pdftex.def Info: selection_8.png  used on input line 1395.
(pdftex.def)             Requested size: 449.87659pt x 213.19452pt.

Overfull \hbox (19.6702pt too wide) in paragraph at lines 1395--1395
 [] 
 []

[27pdfTeX warning (ext4): destination with the same identifier (name{figure.9})
 has been already used, duplicate ignored

\AtBegShi@Output ...ipout \box \AtBeginShipoutBox 
                                                  \fi \fi 
l.1399       \newpage
                      <./selection_8.png>]
Overfull \hbox (3.20857pt too wide) in paragraph at lines 1409--1409
[]|\T1/cmr/m/n/10 signal_1pt8tevl| 
 []


Overfull \hbox (3.20857pt too wide) in paragraph at lines 1413--1413
[]|\T1/cmr/m/n/10 signal_2pt2tevl| 
 []


Overfull \hbox (3.20857pt too wide) in paragraph at lines 1415--1415
[]|\T1/cmr/m/n/10 signal_2pt4tevl| 
 []


Overfull \hbox (2.3199pt too wide) in paragraph at lines 1417--1417
[]|\T1/cmr/m/n/10 bg_dip_0_100| 
 []


Overfull \hbox (12.31746pt too wide) in paragraph at lines 1419--1419
[]|\T1/cmr/m/n/10 bg_dip_100_200| 
 []


Overfull \hbox (12.31746pt too wide) in paragraph at lines 1421--1421
[]|\T1/cmr/m/n/10 bg_dip_200_400| 
 []


Overfull \hbox (12.31746pt too wide) in paragraph at lines 1423--1423
[]|\T1/cmr/m/n/10 bg_dip_400_600| 
 []


Overfull \hbox (12.31746pt too wide) in paragraph at lines 1425--1425
[]|\T1/cmr/m/n/10 bg_dip_600_800| 
 []


Overfull \hbox (17.31624pt too wide) in paragraph at lines 1427--1427
[]|\T1/cmr/m/n/10 bg_dip_800_1200| 
 []


Overfull \hbox (22.31502pt too wide) in paragraph at lines 1429--1429
[]|\T1/cmr/m/n/10 bg_dip_1200_1600| 
 []


Overfull \hbox (13.70601pt too wide) in paragraph at lines 1431--1431
[]|\T1/cmr/m/n/10 bg_dip_1600_inf| 
 []


Overfull \hbox (2.3199pt too wide) in paragraph at lines 1433--1433
[]|\T1/cmr/m/n/10 bg_vbf_0_100| 
 []


Overfull \hbox (12.31746pt too wide) in paragraph at lines 1435--1435
[]|\T1/cmr/m/n/10 bg_vbf_100_200| 
 []


Overfull \hbox (12.31746pt too wide) in paragraph at lines 1437--1437
[]|\T1/cmr/m/n/10 bg_vbf_200_400| 
 []


Overfull \hbox (12.31746pt too wide) in paragraph at lines 1439--1439
[]|\T1/cmr/m/n/10 bg_vbf_400_600| 
 []


Overfull \hbox (12.31746pt too wide) in paragraph at lines 1441--1441
[]|\T1/cmr/m/n/10 bg_vbf_600_800| 
 []


Overfull \hbox (17.31624pt too wide) in paragraph at lines 1443--1443
[]|\T1/cmr/m/n/10 bg_vbf_800_1200| 
 []


Overfull \hbox (22.31502pt too wide) in paragraph at lines 1445--1445
[]|\T1/cmr/m/n/10 bg_vbf_1200_1600| 
 []


Overfull \hbox (13.70601pt too wide) in paragraph at lines 1447--1447
[]|\T1/cmr/m/n/10 bg_vbf_1600_inf| 
 []


Overfull \hbox (55.33208pt too wide) in paragraph at lines 1405--1450
 [] 
 []


Underfull \hbox (badness 10000) in paragraph at lines 1402--1451

 []

<selection_9.png, id=371, 999.735pt x 473.77pt>
File: selection_9.png Graphic file (type png)
<use selection_9.png>
Package pdftex.def Info: selection_9.png  used on input line 1455.
(pdftex.def)             Requested size: 449.87659pt x 213.19452pt.

Overfull \hbox (19.6702pt too wide) in paragraph at lines 1455--1455
 [] 
 []

[28pdfTeX warning (ext4): destination with the same identifier (name{figure.10}
) has been already used, duplicate ignored

\AtBegShi@Output ...ipout \box \AtBeginShipoutBox 
                                                  \fi \fi 
l.1459       \newpage
                      <./selection_9.png>]
Overfull \hbox (3.20857pt too wide) in paragraph at lines 1469--1469
[]|\T1/cmr/m/n/10 signal_1pt8tevl| 
 []


Overfull \hbox (3.20857pt too wide) in paragraph at lines 1473--1473
[]|\T1/cmr/m/n/10 signal_2pt2tevl| 
 []


Overfull \hbox (3.20857pt too wide) in paragraph at lines 1475--1475
[]|\T1/cmr/m/n/10 signal_2pt4tevl| 
 []


Overfull \hbox (2.3199pt too wide) in paragraph at lines 1477--1477
[]|\T1/cmr/m/n/10 bg_dip_0_100| 
 []


Overfull \hbox (12.31746pt too wide) in paragraph at lines 1479--1479
[]|\T1/cmr/m/n/10 bg_dip_100_200| 
 []


Overfull \hbox (12.31746pt too wide) in paragraph at lines 1481--1481
[]|\T1/cmr/m/n/10 bg_dip_200_400| 
 []


Overfull \hbox (12.31746pt too wide) in paragraph at lines 1483--1483
[]|\T1/cmr/m/n/10 bg_dip_400_600| 
 []


Overfull \hbox (12.31746pt too wide) in paragraph at lines 1485--1485
[]|\T1/cmr/m/n/10 bg_dip_600_800| 
 []


Overfull \hbox (17.31624pt too wide) in paragraph at lines 1487--1487
[]|\T1/cmr/m/n/10 bg_dip_800_1200| 
 []


Overfull \hbox (22.31502pt too wide) in paragraph at lines 1489--1489
[]|\T1/cmr/m/n/10 bg_dip_1200_1600| 
 []


Overfull \hbox (13.70601pt too wide) in paragraph at lines 1491--1491
[]|\T1/cmr/m/n/10 bg_dip_1600_inf| 
 []


Overfull \hbox (2.3199pt too wide) in paragraph at lines 1493--1493
[]|\T1/cmr/m/n/10 bg_vbf_0_100| 
 []


Overfull \hbox (12.31746pt too wide) in paragraph at lines 1495--1495
[]|\T1/cmr/m/n/10 bg_vbf_100_200| 
 []


Overfull \hbox (12.31746pt too wide) in paragraph at lines 1497--1497
[]|\T1/cmr/m/n/10 bg_vbf_200_400| 
 []


Overfull \hbox (12.31746pt too wide) in paragraph at lines 1499--1499
[]|\T1/cmr/m/n/10 bg_vbf_400_600| 
 []


Overfull \hbox (12.31746pt too wide) in paragraph at lines 1501--1501
[]|\T1/cmr/m/n/10 bg_vbf_600_800| 
 []


Overfull \hbox (17.31624pt too wide) in paragraph at lines 1503--1503
[]|\T1/cmr/m/n/10 bg_vbf_800_1200| 
 []


Overfull \hbox (22.31502pt too wide) in paragraph at lines 1505--1505
[]|\T1/cmr/m/n/10 bg_vbf_1200_1600| 
 []


Overfull \hbox (13.70601pt too wide) in paragraph at lines 1507--1507
[]|\T1/cmr/m/n/10 bg_vbf_1600_inf| 
 []


Overfull \hbox (55.33208pt too wide) in paragraph at lines 1465--1510
 [] 
 []


Underfull \hbox (badness 10000) in paragraph at lines 1462--1511

 []

<selection_10.png, id=377, 999.735pt x 473.77pt>
File: selection_10.png Graphic file (type png)
<use selection_10.png>
Package pdftex.def Info: selection_10.png  used on input line 1515.
(pdftex.def)             Requested size: 449.87659pt x 213.19452pt.

Overfull \hbox (19.6702pt too wide) in paragraph at lines 1515--1515
 [] 
 []

[29pdfTeX warning (ext4): destination with the same identifier (name{figure.11}
) has been already used, duplicate ignored

\AtBegShi@Output ...ipout \box \AtBeginShipoutBox 
                                                  \fi \fi 
l.1519       \newpage
                      <./selection_10.png>]
Overfull \hbox (3.20857pt too wide) in paragraph at lines 1529--1529
[]|\T1/cmr/m/n/10 signal_1pt8tevl| 
 []


Overfull \hbox (3.20857pt too wide) in paragraph at lines 1533--1533
[]|\T1/cmr/m/n/10 signal_2pt2tevl| 
 []


Overfull \hbox (3.20857pt too wide) in paragraph at lines 1535--1535
[]|\T1/cmr/m/n/10 signal_2pt4tevl| 
 []


Overfull \hbox (2.3199pt too wide) in paragraph at lines 1537--1537
[]|\T1/cmr/m/n/10 bg_dip_0_100| 
 []


Overfull \hbox (12.31746pt too wide) in paragraph at lines 1539--1539
[]|\T1/cmr/m/n/10 bg_dip_100_200| 
 []


Overfull \hbox (12.31746pt too wide) in paragraph at lines 1541--1541
[]|\T1/cmr/m/n/10 bg_dip_200_400| 
 []


Overfull \hbox (12.31746pt too wide) in paragraph at lines 1543--1543
[]|\T1/cmr/m/n/10 bg_dip_400_600| 
 []


Overfull \hbox (12.31746pt too wide) in paragraph at lines 1545--1545
[]|\T1/cmr/m/n/10 bg_dip_600_800| 
 []


Overfull \hbox (17.31624pt too wide) in paragraph at lines 1547--1547
[]|\T1/cmr/m/n/10 bg_dip_800_1200| 
 []


Overfull \hbox (22.31502pt too wide) in paragraph at lines 1549--1549
[]|\T1/cmr/m/n/10 bg_dip_1200_1600| 
 []


Overfull \hbox (13.70601pt too wide) in paragraph at lines 1551--1551
[]|\T1/cmr/m/n/10 bg_dip_1600_inf| 
 []


Overfull \hbox (2.3199pt too wide) in paragraph at lines 1553--1553
[]|\T1/cmr/m/n/10 bg_vbf_0_100| 
 []


Overfull \hbox (12.31746pt too wide) in paragraph at lines 1555--1555
[]|\T1/cmr/m/n/10 bg_vbf_100_200| 
 []


Overfull \hbox (12.31746pt too wide) in paragraph at lines 1557--1557
[]|\T1/cmr/m/n/10 bg_vbf_200_400| 
 []


Overfull \hbox (12.31746pt too wide) in paragraph at lines 1559--1559
[]|\T1/cmr/m/n/10 bg_vbf_400_600| 
 []


Overfull \hbox (12.31746pt too wide) in paragraph at lines 1561--1561
[]|\T1/cmr/m/n/10 bg_vbf_600_800| 
 []


Overfull \hbox (17.31624pt too wide) in paragraph at lines 1563--1563
[]|\T1/cmr/m/n/10 bg_vbf_800_1200| 
 []


Overfull \hbox (22.31502pt too wide) in paragraph at lines 1565--1565
[]|\T1/cmr/m/n/10 bg_vbf_1200_1600| 
 []


Overfull \hbox (13.70601pt too wide) in paragraph at lines 1567--1567
[]|\T1/cmr/m/n/10 bg_vbf_1600_inf| 
 []


Overfull \hbox (55.33208pt too wide) in paragraph at lines 1525--1570
 [] 
 []


Underfull \hbox (badness 10000) in paragraph at lines 1522--1571

 []

<selection_11.png, id=383, 999.735pt x 473.77pt>
File: selection_11.png Graphic file (type png)
<use selection_11.png>
Package pdftex.def Info: selection_11.png  used on input line 1575.
(pdftex.def)             Requested size: 449.87659pt x 213.19452pt.

Overfull \hbox (19.6702pt too wide) in paragraph at lines 1575--1575
 [] 
 []

[30pdfTeX warning (ext4): destination with the same identifier (name{figure.12}
) has been already used, duplicate ignored

\AtBegShi@Output ...ipout \box \AtBeginShipoutBox 
                                                  \fi \fi 
l.1579       \newpage
                      <./selection_11.png>]
Overfull \hbox (3.20857pt too wide) in paragraph at lines 1589--1589
[]|\T1/cmr/m/n/10 signal_1pt8tevl| 
 []


Overfull \hbox (3.20857pt too wide) in paragraph at lines 1593--1593
[]|\T1/cmr/m/n/10 signal_2pt2tevl| 
 []


Overfull \hbox (3.20857pt too wide) in paragraph at lines 1595--1595
[]|\T1/cmr/m/n/10 signal_2pt4tevl| 
 []


Overfull \hbox (2.3199pt too wide) in paragraph at lines 1597--1597
[]|\T1/cmr/m/n/10 bg_dip_0_100| 
 []


Overfull \hbox (12.31746pt too wide) in paragraph at lines 1599--1599
[]|\T1/cmr/m/n/10 bg_dip_100_200| 
 []


Overfull \hbox (12.31746pt too wide) in paragraph at lines 1601--1601
[]|\T1/cmr/m/n/10 bg_dip_200_400| 
 []


Overfull \hbox (12.31746pt too wide) in paragraph at lines 1603--1603
[]|\T1/cmr/m/n/10 bg_dip_400_600| 
 []


Overfull \hbox (12.31746pt too wide) in paragraph at lines 1605--1605
[]|\T1/cmr/m/n/10 bg_dip_600_800| 
 []


Overfull \hbox (17.31624pt too wide) in paragraph at lines 1607--1607
[]|\T1/cmr/m/n/10 bg_dip_800_1200| 
 []


Overfull \hbox (22.31502pt too wide) in paragraph at lines 1609--1609
[]|\T1/cmr/m/n/10 bg_dip_1200_1600| 
 []


Overfull \hbox (13.70601pt too wide) in paragraph at lines 1611--1611
[]|\T1/cmr/m/n/10 bg_dip_1600_inf| 
 []


Overfull \hbox (2.3199pt too wide) in paragraph at lines 1613--1613
[]|\T1/cmr/m/n/10 bg_vbf_0_100| 
 []


Overfull \hbox (12.31746pt too wide) in paragraph at lines 1615--1615
[]|\T1/cmr/m/n/10 bg_vbf_100_200| 
 []


Overfull \hbox (12.31746pt too wide) in paragraph at lines 1617--1617
[]|\T1/cmr/m/n/10 bg_vbf_200_400| 
 []


Overfull \hbox (12.31746pt too wide) in paragraph at lines 1619--1619
[]|\T1/cmr/m/n/10 bg_vbf_400_600| 
 []


Overfull \hbox (12.31746pt too wide) in paragraph at lines 1621--1621
[]|\T1/cmr/m/n/10 bg_vbf_600_800| 
 []


Overfull \hbox (17.31624pt too wide) in paragraph at lines 1623--1623
[]|\T1/cmr/m/n/10 bg_vbf_800_1200| 
 []


Overfull \hbox (22.31502pt too wide) in paragraph at lines 1625--1625
[]|\T1/cmr/m/n/10 bg_vbf_1200_1600| 
 []


Overfull \hbox (13.70601pt too wide) in paragraph at lines 1627--1627
[]|\T1/cmr/m/n/10 bg_vbf_1600_inf| 
 []


Overfull \hbox (55.33208pt too wide) in paragraph at lines 1585--1630
 [] 
 []


Underfull \hbox (badness 10000) in paragraph at lines 1582--1631

 []

<selection_12.png, id=390, 999.735pt x 473.77pt>
File: selection_12.png Graphic file (type png)
<use selection_12.png>
Package pdftex.def Info: selection_12.png  used on input line 1635.
(pdftex.def)             Requested size: 449.87659pt x 213.19452pt.

Overfull \hbox (19.6702pt too wide) in paragraph at lines 1635--1635
 [] 
 []

[31pdfTeX warning (ext4): destination with the same identifier (name{figure.13}
) has been already used, duplicate ignored

\AtBegShi@Output ...ipout \box \AtBeginShipoutBox 
                                                  \fi \fi 
l.1639       \newpage
                      <./selection_12.png>]
Overfull \hbox (3.20857pt too wide) in paragraph at lines 1649--1649
[]|\T1/cmr/m/n/10 signal_1pt8tevl| 
 []


Overfull \hbox (3.20857pt too wide) in paragraph at lines 1653--1653
[]|\T1/cmr/m/n/10 signal_2pt2tevl| 
 []


Overfull \hbox (3.20857pt too wide) in paragraph at lines 1655--1655
[]|\T1/cmr/m/n/10 signal_2pt4tevl| 
 []


Overfull \hbox (2.3199pt too wide) in paragraph at lines 1657--1657
[]|\T1/cmr/m/n/10 bg_dip_0_100| 
 []


Overfull \hbox (12.31746pt too wide) in paragraph at lines 1659--1659
[]|\T1/cmr/m/n/10 bg_dip_100_200| 
 []


Overfull \hbox (12.31746pt too wide) in paragraph at lines 1661--1661
[]|\T1/cmr/m/n/10 bg_dip_200_400| 
 []


Overfull \hbox (12.31746pt too wide) in paragraph at lines 1663--1663
[]|\T1/cmr/m/n/10 bg_dip_400_600| 
 []


Overfull \hbox (12.31746pt too wide) in paragraph at lines 1665--1665
[]|\T1/cmr/m/n/10 bg_dip_600_800| 
 []


Overfull \hbox (17.31624pt too wide) in paragraph at lines 1667--1667
[]|\T1/cmr/m/n/10 bg_dip_800_1200| 
 []


Overfull \hbox (22.31502pt too wide) in paragraph at lines 1669--1669
[]|\T1/cmr/m/n/10 bg_dip_1200_1600| 
 []


Overfull \hbox (13.70601pt too wide) in paragraph at lines 1671--1671
[]|\T1/cmr/m/n/10 bg_dip_1600_inf| 
 []


Overfull \hbox (2.3199pt too wide) in paragraph at lines 1673--1673
[]|\T1/cmr/m/n/10 bg_vbf_0_100| 
 []


Overfull \hbox (12.31746pt too wide) in paragraph at lines 1675--1675
[]|\T1/cmr/m/n/10 bg_vbf_100_200| 
 []


Overfull \hbox (12.31746pt too wide) in paragraph at lines 1677--1677
[]|\T1/cmr/m/n/10 bg_vbf_200_400| 
 []


Overfull \hbox (12.31746pt too wide) in paragraph at lines 1679--1679
[]|\T1/cmr/m/n/10 bg_vbf_400_600| 
 []


Overfull \hbox (12.31746pt too wide) in paragraph at lines 1681--1681
[]|\T1/cmr/m/n/10 bg_vbf_600_800| 
 []


Overfull \hbox (17.31624pt too wide) in paragraph at lines 1683--1683
[]|\T1/cmr/m/n/10 bg_vbf_800_1200| 
 []


Overfull \hbox (22.31502pt too wide) in paragraph at lines 1685--1685
[]|\T1/cmr/m/n/10 bg_vbf_1200_1600| 
 []


Overfull \hbox (13.70601pt too wide) in paragraph at lines 1687--1687
[]|\T1/cmr/m/n/10 bg_vbf_1600_inf| 
 []


Overfull \hbox (55.33208pt too wide) in paragraph at lines 1645--1690
 [] 
 []


Underfull \hbox (badness 10000) in paragraph at lines 1642--1691

 []

<selection_13.png, id=396, 999.735pt x 473.77pt>
File: selection_13.png Graphic file (type png)
<use selection_13.png>
Package pdftex.def Info: selection_13.png  used on input line 1695.
(pdftex.def)             Requested size: 449.87659pt x 213.19452pt.

Overfull \hbox (19.6702pt too wide) in paragraph at lines 1695--1695
 [] 
 []

[32pdfTeX warning (ext4): destination with the same identifier (name{figure.14}
) has been already used, duplicate ignored

\AtBegShi@Output ...ipout \box \AtBeginShipoutBox 
                                                  \fi \fi 
l.1699       \newpage
                      <./selection_13.png>]
Overfull \hbox (3.20857pt too wide) in paragraph at lines 1709--1709
[]|\T1/cmr/m/n/10 signal_1pt8tevl| 
 []


Overfull \hbox (3.20857pt too wide) in paragraph at lines 1713--1713
[]|\T1/cmr/m/n/10 signal_2pt2tevl| 
 []


Overfull \hbox (3.20857pt too wide) in paragraph at lines 1715--1715
[]|\T1/cmr/m/n/10 signal_2pt4tevl| 
 []


Overfull \hbox (2.3199pt too wide) in paragraph at lines 1717--1717
[]|\T1/cmr/m/n/10 bg_dip_0_100| 
 []


Overfull \hbox (12.31746pt too wide) in paragraph at lines 1719--1719
[]|\T1/cmr/m/n/10 bg_dip_100_200| 
 []


Overfull \hbox (12.31746pt too wide) in paragraph at lines 1721--1721
[]|\T1/cmr/m/n/10 bg_dip_200_400| 
 []


Overfull \hbox (12.31746pt too wide) in paragraph at lines 1723--1723
[]|\T1/cmr/m/n/10 bg_dip_400_600| 
 []


Overfull \hbox (12.31746pt too wide) in paragraph at lines 1725--1725
[]|\T1/cmr/m/n/10 bg_dip_600_800| 
 []


Overfull \hbox (17.31624pt too wide) in paragraph at lines 1727--1727
[]|\T1/cmr/m/n/10 bg_dip_800_1200| 
 []


Overfull \hbox (22.31502pt too wide) in paragraph at lines 1729--1729
[]|\T1/cmr/m/n/10 bg_dip_1200_1600| 
 []


Overfull \hbox (13.70601pt too wide) in paragraph at lines 1731--1731
[]|\T1/cmr/m/n/10 bg_dip_1600_inf| 
 []


Overfull \hbox (2.3199pt too wide) in paragraph at lines 1733--1733
[]|\T1/cmr/m/n/10 bg_vbf_0_100| 
 []


Overfull \hbox (12.31746pt too wide) in paragraph at lines 1735--1735
[]|\T1/cmr/m/n/10 bg_vbf_100_200| 
 []


Overfull \hbox (12.31746pt too wide) in paragraph at lines 1737--1737
[]|\T1/cmr/m/n/10 bg_vbf_200_400| 
 []


Overfull \hbox (12.31746pt too wide) in paragraph at lines 1739--1739
[]|\T1/cmr/m/n/10 bg_vbf_400_600| 
 []


Overfull \hbox (12.31746pt too wide) in paragraph at lines 1741--1741
[]|\T1/cmr/m/n/10 bg_vbf_600_800| 
 []


Overfull \hbox (17.31624pt too wide) in paragraph at lines 1743--1743
[]|\T1/cmr/m/n/10 bg_vbf_800_1200| 
 []


Overfull \hbox (22.31502pt too wide) in paragraph at lines 1745--1745
[]|\T1/cmr/m/n/10 bg_vbf_1200_1600| 
 []


Overfull \hbox (13.70601pt too wide) in paragraph at lines 1747--1747
[]|\T1/cmr/m/n/10 bg_vbf_1600_inf| 
 []


Overfull \hbox (55.33208pt too wide) in paragraph at lines 1705--1750
 [] 
 []


Underfull \hbox (badness 10000) in paragraph at lines 1702--1751

 []

<selection_14.png, id=402, 999.735pt x 473.77pt>
File: selection_14.png Graphic file (type png)
<use selection_14.png>
Package pdftex.def Info: selection_14.png  used on input line 1755.
(pdftex.def)             Requested size: 449.87659pt x 213.19452pt.

Overfull \hbox (19.6702pt too wide) in paragraph at lines 1755--1755
 [] 
 []

[33pdfTeX warning (ext4): destination with the same identifier (name{figure.15}
) has been already used, duplicate ignored

\AtBegShi@Output ...ipout \box \AtBeginShipoutBox 
                                                  \fi \fi 
l.1762 \newpage
                <./selection_14.png>]
Overfull \hbox (20.97742pt too wide) in paragraph at lines 1773--1782
 [] 
 []

Package atveryend Info: Empty hook `BeforeClearDocument' on input line 1785.
[34]
Package atveryend Info: Empty hook `AfterLastShipout' on input line 1785.
 (./main.aux)
Package atveryend Info: Executing hook `AtVeryEndDocument' on input line 1785.
Package atveryend Info: Executing hook `AtEndAfterFileList' on input line 1785.

Package rerunfilecheck Info: File `main.out' has not changed.
(rerunfilecheck)             Checksum: EAD18FAB574407C1C9943A000B4A1F43;2839.
Package atveryend Info: Empty hook `AtVeryVeryEnd' on input line 1785.
 ) 
Here is how much of TeX's memory you used:
 7415 strings out of 492616
 103914 string characters out of 6129482
 217089 words of memory out of 5000000
 11122 multiletter control sequences out of 15000+600000
 16009 words of font info for 37 fonts, out of 8000000 for 9000
 1141 hyphenation exceptions out of 8191
 39i,13n,35p,380b,389s stack positions out of 5000i,500n,10000p,200000b,80000s
{/usr/local/texlive/2019/texmf-dist/fonts/enc/dvips/cm-super/cm-super-t1.enc}
</usr/local/texlive/2019/texmf-dist/fonts/type1/public/amsfonts/cm/cmr7.pfb></u
sr/local/texlive/2019/texmf-dist/fonts/type1/public/amsfonts/cm/cmsy10.pfb></us
r/local/texlive/2019/texmf-dist/fonts/type1/public/amsfonts/cm/cmsy7.pfb></usr/
local/texlive/2019/texmf-dist/fonts/type1/public/cm-super/sfbx0900.pfb></usr/lo
cal/texlive/2019/texmf-dist/fonts/type1/public/cm-super/sfbx1000.pfb></usr/loca
l/texlive/2019/texmf-dist/fonts/type1/public/cm-super/sfbx1200.pfb></usr/local/
texlive/2019/texmf-dist/fonts/type1/public/cm-super/sfcc1000.pfb></usr/local/te
xlive/2019/texmf-dist/fonts/type1/public/cm-super/sfrm0900.pfb></usr/local/texl
ive/2019/texmf-dist/fonts/type1/public/cm-super/sfrm1000.pfb></usr/local/texliv
e/2019/texmf-dist/fonts/type1/public/cm-super/sfsx1000.pfb></usr/local/texlive/
2019/texmf-dist/fonts/type1/public/cm-super/sfsx1728.pfb></usr/local/texlive/20
19/texmf-dist/fonts/type1/public/cm-super/sfti1000.pfb></usr/local/texlive/2019
/texmf-dist/fonts/type1/public/cm-super/sftt1000.pfb>
Output written on main.pdf (35 pages, 707413 bytes).
PDF statistics:
 479 PDF objects out of 1000 (max. 8388607)
 408 compressed objects within 5 object streams
 95 named destinations out of 1000 (max. 500000)
 425 words of extra memory for PDF output out of 10000 (max. 10000000)

