\BOOKMARK [1][-]{section.1}{ Setup}{}% 1
\BOOKMARK [2][-]{subsection.1.1}{ Command history}{section.1}% 2
\BOOKMARK [2][-]{subsection.1.2}{ Configuration}{section.1}% 3
\BOOKMARK [1][-]{section.2}{ Datasets}{}% 4
\BOOKMARK [2][-]{subsection.2.1}{ signal1}{section.2}% 5
\BOOKMARK [2][-]{subsection.2.2}{ signal2}{section.2}% 6
\BOOKMARK [2][-]{subsection.2.3}{ bg\137vbf\1370\137100}{section.2}% 7
\BOOKMARK [2][-]{subsection.2.4}{ bg\137vbf\137100\137200}{section.2}% 8
\BOOKMARK [2][-]{subsection.2.5}{ bg\137vbf\137200\137400}{section.2}% 9
\BOOKMARK [2][-]{subsection.2.6}{ bg\137vbf\137400\137600}{section.2}% 10
\BOOKMARK [2][-]{subsection.2.7}{ bg\137vbf\137600\137800}{section.2}% 11
\BOOKMARK [2][-]{subsection.2.8}{ bg\137vbf\137800\1371200}{section.2}% 12
\BOOKMARK [2][-]{subsection.2.9}{ bg\137vbf\1371200\1371600}{section.2}% 13
\BOOKMARK [2][-]{subsection.2.10}{ bg\137vbf\1371600\137inf}{section.2}% 14
\BOOKMARK [2][-]{subsection.2.11}{ bg\137dip\1370\137100}{section.2}% 15
\BOOKMARK [2][-]{subsection.2.12}{ bg\137dip\137100\137200}{section.2}% 16
\BOOKMARK [2][-]{subsection.2.13}{ bg\137dip\137200\137400}{section.2}% 17
\BOOKMARK [2][-]{subsection.2.14}{ bg\137dip\137400\137600}{section.2}% 18
\BOOKMARK [2][-]{subsection.2.15}{ bg\137dip\137600\137800}{section.2}% 19
\BOOKMARK [2][-]{subsection.2.16}{ bg\137dip\137800\1371200}{section.2}% 20
\BOOKMARK [2][-]{subsection.2.17}{ bg\137dip\1371200\1371600}{section.2}% 21
\BOOKMARK [2][-]{subsection.2.18}{ bg\137dip\1371600\137inf}{section.2}% 22
\BOOKMARK [1][-]{section.3}{ Histos and cuts}{}% 23
\BOOKMARK [2][-]{subsection.3.1}{ Histogram 1}{section.3}% 24
