This is pdfTeX, Version 3.14159265-2.6-1.40.20 (TeX Live 2019) (preloaded format=pdflatex)
 restricted \write18 enabled.
entering extended mode
(./main.tex
LaTeX2e <2018-12-01>
(/usr/local/texlive/2019/texmf-dist/tex/latex/base/article.cls
Document Class: article 2018/09/03 v1.4i Standard LaTeX document class
(/usr/local/texlive/2019/texmf-dist/tex/latex/base/size10.clo)) (./jheppub.sty
(/usr/local/texlive/2019/texmf-dist/tex/latex/amsmath/amsmath.sty
For additional information on amsmath, use the `?' option.
(/usr/local/texlive/2019/texmf-dist/tex/latex/amsmath/amstext.sty
(/usr/local/texlive/2019/texmf-dist/tex/latex/amsmath/amsgen.sty))
(/usr/local/texlive/2019/texmf-dist/tex/latex/amsmath/amsbsy.sty)
(/usr/local/texlive/2019/texmf-dist/tex/latex/amsmath/amsopn.sty))
(/usr/local/texlive/2019/texmf-dist/tex/latex/amsfonts/amssymb.sty
(/usr/local/texlive/2019/texmf-dist/tex/latex/amsfonts/amsfonts.sty))
(/usr/local/texlive/2019/texmf-dist/tex/latex/graphics/epsfig.sty
(/usr/local/texlive/2019/texmf-dist/tex/latex/graphics/graphicx.sty
(/usr/local/texlive/2019/texmf-dist/tex/latex/graphics/keyval.sty)
(/usr/local/texlive/2019/texmf-dist/tex/latex/graphics/graphics.sty
(/usr/local/texlive/2019/texmf-dist/tex/latex/graphics/trig.sty)
(/usr/local/texlive/2019/texmf-dist/tex/latex/graphics-cfg/graphics.cfg)
(/usr/local/texlive/2019/texmf-dist/tex/latex/graphics-def/pdftex.def))))
(/usr/local/texlive/2019/texmf-dist/tex/latex/natbib/natbib.sty)
(/usr/local/texlive/2019/texmf-dist/tex/latex/graphics/color.sty
(/usr/local/texlive/2019/texmf-dist/tex/latex/graphics-cfg/color.cfg))
(/usr/local/texlive/2019/texmf-dist/tex/latex/hyperref/hyperref.sty
(/usr/local/texlive/2019/texmf-dist/tex/generic/oberdiek/hobsub-hyperref.sty
(/usr/local/texlive/2019/texmf-dist/tex/generic/oberdiek/hobsub-generic.sty))
(/usr/local/texlive/2019/texmf-dist/tex/generic/ifxetex/ifxetex.sty)
(/usr/local/texlive/2019/texmf-dist/tex/latex/oberdiek/auxhook.sty)
(/usr/local/texlive/2019/texmf-dist/tex/latex/oberdiek/kvoptions.sty)
(/usr/local/texlive/2019/texmf-dist/tex/latex/hyperref/pd1enc.def)
(/usr/local/texlive/2019/texmf-dist/tex/latex/latexconfig/hyperref.cfg)

Package hyperref Warning: Option `pagecolor' is not available anymore.

(/usr/local/texlive/2019/texmf-dist/tex/latex/url/url.sty))
(/usr/local/texlive/2019/texmf-dist/tex/latex/hyperref/hpdftex.def
(/usr/local/texlive/2019/texmf-dist/tex/latex/oberdiek/rerunfilecheck.sty))
(/usr/local/texlive/2019/texmf-dist/tex/latex/psnfss/ot1phv.fd))
(/usr/local/texlive/2019/texmf-dist/tex/latex/base/fontenc.sty
(/usr/local/texlive/2019/texmf-dist/tex/latex/base/t1enc.def))
(/usr/local/texlive/2019/texmf-dist/tex/latex/colortbl/colortbl.sty
(/usr/local/texlive/2019/texmf-dist/tex/latex/tools/array.sty))
(/usr/local/texlive/2019/texmf-dist/tex/latex/xcolor/xcolor.sty
(/usr/local/texlive/2019/texmf-dist/tex/latex/graphics-cfg/color.cfg))
(/usr/local/texlive/2019/texmf-dist/tex/latex/float/float.sty)
No file main.aux.
(/usr/local/texlive/2019/texmf-dist/tex/context/base/mkii/supp-pdf.mkii
[Loading MPS to PDF converter (version 2006.09.02).]
) (/usr/local/texlive/2019/texmf-dist/tex/latex/oberdiek/epstopdf-base.sty
(/usr/local/texlive/2019/texmf-dist/tex/latex/oberdiek/grfext.sty)
(/usr/local/texlive/2019/texmf-dist/tex/latex/latexconfig/epstopdf-sys.cfg))
(/usr/local/texlive/2019/texmf-dist/tex/latex/hyperref/nameref.sty
(/usr/local/texlive/2019/texmf-dist/tex/generic/oberdiek/gettitlestring.sty))
(/usr/local/texlive/2019/texmf-dist/tex/latex/base/t1cmss.fd)

Package JHEP Warning: E-mails are missing.
(JHEP)                Plese use \emailAdd macro to provide e-mails..

(/usr/local/texlive/2019/texmf-dist/tex/latex/amsfonts/umsa.fd)
(/usr/local/texlive/2019/texmf-dist/tex/latex/amsfonts/umsb.fd)
Underfull \hbox (badness 10000) in paragraph at lines 38--38


Underfull \hbox (badness 10000) in paragraph at lines 38--38


Underfull \hbox (badness 10000) in paragraph at lines 38--38


Underfull \hbox (badness 10000) in paragraph at lines 38--38

[0{/usr/local/texlive/2019/texmf-var/fonts/map/pdftex/updmap/pdftex.map} <./log
o.png>] [1] (/usr/local/texlive/2019/texmf-dist/tex/latex/base/t1cmtt.fd)
Overfull \hbox (26.4321pt too wide) in paragraph at lines 50--239
\T1/cmtt/m/n/10 ma5># set directory where running "./-bin/-ma5"; set lumi; defi
ne the signal significance 

Overfull \hbox (31.68082pt too wide) in paragraph at lines 50--239
\T1/cmtt/m/n/10 ma5>set main.currentdir = /-Users/-elijahsheridan/-MG5_aMC_v2_6
_5/-axion_pheno/-madgraph_data

Overfull \hbox (78.91928pt too wide) in paragraph at lines 50--239
\T1/cmtt/m/n/10 ma5>import /-Users/-elijahsheridan/-MG5_aMC_v2_6_5/-axion_signa
l/-Events/-1MeV_gurrola_cuts_cross_sec/-

Overfull \hbox (89.41672pt too wide) in paragraph at lines 50--239
\T1/cmtt/m/n/10 ma5>import /-Users/-elijahsheridan/-MG5_aMC_v2_6_5/-axion_signa
l/-Events/-100GeV_gurrola_cuts_cross_sec/-

Overfull \hbox (57.92441pt too wide) in paragraph at lines 50--239
\T1/cmtt/m/n/10 ma5>import /-Users/-elijahsheridan/-MG5_aMC_v2_6_5/-axion_signa
l/-Events/-mass100GeV_Lambda1p5TeV/-

Overfull \hbox (47.42697pt too wide) in paragraph at lines 50--239
\T1/cmtt/m/n/10 ma5>import /-Users/-elijahsheridan/-MG5_aMC_v2_6_5/-axion_signa
l/-Events/-mass100GeV_Lambda4TeV/-

Underfull \hbox (badness 10000) in paragraph at lines 50--239

[2] [3] (/usr/local/texlive/2019/texmf-dist/tex/latex/base/omscmr.fd) [4]
Underfull \hbox (badness 10000) in paragraph at lines 267--267
[]|\T1/cmr/m/n/10 axion_signal/-Events/-

Underfull \hbox (badness 10000) in paragraph at lines 267--267
\T1/cmr/m/n/10 1MeV_gurrola_cuts_cross_sec/-

Overfull \hbox (18.13213pt too wide) in paragraph at lines 263--270
 [] 

Underfull \hbox (badness 10000) in paragraph at lines 288--288
[]|\T1/cmr/m/n/10 axion_signal/-Events/-

Underfull \hbox (badness 10000) in paragraph at lines 288--288
\T1/cmr/m/n/10 100GeV_gurrola_cuts_cross_sec/-

Overfull \hbox (18.13213pt too wide) in paragraph at lines 284--291
 [] 

Underfull \hbox (badness 10000) in paragraph at lines 309--309
[]|\T1/cmr/m/n/10 axion_signal/-Events/-

Underfull \hbox (badness 10000) in paragraph at lines 309--309
\T1/cmr/m/n/10 mass100GeV_Lambda1p5TeV/-

Overfull \hbox (18.13213pt too wide) in paragraph at lines 305--312
 [] 
[5]
Underfull \hbox (badness 10000) in paragraph at lines 330--330
[]|\T1/cmr/m/n/10 axion_signal/-Events/-

Underfull \hbox (badness 10000) in paragraph at lines 330--330
\T1/cmr/m/n/10 mass100GeV_Lambda4TeV/-

Overfull \hbox (18.13213pt too wide) in paragraph at lines 326--333
 [] 
[6]
Overfull \hbox (7.92964pt too wide) in paragraph at lines 353--353
[]|\T1/cmr/m/n/10 signal100gev1tev| 

Overfull \hbox (18.48262pt too wide) in paragraph at lines 355--355
[]|\T1/cmr/m/n/10 signal100gev1p5tev| 

Overfull \hbox (7.92964pt too wide) in paragraph at lines 357--357
[]|\T1/cmr/m/n/10 signal100gev4tev| 

Overfull \hbox (55.33208pt too wide) in paragraph at lines 347--360
 [] 

Underfull \hbox (badness 10000) in paragraph at lines 344--361


Overfull \hbox (19.6702pt too wide) in paragraph at lines 365--365
 [] 
[7pdfTeX warning (ext4): destination with the same identifier (name{figure.1}) 
has been already used, duplicate ignored

\AtBegShi@Output ...ipout \box \AtBeginShipoutBox 
                                                  \fi \fi 
l.369       \newpage
                     <./selection_0.png>]
Overfull \hbox (7.92964pt too wide) in paragraph at lines 381--381
[]|\T1/cmr/m/n/10 signal100gev1tev| 

Overfull \hbox (18.48262pt too wide) in paragraph at lines 383--383
[]|\T1/cmr/m/n/10 signal100gev1p5tev| 

Overfull \hbox (7.92964pt too wide) in paragraph at lines 385--385
[]|\T1/cmr/m/n/10 signal100gev4tev| 

Overfull \hbox (55.33208pt too wide) in paragraph at lines 375--388
 [] 

Underfull \hbox (badness 10000) in paragraph at lines 372--389


Overfull \hbox (19.6702pt too wide) in paragraph at lines 393--393
 [] 
[8pdfTeX warning (ext4): destination with the same identifier (name{figure.2}) 
has been already used, duplicate ignored

\AtBegShi@Output ...ipout \box \AtBeginShipoutBox 
                                                  \fi \fi 
l.397       \newpage
                     <./selection_1.png>]
Overfull \hbox (7.92964pt too wide) in paragraph at lines 409--409
[]|\T1/cmr/m/n/10 signal100gev1tev| 

Overfull \hbox (18.48262pt too wide) in paragraph at lines 411--411
[]|\T1/cmr/m/n/10 signal100gev1p5tev| 

Overfull \hbox (7.92964pt too wide) in paragraph at lines 413--413
[]|\T1/cmr/m/n/10 signal100gev4tev| 

Overfull \hbox (55.33208pt too wide) in paragraph at lines 403--416
 [] 

Underfull \hbox (badness 10000) in paragraph at lines 400--417


Overfull \hbox (19.6702pt too wide) in paragraph at lines 421--421
 [] 
[9pdfTeX warning (ext4): destination with the same identifier (name{figure.3}) 
has been already used, duplicate ignored

\AtBegShi@Output ...ipout \box \AtBeginShipoutBox 
                                                  \fi \fi 
l.425       \newpage
                     <./selection_2.png>]
Overfull \hbox (7.92964pt too wide) in paragraph at lines 437--437
[]|\T1/cmr/m/n/10 signal100gev1tev| 

Overfull \hbox (18.48262pt too wide) in paragraph at lines 439--439
[]|\T1/cmr/m/n/10 signal100gev1p5tev| 

Overfull \hbox (7.92964pt too wide) in paragraph at lines 441--441
[]|\T1/cmr/m/n/10 signal100gev4tev| 

Overfull \hbox (55.33208pt too wide) in paragraph at lines 431--444
 [] 

Underfull \hbox (badness 10000) in paragraph at lines 428--445


Overfull \hbox (19.6702pt too wide) in paragraph at lines 449--449
 [] 
[10pdfTeX warning (ext4): destination with the same identifier (name{figure.4})
 has been already used, duplicate ignored

\AtBegShi@Output ...ipout \box \AtBeginShipoutBox 
                                                  \fi \fi 
l.453       \newpage
                     <./selection_3.png>]
Overfull \hbox (7.92964pt too wide) in paragraph at lines 465--465
[]|\T1/cmr/m/n/10 signal100gev1tev| 

Overfull \hbox (18.48262pt too wide) in paragraph at lines 467--467
[]|\T1/cmr/m/n/10 signal100gev1p5tev| 

Overfull \hbox (7.92964pt too wide) in paragraph at lines 469--469
[]|\T1/cmr/m/n/10 signal100gev4tev| 

Overfull \hbox (55.33208pt too wide) in paragraph at lines 459--472
 [] 

Underfull \hbox (badness 10000) in paragraph at lines 456--473


Overfull \hbox (19.6702pt too wide) in paragraph at lines 477--477
 [] 
[11pdfTeX warning (ext4): destination with the same identifier (name{figure.5})
 has been already used, duplicate ignored

\AtBegShi@Output ...ipout \box \AtBeginShipoutBox 
                                                  \fi \fi 
l.481       \newpage
                     <./selection_4.png>]
Overfull \hbox (7.92964pt too wide) in paragraph at lines 493--493
[]|\T1/cmr/m/n/10 signal100gev1tev| 

Overfull \hbox (18.48262pt too wide) in paragraph at lines 495--495
[]|\T1/cmr/m/n/10 signal100gev1p5tev| 

Overfull \hbox (7.92964pt too wide) in paragraph at lines 497--497
[]|\T1/cmr/m/n/10 signal100gev4tev| 

Underfull \hbox (badness 10000) in paragraph at lines 497--497
[]|\T1/cmr/m/n/10 -

Overfull \hbox (55.33208pt too wide) in paragraph at lines 487--500
 [] 

Underfull \hbox (badness 10000) in paragraph at lines 484--501


Overfull \hbox (19.6702pt too wide) in paragraph at lines 505--505
 [] 
[12pdfTeX warning (ext4): destination with the same identifier (name{figure.6})
 has been already used, duplicate ignored

\AtBegShi@Output ...ipout \box \AtBeginShipoutBox 
                                                  \fi \fi 
l.509       \newpage
                     <./selection_5.png>]
Overfull \hbox (7.92964pt too wide) in paragraph at lines 521--521
[]|\T1/cmr/m/n/10 signal100gev1tev| 

Overfull \hbox (18.48262pt too wide) in paragraph at lines 523--523
[]|\T1/cmr/m/n/10 signal100gev1p5tev| 

Overfull \hbox (7.92964pt too wide) in paragraph at lines 525--525
[]|\T1/cmr/m/n/10 signal100gev4tev| 

Overfull \hbox (55.33208pt too wide) in paragraph at lines 515--528
 [] 

Underfull \hbox (badness 10000) in paragraph at lines 512--529


Overfull \hbox (19.6702pt too wide) in paragraph at lines 533--533
 [] 
[13pdfTeX warning (ext4): destination with the same identifier (name{figure.7})
 has been already used, duplicate ignored

\AtBegShi@Output ...ipout \box \AtBeginShipoutBox 
                                                  \fi \fi 
l.537       \newpage
                     <./selection_6.png>]
Overfull \hbox (7.92964pt too wide) in paragraph at lines 549--549
[]|\T1/cmr/m/n/10 signal100gev1tev| 

Overfull \hbox (18.48262pt too wide) in paragraph at lines 551--551
[]|\T1/cmr/m/n/10 signal100gev1p5tev| 

Overfull \hbox (7.92964pt too wide) in paragraph at lines 553--553
[]|\T1/cmr/m/n/10 signal100gev4tev| 

Overfull \hbox (55.33208pt too wide) in paragraph at lines 543--556
 [] 

Underfull \hbox (badness 10000) in paragraph at lines 540--557


Overfull \hbox (19.6702pt too wide) in paragraph at lines 561--561
 [] 
[14pdfTeX warning (ext4): destination with the same identifier (name{figure.8})
 has been already used, duplicate ignored

\AtBegShi@Output ...ipout \box \AtBeginShipoutBox 
                                                  \fi \fi 
l.565       \newpage
                     <./selection_7.png>]
Overfull \hbox (7.92964pt too wide) in paragraph at lines 577--577
[]|\T1/cmr/m/n/10 signal100gev1tev| 

Overfull \hbox (18.48262pt too wide) in paragraph at lines 579--579
[]|\T1/cmr/m/n/10 signal100gev1p5tev| 

Overfull \hbox (7.92964pt too wide) in paragraph at lines 581--581
[]|\T1/cmr/m/n/10 signal100gev4tev| 

Overfull \hbox (55.33208pt too wide) in paragraph at lines 571--584
 [] 

Underfull \hbox (badness 10000) in paragraph at lines 568--585


Overfull \hbox (19.6702pt too wide) in paragraph at lines 589--589
 [] 
[15pdfTeX warning (ext4): destination with the same identifier (name{figure.9})
 has been already used, duplicate ignored

\AtBegShi@Output ...ipout \box \AtBeginShipoutBox 
                                                  \fi \fi 
l.593       \newpage
                     <./selection_8.png>]
Overfull \hbox (7.92964pt too wide) in paragraph at lines 605--605
[]|\T1/cmr/m/n/10 signal100gev1tev| 

Overfull \hbox (18.48262pt too wide) in paragraph at lines 607--607
[]|\T1/cmr/m/n/10 signal100gev1p5tev| 

Overfull \hbox (7.92964pt too wide) in paragraph at lines 609--609
[]|\T1/cmr/m/n/10 signal100gev4tev| 

Overfull \hbox (55.33208pt too wide) in paragraph at lines 599--612
 [] 

Underfull \hbox (badness 10000) in paragraph at lines 596--613


Overfull \hbox (19.6702pt too wide) in paragraph at lines 617--617
 [] 
[16pdfTeX warning (ext4): destination with the same identifier (name{figure.10}
) has been already used, duplicate ignored

\AtBegShi@Output ...ipout \box \AtBeginShipoutBox 
                                                  \fi \fi 
l.621       \newpage
                     <./selection_9.png>]
Overfull \hbox (7.92964pt too wide) in paragraph at lines 633--633
[]|\T1/cmr/m/n/10 signal100gev1tev| 

Overfull \hbox (18.48262pt too wide) in paragraph at lines 635--635
[]|\T1/cmr/m/n/10 signal100gev1p5tev| 

Overfull \hbox (7.92964pt too wide) in paragraph at lines 637--637
[]|\T1/cmr/m/n/10 signal100gev4tev| 

Overfull \hbox (55.33208pt too wide) in paragraph at lines 627--640
 [] 

Underfull \hbox (badness 10000) in paragraph at lines 624--641


Overfull \hbox (19.6702pt too wide) in paragraph at lines 645--645
 [] 
[17pdfTeX warning (ext4): destination with the same identifier (name{figure.11}
) has been already used, duplicate ignored

\AtBegShi@Output ...ipout \box \AtBeginShipoutBox 
                                                  \fi \fi 
l.649       \newpage
                     <./selection_10.png>]
Overfull \hbox (7.92964pt too wide) in paragraph at lines 661--661
[]|\T1/cmr/m/n/10 signal100gev1tev| 

Overfull \hbox (18.48262pt too wide) in paragraph at lines 663--663
[]|\T1/cmr/m/n/10 signal100gev1p5tev| 

Overfull \hbox (7.92964pt too wide) in paragraph at lines 665--665
[]|\T1/cmr/m/n/10 signal100gev4tev| 

Overfull \hbox (55.33208pt too wide) in paragraph at lines 655--668
 [] 

Underfull \hbox (badness 10000) in paragraph at lines 652--669


Overfull \hbox (19.6702pt too wide) in paragraph at lines 673--673
 [] 
[18pdfTeX warning (ext4): destination with the same identifier (name{figure.12}
) has been already used, duplicate ignored

\AtBegShi@Output ...ipout \box \AtBeginShipoutBox 
                                                  \fi \fi 
l.677       \end{document}
                           <./selection_11.png>] (./main.aux)

Package rerunfilecheck Warning: File `main.out' has changed.
(rerunfilecheck)                Rerun to get outlines right
(rerunfilecheck)                or use package `bookmark'.

 )
(see the transcript file for additional information){/usr/local/texlive/2019/te
xmf-dist/fonts/enc/dvips/cm-super/cm-super-t1.enc}</usr/local/texlive/2019/texm
f-dist/fonts/type1/public/amsfonts/cm/cmr7.pfb></usr/local/texlive/2019/texmf-d
ist/fonts/type1/public/amsfonts/cm/cmsy10.pfb></usr/local/texlive/2019/texmf-di
st/fonts/type1/public/amsfonts/cm/cmsy7.pfb></usr/local/texlive/2019/texmf-dist
/fonts/type1/public/cm-super/sfbx0900.pfb></usr/local/texlive/2019/texmf-dist/f
onts/type1/public/cm-super/sfbx1000.pfb></usr/local/texlive/2019/texmf-dist/fon
ts/type1/public/cm-super/sfbx1200.pfb></usr/local/texlive/2019/texmf-dist/fonts
/type1/public/cm-super/sfcc1000.pfb></usr/local/texlive/2019/texmf-dist/fonts/t
ype1/public/cm-super/sfrm0900.pfb></usr/local/texlive/2019/texmf-dist/fonts/typ
e1/public/cm-super/sfrm1000.pfb></usr/local/texlive/2019/texmf-dist/fonts/type1
/public/cm-super/sfsx1000.pfb></usr/local/texlive/2019/texmf-dist/fonts/type1/p
ublic/cm-super/sfsx1728.pfb></usr/local/texlive/2019/texmf-dist/fonts/type1/pub
lic/cm-super/sfti1000.pfb></usr/local/texlive/2019/texmf-dist/fonts/type1/publi
c/cm-super/sftt1000.pfb>
Output written on main.pdf (19 pages, 419108 bytes).
Transcript written on main.log.
This is pdfTeX, Version 3.14159265-2.6-1.40.20 (TeX Live 2019) (preloaded format=pdflatex)
 restricted \write18 enabled.
entering extended mode
(./main.tex
LaTeX2e <2018-12-01>
(/usr/local/texlive/2019/texmf-dist/tex/latex/base/article.cls
Document Class: article 2018/09/03 v1.4i Standard LaTeX document class
(/usr/local/texlive/2019/texmf-dist/tex/latex/base/size10.clo)) (./jheppub.sty
(/usr/local/texlive/2019/texmf-dist/tex/latex/amsmath/amsmath.sty
For additional information on amsmath, use the `?' option.
(/usr/local/texlive/2019/texmf-dist/tex/latex/amsmath/amstext.sty
(/usr/local/texlive/2019/texmf-dist/tex/latex/amsmath/amsgen.sty))
(/usr/local/texlive/2019/texmf-dist/tex/latex/amsmath/amsbsy.sty)
(/usr/local/texlive/2019/texmf-dist/tex/latex/amsmath/amsopn.sty))
(/usr/local/texlive/2019/texmf-dist/tex/latex/amsfonts/amssymb.sty
(/usr/local/texlive/2019/texmf-dist/tex/latex/amsfonts/amsfonts.sty))
(/usr/local/texlive/2019/texmf-dist/tex/latex/graphics/epsfig.sty
(/usr/local/texlive/2019/texmf-dist/tex/latex/graphics/graphicx.sty
(/usr/local/texlive/2019/texmf-dist/tex/latex/graphics/keyval.sty)
(/usr/local/texlive/2019/texmf-dist/tex/latex/graphics/graphics.sty
(/usr/local/texlive/2019/texmf-dist/tex/latex/graphics/trig.sty)
(/usr/local/texlive/2019/texmf-dist/tex/latex/graphics-cfg/graphics.cfg)
(/usr/local/texlive/2019/texmf-dist/tex/latex/graphics-def/pdftex.def))))
(/usr/local/texlive/2019/texmf-dist/tex/latex/natbib/natbib.sty)
(/usr/local/texlive/2019/texmf-dist/tex/latex/graphics/color.sty
(/usr/local/texlive/2019/texmf-dist/tex/latex/graphics-cfg/color.cfg))
(/usr/local/texlive/2019/texmf-dist/tex/latex/hyperref/hyperref.sty
(/usr/local/texlive/2019/texmf-dist/tex/generic/oberdiek/hobsub-hyperref.sty
(/usr/local/texlive/2019/texmf-dist/tex/generic/oberdiek/hobsub-generic.sty))
(/usr/local/texlive/2019/texmf-dist/tex/generic/ifxetex/ifxetex.sty)
(/usr/local/texlive/2019/texmf-dist/tex/latex/oberdiek/auxhook.sty)
(/usr/local/texlive/2019/texmf-dist/tex/latex/oberdiek/kvoptions.sty)
(/usr/local/texlive/2019/texmf-dist/tex/latex/hyperref/pd1enc.def)
(/usr/local/texlive/2019/texmf-dist/tex/latex/latexconfig/hyperref.cfg)

Package hyperref Warning: Option `pagecolor' is not available anymore.

(/usr/local/texlive/2019/texmf-dist/tex/latex/url/url.sty))
(/usr/local/texlive/2019/texmf-dist/tex/latex/hyperref/hpdftex.def
(/usr/local/texlive/2019/texmf-dist/tex/latex/oberdiek/rerunfilecheck.sty))
(/usr/local/texlive/2019/texmf-dist/tex/latex/psnfss/ot1phv.fd))
(/usr/local/texlive/2019/texmf-dist/tex/latex/base/fontenc.sty
(/usr/local/texlive/2019/texmf-dist/tex/latex/base/t1enc.def))
(/usr/local/texlive/2019/texmf-dist/tex/latex/colortbl/colortbl.sty
(/usr/local/texlive/2019/texmf-dist/tex/latex/tools/array.sty))
(/usr/local/texlive/2019/texmf-dist/tex/latex/xcolor/xcolor.sty
(/usr/local/texlive/2019/texmf-dist/tex/latex/graphics-cfg/color.cfg))
(/usr/local/texlive/2019/texmf-dist/tex/latex/float/float.sty) (./main.aux)
(/usr/local/texlive/2019/texmf-dist/tex/context/base/mkii/supp-pdf.mkii
[Loading MPS to PDF converter (version 2006.09.02).]
) (/usr/local/texlive/2019/texmf-dist/tex/latex/oberdiek/epstopdf-base.sty
(/usr/local/texlive/2019/texmf-dist/tex/latex/oberdiek/grfext.sty)
(/usr/local/texlive/2019/texmf-dist/tex/latex/latexconfig/epstopdf-sys.cfg))
(/usr/local/texlive/2019/texmf-dist/tex/latex/hyperref/nameref.sty
(/usr/local/texlive/2019/texmf-dist/tex/generic/oberdiek/gettitlestring.sty))
(./main.out) (./main.out)
(/usr/local/texlive/2019/texmf-dist/tex/latex/base/t1cmss.fd)

Package JHEP Warning: E-mails are missing.
(JHEP)                Plese use \emailAdd macro to provide e-mails..

(/usr/local/texlive/2019/texmf-dist/tex/latex/amsfonts/umsa.fd)
(/usr/local/texlive/2019/texmf-dist/tex/latex/amsfonts/umsb.fd)
Underfull \hbox (badness 10000) in paragraph at lines 38--38


Underfull \hbox (badness 10000) in paragraph at lines 38--38


Underfull \hbox (badness 10000) in paragraph at lines 38--38


Underfull \hbox (badness 10000) in paragraph at lines 38--38

[0{/usr/local/texlive/2019/texmf-var/fonts/map/pdftex/updmap/pdftex.map} <./log
o.png>] (./main.toc) [1]
(/usr/local/texlive/2019/texmf-dist/tex/latex/base/t1cmtt.fd)
Overfull \hbox (26.4321pt too wide) in paragraph at lines 50--239
\T1/cmtt/m/n/10 ma5># set directory where running "./-bin/-ma5"; set lumi; defi
ne the signal significance 

Overfull \hbox (31.68082pt too wide) in paragraph at lines 50--239
\T1/cmtt/m/n/10 ma5>set main.currentdir = /-Users/-elijahsheridan/-MG5_aMC_v2_6
_5/-axion_pheno/-madgraph_data

Overfull \hbox (78.91928pt too wide) in paragraph at lines 50--239
\T1/cmtt/m/n/10 ma5>import /-Users/-elijahsheridan/-MG5_aMC_v2_6_5/-axion_signa
l/-Events/-1MeV_gurrola_cuts_cross_sec/-

Overfull \hbox (89.41672pt too wide) in paragraph at lines 50--239
\T1/cmtt/m/n/10 ma5>import /-Users/-elijahsheridan/-MG5_aMC_v2_6_5/-axion_signa
l/-Events/-100GeV_gurrola_cuts_cross_sec/-

Overfull \hbox (57.92441pt too wide) in paragraph at lines 50--239
\T1/cmtt/m/n/10 ma5>import /-Users/-elijahsheridan/-MG5_aMC_v2_6_5/-axion_signa
l/-Events/-mass100GeV_Lambda1p5TeV/-

Overfull \hbox (47.42697pt too wide) in paragraph at lines 50--239
\T1/cmtt/m/n/10 ma5>import /-Users/-elijahsheridan/-MG5_aMC_v2_6_5/-axion_signa
l/-Events/-mass100GeV_Lambda4TeV/-

Underfull \hbox (badness 10000) in paragraph at lines 50--239

[2] [3] (/usr/local/texlive/2019/texmf-dist/tex/latex/base/omscmr.fd) [4]
Underfull \hbox (badness 10000) in paragraph at lines 267--267
[]|\T1/cmr/m/n/10 axion_signal/-Events/-

Underfull \hbox (badness 10000) in paragraph at lines 267--267
\T1/cmr/m/n/10 1MeV_gurrola_cuts_cross_sec/-

Overfull \hbox (18.13213pt too wide) in paragraph at lines 263--270
 [] 

Underfull \hbox (badness 10000) in paragraph at lines 288--288
[]|\T1/cmr/m/n/10 axion_signal/-Events/-

Underfull \hbox (badness 10000) in paragraph at lines 288--288
\T1/cmr/m/n/10 100GeV_gurrola_cuts_cross_sec/-

Overfull \hbox (18.13213pt too wide) in paragraph at lines 284--291
 [] 

Underfull \hbox (badness 10000) in paragraph at lines 309--309
[]|\T1/cmr/m/n/10 axion_signal/-Events/-

Underfull \hbox (badness 10000) in paragraph at lines 309--309
\T1/cmr/m/n/10 mass100GeV_Lambda1p5TeV/-

Overfull \hbox (18.13213pt too wide) in paragraph at lines 305--312
 [] 
[5]
Underfull \hbox (badness 10000) in paragraph at lines 330--330
[]|\T1/cmr/m/n/10 axion_signal/-Events/-

Underfull \hbox (badness 10000) in paragraph at lines 330--330
\T1/cmr/m/n/10 mass100GeV_Lambda4TeV/-

Overfull \hbox (18.13213pt too wide) in paragraph at lines 326--333
 [] 
[6]
Overfull \hbox (7.92964pt too wide) in paragraph at lines 353--353
[]|\T1/cmr/m/n/10 signal100gev1tev| 

Overfull \hbox (18.48262pt too wide) in paragraph at lines 355--355
[]|\T1/cmr/m/n/10 signal100gev1p5tev| 

Overfull \hbox (7.92964pt too wide) in paragraph at lines 357--357
[]|\T1/cmr/m/n/10 signal100gev4tev| 

Overfull \hbox (55.33208pt too wide) in paragraph at lines 347--360
 [] 

Underfull \hbox (badness 10000) in paragraph at lines 344--361


Overfull \hbox (19.6702pt too wide) in paragraph at lines 365--365
 [] 
[7pdfTeX warning (ext4): destination with the same identifier (name{figure.1}) 
has been already used, duplicate ignored

\AtBegShi@Output ...ipout \box \AtBeginShipoutBox 
                                                  \fi \fi 
l.369       \newpage
                     <./selection_0.png>]
Overfull \hbox (7.92964pt too wide) in paragraph at lines 381--381
[]|\T1/cmr/m/n/10 signal100gev1tev| 

Overfull \hbox (18.48262pt too wide) in paragraph at lines 383--383
[]|\T1/cmr/m/n/10 signal100gev1p5tev| 

Overfull \hbox (7.92964pt too wide) in paragraph at lines 385--385
[]|\T1/cmr/m/n/10 signal100gev4tev| 

Overfull \hbox (55.33208pt too wide) in paragraph at lines 375--388
 [] 

Underfull \hbox (badness 10000) in paragraph at lines 372--389


Overfull \hbox (19.6702pt too wide) in paragraph at lines 393--393
 [] 
[8pdfTeX warning (ext4): destination with the same identifier (name{figure.2}) 
has been already used, duplicate ignored

\AtBegShi@Output ...ipout \box \AtBeginShipoutBox 
                                                  \fi \fi 
l.397       \newpage
                     <./selection_1.png>]
Overfull \hbox (7.92964pt too wide) in paragraph at lines 409--409
[]|\T1/cmr/m/n/10 signal100gev1tev| 

Overfull \hbox (18.48262pt too wide) in paragraph at lines 411--411
[]|\T1/cmr/m/n/10 signal100gev1p5tev| 

Overfull \hbox (7.92964pt too wide) in paragraph at lines 413--413
[]|\T1/cmr/m/n/10 signal100gev4tev| 

Overfull \hbox (55.33208pt too wide) in paragraph at lines 403--416
 [] 

Underfull \hbox (badness 10000) in paragraph at lines 400--417


Overfull \hbox (19.6702pt too wide) in paragraph at lines 421--421
 [] 
[9pdfTeX warning (ext4): destination with the same identifier (name{figure.3}) 
has been already used, duplicate ignored

\AtBegShi@Output ...ipout \box \AtBeginShipoutBox 
                                                  \fi \fi 
l.425       \newpage
                     <./selection_2.png>]
Overfull \hbox (7.92964pt too wide) in paragraph at lines 437--437
[]|\T1/cmr/m/n/10 signal100gev1tev| 

Overfull \hbox (18.48262pt too wide) in paragraph at lines 439--439
[]|\T1/cmr/m/n/10 signal100gev1p5tev| 

Overfull \hbox (7.92964pt too wide) in paragraph at lines 441--441
[]|\T1/cmr/m/n/10 signal100gev4tev| 

Overfull \hbox (55.33208pt too wide) in paragraph at lines 431--444
 [] 

Underfull \hbox (badness 10000) in paragraph at lines 428--445


Overfull \hbox (19.6702pt too wide) in paragraph at lines 449--449
 [] 
[10pdfTeX warning (ext4): destination with the same identifier (name{figure.4})
 has been already used, duplicate ignored

\AtBegShi@Output ...ipout \box \AtBeginShipoutBox 
                                                  \fi \fi 
l.453       \newpage
                     <./selection_3.png>]
Overfull \hbox (7.92964pt too wide) in paragraph at lines 465--465
[]|\T1/cmr/m/n/10 signal100gev1tev| 

Overfull \hbox (18.48262pt too wide) in paragraph at lines 467--467
[]|\T1/cmr/m/n/10 signal100gev1p5tev| 

Overfull \hbox (7.92964pt too wide) in paragraph at lines 469--469
[]|\T1/cmr/m/n/10 signal100gev4tev| 

Overfull \hbox (55.33208pt too wide) in paragraph at lines 459--472
 [] 

Underfull \hbox (badness 10000) in paragraph at lines 456--473


Overfull \hbox (19.6702pt too wide) in paragraph at lines 477--477
 [] 
[11pdfTeX warning (ext4): destination with the same identifier (name{figure.5})
 has been already used, duplicate ignored

\AtBegShi@Output ...ipout \box \AtBeginShipoutBox 
                                                  \fi \fi 
l.481       \newpage
                     <./selection_4.png>]
Overfull \hbox (7.92964pt too wide) in paragraph at lines 493--493
[]|\T1/cmr/m/n/10 signal100gev1tev| 

Overfull \hbox (18.48262pt too wide) in paragraph at lines 495--495
[]|\T1/cmr/m/n/10 signal100gev1p5tev| 

Overfull \hbox (7.92964pt too wide) in paragraph at lines 497--497
[]|\T1/cmr/m/n/10 signal100gev4tev| 

Underfull \hbox (badness 10000) in paragraph at lines 497--497
[]|\T1/cmr/m/n/10 -

Overfull \hbox (55.33208pt too wide) in paragraph at lines 487--500
 [] 

Underfull \hbox (badness 10000) in paragraph at lines 484--501


Overfull \hbox (19.6702pt too wide) in paragraph at lines 505--505
 [] 
[12pdfTeX warning (ext4): destination with the same identifier (name{figure.6})
 has been already used, duplicate ignored

\AtBegShi@Output ...ipout \box \AtBeginShipoutBox 
                                                  \fi \fi 
l.509       \newpage
                     <./selection_5.png>]
Overfull \hbox (7.92964pt too wide) in paragraph at lines 521--521
[]|\T1/cmr/m/n/10 signal100gev1tev| 

Overfull \hbox (18.48262pt too wide) in paragraph at lines 523--523
[]|\T1/cmr/m/n/10 signal100gev1p5tev| 

Overfull \hbox (7.92964pt too wide) in paragraph at lines 525--525
[]|\T1/cmr/m/n/10 signal100gev4tev| 

Overfull \hbox (55.33208pt too wide) in paragraph at lines 515--528
 [] 

Underfull \hbox (badness 10000) in paragraph at lines 512--529


Overfull \hbox (19.6702pt too wide) in paragraph at lines 533--533
 [] 
[13pdfTeX warning (ext4): destination with the same identifier (name{figure.7})
 has been already used, duplicate ignored

\AtBegShi@Output ...ipout \box \AtBeginShipoutBox 
                                                  \fi \fi 
l.537       \newpage
                     <./selection_6.png>]
Overfull \hbox (7.92964pt too wide) in paragraph at lines 549--549
[]|\T1/cmr/m/n/10 signal100gev1tev| 

Overfull \hbox (18.48262pt too wide) in paragraph at lines 551--551
[]|\T1/cmr/m/n/10 signal100gev1p5tev| 

Overfull \hbox (7.92964pt too wide) in paragraph at lines 553--553
[]|\T1/cmr/m/n/10 signal100gev4tev| 

Overfull \hbox (55.33208pt too wide) in paragraph at lines 543--556
 [] 

Underfull \hbox (badness 10000) in paragraph at lines 540--557


Overfull \hbox (19.6702pt too wide) in paragraph at lines 561--561
 [] 
[14pdfTeX warning (ext4): destination with the same identifier (name{figure.8})
 has been already used, duplicate ignored

\AtBegShi@Output ...ipout \box \AtBeginShipoutBox 
                                                  \fi \fi 
l.565       \newpage
                     <./selection_7.png>]
Overfull \hbox (7.92964pt too wide) in paragraph at lines 577--577
[]|\T1/cmr/m/n/10 signal100gev1tev| 

Overfull \hbox (18.48262pt too wide) in paragraph at lines 579--579
[]|\T1/cmr/m/n/10 signal100gev1p5tev| 

Overfull \hbox (7.92964pt too wide) in paragraph at lines 581--581
[]|\T1/cmr/m/n/10 signal100gev4tev| 

Overfull \hbox (55.33208pt too wide) in paragraph at lines 571--584
 [] 

Underfull \hbox (badness 10000) in paragraph at lines 568--585


Overfull \hbox (19.6702pt too wide) in paragraph at lines 589--589
 [] 
[15pdfTeX warning (ext4): destination with the same identifier (name{figure.9})
 has been already used, duplicate ignored

\AtBegShi@Output ...ipout \box \AtBeginShipoutBox 
                                                  \fi \fi 
l.593       \newpage
                     <./selection_8.png>]
Overfull \hbox (7.92964pt too wide) in paragraph at lines 605--605
[]|\T1/cmr/m/n/10 signal100gev1tev| 

Overfull \hbox (18.48262pt too wide) in paragraph at lines 607--607
[]|\T1/cmr/m/n/10 signal100gev1p5tev| 

Overfull \hbox (7.92964pt too wide) in paragraph at lines 609--609
[]|\T1/cmr/m/n/10 signal100gev4tev| 

Overfull \hbox (55.33208pt too wide) in paragraph at lines 599--612
 [] 

Underfull \hbox (badness 10000) in paragraph at lines 596--613


Overfull \hbox (19.6702pt too wide) in paragraph at lines 617--617
 [] 
[16pdfTeX warning (ext4): destination with the same identifier (name{figure.10}
) has been already used, duplicate ignored

\AtBegShi@Output ...ipout \box \AtBeginShipoutBox 
                                                  \fi \fi 
l.621       \newpage
                     <./selection_9.png>]
Overfull \hbox (7.92964pt too wide) in paragraph at lines 633--633
[]|\T1/cmr/m/n/10 signal100gev1tev| 

Overfull \hbox (18.48262pt too wide) in paragraph at lines 635--635
[]|\T1/cmr/m/n/10 signal100gev1p5tev| 

Overfull \hbox (7.92964pt too wide) in paragraph at lines 637--637
[]|\T1/cmr/m/n/10 signal100gev4tev| 

Overfull \hbox (55.33208pt too wide) in paragraph at lines 627--640
 [] 

Underfull \hbox (badness 10000) in paragraph at lines 624--641


Overfull \hbox (19.6702pt too wide) in paragraph at lines 645--645
 [] 
[17pdfTeX warning (ext4): destination with the same identifier (name{figure.11}
) has been already used, duplicate ignored

\AtBegShi@Output ...ipout \box \AtBeginShipoutBox 
                                                  \fi \fi 
l.649       \newpage
                     <./selection_10.png>]
Overfull \hbox (7.92964pt too wide) in paragraph at lines 661--661
[]|\T1/cmr/m/n/10 signal100gev1tev| 

Overfull \hbox (18.48262pt too wide) in paragraph at lines 663--663
[]|\T1/cmr/m/n/10 signal100gev1p5tev| 

Overfull \hbox (7.92964pt too wide) in paragraph at lines 665--665
[]|\T1/cmr/m/n/10 signal100gev4tev| 

Overfull \hbox (55.33208pt too wide) in paragraph at lines 655--668
 [] 

Underfull \hbox (badness 10000) in paragraph at lines 652--669


Overfull \hbox (19.6702pt too wide) in paragraph at lines 673--673
 [] 
[18pdfTeX warning (ext4): destination with the same identifier (name{figure.12}
) has been already used, duplicate ignored

\AtBegShi@Output ...ipout \box \AtBeginShipoutBox 
                                                  \fi \fi 
l.677       \end{document}
                           <./selection_11.png>] (./main.aux) )
(see the transcript file for additional information){/usr/local/texlive/2019/te
xmf-dist/fonts/enc/dvips/cm-super/cm-super-t1.enc}</usr/local/texlive/2019/texm
f-dist/fonts/type1/public/amsfonts/cm/cmr7.pfb></usr/local/texlive/2019/texmf-d
ist/fonts/type1/public/amsfonts/cm/cmsy10.pfb></usr/local/texlive/2019/texmf-di
st/fonts/type1/public/amsfonts/cm/cmsy7.pfb></usr/local/texlive/2019/texmf-dist
/fonts/type1/public/cm-super/sfbx0900.pfb></usr/local/texlive/2019/texmf-dist/f
onts/type1/public/cm-super/sfbx1000.pfb></usr/local/texlive/2019/texmf-dist/fon
ts/type1/public/cm-super/sfbx1200.pfb></usr/local/texlive/2019/texmf-dist/fonts
/type1/public/cm-super/sfcc1000.pfb></usr/local/texlive/2019/texmf-dist/fonts/t
ype1/public/cm-super/sfrm0900.pfb></usr/local/texlive/2019/texmf-dist/fonts/typ
e1/public/cm-super/sfrm1000.pfb></usr/local/texlive/2019/texmf-dist/fonts/type1
/public/cm-super/sfsx1000.pfb></usr/local/texlive/2019/texmf-dist/fonts/type1/p
ublic/cm-super/sfsx1728.pfb></usr/local/texlive/2019/texmf-dist/fonts/type1/pub
lic/cm-super/sfti1000.pfb></usr/local/texlive/2019/texmf-dist/fonts/type1/publi
c/cm-super/sftt1000.pfb>
Output written on main.pdf (19 pages, 421354 bytes).
Transcript written on main.log.
